{"uid":"d8e807d852761e3a","name":"get the list transaction of address unsuccessfully","fullName":"tests.addresses.AddressTransactionTests.getTheListTransactionOfAddressUnsuccessfully","historyId":"72ec76e131b68a0f072c0b25be049f7d","time":{"start":1709489459901,"stop":1709489461654,"duration":1753},"status":"failed","statusMessage":"1 expectation failed.\nExpected status code <400> but was <200>.\n","statusTrace":"java.lang.AssertionError: 1 expectation failed.\nExpected status code <400> but was <200>.\n\n\tat sun.reflect.NativeConstructorAccessorImpl.newInstance0(Native Method)\n\tat sun.reflect.NativeConstructorAccessorImpl.newInstance(NativeConstructorAccessorImpl.java:62)\n\tat sun.reflect.DelegatingConstructorAccessorImpl.newInstance(DelegatingConstructorAccessorImpl.java:45)\n\tat java.lang.reflect.Constructor.newInstance(Constructor.java:423)\n\tat org.codehaus.groovy.reflection.CachedConstructor.invoke(CachedConstructor.java:83)\n\tat org.codehaus.groovy.reflection.CachedConstructor.doConstructorInvoke(CachedConstructor.java:77)\n\tat org.codehaus.groovy.runtime.callsite.ConstructorSite$ConstructorSiteNoUnwrap.callConstructor(ConstructorSite.java:84)\n\tat org.codehaus.groovy.runtime.callsite.AbstractCallSite.callConstructor(AbstractCallSite.java:250)\n\tat io.restassured.internal.ResponseSpecificationImpl$HamcrestAssertionClosure.validate(ResponseSpecificationImpl.groovy:494)\n\tat io.restassured.internal.ResponseSpecificationImpl$HamcrestAssertionClosure$validate$3.call(Unknown Source)\n\tat io.restassured.internal.ResponseSpecificationImpl.validateResponseIfRequired(ResponseSpecificationImpl.groovy:656)\n\tat sun.reflect.GeneratedMethodAccessor166.invoke(Unknown Source)\n\tat sun.reflect.DelegatingMethodAccessorImpl.invoke(DelegatingMethodAccessorImpl.java:43)\n\tat java.lang.reflect.Method.invoke(Method.java:498)\n\tat org.codehaus.groovy.runtime.callsite.PogoMetaMethodSite$PogoCachedMethodSiteNoUnwrapNoCoerce.invoke(PogoMetaMethodSite.java:210)\n\tat org.codehaus.groovy.runtime.callsite.PogoMetaMethodSite.callCurrent(PogoMetaMethodSite.java:59)\n\tat org.codehaus.groovy.runtime.callsite.AbstractCallSite.callCurrent(AbstractCallSite.java:169)\n\tat io.restassured.internal.ResponseSpecificationImpl.statusCode(ResponseSpecificationImpl.groovy:125)\n\tat io.restassured.specification.ResponseSpecification$statusCode$1.callCurrent(Unknown Source)\n\tat io.restassured.internal.ResponseSpecificationImpl.statusCode(ResponseSpecificationImpl.groovy:133)\n\tat io.restassured.internal.ValidatableResponseOptionsImpl.statusCode(ValidatableResponseOptionsImpl.java:119)\n\tat core.BaseApi.validateResponse(BaseApi.java:52)\n\tat microservices.common.steps.BaseSteps.then_verifyErrorResponse(BaseSteps.java:11)\n\tat tests.addresses.AddressTransactionTests.getTheListTransactionOfAddressUnsuccessfully(AddressTransactionTests.java:38)\n\tat sun.reflect.NativeMethodAccessorImpl.invoke0(Native Method)\n\tat sun.reflect.NativeMethodAccessorImpl.invoke(NativeMethodAccessorImpl.java:62)\n\tat sun.reflect.DelegatingMethodAccessorImpl.invoke(DelegatingMethodAccessorImpl.java:43)\n\tat java.lang.reflect.Method.invoke(Method.java:498)\n\tat org.testng.internal.MethodInvocationHelper.invokeMethod(MethodInvocationHelper.java:134)\n\tat org.testng.internal.TestInvoker.invokeMethod(TestInvoker.java:597)\n\tat org.testng.internal.TestInvoker.invokeTestMethod(TestInvoker.java:173)\n\tat org.testng.internal.MethodRunner.runInSequence(MethodRunner.java:46)\n\tat org.testng.internal.TestInvoker$MethodInvocationAgent.invoke(TestInvoker.java:816)\n\tat org.testng.internal.TestInvoker.invokeTestMethods(TestInvoker.java:146)\n\tat org.testng.internal.TestMethodWorker.invokeTestMethods(TestMethodWorker.java:146)\n\tat org.testng.internal.TestMethodWorker.run(TestMethodWorker.java:128)\n\tat java.util.concurrent.ThreadPoolExecutor.runWorker(ThreadPoolExecutor.java:1149)\n\tat java.util.concurrent.ThreadPoolExecutor$Worker.run(ThreadPoolExecutor.java:624)\n\tat java.lang.Thread.run(Thread.java:750)\n","flaky":false,"newFailed":false,"newBroken":false,"newPassed":false,"retriesCount":0,"retriesStatusChange":false,"beforeStages":[{"name":"setUp","time":{"start":1709489459900,"stop":1709489459900,"duration":0},"description":"","status":"passed","steps":[],"attachments":[],"parameters":[],"shouldDisplayMessage":false,"stepsCount":0,"attachmentsCount":0,"hasContent":false,"attachmentStep":false}],"testStage":{"status":"failed","statusMessage":"1 expectation failed.\nExpected status code <400> but was <200>.\n","statusTrace":"java.lang.AssertionError: 1 expectation failed.\nExpected status code <400> but was <200>.\n\n\tat sun.reflect.NativeConstructorAccessorImpl.newInstance0(Native Method)\n\tat sun.reflect.NativeConstructorAccessorImpl.newInstance(NativeConstructorAccessorImpl.java:62)\n\tat sun.reflect.DelegatingConstructorAccessorImpl.newInstance(DelegatingConstructorAccessorImpl.java:45)\n\tat java.lang.reflect.Constructor.newInstance(Constructor.java:423)\n\tat org.codehaus.groovy.reflection.CachedConstructor.invoke(CachedConstructor.java:83)\n\tat org.codehaus.groovy.reflection.CachedConstructor.doConstructorInvoke(CachedConstructor.java:77)\n\tat org.codehaus.groovy.runtime.callsite.ConstructorSite$ConstructorSiteNoUnwrap.callConstructor(ConstructorSite.java:84)\n\tat org.codehaus.groovy.runtime.callsite.AbstractCallSite.callConstructor(AbstractCallSite.java:250)\n\tat io.restassured.internal.ResponseSpecificationImpl$HamcrestAssertionClosure.validate(ResponseSpecificationImpl.groovy:494)\n\tat io.restassured.internal.ResponseSpecificationImpl$HamcrestAssertionClosure$validate$3.call(Unknown Source)\n\tat io.restassured.internal.ResponseSpecificationImpl.validateResponseIfRequired(ResponseSpecificationImpl.groovy:656)\n\tat sun.reflect.GeneratedMethodAccessor166.invoke(Unknown Source)\n\tat sun.reflect.DelegatingMethodAccessorImpl.invoke(DelegatingMethodAccessorImpl.java:43)\n\tat java.lang.reflect.Method.invoke(Method.java:498)\n\tat org.codehaus.groovy.runtime.callsite.PogoMetaMethodSite$PogoCachedMethodSiteNoUnwrapNoCoerce.invoke(PogoMetaMethodSite.java:210)\n\tat org.codehaus.groovy.runtime.callsite.PogoMetaMethodSite.callCurrent(PogoMetaMethodSite.java:59)\n\tat org.codehaus.groovy.runtime.callsite.AbstractCallSite.callCurrent(AbstractCallSite.java:169)\n\tat io.restassured.internal.ResponseSpecificationImpl.statusCode(ResponseSpecificationImpl.groovy:125)\n\tat io.restassured.specification.ResponseSpecification$statusCode$1.callCurrent(Unknown Source)\n\tat io.restassured.internal.ResponseSpecificationImpl.statusCode(ResponseSpecificationImpl.groovy:133)\n\tat io.restassured.internal.ValidatableResponseOptionsImpl.statusCode(ValidatableResponseOptionsImpl.java:119)\n\tat core.BaseApi.validateResponse(BaseApi.java:52)\n\tat microservices.common.steps.BaseSteps.then_verifyErrorResponse(BaseSteps.java:11)\n\tat tests.addresses.AddressTransactionTests.getTheListTransactionOfAddressUnsuccessfully(AddressTransactionTests.java:38)\n\tat sun.reflect.NativeMethodAccessorImpl.invoke0(Native Method)\n\tat sun.reflect.NativeMethodAccessorImpl.invoke(NativeMethodAccessorImpl.java:62)\n\tat sun.reflect.DelegatingMethodAccessorImpl.invoke(DelegatingMethodAccessorImpl.java:43)\n\tat java.lang.reflect.Method.invoke(Method.java:498)\n\tat org.testng.internal.MethodInvocationHelper.invokeMethod(MethodInvocationHelper.java:134)\n\tat org.testng.internal.TestInvoker.invokeMethod(TestInvoker.java:597)\n\tat org.testng.internal.TestInvoker.invokeTestMethod(TestInvoker.java:173)\n\tat org.testng.internal.MethodRunner.runInSequence(MethodRunner.java:46)\n\tat org.testng.internal.TestInvoker$MethodInvocationAgent.invoke(TestInvoker.java:816)\n\tat org.testng.internal.TestInvoker.invokeTestMethods(TestInvoker.java:146)\n\tat org.testng.internal.TestMethodWorker.invokeTestMethods(TestMethodWorker.java:146)\n\tat org.testng.internal.TestMethodWorker.run(TestMethodWorker.java:128)\n\tat java.util.concurrent.ThreadPoolExecutor.runWorker(ThreadPoolExecutor.java:1149)\n\tat java.util.concurrent.ThreadPoolExecutor$Worker.run(ThreadPoolExecutor.java:624)\n\tat java.lang.Thread.run(Thread.java:750)\n","steps":[{"name":"get the transaction of address","time":{"start":1709489459901,"stop":1709489461653,"duration":1752},"status":"passed","steps":[],"attachments":[],"parameters":[{"name":"address","value":" "}],"shouldDisplayMessage":false,"stepsCount":0,"attachmentsCount":0,"hasContent":true,"attachmentStep":false},{"name":"Verify error response","time":{"start":1709489461653,"stop":1709489461654,"duration":1},"status":"failed","statusMessage":"1 expectation failed.\nExpected status code <400> but was <200>.\n","statusTrace":"java.lang.AssertionError: 1 expectation failed.\nExpected status code <400> but was <200>.\n\n\tat sun.reflect.NativeConstructorAccessorImpl.newInstance0(Native Method)\n\tat sun.reflect.NativeConstructorAccessorImpl.newInstance(NativeConstructorAccessorImpl.java:62)\n\tat sun.reflect.DelegatingConstructorAccessorImpl.newInstance(DelegatingConstructorAccessorImpl.java:45)\n\tat java.lang.reflect.Constructor.newInstance(Constructor.java:423)\n\tat org.codehaus.groovy.reflection.CachedConstructor.invoke(CachedConstructor.java:83)\n\tat org.codehaus.groovy.reflection.CachedConstructor.doConstructorInvoke(CachedConstructor.java:77)\n\tat org.codehaus.groovy.runtime.callsite.ConstructorSite$ConstructorSiteNoUnwrap.callConstructor(ConstructorSite.java:84)\n\tat org.codehaus.groovy.runtime.callsite.AbstractCallSite.callConstructor(AbstractCallSite.java:250)\n\tat io.restassured.internal.ResponseSpecificationImpl$HamcrestAssertionClosure.validate(ResponseSpecificationImpl.groovy:494)\n\tat io.restassured.internal.ResponseSpecificationImpl$HamcrestAssertionClosure$validate$3.call(Unknown Source)\n\tat io.restassured.internal.ResponseSpecificationImpl.validateResponseIfRequired(ResponseSpecificationImpl.groovy:656)\n\tat sun.reflect.GeneratedMethodAccessor166.invoke(Unknown Source)\n\tat sun.reflect.DelegatingMethodAccessorImpl.invoke(DelegatingMethodAccessorImpl.java:43)\n\tat java.lang.reflect.Method.invoke(Method.java:498)\n\tat org.codehaus.groovy.runtime.callsite.PogoMetaMethodSite$PogoCachedMethodSiteNoUnwrapNoCoerce.invoke(PogoMetaMethodSite.java:210)\n\tat org.codehaus.groovy.runtime.callsite.PogoMetaMethodSite.callCurrent(PogoMetaMethodSite.java:59)\n\tat org.codehaus.groovy.runtime.callsite.AbstractCallSite.callCurrent(AbstractCallSite.java:169)\n\tat io.restassured.internal.ResponseSpecificationImpl.statusCode(ResponseSpecificationImpl.groovy:125)\n\tat io.restassured.specification.ResponseSpecification$statusCode$1.callCurrent(Unknown Source)\n\tat io.restassured.internal.ResponseSpecificationImpl.statusCode(ResponseSpecificationImpl.groovy:133)\n\tat io.restassured.internal.ValidatableResponseOptionsImpl.statusCode(ValidatableResponseOptionsImpl.java:119)\n\tat core.BaseApi.validateResponse(BaseApi.java:52)\n\tat microservices.common.steps.BaseSteps.then_verifyErrorResponse(BaseSteps.java:11)\n\tat tests.addresses.AddressTransactionTests.getTheListTransactionOfAddressUnsuccessfully(AddressTransactionTests.java:38)\n\tat sun.reflect.NativeMethodAccessorImpl.invoke0(Native Method)\n\tat sun.reflect.NativeMethodAccessorImpl.invoke(NativeMethodAccessorImpl.java:62)\n\tat sun.reflect.DelegatingMethodAccessorImpl.invoke(DelegatingMethodAccessorImpl.java:43)\n\tat java.lang.reflect.Method.invoke(Method.java:498)\n\tat org.testng.internal.MethodInvocationHelper.invokeMethod(MethodInvocationHelper.java:134)\n\tat org.testng.internal.TestInvoker.invokeMethod(TestInvoker.java:597)\n\tat org.testng.internal.TestInvoker.invokeTestMethod(TestInvoker.java:173)\n\tat org.testng.internal.MethodRunner.runInSequence(MethodRunner.java:46)\n\tat org.testng.internal.TestInvoker$MethodInvocationAgent.invoke(TestInvoker.java:816)\n\tat org.testng.internal.TestInvoker.invokeTestMethods(TestInvoker.java:146)\n\tat org.testng.internal.TestMethodWorker.invokeTestMethods(TestMethodWorker.java:146)\n\tat org.testng.internal.TestMethodWorker.run(TestMethodWorker.java:128)\n\tat java.util.concurrent.ThreadPoolExecutor.runWorker(ThreadPoolExecutor.java:1149)\n\tat java.util.concurrent.ThreadPoolExecutor$Worker.run(ThreadPoolExecutor.java:624)\n\tat java.lang.Thread.run(Thread.java:750)\n","steps":[],"attachments":[],"parameters":[{"name":"statusCode","value":"400"},{"name":"message","value":"Wallet address not found"},{"name":"errorCode","value":"BC_404-ADDRESS_NOT_FOUND"}],"shouldDisplayMessage":true,"stepsCount":0,"attachmentsCount":0,"hasContent":true,"attachmentStep":false}],"attachments":[],"parameters":[],"shouldDisplayMessage":false,"stepsCount":2,"attachmentsCount":0,"hasContent":true,"attachmentStep":false},"afterStages":[{"name":"tearDown","time":{"start":1709489461654,"stop":1709489461655,"duration":1},"description":"","status":"passed","steps":[],"attachments":[],"parameters":[],"shouldDisplayMessage":false,"stepsCount":0,"attachmentsCount":0,"hasContent":false,"attachmentStep":false}],"labels":[{"name":"package","value":"tests.addresses.AddressTransactionTests"},{"name":"testClass","value":"tests.addresses.AddressTransactionTests"},{"name":"testMethod","value":"getTheListTransactionOfAddressUnsuccessfully"},{"name":"parentSuite","value":"Cardano Regression Suite"},{"name":"suite","value":"Cardano API test "},{"name":"subSuite","value":"tests.addresses.AddressTransactionTests"},{"name":"host","value":"fv-az1538-315"},{"name":"thread","value":"2396@fv-az1538-315.TestNG-test=Cardano API test -2(14)"},{"name":"framework","value":"testng"},{"name":"language","value":"java"},{"name":"feature","value":"api-addresses"},{"name":"epic","value":"cardano"},{"name":"resultFormat","value":"allure2"}],"parameters":[{"name":"arg0","value":" "},{"name":"env","value":"preprod"}],"links":[],"hidden":false,"retry":false,"extra":{"severity":"normal","retries":[],"categories":[{"name":"Product defects","matchedStatuses":[],"flaky":false}],"history":{"statistic":{"failed":248,"broken":2,"skipped":0,"passed":20,"unknown":0,"total":270},"items":[{"uid":"20376955240f5a18","reportUrl":"https://Sotatek-DavidNguyen4.github.io/cardano-api-tests-preprod/270//#testresult/20376955240f5a18","status":"failed","statusDetails":"1 expectation failed.\nExpected status code <400> but was <200>.\n","time":{"start":1709403081300,"stop":1709403082834,"duration":1534}},{"uid":"89ff350c5b0fe5","reportUrl":"https://Sotatek-DavidNguyen4.github.io/cardano-api-tests-preprod/269//#testresult/89ff350c5b0fe5","status":"failed","statusDetails":"1 expectation failed.\nExpected status code <400> but was <200>.\n","time":{"start":1709316745008,"stop":1709316746568,"duration":1560}},{"uid":"e98d3f65d47be4c1","reportUrl":"https://Sotatek-DavidNguyen4.github.io/cardano-api-tests-preprod/268//#testresult/e98d3f65d47be4c1","status":"failed","statusDetails":"1 expectation failed.\nExpected status code <400> but was <200>.\n","time":{"start":1709230356116,"stop":1709230358038,"duration":1922}},{"uid":"b76d904bf688a23","reportUrl":"https://Sotatek-DavidNguyen4.github.io/cardano-api-tests-preprod/267//#testresult/b76d904bf688a23","status":"failed","statusDetails":"1 expectation failed.\nExpected status code <400> but was <200>.\n","time":{"start":1709143910751,"stop":1709143912657,"duration":1906}},{"uid":"2d3ffc07271f7d8c","reportUrl":"https://Sotatek-DavidNguyen4.github.io/cardano-api-tests-preprod/266//#testresult/2d3ffc07271f7d8c","status":"failed","statusDetails":"1 expectation failed.\nExpected status code <400> but was <200>.\n","time":{"start":1709057536333,"stop":1709057538237,"duration":1904}},{"uid":"f239f755ae5d9c6c","reportUrl":"https://Sotatek-DavidNguyen4.github.io/cardano-api-tests-preprod/265//#testresult/f239f755ae5d9c6c","status":"failed","statusDetails":"1 expectation failed.\nExpected status code <400> but was <200>.\n","time":{"start":1708971114239,"stop":1708971115817,"duration":1578}},{"uid":"c0c33e01f3f1967c","reportUrl":"https://Sotatek-DavidNguyen4.github.io/cardano-api-tests-preprod/264//#testresult/c0c33e01f3f1967c","status":"failed","statusDetails":"1 expectation failed.\nExpected status code <400> but was <200>.\n","time":{"start":1708884651379,"stop":1708884653016,"duration":1637}},{"uid":"d34f3ae3e50cc8ab","reportUrl":"https://Sotatek-DavidNguyen4.github.io/cardano-api-tests-preprod/263//#testresult/d34f3ae3e50cc8ab","status":"failed","statusDetails":"1 expectation failed.\nExpected status code <400> but was <200>.\n","time":{"start":1708798300077,"stop":1708798301936,"duration":1859}},{"uid":"abbca90f8c0c17f8","reportUrl":"https://Sotatek-DavidNguyen4.github.io/cardano-api-tests-preprod/262//#testresult/abbca90f8c0c17f8","status":"failed","statusDetails":"1 expectation failed.\nExpected status code <400> but was <200>.\n","time":{"start":1708711947114,"stop":1708711948908,"duration":1794}},{"uid":"adf54c662b653e06","reportUrl":"https://Sotatek-DavidNguyen4.github.io/cardano-api-tests-preprod/261//#testresult/adf54c662b653e06","status":"failed","statusDetails":"1 expectation failed.\nExpected status code <400> but was <200>.\n","time":{"start":1708625542243,"stop":1708625544199,"duration":1956}},{"uid":"d3cc4ccecab4e0b7","reportUrl":"https://Sotatek-DavidNguyen4.github.io/cardano-api-tests-preprod/260//#testresult/d3cc4ccecab4e0b7","status":"failed","statusDetails":"1 expectation failed.\nExpected status code <400> but was <200>.\n","time":{"start":1708539112919,"stop":1708539114699,"duration":1780}},{"uid":"255c8b2f72be0f61","reportUrl":"https://Sotatek-DavidNguyen4.github.io/cardano-api-tests-preprod/259//#testresult/255c8b2f72be0f61","status":"failed","statusDetails":"1 expectation failed.\nExpected status code <400> but was <200>.\n","time":{"start":1708452825474,"stop":1708452827041,"duration":1567}},{"uid":"98e2863cb084271e","reportUrl":"https://Sotatek-DavidNguyen4.github.io/cardano-api-tests-preprod/258//#testresult/98e2863cb084271e","status":"failed","statusDetails":"1 expectation failed.\nExpected status code <400> but was <200>.\n","time":{"start":1708366365892,"stop":1708366367382,"duration":1490}},{"uid":"17a449d909ea52cc","reportUrl":"https://Sotatek-DavidNguyen4.github.io/cardano-api-tests-preprod/257//#testresult/17a449d909ea52cc","status":"failed","statusDetails":"1 expectation failed.\nExpected status code <400> but was <200>.\n","time":{"start":1708279862137,"stop":1708279864112,"duration":1975}},{"uid":"a0fad4a6d2426c13","reportUrl":"https://Sotatek-DavidNguyen4.github.io/cardano-api-tests-preprod/256//#testresult/a0fad4a6d2426c13","status":"failed","statusDetails":"1 expectation failed.\nExpected status code <400> but was <200>.\n","time":{"start":1708193454794,"stop":1708193456618,"duration":1824}},{"uid":"846154249d53567","reportUrl":"https://Sotatek-DavidNguyen4.github.io/cardano-api-tests-preprod/255//#testresult/846154249d53567","status":"failed","statusDetails":"1 expectation failed.\nExpected status code <400> but was <200>.\n","time":{"start":1708107147895,"stop":1708107149706,"duration":1811}},{"uid":"601c173c9940b144","reportUrl":"https://Sotatek-DavidNguyen4.github.io/cardano-api-tests-preprod/254//#testresult/601c173c9940b144","status":"failed","statusDetails":"1 expectation failed.\nExpected status code <400> but was <200>.\n","time":{"start":1708020779750,"stop":1708020781343,"duration":1593}},{"uid":"356846602914dd7e","reportUrl":"https://Sotatek-DavidNguyen4.github.io/cardano-api-tests-preprod/253//#testresult/356846602914dd7e","status":"failed","statusDetails":"1 expectation failed.\nExpected status code <400> but was <200>.\n","time":{"start":1707934308886,"stop":1707934310727,"duration":1841}},{"uid":"c5ab4b2db325c5d7","reportUrl":"https://Sotatek-DavidNguyen4.github.io/cardano-api-tests-preprod/252//#testresult/c5ab4b2db325c5d7","status":"failed","statusDetails":"1 expectation failed.\nExpected status code <400> but was <200>.\n","time":{"start":1707847974172,"stop":1707847975885,"duration":1713}},{"uid":"5b293f6c7364d97a","reportUrl":"https://Sotatek-DavidNguyen4.github.io/cardano-api-tests-preprod/251//#testresult/5b293f6c7364d97a","status":"failed","statusDetails":"1 expectation failed.\nExpected status code <400> but was <200>.\n","time":{"start":1707761464550,"stop":1707761466279,"duration":1729}}]},"tags":[]},"source":"d8e807d852761e3a.json","parameterValues":[" ","preprod"]}