{"uid":"76f38029ac8c4aef","name":"Get the transaction by invalid hash","fullName":"tests.transaction.TransactionTests.get_transaction_by_invalid_hash","historyId":"79446ce1c96c68d9a3761ddaa8a70162","time":{"start":1704996969770,"stop":1704996971519,"duration":1749},"status":"failed","statusMessage":"Incorrect error message expected [Transaction not found] but found [[The expected length of the hash is 64 characters]]","statusTrace":"java.lang.AssertionError: Incorrect error message expected [Transaction not found] but found [[The expected length of the hash is 64 characters]]\n\tat org.testng.Assert.fail(Assert.java:97)\n\tat org.testng.Assert.assertEqualsImpl(Assert.java:136)\n\tat org.testng.Assert.assertEquals(Assert.java:118)\n\tat org.testng.Assert.assertEquals(Assert.java:575)\n\tat microservices.common.steps.BaseSteps.then_verifyErrorResponse(BaseSteps.java:13)\n\tat tests.transaction.TransactionTests.get_transaction_by_invalid_hash(TransactionTests.java:40)\n\tat sun.reflect.NativeMethodAccessorImpl.invoke0(Native Method)\n\tat sun.reflect.NativeMethodAccessorImpl.invoke(NativeMethodAccessorImpl.java:62)\n\tat sun.reflect.DelegatingMethodAccessorImpl.invoke(DelegatingMethodAccessorImpl.java:43)\n\tat java.lang.reflect.Method.invoke(Method.java:498)\n\tat org.testng.internal.MethodInvocationHelper.invokeMethod(MethodInvocationHelper.java:134)\n\tat org.testng.internal.TestInvoker.invokeMethod(TestInvoker.java:597)\n\tat org.testng.internal.TestInvoker.invokeTestMethod(TestInvoker.java:173)\n\tat org.testng.internal.MethodRunner.runInSequence(MethodRunner.java:46)\n\tat org.testng.internal.TestInvoker$MethodInvocationAgent.invoke(TestInvoker.java:816)\n\tat org.testng.internal.TestInvoker.invokeTestMethods(TestInvoker.java:146)\n\tat org.testng.internal.TestMethodWorker.invokeTestMethods(TestMethodWorker.java:146)\n\tat org.testng.internal.TestMethodWorker.run(TestMethodWorker.java:128)\n\tat java.util.concurrent.ThreadPoolExecutor.runWorker(ThreadPoolExecutor.java:1149)\n\tat java.util.concurrent.ThreadPoolExecutor$Worker.run(ThreadPoolExecutor.java:624)\n\tat java.lang.Thread.run(Thread.java:750)\n","flaky":false,"newFailed":false,"newBroken":false,"newPassed":false,"retriesCount":0,"retriesStatusChange":false,"beforeStages":[{"name":"setUp","time":{"start":1704996969770,"stop":1704996969770,"duration":0},"description":"","status":"passed","steps":[],"attachments":[],"parameters":[],"shouldDisplayMessage":false,"stepsCount":0,"attachmentsCount":0,"hasContent":false,"attachmentStep":false}],"testStage":{"status":"failed","statusMessage":"Incorrect error message expected [Transaction not found] but found [[The expected length of the hash is 64 characters]]","statusTrace":"java.lang.AssertionError: Incorrect error message expected [Transaction not found] but found [[The expected length of the hash is 64 characters]]\n\tat org.testng.Assert.fail(Assert.java:97)\n\tat org.testng.Assert.assertEqualsImpl(Assert.java:136)\n\tat org.testng.Assert.assertEquals(Assert.java:118)\n\tat org.testng.Assert.assertEquals(Assert.java:575)\n\tat microservices.common.steps.BaseSteps.then_verifyErrorResponse(BaseSteps.java:13)\n\tat tests.transaction.TransactionTests.get_transaction_by_invalid_hash(TransactionTests.java:40)\n\tat sun.reflect.NativeMethodAccessorImpl.invoke0(Native Method)\n\tat sun.reflect.NativeMethodAccessorImpl.invoke(NativeMethodAccessorImpl.java:62)\n\tat sun.reflect.DelegatingMethodAccessorImpl.invoke(DelegatingMethodAccessorImpl.java:43)\n\tat java.lang.reflect.Method.invoke(Method.java:498)\n\tat org.testng.internal.MethodInvocationHelper.invokeMethod(MethodInvocationHelper.java:134)\n\tat org.testng.internal.TestInvoker.invokeMethod(TestInvoker.java:597)\n\tat org.testng.internal.TestInvoker.invokeTestMethod(TestInvoker.java:173)\n\tat org.testng.internal.MethodRunner.runInSequence(MethodRunner.java:46)\n\tat org.testng.internal.TestInvoker$MethodInvocationAgent.invoke(TestInvoker.java:816)\n\tat org.testng.internal.TestInvoker.invokeTestMethods(TestInvoker.java:146)\n\tat org.testng.internal.TestMethodWorker.invokeTestMethods(TestMethodWorker.java:146)\n\tat org.testng.internal.TestMethodWorker.run(TestMethodWorker.java:128)\n\tat java.util.concurrent.ThreadPoolExecutor.runWorker(ThreadPoolExecutor.java:1149)\n\tat java.util.concurrent.ThreadPoolExecutor$Worker.run(ThreadPoolExecutor.java:624)\n\tat java.lang.Thread.run(Thread.java:750)\n","steps":[{"name":"Get transaction by hash","time":{"start":1704996969770,"stop":1704996971518,"duration":1748},"status":"passed","steps":[],"attachments":[],"parameters":[{"name":"hash","value":"asset1c0vymmx0nysjaa8q5vah78jmuqyew3kjm48azr"}],"shouldDisplayMessage":false,"stepsCount":0,"attachmentsCount":0,"hasContent":true,"attachmentStep":false},{"name":"Verify error response","time":{"start":1704996971518,"stop":1704996971519,"duration":1},"status":"failed","statusMessage":"Incorrect error message expected [Transaction not found] but found [[The expected length of the hash is 64 characters]]","statusTrace":"java.lang.AssertionError: Incorrect error message expected [Transaction not found] but found [[The expected length of the hash is 64 characters]]\n\tat org.testng.Assert.fail(Assert.java:97)\n\tat org.testng.Assert.assertEqualsImpl(Assert.java:136)\n\tat org.testng.Assert.assertEquals(Assert.java:118)\n\tat org.testng.Assert.assertEquals(Assert.java:575)\n\tat microservices.common.steps.BaseSteps.then_verifyErrorResponse(BaseSteps.java:13)\n\tat tests.transaction.TransactionTests.get_transaction_by_invalid_hash(TransactionTests.java:40)\n\tat sun.reflect.NativeMethodAccessorImpl.invoke0(Native Method)\n\tat sun.reflect.NativeMethodAccessorImpl.invoke(NativeMethodAccessorImpl.java:62)\n\tat sun.reflect.DelegatingMethodAccessorImpl.invoke(DelegatingMethodAccessorImpl.java:43)\n\tat java.lang.reflect.Method.invoke(Method.java:498)\n\tat org.testng.internal.MethodInvocationHelper.invokeMethod(MethodInvocationHelper.java:134)\n\tat org.testng.internal.TestInvoker.invokeMethod(TestInvoker.java:597)\n\tat org.testng.internal.TestInvoker.invokeTestMethod(TestInvoker.java:173)\n\tat org.testng.internal.MethodRunner.runInSequence(MethodRunner.java:46)\n\tat org.testng.internal.TestInvoker$MethodInvocationAgent.invoke(TestInvoker.java:816)\n\tat org.testng.internal.TestInvoker.invokeTestMethods(TestInvoker.java:146)\n\tat org.testng.internal.TestMethodWorker.invokeTestMethods(TestMethodWorker.java:146)\n\tat org.testng.internal.TestMethodWorker.run(TestMethodWorker.java:128)\n\tat java.util.concurrent.ThreadPoolExecutor.runWorker(ThreadPoolExecutor.java:1149)\n\tat java.util.concurrent.ThreadPoolExecutor$Worker.run(ThreadPoolExecutor.java:624)\n\tat java.lang.Thread.run(Thread.java:750)\n","steps":[],"attachments":[],"parameters":[{"name":"statusCode","value":"400"},{"name":"message","value":"Transaction not found"},{"name":"errorCode","value":"BC_404-TRANSACTION_NOT_FOUND"}],"shouldDisplayMessage":true,"stepsCount":0,"attachmentsCount":0,"hasContent":true,"attachmentStep":false}],"attachments":[],"parameters":[],"shouldDisplayMessage":false,"stepsCount":2,"attachmentsCount":0,"hasContent":true,"attachmentStep":false},"afterStages":[{"name":"tearDown","time":{"start":1704996971519,"stop":1704996971519,"duration":0},"description":"","status":"passed","steps":[],"attachments":[],"parameters":[],"shouldDisplayMessage":false,"stepsCount":0,"attachmentsCount":0,"hasContent":false,"attachmentStep":false}],"labels":[{"name":"package","value":"tests.transaction.TransactionTests"},{"name":"testClass","value":"tests.transaction.TransactionTests"},{"name":"testMethod","value":"get_transaction_by_invalid_hash"},{"name":"parentSuite","value":"Cardano Regression Suite"},{"name":"suite","value":"Cardano API test "},{"name":"subSuite","value":"tests.transaction.TransactionTests"},{"name":"host","value":"fv-az1205-817"},{"name":"thread","value":"2248@fv-az1205-817.TestNG-test=Cardano API test -2(14)"},{"name":"framework","value":"testng"},{"name":"language","value":"java"},{"name":"feature","value":"api-transactions"},{"name":"epic","value":"cardano"},{"name":"resultFormat","value":"allure2"}],"parameters":[{"name":"arg0","value":"asset1c0vymmx0nysjaa8q5vah78jmuqyew3kjm48azr"},{"name":"env","value":"preprod"}],"links":[],"hidden":false,"retry":false,"extra":{"severity":"normal","retries":[],"categories":[{"name":"Product defects","matchedStatuses":[],"flaky":false}],"history":{"statistic":{"failed":197,"broken":2,"skipped":0,"passed":19,"unknown":0,"total":218},"items":[{"uid":"ef59ec65aa3f0713","reportUrl":"https://Sotatek-DavidNguyen4.github.io/cardano-api-tests-preprod/218//#testresult/ef59ec65aa3f0713","status":"failed","statusDetails":"Incorrect error message expected [Transaction not found] but found [[The expected length of the hash is 64 characters]]","time":{"start":1704910562414,"stop":1704910564153,"duration":1739}},{"uid":"81bae2f7f9511","reportUrl":"https://Sotatek-DavidNguyen4.github.io/cardano-api-tests-preprod/217//#testresult/81bae2f7f9511","status":"failed","statusDetails":"Incorrect error message expected [Transaction not found] but found [[The expected length of the hash is 64 characters]]","time":{"start":1704824064868,"stop":1704824066679,"duration":1811}},{"uid":"21938a6093f023af","reportUrl":"https://Sotatek-DavidNguyen4.github.io/cardano-api-tests-preprod/216//#testresult/21938a6093f023af","status":"failed","statusDetails":"Incorrect error message expected [Transaction not found] but found [[The expected length of the hash is 64 characters]]","time":{"start":1704737818199,"stop":1704737819983,"duration":1784}},{"uid":"940dc373ad698064","reportUrl":"https://Sotatek-DavidNguyen4.github.io/cardano-api-tests-preprod/215//#testresult/940dc373ad698064","status":"failed","statusDetails":"Incorrect error message expected [Transaction not found] but found [[The expected length of the hash is 64 characters]]","time":{"start":1704651308969,"stop":1704651310744,"duration":1775}},{"uid":"3e9f94993db15625","reportUrl":"https://Sotatek-DavidNguyen4.github.io/cardano-api-tests-preprod/214//#testresult/3e9f94993db15625","status":"failed","statusDetails":"Incorrect error message expected [Transaction not found] but found [[The expected length of the hash is 64 characters]]","time":{"start":1704564870712,"stop":1704564872247,"duration":1535}},{"uid":"37a7dfce356d313f","reportUrl":"https://Sotatek-DavidNguyen4.github.io/cardano-api-tests-preprod/213//#testresult/37a7dfce356d313f","status":"failed","statusDetails":"Incorrect error message expected [Transaction not found] but found [[The expected length of the hash is 64 characters]]","time":{"start":1704478549499,"stop":1704478551314,"duration":1815}},{"uid":"6221e21ad0faf975","reportUrl":"https://Sotatek-DavidNguyen4.github.io/cardano-api-tests-preprod/212//#testresult/6221e21ad0faf975","status":"failed","statusDetails":"Incorrect error message expected [Transaction not found] but found [[The expected length of the hash is 64 characters]]","time":{"start":1704392144281,"stop":1704392145863,"duration":1582}},{"uid":"1ee3edea265a5f5b","reportUrl":"https://Sotatek-DavidNguyen4.github.io/cardano-api-tests-preprod/211//#testresult/1ee3edea265a5f5b","status":"failed","statusDetails":"Incorrect error message expected [Transaction not found] but found [[The expected length of the hash is 64 characters]]","time":{"start":1704305774338,"stop":1704305776132,"duration":1794}},{"uid":"1df09b9e3879998a","reportUrl":"https://Sotatek-DavidNguyen4.github.io/cardano-api-tests-preprod/210//#testresult/1df09b9e3879998a","status":"failed","statusDetails":"Incorrect error message expected [Transaction not found] but found [[The expected length of the hash is 64 characters]]","time":{"start":1704219410988,"stop":1704219412934,"duration":1946}},{"uid":"e26b4991ba552f35","reportUrl":"https://Sotatek-DavidNguyen4.github.io/cardano-api-tests-preprod/209//#testresult/e26b4991ba552f35","status":"failed","statusDetails":"Incorrect error message expected [Transaction not found] but found [[The expected length of the hash is 64 characters]]","time":{"start":1704132968600,"stop":1704132970382,"duration":1782}},{"uid":"edbd1cf814338970","reportUrl":"https://Sotatek-DavidNguyen4.github.io/cardano-api-tests-preprod/208//#testresult/edbd1cf814338970","status":"failed","statusDetails":"Incorrect error message expected [Transaction not found] but found [[The expected length of the hash is 64 characters]]","time":{"start":1704046482125,"stop":1704046483893,"duration":1768}},{"uid":"c3429df3081abc68","reportUrl":"https://Sotatek-DavidNguyen4.github.io/cardano-api-tests-preprod/207//#testresult/c3429df3081abc68","status":"failed","statusDetails":"Incorrect error message expected [Transaction not found] but found [[The expected length of the hash is 64 characters]]","time":{"start":1703960168223,"stop":1703960170004,"duration":1781}},{"uid":"66ad4a0434b1f0ab","reportUrl":"https://Sotatek-DavidNguyen4.github.io/cardano-api-tests-preprod/206//#testresult/66ad4a0434b1f0ab","status":"failed","statusDetails":"Incorrect error message expected [Transaction not found] but found [[The expected length of the hash is 64 characters]]","time":{"start":1703873740128,"stop":1703873741991,"duration":1863}},{"uid":"4b2db01d0ad8437b","reportUrl":"https://Sotatek-DavidNguyen4.github.io/cardano-api-tests-preprod/205//#testresult/4b2db01d0ad8437b","status":"failed","statusDetails":"Incorrect error message expected [Transaction not found] but found [[The expected length of the hash is 64 characters]]","time":{"start":1703787352847,"stop":1703787354407,"duration":1560}},{"uid":"ad46095022774c1f","reportUrl":"https://Sotatek-DavidNguyen4.github.io/cardano-api-tests-preprod/204//#testresult/ad46095022774c1f","status":"failed","statusDetails":"Incorrect error message expected [Transaction not found] but found [[The expected length of the hash is 64 characters]]","time":{"start":1703700902880,"stop":1703700904451,"duration":1571}},{"uid":"4122e441bcad1e49","reportUrl":"https://Sotatek-DavidNguyen4.github.io/cardano-api-tests-preprod/203//#testresult/4122e441bcad1e49","status":"failed","statusDetails":"Incorrect error message expected [Transaction not found] but found [[The expected length of the hash is 64 characters]]","time":{"start":1703614546376,"stop":1703614548175,"duration":1799}},{"uid":"c98633ae7591363c","reportUrl":"https://Sotatek-DavidNguyen4.github.io/cardano-api-tests-preprod/202//#testresult/c98633ae7591363c","status":"failed","statusDetails":"Incorrect error message expected [Transaction not found] but found [[The expected length of the hash is 64 characters]]","time":{"start":1703528126297,"stop":1703528128112,"duration":1815}},{"uid":"951818da9e1ca41","reportUrl":"https://Sotatek-DavidNguyen4.github.io/cardano-api-tests-preprod/201//#testresult/951818da9e1ca41","status":"failed","statusDetails":"Incorrect error message expected [Transaction not found] but found [[The expected length of the hash is 64 characters]]","time":{"start":1703441710249,"stop":1703441712166,"duration":1917}},{"uid":"9c7772df27e63a31","reportUrl":"https://Sotatek-DavidNguyen4.github.io/cardano-api-tests-preprod/200//#testresult/9c7772df27e63a31","status":"failed","statusDetails":"Incorrect error message expected [Transaction not found] but found [[The expected length of the hash is 64 characters]]","time":{"start":1703355298475,"stop":1703355300309,"duration":1834}},{"uid":"4e492dbf843d4824","reportUrl":"https://Sotatek-DavidNguyen4.github.io/cardano-api-tests-preprod/199//#testresult/4e492dbf843d4824","status":"failed","statusDetails":"Incorrect error message expected [Transaction not found] but found [[The expected length of the hash is 64 characters]]","time":{"start":1703268932148,"stop":1703268933993,"duration":1845}}]},"tags":[]},"source":"76f38029ac8c4aef.json","parameterValues":["asset1c0vymmx0nysjaa8q5vah78jmuqyew3kjm48azr","preprod"]}