{"uid":"2d4b131eadc66df0","name":"Get the transaction by invalid hash","fullName":"tests.transaction.TransactionTests.get_transaction_by_invalid_hash","historyId":"412ed250fb2b3e127c7f4e1ee3f08adc","time":{"start":1705515373072,"stop":1705515374715,"duration":1643},"status":"failed","statusMessage":"Incorrect error message expected [Transaction not found] but found [[The expected length of the hash is 64 characters]]","statusTrace":"java.lang.AssertionError: Incorrect error message expected [Transaction not found] but found [[The expected length of the hash is 64 characters]]\n\tat org.testng.Assert.fail(Assert.java:97)\n\tat org.testng.Assert.assertEqualsImpl(Assert.java:136)\n\tat org.testng.Assert.assertEquals(Assert.java:118)\n\tat org.testng.Assert.assertEquals(Assert.java:575)\n\tat microservices.common.steps.BaseSteps.then_verifyErrorResponse(BaseSteps.java:13)\n\tat tests.transaction.TransactionTests.get_transaction_by_invalid_hash(TransactionTests.java:40)\n\tat sun.reflect.NativeMethodAccessorImpl.invoke0(Native Method)\n\tat sun.reflect.NativeMethodAccessorImpl.invoke(NativeMethodAccessorImpl.java:62)\n\tat sun.reflect.DelegatingMethodAccessorImpl.invoke(DelegatingMethodAccessorImpl.java:43)\n\tat java.lang.reflect.Method.invoke(Method.java:498)\n\tat org.testng.internal.MethodInvocationHelper.invokeMethod(MethodInvocationHelper.java:134)\n\tat org.testng.internal.TestInvoker.invokeMethod(TestInvoker.java:597)\n\tat org.testng.internal.TestInvoker.invokeTestMethod(TestInvoker.java:173)\n\tat org.testng.internal.MethodRunner.runInSequence(MethodRunner.java:46)\n\tat org.testng.internal.TestInvoker$MethodInvocationAgent.invoke(TestInvoker.java:816)\n\tat org.testng.internal.TestInvoker.invokeTestMethods(TestInvoker.java:146)\n\tat org.testng.internal.TestMethodWorker.invokeTestMethods(TestMethodWorker.java:146)\n\tat org.testng.internal.TestMethodWorker.run(TestMethodWorker.java:128)\n\tat java.util.concurrent.ThreadPoolExecutor.runWorker(ThreadPoolExecutor.java:1149)\n\tat java.util.concurrent.ThreadPoolExecutor$Worker.run(ThreadPoolExecutor.java:624)\n\tat java.lang.Thread.run(Thread.java:750)\n","flaky":false,"newFailed":false,"newBroken":false,"newPassed":false,"retriesCount":0,"retriesStatusChange":false,"beforeStages":[{"name":"setUp","time":{"start":1705515373071,"stop":1705515373071,"duration":0},"description":"","status":"passed","steps":[],"attachments":[],"parameters":[],"shouldDisplayMessage":false,"stepsCount":0,"attachmentsCount":0,"hasContent":false,"attachmentStep":false}],"testStage":{"status":"failed","statusMessage":"Incorrect error message expected [Transaction not found] but found [[The expected length of the hash is 64 characters]]","statusTrace":"java.lang.AssertionError: Incorrect error message expected [Transaction not found] but found [[The expected length of the hash is 64 characters]]\n\tat org.testng.Assert.fail(Assert.java:97)\n\tat org.testng.Assert.assertEqualsImpl(Assert.java:136)\n\tat org.testng.Assert.assertEquals(Assert.java:118)\n\tat org.testng.Assert.assertEquals(Assert.java:575)\n\tat microservices.common.steps.BaseSteps.then_verifyErrorResponse(BaseSteps.java:13)\n\tat tests.transaction.TransactionTests.get_transaction_by_invalid_hash(TransactionTests.java:40)\n\tat sun.reflect.NativeMethodAccessorImpl.invoke0(Native Method)\n\tat sun.reflect.NativeMethodAccessorImpl.invoke(NativeMethodAccessorImpl.java:62)\n\tat sun.reflect.DelegatingMethodAccessorImpl.invoke(DelegatingMethodAccessorImpl.java:43)\n\tat java.lang.reflect.Method.invoke(Method.java:498)\n\tat org.testng.internal.MethodInvocationHelper.invokeMethod(MethodInvocationHelper.java:134)\n\tat org.testng.internal.TestInvoker.invokeMethod(TestInvoker.java:597)\n\tat org.testng.internal.TestInvoker.invokeTestMethod(TestInvoker.java:173)\n\tat org.testng.internal.MethodRunner.runInSequence(MethodRunner.java:46)\n\tat org.testng.internal.TestInvoker$MethodInvocationAgent.invoke(TestInvoker.java:816)\n\tat org.testng.internal.TestInvoker.invokeTestMethods(TestInvoker.java:146)\n\tat org.testng.internal.TestMethodWorker.invokeTestMethods(TestMethodWorker.java:146)\n\tat org.testng.internal.TestMethodWorker.run(TestMethodWorker.java:128)\n\tat java.util.concurrent.ThreadPoolExecutor.runWorker(ThreadPoolExecutor.java:1149)\n\tat java.util.concurrent.ThreadPoolExecutor$Worker.run(ThreadPoolExecutor.java:624)\n\tat java.lang.Thread.run(Thread.java:750)\n","steps":[{"name":"Get transaction by hash","time":{"start":1705515373072,"stop":1705515374714,"duration":1642},"status":"passed","steps":[],"attachments":[],"parameters":[{"name":"hash","value":"@#$"}],"shouldDisplayMessage":false,"stepsCount":0,"attachmentsCount":0,"hasContent":true,"attachmentStep":false},{"name":"Verify error response","time":{"start":1705515374714,"stop":1705515374715,"duration":1},"status":"failed","statusMessage":"Incorrect error message expected [Transaction not found] but found [[The expected length of the hash is 64 characters]]","statusTrace":"java.lang.AssertionError: Incorrect error message expected [Transaction not found] but found [[The expected length of the hash is 64 characters]]\n\tat org.testng.Assert.fail(Assert.java:97)\n\tat org.testng.Assert.assertEqualsImpl(Assert.java:136)\n\tat org.testng.Assert.assertEquals(Assert.java:118)\n\tat org.testng.Assert.assertEquals(Assert.java:575)\n\tat microservices.common.steps.BaseSteps.then_verifyErrorResponse(BaseSteps.java:13)\n\tat tests.transaction.TransactionTests.get_transaction_by_invalid_hash(TransactionTests.java:40)\n\tat sun.reflect.NativeMethodAccessorImpl.invoke0(Native Method)\n\tat sun.reflect.NativeMethodAccessorImpl.invoke(NativeMethodAccessorImpl.java:62)\n\tat sun.reflect.DelegatingMethodAccessorImpl.invoke(DelegatingMethodAccessorImpl.java:43)\n\tat java.lang.reflect.Method.invoke(Method.java:498)\n\tat org.testng.internal.MethodInvocationHelper.invokeMethod(MethodInvocationHelper.java:134)\n\tat org.testng.internal.TestInvoker.invokeMethod(TestInvoker.java:597)\n\tat org.testng.internal.TestInvoker.invokeTestMethod(TestInvoker.java:173)\n\tat org.testng.internal.MethodRunner.runInSequence(MethodRunner.java:46)\n\tat org.testng.internal.TestInvoker$MethodInvocationAgent.invoke(TestInvoker.java:816)\n\tat org.testng.internal.TestInvoker.invokeTestMethods(TestInvoker.java:146)\n\tat org.testng.internal.TestMethodWorker.invokeTestMethods(TestMethodWorker.java:146)\n\tat org.testng.internal.TestMethodWorker.run(TestMethodWorker.java:128)\n\tat java.util.concurrent.ThreadPoolExecutor.runWorker(ThreadPoolExecutor.java:1149)\n\tat java.util.concurrent.ThreadPoolExecutor$Worker.run(ThreadPoolExecutor.java:624)\n\tat java.lang.Thread.run(Thread.java:750)\n","steps":[],"attachments":[],"parameters":[{"name":"statusCode","value":"400"},{"name":"message","value":"Transaction not found"},{"name":"errorCode","value":"BC_404-TRANSACTION_NOT_FOUND"}],"shouldDisplayMessage":true,"stepsCount":0,"attachmentsCount":0,"hasContent":true,"attachmentStep":false}],"attachments":[],"parameters":[],"shouldDisplayMessage":false,"stepsCount":2,"attachmentsCount":0,"hasContent":true,"attachmentStep":false},"afterStages":[{"name":"tearDown","time":{"start":1705515374715,"stop":1705515374715,"duration":0},"description":"","status":"passed","steps":[],"attachments":[],"parameters":[],"shouldDisplayMessage":false,"stepsCount":0,"attachmentsCount":0,"hasContent":false,"attachmentStep":false}],"labels":[{"name":"package","value":"tests.transaction.TransactionTests"},{"name":"testClass","value":"tests.transaction.TransactionTests"},{"name":"testMethod","value":"get_transaction_by_invalid_hash"},{"name":"parentSuite","value":"Cardano Regression Suite"},{"name":"suite","value":"Cardano API test "},{"name":"subSuite","value":"tests.transaction.TransactionTests"},{"name":"host","value":"fv-az840-787"},{"name":"thread","value":"2257@fv-az840-787.TestNG-test=Cardano API test -2(14)"},{"name":"framework","value":"testng"},{"name":"language","value":"java"},{"name":"feature","value":"api-transactions"},{"name":"epic","value":"cardano"},{"name":"resultFormat","value":"allure2"}],"parameters":[{"name":"arg0","value":"@#$"},{"name":"env","value":"preprod"}],"links":[],"hidden":false,"retry":false,"extra":{"severity":"normal","retries":[],"categories":[{"name":"Product defects","matchedStatuses":[],"flaky":false}],"history":{"statistic":{"failed":202,"broken":3,"skipped":0,"passed":19,"unknown":0,"total":224},"items":[{"uid":"c01f42f59f457737","reportUrl":"https://Sotatek-DavidNguyen4.github.io/cardano-api-tests-preprod/224//#testresult/c01f42f59f457737","status":"failed","statusDetails":"Incorrect error message expected [Transaction not found] but found [[The expected length of the hash is 64 characters]]","time":{"start":1705428934454,"stop":1705428935933,"duration":1479}},{"uid":"915ba6b10b22c214","reportUrl":"https://Sotatek-DavidNguyen4.github.io/cardano-api-tests-preprod/223//#testresult/915ba6b10b22c214","status":"failed","statusDetails":"Incorrect error message expected [Transaction not found] but found [[The expected length of the hash is 64 characters]]","time":{"start":1705342534449,"stop":1705342535984,"duration":1535}},{"uid":"71a6f8cad46e40d5","reportUrl":"https://Sotatek-DavidNguyen4.github.io/cardano-api-tests-preprod/222//#testresult/71a6f8cad46e40d5","status":"failed","statusDetails":"Incorrect error message expected [Transaction not found] but found [[The expected length of the hash is 64 characters]]","time":{"start":1705256110953,"stop":1705256112960,"duration":2007}},{"uid":"fc457ee7a843c883","reportUrl":"https://Sotatek-DavidNguyen4.github.io/cardano-api-tests-preprod/221//#testresult/fc457ee7a843c883","status":"failed","statusDetails":"Incorrect error message expected [Transaction not found] but found [[The expected length of the hash is 64 characters]]","time":{"start":1705169682730,"stop":1705169684292,"duration":1562}},{"uid":"897eb1e0dad5b005","reportUrl":"https://Sotatek-DavidNguyen4.github.io/cardano-api-tests-preprod/220//#testresult/897eb1e0dad5b005","status":"failed","statusDetails":"Incorrect error message expected [Transaction not found] but found [[The expected length of the hash is 64 characters]]","time":{"start":1705083370874,"stop":1705083372607,"duration":1733}},{"uid":"e252165a63b771b9","reportUrl":"https://Sotatek-DavidNguyen4.github.io/cardano-api-tests-preprod/219//#testresult/e252165a63b771b9","status":"failed","statusDetails":"Incorrect error message expected [Transaction not found] but found [[The expected length of the hash is 64 characters]]","time":{"start":1704996964399,"stop":1704996966146,"duration":1747}},{"uid":"ff17c4265b9160a9","reportUrl":"https://Sotatek-DavidNguyen4.github.io/cardano-api-tests-preprod/218//#testresult/ff17c4265b9160a9","status":"failed","statusDetails":"Incorrect error message expected [Transaction not found] but found [[The expected length of the hash is 64 characters]]","time":{"start":1704910557109,"stop":1704910558820,"duration":1711}},{"uid":"40b2d23259767dec","reportUrl":"https://Sotatek-DavidNguyen4.github.io/cardano-api-tests-preprod/217//#testresult/40b2d23259767dec","status":"failed","statusDetails":"Incorrect error message expected [Transaction not found] but found [[The expected length of the hash is 64 characters]]","time":{"start":1704824059383,"stop":1704824061243,"duration":1860}},{"uid":"645a3a079cd6773e","reportUrl":"https://Sotatek-DavidNguyen4.github.io/cardano-api-tests-preprod/216//#testresult/645a3a079cd6773e","status":"failed","statusDetails":"Incorrect error message expected [Transaction not found] but found [[The expected length of the hash is 64 characters]]","time":{"start":1704737812664,"stop":1704737814477,"duration":1813}},{"uid":"85a3f3c72013f674","reportUrl":"https://Sotatek-DavidNguyen4.github.io/cardano-api-tests-preprod/215//#testresult/85a3f3c72013f674","status":"failed","statusDetails":"Incorrect error message expected [Transaction not found] but found [[The expected length of the hash is 64 characters]]","time":{"start":1704651303548,"stop":1704651305385,"duration":1837}},{"uid":"83fa8fe5e2a9f5b0","reportUrl":"https://Sotatek-DavidNguyen4.github.io/cardano-api-tests-preprod/214//#testresult/83fa8fe5e2a9f5b0","status":"failed","statusDetails":"Incorrect error message expected [Transaction not found] but found [[The expected length of the hash is 64 characters]]","time":{"start":1704564865915,"stop":1704564867536,"duration":1621}},{"uid":"b2fab4dc98df368d","reportUrl":"https://Sotatek-DavidNguyen4.github.io/cardano-api-tests-preprod/213//#testresult/b2fab4dc98df368d","status":"failed","statusDetails":"Incorrect error message expected [Transaction not found] but found [[The expected length of the hash is 64 characters]]","time":{"start":1704478544038,"stop":1704478545890,"duration":1852}},{"uid":"5e442e18d66f7264","reportUrl":"https://Sotatek-DavidNguyen4.github.io/cardano-api-tests-preprod/212//#testresult/5e442e18d66f7264","status":"failed","statusDetails":"Incorrect error message expected [Transaction not found] but found [[The expected length of the hash is 64 characters]]","time":{"start":1704392139343,"stop":1704392140975,"duration":1632}},{"uid":"7c9f59a499d70f19","reportUrl":"https://Sotatek-DavidNguyen4.github.io/cardano-api-tests-preprod/211//#testresult/7c9f59a499d70f19","status":"failed","statusDetails":"Incorrect error message expected [Transaction not found] but found [[The expected length of the hash is 64 characters]]","time":{"start":1704305768826,"stop":1704305770672,"duration":1846}},{"uid":"69f13c512c069e53","reportUrl":"https://Sotatek-DavidNguyen4.github.io/cardano-api-tests-preprod/210//#testresult/69f13c512c069e53","status":"failed","statusDetails":"Incorrect error message expected [Transaction not found] but found [[The expected length of the hash is 64 characters]]","time":{"start":1704219404998,"stop":1704219406954,"duration":1956}},{"uid":"f6537d4c96e24b39","reportUrl":"https://Sotatek-DavidNguyen4.github.io/cardano-api-tests-preprod/209//#testresult/f6537d4c96e24b39","status":"failed","statusDetails":"Incorrect error message expected [Transaction not found] but found [[The expected length of the hash is 64 characters]]","time":{"start":1704132963102,"stop":1704132964931,"duration":1829}},{"uid":"9b4b6d897a618b4c","reportUrl":"https://Sotatek-DavidNguyen4.github.io/cardano-api-tests-preprod/208//#testresult/9b4b6d897a618b4c","status":"failed","statusDetails":"Incorrect error message expected [Transaction not found] but found [[The expected length of the hash is 64 characters]]","time":{"start":1704046476661,"stop":1704046478440,"duration":1779}},{"uid":"317463bd7d68fadd","reportUrl":"https://Sotatek-DavidNguyen4.github.io/cardano-api-tests-preprod/207//#testresult/317463bd7d68fadd","status":"failed","statusDetails":"Incorrect error message expected [Transaction not found] but found [[The expected length of the hash is 64 characters]]","time":{"start":1703960162706,"stop":1703960164517,"duration":1811}},{"uid":"55ec1cfe900526eb","reportUrl":"https://Sotatek-DavidNguyen4.github.io/cardano-api-tests-preprod/206//#testresult/55ec1cfe900526eb","status":"failed","statusDetails":"Incorrect error message expected [Transaction not found] but found [[The expected length of the hash is 64 characters]]","time":{"start":1703873734484,"stop":1703873736375,"duration":1891}},{"uid":"75fcb45c350bea8f","reportUrl":"https://Sotatek-DavidNguyen4.github.io/cardano-api-tests-preprod/205//#testresult/75fcb45c350bea8f","status":"failed","statusDetails":"Incorrect error message expected [Transaction not found] but found [[The expected length of the hash is 64 characters]]","time":{"start":1703787348139,"stop":1703787349702,"duration":1563}}]},"tags":[]},"source":"2d4b131eadc66df0.json","parameterValues":["@#$","preprod"]}