{"uid":"31b6d1faa7b2981d","name":"verify that get a token with tokenId invalid","fullName":"tests.tokens.Token.getATokenFail","historyId":"65e9f2401f6f60fdc849fa763ba282b6","time":{"start":1697047997405,"stop":1697047999017,"duration":1612},"status":"failed","statusMessage":"Incorrect error message expected [Token not found] but found [[Field should have a prefixed value of 'asset', The expected length of the hash is 44 characters]]","statusTrace":"java.lang.AssertionError: Incorrect error message expected [Token not found] but found [[Field should have a prefixed value of 'asset', The expected length of the hash is 44 characters]]\n\tat org.testng.Assert.fail(Assert.java:97)\n\tat org.testng.Assert.assertEqualsImpl(Assert.java:136)\n\tat org.testng.Assert.assertEquals(Assert.java:118)\n\tat org.testng.Assert.assertEquals(Assert.java:575)\n\tat microservices.common.steps.BaseSteps.then_verifyErrorResponse(BaseSteps.java:13)\n\tat tests.tokens.Token.getATokenFail(Token.java:33)\n\tat sun.reflect.NativeMethodAccessorImpl.invoke0(Native Method)\n\tat sun.reflect.NativeMethodAccessorImpl.invoke(NativeMethodAccessorImpl.java:62)\n\tat sun.reflect.DelegatingMethodAccessorImpl.invoke(DelegatingMethodAccessorImpl.java:43)\n\tat java.lang.reflect.Method.invoke(Method.java:498)\n\tat org.testng.internal.MethodInvocationHelper.invokeMethod(MethodInvocationHelper.java:134)\n\tat org.testng.internal.TestInvoker.invokeMethod(TestInvoker.java:597)\n\tat org.testng.internal.TestInvoker.invokeTestMethod(TestInvoker.java:173)\n\tat org.testng.internal.MethodRunner.runInSequence(MethodRunner.java:46)\n\tat org.testng.internal.TestInvoker$MethodInvocationAgent.invoke(TestInvoker.java:816)\n\tat org.testng.internal.TestInvoker.invokeTestMethods(TestInvoker.java:146)\n\tat org.testng.internal.TestMethodWorker.invokeTestMethods(TestMethodWorker.java:146)\n\tat org.testng.internal.TestMethodWorker.run(TestMethodWorker.java:128)\n\tat java.util.concurrent.ThreadPoolExecutor.runWorker(ThreadPoolExecutor.java:1149)\n\tat java.util.concurrent.ThreadPoolExecutor$Worker.run(ThreadPoolExecutor.java:624)\n\tat java.lang.Thread.run(Thread.java:750)\n","flaky":false,"newFailed":false,"newBroken":false,"newPassed":false,"retriesCount":0,"retriesStatusChange":false,"beforeStages":[{"name":"setUp","time":{"start":1697047997404,"stop":1697047997404,"duration":0},"description":"","status":"passed","steps":[],"attachments":[],"parameters":[],"shouldDisplayMessage":false,"stepsCount":0,"attachmentsCount":0,"hasContent":false}],"testStage":{"status":"failed","statusMessage":"Incorrect error message expected [Token not found] but found [[Field should have a prefixed value of 'asset', The expected length of the hash is 44 characters]]","statusTrace":"java.lang.AssertionError: Incorrect error message expected [Token not found] but found [[Field should have a prefixed value of 'asset', The expected length of the hash is 44 characters]]\n\tat org.testng.Assert.fail(Assert.java:97)\n\tat org.testng.Assert.assertEqualsImpl(Assert.java:136)\n\tat org.testng.Assert.assertEquals(Assert.java:118)\n\tat org.testng.Assert.assertEquals(Assert.java:575)\n\tat microservices.common.steps.BaseSteps.then_verifyErrorResponse(BaseSteps.java:13)\n\tat tests.tokens.Token.getATokenFail(Token.java:33)\n\tat sun.reflect.NativeMethodAccessorImpl.invoke0(Native Method)\n\tat sun.reflect.NativeMethodAccessorImpl.invoke(NativeMethodAccessorImpl.java:62)\n\tat sun.reflect.DelegatingMethodAccessorImpl.invoke(DelegatingMethodAccessorImpl.java:43)\n\tat java.lang.reflect.Method.invoke(Method.java:498)\n\tat org.testng.internal.MethodInvocationHelper.invokeMethod(MethodInvocationHelper.java:134)\n\tat org.testng.internal.TestInvoker.invokeMethod(TestInvoker.java:597)\n\tat org.testng.internal.TestInvoker.invokeTestMethod(TestInvoker.java:173)\n\tat org.testng.internal.MethodRunner.runInSequence(MethodRunner.java:46)\n\tat org.testng.internal.TestInvoker$MethodInvocationAgent.invoke(TestInvoker.java:816)\n\tat org.testng.internal.TestInvoker.invokeTestMethods(TestInvoker.java:146)\n\tat org.testng.internal.TestMethodWorker.invokeTestMethods(TestMethodWorker.java:146)\n\tat org.testng.internal.TestMethodWorker.run(TestMethodWorker.java:128)\n\tat java.util.concurrent.ThreadPoolExecutor.runWorker(ThreadPoolExecutor.java:1149)\n\tat java.util.concurrent.ThreadPoolExecutor$Worker.run(ThreadPoolExecutor.java:624)\n\tat java.lang.Thread.run(Thread.java:750)\n","steps":[{"name":"get a token","time":{"start":1697047997405,"stop":1697047999015,"duration":1610},"status":"passed","steps":[],"attachments":[],"parameters":[{"name":"tokenId","value":"@#$"}],"shouldDisplayMessage":false,"stepsCount":0,"attachmentsCount":0,"hasContent":true},{"name":"Verify error response","time":{"start":1697047999015,"stop":1697047999017,"duration":2},"status":"failed","statusMessage":"Incorrect error message expected [Token not found] but found [[Field should have a prefixed value of 'asset', The expected length of the hash is 44 characters]]","statusTrace":"java.lang.AssertionError: Incorrect error message expected [Token not found] but found [[Field should have a prefixed value of 'asset', The expected length of the hash is 44 characters]]\n\tat org.testng.Assert.fail(Assert.java:97)\n\tat org.testng.Assert.assertEqualsImpl(Assert.java:136)\n\tat org.testng.Assert.assertEquals(Assert.java:118)\n\tat org.testng.Assert.assertEquals(Assert.java:575)\n\tat microservices.common.steps.BaseSteps.then_verifyErrorResponse(BaseSteps.java:13)\n\tat tests.tokens.Token.getATokenFail(Token.java:33)\n\tat sun.reflect.NativeMethodAccessorImpl.invoke0(Native Method)\n\tat sun.reflect.NativeMethodAccessorImpl.invoke(NativeMethodAccessorImpl.java:62)\n\tat sun.reflect.DelegatingMethodAccessorImpl.invoke(DelegatingMethodAccessorImpl.java:43)\n\tat java.lang.reflect.Method.invoke(Method.java:498)\n\tat org.testng.internal.MethodInvocationHelper.invokeMethod(MethodInvocationHelper.java:134)\n\tat org.testng.internal.TestInvoker.invokeMethod(TestInvoker.java:597)\n\tat org.testng.internal.TestInvoker.invokeTestMethod(TestInvoker.java:173)\n\tat org.testng.internal.MethodRunner.runInSequence(MethodRunner.java:46)\n\tat org.testng.internal.TestInvoker$MethodInvocationAgent.invoke(TestInvoker.java:816)\n\tat org.testng.internal.TestInvoker.invokeTestMethods(TestInvoker.java:146)\n\tat org.testng.internal.TestMethodWorker.invokeTestMethods(TestMethodWorker.java:146)\n\tat org.testng.internal.TestMethodWorker.run(TestMethodWorker.java:128)\n\tat java.util.concurrent.ThreadPoolExecutor.runWorker(ThreadPoolExecutor.java:1149)\n\tat java.util.concurrent.ThreadPoolExecutor$Worker.run(ThreadPoolExecutor.java:624)\n\tat java.lang.Thread.run(Thread.java:750)\n","steps":[],"attachments":[],"parameters":[{"name":"statusCode","value":"400"},{"name":"message","value":"Token not found"},{"name":"errorCode","value":"BC_404-TOKEN_NOT_FOUND"}],"shouldDisplayMessage":true,"stepsCount":0,"attachmentsCount":0,"hasContent":true}],"attachments":[],"parameters":[],"shouldDisplayMessage":false,"stepsCount":2,"attachmentsCount":0,"hasContent":true},"afterStages":[{"name":"tearDown","time":{"start":1697047999018,"stop":1697047999018,"duration":0},"description":"","status":"passed","steps":[],"attachments":[],"parameters":[],"shouldDisplayMessage":false,"stepsCount":0,"attachmentsCount":0,"hasContent":false}],"labels":[{"name":"package","value":"tests.tokens.Token"},{"name":"testClass","value":"tests.tokens.Token"},{"name":"testMethod","value":"getATokenFail"},{"name":"parentSuite","value":"Cardano Regression Suite"},{"name":"suite","value":"Cardano API test "},{"name":"subSuite","value":"tests.tokens.Token"},{"name":"host","value":"fv-az206-127"},{"name":"thread","value":"2601@fv-az206-127.TestNG-test=Cardano API test -3(14)"},{"name":"framework","value":"testng"},{"name":"language","value":"java"},{"name":"resultFormat","value":"allure2"}],"parameters":[{"name":"arg0","value":"@#$"},{"name":"env","value":"preprod"}],"links":[],"hidden":false,"retry":false,"extra":{"severity":"normal","retries":[],"categories":[{"name":"Product defects","matchedStatuses":[],"flaky":false}],"history":{"statistic":{"failed":105,"broken":2,"skipped":0,"passed":19,"unknown":0,"total":126},"items":[{"uid":"6755a30f3b97061b","reportUrl":"https://Sotatek-DavidNguyen4.github.io/cardano-api-tests-preprod/126//#testresult/6755a30f3b97061b","status":"failed","statusDetails":"Incorrect error message expected [Token not found] but found [[The expected length of the hash is 44 characters, Field should have a prefixed value of 'asset']]","time":{"start":1696961606605,"stop":1696961608224,"duration":1619}},{"uid":"e7e716af17e98ee5","reportUrl":"https://Sotatek-DavidNguyen4.github.io/cardano-api-tests-preprod/125//#testresult/e7e716af17e98ee5","status":"failed","statusDetails":"Incorrect error message expected [Token not found] but found [[Field should have a prefixed value of 'asset', The expected length of the hash is 44 characters]]","time":{"start":1696875186014,"stop":1696875187627,"duration":1613}},{"uid":"25ae39d01d2ac43","reportUrl":"https://Sotatek-DavidNguyen4.github.io/cardano-api-tests-preprod/124//#testresult/25ae39d01d2ac43","status":"failed","statusDetails":"Incorrect error message expected [Token not found] but found [[Field should have a prefixed value of 'asset', The expected length of the hash is 44 characters]]","time":{"start":1696788722094,"stop":1696788723611,"duration":1517}},{"uid":"124fc751b90fcb98","reportUrl":"https://Sotatek-DavidNguyen4.github.io/cardano-api-tests-preprod/123//#testresult/124fc751b90fcb98","status":"failed","statusDetails":"Incorrect error message expected [Token not found] but found [[The expected length of the hash is 44 characters, Field should have a prefixed value of 'asset']]","time":{"start":1696702312792,"stop":1696702314735,"duration":1943}},{"uid":"cefa5c330bae4ed3","reportUrl":"https://Sotatek-DavidNguyen4.github.io/cardano-api-tests-preprod/122//#testresult/cefa5c330bae4ed3","status":"failed","statusDetails":"Incorrect error message expected [Token not found] but found [[The expected length of the hash is 44 characters, Field should have a prefixed value of 'asset']]","time":{"start":1696615970799,"stop":1696615972282,"duration":1483}},{"uid":"394da2958cdcdd4d","reportUrl":"https://Sotatek-DavidNguyen4.github.io/cardano-api-tests-preprod/121//#testresult/394da2958cdcdd4d","status":"failed","statusDetails":"Incorrect error message expected [Token not found] but found [[Field should have a prefixed value of 'asset', The expected length of the hash is 44 characters]]","time":{"start":1696529572715,"stop":1696529574314,"duration":1599}},{"uid":"a1a9bb41f7ef0135","reportUrl":"https://Sotatek-DavidNguyen4.github.io/cardano-api-tests-preprod/120//#testresult/a1a9bb41f7ef0135","status":"failed","statusDetails":"1 expectation failed.\nExpected status code <400> but was <502>.\n","time":{"start":1696443182520,"stop":1696443184168,"duration":1648}},{"uid":"f9a35ab2d716007f","reportUrl":"https://Sotatek-DavidNguyen4.github.io/cardano-api-tests-preprod/119//#testresult/f9a35ab2d716007f","status":"failed","statusDetails":"Incorrect error message expected [Token not found] but found [[Field should have a prefixed value of 'asset', The expected length of the hash is 44 characters]]","time":{"start":1696356782753,"stop":1696356784267,"duration":1514}},{"uid":"9523a0e020cc8e0c","reportUrl":"https://Sotatek-DavidNguyen4.github.io/cardano-api-tests-preprod/118//#testresult/9523a0e020cc8e0c","status":"failed","statusDetails":"Incorrect error message expected [Token not found] but found [[Field should have a prefixed value of 'asset', The expected length of the hash is 44 characters]]","time":{"start":1696270390905,"stop":1696270392524,"duration":1619}},{"uid":"29d53416914aff6c","reportUrl":"https://Sotatek-DavidNguyen4.github.io/cardano-api-tests-preprod/117//#testresult/29d53416914aff6c","status":"failed","statusDetails":"Incorrect error message expected [Token not found] but found [[Field should have a prefixed value of 'asset', The expected length of the hash is 44 characters]]","time":{"start":1696183895681,"stop":1696183897670,"duration":1989}},{"uid":"2dfea8d3594f2592","reportUrl":"https://Sotatek-DavidNguyen4.github.io/cardano-api-tests-preprod/116//#testresult/2dfea8d3594f2592","status":"failed","statusDetails":"Incorrect error message expected [Token not found] but found [[Field should have a prefixed value of 'asset', The expected length of the hash is 44 characters]]","time":{"start":1696097486183,"stop":1696097487914,"duration":1731}},{"uid":"70edab462aad7ba","reportUrl":"https://Sotatek-DavidNguyen4.github.io/cardano-api-tests-preprod/115//#testresult/70edab462aad7ba","status":"failed","statusDetails":"Incorrect error message expected [Token not found] but found [[Field should have a prefixed value of 'asset', The expected length of the hash is 44 characters]]","time":{"start":1696011169452,"stop":1696011171048,"duration":1596}},{"uid":"854fceba9f91169d","reportUrl":"https://Sotatek-DavidNguyen4.github.io/cardano-api-tests-preprod/114//#testresult/854fceba9f91169d","status":"failed","statusDetails":"Incorrect error message expected [Token not found] but found [[Field should have a prefixed value of 'asset', The expected length of the hash is 44 characters]]","time":{"start":1695924746059,"stop":1695924747701,"duration":1642}},{"uid":"68f0e95e6abcba9c","reportUrl":"https://Sotatek-DavidNguyen4.github.io/cardano-api-tests-preprod/113//#testresult/68f0e95e6abcba9c","status":"failed","statusDetails":"Incorrect error message expected [Token not found] but found [[The expected length of the hash is 44 characters, Field should have a prefixed value of 'asset']]","time":{"start":1695838390923,"stop":1695838392742,"duration":1819}},{"uid":"930e2d3fab84d5f1","reportUrl":"https://Sotatek-DavidNguyen4.github.io/cardano-api-tests-preprod/112//#testresult/930e2d3fab84d5f1","status":"failed","statusDetails":"Incorrect error message expected [Token not found] but found [[Field should have a prefixed value of 'asset', The expected length of the hash is 44 characters]]","time":{"start":1695751973582,"stop":1695751975351,"duration":1769}},{"uid":"e5abe31e644e1094","reportUrl":"https://Sotatek-DavidNguyen4.github.io/cardano-api-tests-preprod/111//#testresult/e5abe31e644e1094","status":"failed","statusDetails":"Incorrect error message expected [Token not found] but found [[The expected length of the hash is 44 characters, Field should have a prefixed value of 'asset']]","time":{"start":1695665581358,"stop":1695665583155,"duration":1797}},{"uid":"73d0113fead9d922","reportUrl":"https://Sotatek-DavidNguyen4.github.io/cardano-api-tests-preprod/110//#testresult/73d0113fead9d922","status":"failed","statusDetails":"Incorrect error message expected [Token not found] but found [[The expected length of the hash is 44 characters, Field should have a prefixed value of 'asset']]","time":{"start":1695579089472,"stop":1695579090938,"duration":1466}},{"uid":"a384fb0322b9c5e6","reportUrl":"https://Sotatek-DavidNguyen4.github.io/cardano-api-tests-preprod/109//#testresult/a384fb0322b9c5e6","status":"failed","statusDetails":"Incorrect error message expected [Token not found] but found [[The expected length of the hash is 44 characters, Field should have a prefixed value of 'asset']]","time":{"start":1695492678111,"stop":1695492679914,"duration":1803}},{"uid":"c0a8f405e202671","reportUrl":"https://Sotatek-DavidNguyen4.github.io/cardano-api-tests-preprod/108//#testresult/c0a8f405e202671","status":"failed","statusDetails":"Incorrect error message expected [Token not found] but found [[Field should have a prefixed value of 'asset', The expected length of the hash is 44 characters]]","time":{"start":1695406352724,"stop":1695406354342,"duration":1618}},{"uid":"e61042d9927a8309","reportUrl":"https://Sotatek-DavidNguyen4.github.io/cardano-api-tests-preprod/107//#testresult/e61042d9927a8309","status":"failed","statusDetails":"Incorrect error message expected [Token not found] but found [[The expected length of the hash is 44 characters, Field should have a prefixed value of 'asset']]","time":{"start":1695319970337,"stop":1695319972183,"duration":1846}}]},"tags":[]},"source":"31b6d1faa7b2981d.json","parameterValues":["@#$","preprod"]}