{"uid":"2002549d71dad8df","name":"get the list transaction of address unsuccessfully","fullName":"tests.addresses.AddressTransactionTests.getTheListTransactionOfAddressUnsuccessfully","historyId":"f1fe94391359e0a265e7f4a9f6b4ca8a","time":{"start":1710094235783,"stop":1710094237297,"duration":1514},"status":"failed","statusMessage":"1 expectation failed.\nExpected status code <400> but was <200>.\n","statusTrace":"java.lang.AssertionError: 1 expectation failed.\nExpected status code <400> but was <200>.\n\n\tat sun.reflect.NativeConstructorAccessorImpl.newInstance0(Native Method)\n\tat sun.reflect.NativeConstructorAccessorImpl.newInstance(NativeConstructorAccessorImpl.java:62)\n\tat sun.reflect.DelegatingConstructorAccessorImpl.newInstance(DelegatingConstructorAccessorImpl.java:45)\n\tat java.lang.reflect.Constructor.newInstance(Constructor.java:423)\n\tat org.codehaus.groovy.reflection.CachedConstructor.invoke(CachedConstructor.java:83)\n\tat org.codehaus.groovy.reflection.CachedConstructor.doConstructorInvoke(CachedConstructor.java:77)\n\tat org.codehaus.groovy.runtime.callsite.ConstructorSite$ConstructorSiteNoUnwrap.callConstructor(ConstructorSite.java:84)\n\tat org.codehaus.groovy.runtime.callsite.AbstractCallSite.callConstructor(AbstractCallSite.java:250)\n\tat io.restassured.internal.ResponseSpecificationImpl$HamcrestAssertionClosure.validate(ResponseSpecificationImpl.groovy:494)\n\tat io.restassured.internal.ResponseSpecificationImpl$HamcrestAssertionClosure$validate$4.call(Unknown Source)\n\tat io.restassured.internal.ResponseSpecificationImpl.validateResponseIfRequired(ResponseSpecificationImpl.groovy:656)\n\tat sun.reflect.GeneratedMethodAccessor175.invoke(Unknown Source)\n\tat sun.reflect.DelegatingMethodAccessorImpl.invoke(DelegatingMethodAccessorImpl.java:43)\n\tat java.lang.reflect.Method.invoke(Method.java:498)\n\tat org.codehaus.groovy.runtime.callsite.PogoMetaMethodSite$PogoCachedMethodSiteNoUnwrapNoCoerce.invoke(PogoMetaMethodSite.java:210)\n\tat org.codehaus.groovy.runtime.callsite.PogoMetaMethodSite.callCurrent(PogoMetaMethodSite.java:59)\n\tat org.codehaus.groovy.runtime.callsite.AbstractCallSite.callCurrent(AbstractCallSite.java:169)\n\tat io.restassured.internal.ResponseSpecificationImpl.statusCode(ResponseSpecificationImpl.groovy:125)\n\tat io.restassured.specification.ResponseSpecification$statusCode$1.callCurrent(Unknown Source)\n\tat io.restassured.internal.ResponseSpecificationImpl.statusCode(ResponseSpecificationImpl.groovy:133)\n\tat io.restassured.internal.ValidatableResponseOptionsImpl.statusCode(ValidatableResponseOptionsImpl.java:119)\n\tat core.BaseApi.validateResponse(BaseApi.java:52)\n\tat microservices.common.steps.BaseSteps.then_verifyErrorResponse(BaseSteps.java:11)\n\tat tests.addresses.AddressTransactionTests.getTheListTransactionOfAddressUnsuccessfully(AddressTransactionTests.java:38)\n\tat sun.reflect.NativeMethodAccessorImpl.invoke0(Native Method)\n\tat sun.reflect.NativeMethodAccessorImpl.invoke(NativeMethodAccessorImpl.java:62)\n\tat sun.reflect.DelegatingMethodAccessorImpl.invoke(DelegatingMethodAccessorImpl.java:43)\n\tat java.lang.reflect.Method.invoke(Method.java:498)\n\tat org.testng.internal.MethodInvocationHelper.invokeMethod(MethodInvocationHelper.java:134)\n\tat org.testng.internal.TestInvoker.invokeMethod(TestInvoker.java:597)\n\tat org.testng.internal.TestInvoker.invokeTestMethod(TestInvoker.java:173)\n\tat org.testng.internal.MethodRunner.runInSequence(MethodRunner.java:46)\n\tat org.testng.internal.TestInvoker$MethodInvocationAgent.invoke(TestInvoker.java:816)\n\tat org.testng.internal.TestInvoker.invokeTestMethods(TestInvoker.java:146)\n\tat org.testng.internal.TestMethodWorker.invokeTestMethods(TestMethodWorker.java:146)\n\tat org.testng.internal.TestMethodWorker.run(TestMethodWorker.java:128)\n\tat java.util.concurrent.ThreadPoolExecutor.runWorker(ThreadPoolExecutor.java:1149)\n\tat java.util.concurrent.ThreadPoolExecutor$Worker.run(ThreadPoolExecutor.java:624)\n\tat java.lang.Thread.run(Thread.java:750)\n","flaky":false,"newFailed":false,"newBroken":false,"newPassed":false,"retriesCount":0,"retriesStatusChange":false,"beforeStages":[{"name":"setUp","time":{"start":1710094235781,"stop":1710094235782,"duration":1},"description":"","status":"passed","steps":[],"attachments":[],"parameters":[],"shouldDisplayMessage":false,"stepsCount":0,"attachmentsCount":0,"hasContent":false,"attachmentStep":false}],"testStage":{"status":"failed","statusMessage":"1 expectation failed.\nExpected status code <400> but was <200>.\n","statusTrace":"java.lang.AssertionError: 1 expectation failed.\nExpected status code <400> but was <200>.\n\n\tat sun.reflect.NativeConstructorAccessorImpl.newInstance0(Native Method)\n\tat sun.reflect.NativeConstructorAccessorImpl.newInstance(NativeConstructorAccessorImpl.java:62)\n\tat sun.reflect.DelegatingConstructorAccessorImpl.newInstance(DelegatingConstructorAccessorImpl.java:45)\n\tat java.lang.reflect.Constructor.newInstance(Constructor.java:423)\n\tat org.codehaus.groovy.reflection.CachedConstructor.invoke(CachedConstructor.java:83)\n\tat org.codehaus.groovy.reflection.CachedConstructor.doConstructorInvoke(CachedConstructor.java:77)\n\tat org.codehaus.groovy.runtime.callsite.ConstructorSite$ConstructorSiteNoUnwrap.callConstructor(ConstructorSite.java:84)\n\tat org.codehaus.groovy.runtime.callsite.AbstractCallSite.callConstructor(AbstractCallSite.java:250)\n\tat io.restassured.internal.ResponseSpecificationImpl$HamcrestAssertionClosure.validate(ResponseSpecificationImpl.groovy:494)\n\tat io.restassured.internal.ResponseSpecificationImpl$HamcrestAssertionClosure$validate$4.call(Unknown Source)\n\tat io.restassured.internal.ResponseSpecificationImpl.validateResponseIfRequired(ResponseSpecificationImpl.groovy:656)\n\tat sun.reflect.GeneratedMethodAccessor175.invoke(Unknown Source)\n\tat sun.reflect.DelegatingMethodAccessorImpl.invoke(DelegatingMethodAccessorImpl.java:43)\n\tat java.lang.reflect.Method.invoke(Method.java:498)\n\tat org.codehaus.groovy.runtime.callsite.PogoMetaMethodSite$PogoCachedMethodSiteNoUnwrapNoCoerce.invoke(PogoMetaMethodSite.java:210)\n\tat org.codehaus.groovy.runtime.callsite.PogoMetaMethodSite.callCurrent(PogoMetaMethodSite.java:59)\n\tat org.codehaus.groovy.runtime.callsite.AbstractCallSite.callCurrent(AbstractCallSite.java:169)\n\tat io.restassured.internal.ResponseSpecificationImpl.statusCode(ResponseSpecificationImpl.groovy:125)\n\tat io.restassured.specification.ResponseSpecification$statusCode$1.callCurrent(Unknown Source)\n\tat io.restassured.internal.ResponseSpecificationImpl.statusCode(ResponseSpecificationImpl.groovy:133)\n\tat io.restassured.internal.ValidatableResponseOptionsImpl.statusCode(ValidatableResponseOptionsImpl.java:119)\n\tat core.BaseApi.validateResponse(BaseApi.java:52)\n\tat microservices.common.steps.BaseSteps.then_verifyErrorResponse(BaseSteps.java:11)\n\tat tests.addresses.AddressTransactionTests.getTheListTransactionOfAddressUnsuccessfully(AddressTransactionTests.java:38)\n\tat sun.reflect.NativeMethodAccessorImpl.invoke0(Native Method)\n\tat sun.reflect.NativeMethodAccessorImpl.invoke(NativeMethodAccessorImpl.java:62)\n\tat sun.reflect.DelegatingMethodAccessorImpl.invoke(DelegatingMethodAccessorImpl.java:43)\n\tat java.lang.reflect.Method.invoke(Method.java:498)\n\tat org.testng.internal.MethodInvocationHelper.invokeMethod(MethodInvocationHelper.java:134)\n\tat org.testng.internal.TestInvoker.invokeMethod(TestInvoker.java:597)\n\tat org.testng.internal.TestInvoker.invokeTestMethod(TestInvoker.java:173)\n\tat org.testng.internal.MethodRunner.runInSequence(MethodRunner.java:46)\n\tat org.testng.internal.TestInvoker$MethodInvocationAgent.invoke(TestInvoker.java:816)\n\tat org.testng.internal.TestInvoker.invokeTestMethods(TestInvoker.java:146)\n\tat org.testng.internal.TestMethodWorker.invokeTestMethods(TestMethodWorker.java:146)\n\tat org.testng.internal.TestMethodWorker.run(TestMethodWorker.java:128)\n\tat java.util.concurrent.ThreadPoolExecutor.runWorker(ThreadPoolExecutor.java:1149)\n\tat java.util.concurrent.ThreadPoolExecutor$Worker.run(ThreadPoolExecutor.java:624)\n\tat java.lang.Thread.run(Thread.java:750)\n","steps":[{"name":"get the transaction of address","time":{"start":1710094235783,"stop":1710094237296,"duration":1513},"status":"passed","steps":[],"attachments":[],"parameters":[{"name":"address","value":"123"}],"shouldDisplayMessage":false,"stepsCount":0,"attachmentsCount":0,"hasContent":true,"attachmentStep":false},{"name":"Verify error response","time":{"start":1710094237296,"stop":1710094237297,"duration":1},"status":"failed","statusMessage":"1 expectation failed.\nExpected status code <400> but was <200>.\n","statusTrace":"java.lang.AssertionError: 1 expectation failed.\nExpected status code <400> but was <200>.\n\n\tat sun.reflect.NativeConstructorAccessorImpl.newInstance0(Native Method)\n\tat sun.reflect.NativeConstructorAccessorImpl.newInstance(NativeConstructorAccessorImpl.java:62)\n\tat sun.reflect.DelegatingConstructorAccessorImpl.newInstance(DelegatingConstructorAccessorImpl.java:45)\n\tat java.lang.reflect.Constructor.newInstance(Constructor.java:423)\n\tat org.codehaus.groovy.reflection.CachedConstructor.invoke(CachedConstructor.java:83)\n\tat org.codehaus.groovy.reflection.CachedConstructor.doConstructorInvoke(CachedConstructor.java:77)\n\tat org.codehaus.groovy.runtime.callsite.ConstructorSite$ConstructorSiteNoUnwrap.callConstructor(ConstructorSite.java:84)\n\tat org.codehaus.groovy.runtime.callsite.AbstractCallSite.callConstructor(AbstractCallSite.java:250)\n\tat io.restassured.internal.ResponseSpecificationImpl$HamcrestAssertionClosure.validate(ResponseSpecificationImpl.groovy:494)\n\tat io.restassured.internal.ResponseSpecificationImpl$HamcrestAssertionClosure$validate$4.call(Unknown Source)\n\tat io.restassured.internal.ResponseSpecificationImpl.validateResponseIfRequired(ResponseSpecificationImpl.groovy:656)\n\tat sun.reflect.GeneratedMethodAccessor175.invoke(Unknown Source)\n\tat sun.reflect.DelegatingMethodAccessorImpl.invoke(DelegatingMethodAccessorImpl.java:43)\n\tat java.lang.reflect.Method.invoke(Method.java:498)\n\tat org.codehaus.groovy.runtime.callsite.PogoMetaMethodSite$PogoCachedMethodSiteNoUnwrapNoCoerce.invoke(PogoMetaMethodSite.java:210)\n\tat org.codehaus.groovy.runtime.callsite.PogoMetaMethodSite.callCurrent(PogoMetaMethodSite.java:59)\n\tat org.codehaus.groovy.runtime.callsite.AbstractCallSite.callCurrent(AbstractCallSite.java:169)\n\tat io.restassured.internal.ResponseSpecificationImpl.statusCode(ResponseSpecificationImpl.groovy:125)\n\tat io.restassured.specification.ResponseSpecification$statusCode$1.callCurrent(Unknown Source)\n\tat io.restassured.internal.ResponseSpecificationImpl.statusCode(ResponseSpecificationImpl.groovy:133)\n\tat io.restassured.internal.ValidatableResponseOptionsImpl.statusCode(ValidatableResponseOptionsImpl.java:119)\n\tat core.BaseApi.validateResponse(BaseApi.java:52)\n\tat microservices.common.steps.BaseSteps.then_verifyErrorResponse(BaseSteps.java:11)\n\tat tests.addresses.AddressTransactionTests.getTheListTransactionOfAddressUnsuccessfully(AddressTransactionTests.java:38)\n\tat sun.reflect.NativeMethodAccessorImpl.invoke0(Native Method)\n\tat sun.reflect.NativeMethodAccessorImpl.invoke(NativeMethodAccessorImpl.java:62)\n\tat sun.reflect.DelegatingMethodAccessorImpl.invoke(DelegatingMethodAccessorImpl.java:43)\n\tat java.lang.reflect.Method.invoke(Method.java:498)\n\tat org.testng.internal.MethodInvocationHelper.invokeMethod(MethodInvocationHelper.java:134)\n\tat org.testng.internal.TestInvoker.invokeMethod(TestInvoker.java:597)\n\tat org.testng.internal.TestInvoker.invokeTestMethod(TestInvoker.java:173)\n\tat org.testng.internal.MethodRunner.runInSequence(MethodRunner.java:46)\n\tat org.testng.internal.TestInvoker$MethodInvocationAgent.invoke(TestInvoker.java:816)\n\tat org.testng.internal.TestInvoker.invokeTestMethods(TestInvoker.java:146)\n\tat org.testng.internal.TestMethodWorker.invokeTestMethods(TestMethodWorker.java:146)\n\tat org.testng.internal.TestMethodWorker.run(TestMethodWorker.java:128)\n\tat java.util.concurrent.ThreadPoolExecutor.runWorker(ThreadPoolExecutor.java:1149)\n\tat java.util.concurrent.ThreadPoolExecutor$Worker.run(ThreadPoolExecutor.java:624)\n\tat java.lang.Thread.run(Thread.java:750)\n","steps":[],"attachments":[],"parameters":[{"name":"statusCode","value":"400"},{"name":"message","value":"Wallet address not found"},{"name":"errorCode","value":"BC_404-ADDRESS_NOT_FOUND"}],"shouldDisplayMessage":true,"stepsCount":0,"attachmentsCount":0,"hasContent":true,"attachmentStep":false}],"attachments":[],"parameters":[],"shouldDisplayMessage":false,"stepsCount":2,"attachmentsCount":0,"hasContent":true,"attachmentStep":false},"afterStages":[{"name":"tearDown","time":{"start":1710094237299,"stop":1710094237299,"duration":0},"description":"","status":"passed","steps":[],"attachments":[],"parameters":[],"shouldDisplayMessage":false,"stepsCount":0,"attachmentsCount":0,"hasContent":false,"attachmentStep":false}],"labels":[{"name":"package","value":"tests.addresses.AddressTransactionTests"},{"name":"testClass","value":"tests.addresses.AddressTransactionTests"},{"name":"testMethod","value":"getTheListTransactionOfAddressUnsuccessfully"},{"name":"parentSuite","value":"Cardano Regression Suite"},{"name":"suite","value":"Cardano API test "},{"name":"subSuite","value":"tests.addresses.AddressTransactionTests"},{"name":"host","value":"fv-az1052-328"},{"name":"thread","value":"2413@fv-az1052-328.TestNG-test=Cardano API test -3(15)"},{"name":"framework","value":"testng"},{"name":"language","value":"java"},{"name":"epic","value":"cardano"},{"name":"feature","value":"api-addresses"},{"name":"resultFormat","value":"allure2"}],"parameters":[{"name":"arg0","value":"123"},{"name":"env","value":"preprod"}],"links":[],"hidden":false,"retry":false,"extra":{"severity":"normal","retries":[],"categories":[{"name":"Product defects","matchedStatuses":[],"flaky":false}],"history":{"statistic":{"failed":255,"broken":2,"skipped":0,"passed":20,"unknown":0,"total":277},"items":[{"uid":"e1b604132e6e4ee9","reportUrl":"https://Sotatek-DavidNguyen4.github.io/cardano-api-tests-preprod/277//#testresult/e1b604132e6e4ee9","status":"failed","statusDetails":"1 expectation failed.\nExpected status code <400> but was <200>.\n","time":{"start":1710007854623,"stop":1710007856427,"duration":1804}},{"uid":"ca364bfa9db52a41","reportUrl":"https://Sotatek-DavidNguyen4.github.io/cardano-api-tests-preprod/276//#testresult/ca364bfa9db52a41","status":"failed","statusDetails":"1 expectation failed.\nExpected status code <400> but was <200>.\n","time":{"start":1709921533241,"stop":1709921535150,"duration":1909}},{"uid":"321a8973330daa2a","reportUrl":"https://Sotatek-DavidNguyen4.github.io/cardano-api-tests-preprod/275//#testresult/321a8973330daa2a","status":"failed","statusDetails":"1 expectation failed.\nExpected status code <400> but was <200>.\n","time":{"start":1709835125416,"stop":1709835127345,"duration":1929}},{"uid":"593a4172098e1d","reportUrl":"https://Sotatek-DavidNguyen4.github.io/cardano-api-tests-preprod/274//#testresult/593a4172098e1d","status":"failed","statusDetails":"1 expectation failed.\nExpected status code <400> but was <200>.\n","time":{"start":1709748754099,"stop":1709748755586,"duration":1487}},{"uid":"6df726b5698b4f2e","reportUrl":"https://Sotatek-DavidNguyen4.github.io/cardano-api-tests-preprod/273//#testresult/6df726b5698b4f2e","status":"failed","statusDetails":"1 expectation failed.\nExpected status code <400> but was <200>.\n","time":{"start":1709662321286,"stop":1709662322813,"duration":1527}},{"uid":"4a93bd3afd8ebfd7","reportUrl":"https://Sotatek-DavidNguyen4.github.io/cardano-api-tests-preprod/272//#testresult/4a93bd3afd8ebfd7","status":"failed","statusDetails":"1 expectation failed.\nExpected status code <400> but was <200>.\n","time":{"start":1709575934831,"stop":1709575936409,"duration":1578}},{"uid":"f84cc9b6fac20633","reportUrl":"https://Sotatek-DavidNguyen4.github.io/cardano-api-tests-preprod/271//#testresult/f84cc9b6fac20633","status":"failed","statusDetails":"1 expectation failed.\nExpected status code <400> but was <200>.\n","time":{"start":1709489456342,"stop":1709489458130,"duration":1788}},{"uid":"6a12e806f76df153","reportUrl":"https://Sotatek-DavidNguyen4.github.io/cardano-api-tests-preprod/270//#testresult/6a12e806f76df153","status":"failed","statusDetails":"1 expectation failed.\nExpected status code <400> but was <200>.\n","time":{"start":1709403078145,"stop":1709403079714,"duration":1569}},{"uid":"2743b2140151e2f9","reportUrl":"https://Sotatek-DavidNguyen4.github.io/cardano-api-tests-preprod/269//#testresult/2743b2140151e2f9","status":"failed","statusDetails":"1 expectation failed.\nExpected status code <400> but was <200>.\n","time":{"start":1709316741800,"stop":1709316743434,"duration":1634}},{"uid":"f5264a5037ffbef0","reportUrl":"https://Sotatek-DavidNguyen4.github.io/cardano-api-tests-preprod/268//#testresult/f5264a5037ffbef0","status":"failed","statusDetails":"1 expectation failed.\nExpected status code <400> but was <200>.\n","time":{"start":1709230352230,"stop":1709230354179,"duration":1949}},{"uid":"6fa0b51418312362","reportUrl":"https://Sotatek-DavidNguyen4.github.io/cardano-api-tests-preprod/267//#testresult/6fa0b51418312362","status":"failed","statusDetails":"1 expectation failed.\nExpected status code <400> but was <200>.\n","time":{"start":1709143907063,"stop":1709143908852,"duration":1789}},{"uid":"4ba3d8b3025d0370","reportUrl":"https://Sotatek-DavidNguyen4.github.io/cardano-api-tests-preprod/266//#testresult/4ba3d8b3025d0370","status":"failed","statusDetails":"1 expectation failed.\nExpected status code <400> but was <200>.\n","time":{"start":1709057532515,"stop":1709057534440,"duration":1925}},{"uid":"4c66071caf5df20f","reportUrl":"https://Sotatek-DavidNguyen4.github.io/cardano-api-tests-preprod/265//#testresult/4c66071caf5df20f","status":"failed","statusDetails":"1 expectation failed.\nExpected status code <400> but was <200>.\n","time":{"start":1708971111121,"stop":1708971112701,"duration":1580}},{"uid":"b1c3a6359677a65c","reportUrl":"https://Sotatek-DavidNguyen4.github.io/cardano-api-tests-preprod/264//#testresult/b1c3a6359677a65c","status":"failed","statusDetails":"1 expectation failed.\nExpected status code <400> but was <200>.\n","time":{"start":1708884648125,"stop":1708884649767,"duration":1642}},{"uid":"b6af1547874b385e","reportUrl":"https://Sotatek-DavidNguyen4.github.io/cardano-api-tests-preprod/263//#testresult/b6af1547874b385e","status":"failed","statusDetails":"1 expectation failed.\nExpected status code <400> but was <200>.\n","time":{"start":1708798296319,"stop":1708798298155,"duration":1836}},{"uid":"1f0af5f01617230b","reportUrl":"https://Sotatek-DavidNguyen4.github.io/cardano-api-tests-preprod/262//#testresult/1f0af5f01617230b","status":"failed","statusDetails":"1 expectation failed.\nExpected status code <400> but was <200>.\n","time":{"start":1708711942510,"stop":1708711945306,"duration":2796}},{"uid":"1103ea9b802c37f5","reportUrl":"https://Sotatek-DavidNguyen4.github.io/cardano-api-tests-preprod/261//#testresult/1103ea9b802c37f5","status":"failed","statusDetails":"1 expectation failed.\nExpected status code <400> but was <200>.\n","time":{"start":1708625538299,"stop":1708625540265,"duration":1966}},{"uid":"c2498ebe2ad51d81","reportUrl":"https://Sotatek-DavidNguyen4.github.io/cardano-api-tests-preprod/260//#testresult/c2498ebe2ad51d81","status":"failed","statusDetails":"1 expectation failed.\nExpected status code <400> but was <200>.\n","time":{"start":1708539109227,"stop":1708539111013,"duration":1786}},{"uid":"6d0453b0d51b719d","reportUrl":"https://Sotatek-DavidNguyen4.github.io/cardano-api-tests-preprod/259//#testresult/6d0453b0d51b719d","status":"failed","statusDetails":"1 expectation failed.\nExpected status code <400> but was <200>.\n","time":{"start":1708452822243,"stop":1708452823825,"duration":1582}},{"uid":"37648ff9433a0f31","reportUrl":"https://Sotatek-DavidNguyen4.github.io/cardano-api-tests-preprod/258//#testresult/37648ff9433a0f31","status":"failed","statusDetails":"1 expectation failed.\nExpected status code <400> but was <200>.\n","time":{"start":1708366362998,"stop":1708366364456,"duration":1458}}]},"tags":[]},"source":"2002549d71dad8df.json","parameterValues":["123","preprod"]}