{"uid":"53de8d6350e5699e","name":"verify that get data for pool detail delegators unsuccessfully with invalid size","fullName":"tests.delegation_controller.DelegationControllerTests.getPoolDetailDelegatorUnsuccessfullyWithInvalidSize","historyId":"5edc8a232ee527b41bd279e8079b767c","time":{"start":1699035148875,"stop":1699035150433,"duration":1558},"status":"failed","statusMessage":"1 expectation failed.\nExpected status code <200> but was <400>.\n","statusTrace":"java.lang.AssertionError: 1 expectation failed.\nExpected status code <200> but was <400>.\n\n\tat sun.reflect.GeneratedConstructorAccessor92.newInstance(Unknown Source)\n\tat sun.reflect.DelegatingConstructorAccessorImpl.newInstance(DelegatingConstructorAccessorImpl.java:45)\n\tat java.lang.reflect.Constructor.newInstance(Constructor.java:423)\n\tat org.codehaus.groovy.reflection.CachedConstructor.invoke(CachedConstructor.java:83)\n\tat org.codehaus.groovy.reflection.CachedConstructor.doConstructorInvoke(CachedConstructor.java:77)\n\tat org.codehaus.groovy.runtime.callsite.ConstructorSite$ConstructorSiteNoUnwrap.callConstructor(ConstructorSite.java:84)\n\tat org.codehaus.groovy.runtime.callsite.AbstractCallSite.callConstructor(AbstractCallSite.java:250)\n\tat io.restassured.internal.ResponseSpecificationImpl$HamcrestAssertionClosure.validate(ResponseSpecificationImpl.groovy:494)\n\tat io.restassured.internal.ResponseSpecificationImpl$HamcrestAssertionClosure$validate$3.call(Unknown Source)\n\tat io.restassured.internal.ResponseSpecificationImpl.validateResponseIfRequired(ResponseSpecificationImpl.groovy:656)\n\tat sun.reflect.GeneratedMethodAccessor113.invoke(Unknown Source)\n\tat sun.reflect.DelegatingMethodAccessorImpl.invoke(DelegatingMethodAccessorImpl.java:43)\n\tat java.lang.reflect.Method.invoke(Method.java:498)\n\tat org.codehaus.groovy.runtime.callsite.PogoMetaMethodSite$PogoCachedMethodSiteNoUnwrapNoCoerce.invoke(PogoMetaMethodSite.java:210)\n\tat org.codehaus.groovy.runtime.callsite.PogoMetaMethodSite.callCurrent(PogoMetaMethodSite.java:59)\n\tat org.codehaus.groovy.runtime.callsite.AbstractCallSite.callCurrent(AbstractCallSite.java:169)\n\tat io.restassured.internal.ResponseSpecificationImpl.statusCode(ResponseSpecificationImpl.groovy:125)\n\tat io.restassured.specification.ResponseSpecification$statusCode$0.callCurrent(Unknown Source)\n\tat io.restassured.internal.ResponseSpecificationImpl.statusCode(ResponseSpecificationImpl.groovy:133)\n\tat io.restassured.internal.ValidatableResponseOptionsImpl.statusCode(ValidatableResponseOptionsImpl.java:119)\n\tat core.BaseApi.validateStatusCode(BaseApi.java:69)\n\tat tests.delegation_controller.DelegationControllerTests.getPoolDetailDelegatorUnsuccessfullyWithInvalidSize(DelegationControllerTests.java:157)\n\tat sun.reflect.NativeMethodAccessorImpl.invoke0(Native Method)\n\tat sun.reflect.NativeMethodAccessorImpl.invoke(NativeMethodAccessorImpl.java:62)\n\tat sun.reflect.DelegatingMethodAccessorImpl.invoke(DelegatingMethodAccessorImpl.java:43)\n\tat java.lang.reflect.Method.invoke(Method.java:498)\n\tat org.testng.internal.MethodInvocationHelper.invokeMethod(MethodInvocationHelper.java:134)\n\tat org.testng.internal.TestInvoker.invokeMethod(TestInvoker.java:597)\n\tat org.testng.internal.TestInvoker.invokeTestMethod(TestInvoker.java:173)\n\tat org.testng.internal.MethodRunner.runInSequence(MethodRunner.java:46)\n\tat org.testng.internal.TestInvoker$MethodInvocationAgent.invoke(TestInvoker.java:816)\n\tat org.testng.internal.TestInvoker.invokeTestMethods(TestInvoker.java:146)\n\tat org.testng.internal.TestMethodWorker.invokeTestMethods(TestMethodWorker.java:146)\n\tat org.testng.internal.TestMethodWorker.run(TestMethodWorker.java:128)\n\tat java.util.concurrent.ThreadPoolExecutor.runWorker(ThreadPoolExecutor.java:1149)\n\tat java.util.concurrent.ThreadPoolExecutor$Worker.run(ThreadPoolExecutor.java:624)\n\tat java.lang.Thread.run(Thread.java:750)\n","flaky":false,"newFailed":false,"newBroken":false,"newPassed":false,"retriesCount":0,"retriesStatusChange":false,"beforeStages":[{"name":"setUp","time":{"start":1699035148873,"stop":1699035148873,"duration":0},"description":"","status":"passed","steps":[],"attachments":[],"parameters":[],"shouldDisplayMessage":false,"stepsCount":0,"attachmentsCount":0,"hasContent":false}],"testStage":{"status":"failed","statusMessage":"1 expectation failed.\nExpected status code <200> but was <400>.\n","statusTrace":"java.lang.AssertionError: 1 expectation failed.\nExpected status code <200> but was <400>.\n\n\tat sun.reflect.GeneratedConstructorAccessor92.newInstance(Unknown Source)\n\tat sun.reflect.DelegatingConstructorAccessorImpl.newInstance(DelegatingConstructorAccessorImpl.java:45)\n\tat java.lang.reflect.Constructor.newInstance(Constructor.java:423)\n\tat org.codehaus.groovy.reflection.CachedConstructor.invoke(CachedConstructor.java:83)\n\tat org.codehaus.groovy.reflection.CachedConstructor.doConstructorInvoke(CachedConstructor.java:77)\n\tat org.codehaus.groovy.runtime.callsite.ConstructorSite$ConstructorSiteNoUnwrap.callConstructor(ConstructorSite.java:84)\n\tat org.codehaus.groovy.runtime.callsite.AbstractCallSite.callConstructor(AbstractCallSite.java:250)\n\tat io.restassured.internal.ResponseSpecificationImpl$HamcrestAssertionClosure.validate(ResponseSpecificationImpl.groovy:494)\n\tat io.restassured.internal.ResponseSpecificationImpl$HamcrestAssertionClosure$validate$3.call(Unknown Source)\n\tat io.restassured.internal.ResponseSpecificationImpl.validateResponseIfRequired(ResponseSpecificationImpl.groovy:656)\n\tat sun.reflect.GeneratedMethodAccessor113.invoke(Unknown Source)\n\tat sun.reflect.DelegatingMethodAccessorImpl.invoke(DelegatingMethodAccessorImpl.java:43)\n\tat java.lang.reflect.Method.invoke(Method.java:498)\n\tat org.codehaus.groovy.runtime.callsite.PogoMetaMethodSite$PogoCachedMethodSiteNoUnwrapNoCoerce.invoke(PogoMetaMethodSite.java:210)\n\tat org.codehaus.groovy.runtime.callsite.PogoMetaMethodSite.callCurrent(PogoMetaMethodSite.java:59)\n\tat org.codehaus.groovy.runtime.callsite.AbstractCallSite.callCurrent(AbstractCallSite.java:169)\n\tat io.restassured.internal.ResponseSpecificationImpl.statusCode(ResponseSpecificationImpl.groovy:125)\n\tat io.restassured.specification.ResponseSpecification$statusCode$0.callCurrent(Unknown Source)\n\tat io.restassured.internal.ResponseSpecificationImpl.statusCode(ResponseSpecificationImpl.groovy:133)\n\tat io.restassured.internal.ValidatableResponseOptionsImpl.statusCode(ValidatableResponseOptionsImpl.java:119)\n\tat core.BaseApi.validateStatusCode(BaseApi.java:69)\n\tat tests.delegation_controller.DelegationControllerTests.getPoolDetailDelegatorUnsuccessfullyWithInvalidSize(DelegationControllerTests.java:157)\n\tat sun.reflect.NativeMethodAccessorImpl.invoke0(Native Method)\n\tat sun.reflect.NativeMethodAccessorImpl.invoke(NativeMethodAccessorImpl.java:62)\n\tat sun.reflect.DelegatingMethodAccessorImpl.invoke(DelegatingMethodAccessorImpl.java:43)\n\tat java.lang.reflect.Method.invoke(Method.java:498)\n\tat org.testng.internal.MethodInvocationHelper.invokeMethod(MethodInvocationHelper.java:134)\n\tat org.testng.internal.TestInvoker.invokeMethod(TestInvoker.java:597)\n\tat org.testng.internal.TestInvoker.invokeTestMethod(TestInvoker.java:173)\n\tat org.testng.internal.MethodRunner.runInSequence(MethodRunner.java:46)\n\tat org.testng.internal.TestInvoker$MethodInvocationAgent.invoke(TestInvoker.java:816)\n\tat org.testng.internal.TestInvoker.invokeTestMethods(TestInvoker.java:146)\n\tat org.testng.internal.TestMethodWorker.invokeTestMethods(TestMethodWorker.java:146)\n\tat org.testng.internal.TestMethodWorker.run(TestMethodWorker.java:128)\n\tat java.util.concurrent.ThreadPoolExecutor.runWorker(ThreadPoolExecutor.java:1149)\n\tat java.util.concurrent.ThreadPoolExecutor$Worker.run(ThreadPoolExecutor.java:624)\n\tat java.lang.Thread.run(Thread.java:750)\n","steps":[{"name":"get data for pool detail delegators","time":{"start":1699035148875,"stop":1699035150432,"duration":1557},"status":"passed","steps":[],"attachments":[],"parameters":[{"name":"param","value":"{size=tesst, poolView=pool1njr03m7t9k808fcav8phxnskacr4v59w5cnqgqsgnug2j2lvn85, page=2}"}],"shouldDisplayMessage":false,"stepsCount":0,"attachmentsCount":0,"hasContent":true}],"attachments":[],"parameters":[],"shouldDisplayMessage":true,"stepsCount":1,"attachmentsCount":0,"hasContent":true},"afterStages":[{"name":"tearDown","time":{"start":1699035150439,"stop":1699035150440,"duration":1},"description":"","status":"passed","steps":[],"attachments":[],"parameters":[],"shouldDisplayMessage":false,"stepsCount":0,"attachmentsCount":0,"hasContent":false}],"labels":[{"name":"package","value":"tests.delegation_controller.DelegationControllerTests"},{"name":"testClass","value":"tests.delegation_controller.DelegationControllerTests"},{"name":"testMethod","value":"getPoolDetailDelegatorUnsuccessfullyWithInvalidSize"},{"name":"parentSuite","value":"Cardano Regression Suite"},{"name":"suite","value":"Cardano API test "},{"name":"subSuite","value":"tests.delegation_controller.DelegationControllerTests"},{"name":"host","value":"fv-az581-725"},{"name":"thread","value":"2244@fv-az581-725.TestNG-test=Cardano API test -1(12)"},{"name":"framework","value":"testng"},{"name":"language","value":"java"},{"name":"feature","value":"api-delegation"},{"name":"epic","value":"cardano"},{"name":"resultFormat","value":"allure2"}],"parameters":[{"name":"arg0","value":"tesst"},{"name":"env","value":"preprod"}],"links":[],"hidden":false,"retry":false,"extra":{"severity":"normal","retries":[],"categories":[{"name":"Product defects","matchedStatuses":[],"flaky":false}],"history":{"statistic":{"failed":128,"broken":2,"skipped":0,"passed":19,"unknown":0,"total":149},"items":[{"uid":"5ae2b636fa8c0a9d","reportUrl":"https://Sotatek-DavidNguyen4.github.io/cardano-api-tests-preprod/149//#testresult/5ae2b636fa8c0a9d","status":"failed","statusDetails":"1 expectation failed.\nExpected status code <200> but was <400>.\n","time":{"start":1698948729315,"stop":1698948730854,"duration":1539}},{"uid":"fba888360bd5f5f4","reportUrl":"https://Sotatek-DavidNguyen4.github.io/cardano-api-tests-preprod/148//#testresult/fba888360bd5f5f4","status":"failed","statusDetails":"1 expectation failed.\nExpected status code <200> but was <400>.\n","time":{"start":1698862351668,"stop":1698862353064,"duration":1396}},{"uid":"64ed83e240b5f51","reportUrl":"https://Sotatek-DavidNguyen4.github.io/cardano-api-tests-preprod/147//#testresult/64ed83e240b5f51","status":"failed","statusDetails":"1 expectation failed.\nExpected status code <200> but was <502>.\n","time":{"start":1698775927254,"stop":1698775929006,"duration":1752}},{"uid":"3194f9a485c642a4","reportUrl":"https://Sotatek-DavidNguyen4.github.io/cardano-api-tests-preprod/146//#testresult/3194f9a485c642a4","status":"failed","statusDetails":"1 expectation failed.\nExpected status code <200> but was <502>.\n","time":{"start":1698689555607,"stop":1698689557593,"duration":1986}},{"uid":"99882f68305c1834","reportUrl":"https://Sotatek-DavidNguyen4.github.io/cardano-api-tests-preprod/145//#testresult/99882f68305c1834","status":"failed","statusDetails":"1 expectation failed.\nExpected status code <200> but was <400>.\n","time":{"start":1698603076118,"stop":1698603077911,"duration":1793}},{"uid":"3d1f9b6dbecdc8e7","reportUrl":"https://Sotatek-DavidNguyen4.github.io/cardano-api-tests-preprod/144//#testresult/3d1f9b6dbecdc8e7","status":"failed","statusDetails":"1 expectation failed.\nExpected status code <200> but was <400>.\n","time":{"start":1698516669864,"stop":1698516671747,"duration":1883}},{"uid":"9d8a23101212bbe2","reportUrl":"https://Sotatek-DavidNguyen4.github.io/cardano-api-tests-preprod/143//#testresult/9d8a23101212bbe2","status":"failed","statusDetails":"1 expectation failed.\nExpected status code <200> but was <400>.\n","time":{"start":1698430313443,"stop":1698430315086,"duration":1643}},{"uid":"8346acabbcb8a1a5","reportUrl":"https://Sotatek-DavidNguyen4.github.io/cardano-api-tests-preprod/142//#testresult/8346acabbcb8a1a5","status":"failed","statusDetails":"1 expectation failed.\nExpected status code <200> but was <400>.\n","time":{"start":1698343936449,"stop":1698343938350,"duration":1901}},{"uid":"12912c1366007ad","reportUrl":"https://Sotatek-DavidNguyen4.github.io/cardano-api-tests-preprod/141//#testresult/12912c1366007ad","status":"failed","statusDetails":"1 expectation failed.\nExpected status code <200> but was <400>.\n","time":{"start":1698257535610,"stop":1698257537204,"duration":1594}},{"uid":"100522e8572c121f","reportUrl":"https://Sotatek-DavidNguyen4.github.io/cardano-api-tests-preprod/140//#testresult/100522e8572c121f","status":"failed","statusDetails":"1 expectation failed.\nExpected status code <200> but was <400>.\n","time":{"start":1698171151782,"stop":1698171153519,"duration":1737}},{"uid":"a72a5bd2c1473a93","reportUrl":"https://Sotatek-DavidNguyen4.github.io/cardano-api-tests-preprod/139//#testresult/a72a5bd2c1473a93","status":"failed","statusDetails":"1 expectation failed.\nExpected status code <200> but was <400>.\n","time":{"start":1698084707926,"stop":1698084709692,"duration":1766}},{"uid":"1b8b519611efb5f7","reportUrl":"https://Sotatek-DavidNguyen4.github.io/cardano-api-tests-preprod/138//#testresult/1b8b519611efb5f7","status":"failed","statusDetails":"1 expectation failed.\nExpected status code <200> but was <400>.\n","time":{"start":1697998272923,"stop":1697998274518,"duration":1595}},{"uid":"59b450560cd1b5a3","reportUrl":"https://Sotatek-DavidNguyen4.github.io/cardano-api-tests-preprod/137//#testresult/59b450560cd1b5a3","status":"failed","statusDetails":"1 expectation failed.\nExpected status code <200> but was <400>.\n","time":{"start":1697911882903,"stop":1697911884508,"duration":1605}},{"uid":"d56bb72c3223616b","reportUrl":"https://Sotatek-DavidNguyen4.github.io/cardano-api-tests-preprod/136//#testresult/d56bb72c3223616b","status":"failed","statusDetails":"1 expectation failed.\nExpected status code <200> but was <400>.\n","time":{"start":1697825497864,"stop":1697825499631,"duration":1767}},{"uid":"91189f4975570526","reportUrl":"https://Sotatek-DavidNguyen4.github.io/cardano-api-tests-preprod/135//#testresult/91189f4975570526","status":"failed","statusDetails":"1 expectation failed.\nExpected status code <200> but was <400>.\n","time":{"start":1697739165345,"stop":1697739166966,"duration":1621}},{"uid":"e8d0c06bcc941cb6","reportUrl":"https://Sotatek-DavidNguyen4.github.io/cardano-api-tests-preprod/134//#testresult/e8d0c06bcc941cb6","status":"failed","statusDetails":"1 expectation failed.\nExpected status code <200> but was <400>.\n","time":{"start":1697652780581,"stop":1697652782461,"duration":1880}},{"uid":"f629f8fa3cf63c79","reportUrl":"https://Sotatek-DavidNguyen4.github.io/cardano-api-tests-preprod/133//#testresult/f629f8fa3cf63c79","status":"failed","statusDetails":"1 expectation failed.\nExpected status code <200> but was <400>.\n","time":{"start":1697566377471,"stop":1697566378879,"duration":1408}},{"uid":"fb35855a67367074","reportUrl":"https://Sotatek-DavidNguyen4.github.io/cardano-api-tests-preprod/132//#testresult/fb35855a67367074","status":"failed","statusDetails":"1 expectation failed.\nExpected status code <200> but was <400>.\n","time":{"start":1697479998496,"stop":1697480000487,"duration":1991}},{"uid":"389f67084222bbba","reportUrl":"https://Sotatek-DavidNguyen4.github.io/cardano-api-tests-preprod/131//#testresult/389f67084222bbba","status":"failed","statusDetails":"1 expectation failed.\nExpected status code <200> but was <400>.\n","time":{"start":1697393498164,"stop":1697393500173,"duration":2009}},{"uid":"ec86ca88644908d8","reportUrl":"https://Sotatek-DavidNguyen4.github.io/cardano-api-tests-preprod/130//#testresult/ec86ca88644908d8","status":"failed","statusDetails":"1 expectation failed.\nExpected status code <200> but was <400>.\n","time":{"start":1697307084831,"stop":1697307086846,"duration":2015}}]},"tags":[]},"source":"53de8d6350e5699e.json","parameterValues":["tesst","preprod"]}