{"uid":"e8a8a3e896812117","name":"verify that get a token with tokenId invalid","fullName":"tests.tokens.Token.getATokenFail","historyId":"65e9f2401f6f60fdc849fa763ba282b6","time":{"start":1699035166248,"stop":1699035167784,"duration":1536},"status":"failed","statusMessage":"Incorrect error message expected [Token not found] but found [[Field should have a prefixed value of 'asset', The expected length of the hash is 44 characters]]","statusTrace":"java.lang.AssertionError: Incorrect error message expected [Token not found] but found [[Field should have a prefixed value of 'asset', The expected length of the hash is 44 characters]]\n\tat org.testng.Assert.fail(Assert.java:97)\n\tat org.testng.Assert.assertEqualsImpl(Assert.java:136)\n\tat org.testng.Assert.assertEquals(Assert.java:118)\n\tat org.testng.Assert.assertEquals(Assert.java:575)\n\tat microservices.common.steps.BaseSteps.then_verifyErrorResponse(BaseSteps.java:13)\n\tat tests.tokens.Token.getATokenFail(Token.java:33)\n\tat sun.reflect.NativeMethodAccessorImpl.invoke0(Native Method)\n\tat sun.reflect.NativeMethodAccessorImpl.invoke(NativeMethodAccessorImpl.java:62)\n\tat sun.reflect.DelegatingMethodAccessorImpl.invoke(DelegatingMethodAccessorImpl.java:43)\n\tat java.lang.reflect.Method.invoke(Method.java:498)\n\tat org.testng.internal.MethodInvocationHelper.invokeMethod(MethodInvocationHelper.java:134)\n\tat org.testng.internal.TestInvoker.invokeMethod(TestInvoker.java:597)\n\tat org.testng.internal.TestInvoker.invokeTestMethod(TestInvoker.java:173)\n\tat org.testng.internal.MethodRunner.runInSequence(MethodRunner.java:46)\n\tat org.testng.internal.TestInvoker$MethodInvocationAgent.invoke(TestInvoker.java:816)\n\tat org.testng.internal.TestInvoker.invokeTestMethods(TestInvoker.java:146)\n\tat org.testng.internal.TestMethodWorker.invokeTestMethods(TestMethodWorker.java:146)\n\tat org.testng.internal.TestMethodWorker.run(TestMethodWorker.java:128)\n\tat java.util.concurrent.ThreadPoolExecutor.runWorker(ThreadPoolExecutor.java:1149)\n\tat java.util.concurrent.ThreadPoolExecutor$Worker.run(ThreadPoolExecutor.java:624)\n\tat java.lang.Thread.run(Thread.java:750)\n","flaky":false,"newFailed":false,"newBroken":false,"newPassed":false,"retriesCount":0,"retriesStatusChange":false,"beforeStages":[{"name":"setUp","time":{"start":1699035166243,"stop":1699035166244,"duration":1},"description":"","status":"passed","steps":[],"attachments":[],"parameters":[],"shouldDisplayMessage":false,"stepsCount":0,"attachmentsCount":0,"hasContent":false}],"testStage":{"status":"failed","statusMessage":"Incorrect error message expected [Token not found] but found [[Field should have a prefixed value of 'asset', The expected length of the hash is 44 characters]]","statusTrace":"java.lang.AssertionError: Incorrect error message expected [Token not found] but found [[Field should have a prefixed value of 'asset', The expected length of the hash is 44 characters]]\n\tat org.testng.Assert.fail(Assert.java:97)\n\tat org.testng.Assert.assertEqualsImpl(Assert.java:136)\n\tat org.testng.Assert.assertEquals(Assert.java:118)\n\tat org.testng.Assert.assertEquals(Assert.java:575)\n\tat microservices.common.steps.BaseSteps.then_verifyErrorResponse(BaseSteps.java:13)\n\tat tests.tokens.Token.getATokenFail(Token.java:33)\n\tat sun.reflect.NativeMethodAccessorImpl.invoke0(Native Method)\n\tat sun.reflect.NativeMethodAccessorImpl.invoke(NativeMethodAccessorImpl.java:62)\n\tat sun.reflect.DelegatingMethodAccessorImpl.invoke(DelegatingMethodAccessorImpl.java:43)\n\tat java.lang.reflect.Method.invoke(Method.java:498)\n\tat org.testng.internal.MethodInvocationHelper.invokeMethod(MethodInvocationHelper.java:134)\n\tat org.testng.internal.TestInvoker.invokeMethod(TestInvoker.java:597)\n\tat org.testng.internal.TestInvoker.invokeTestMethod(TestInvoker.java:173)\n\tat org.testng.internal.MethodRunner.runInSequence(MethodRunner.java:46)\n\tat org.testng.internal.TestInvoker$MethodInvocationAgent.invoke(TestInvoker.java:816)\n\tat org.testng.internal.TestInvoker.invokeTestMethods(TestInvoker.java:146)\n\tat org.testng.internal.TestMethodWorker.invokeTestMethods(TestMethodWorker.java:146)\n\tat org.testng.internal.TestMethodWorker.run(TestMethodWorker.java:128)\n\tat java.util.concurrent.ThreadPoolExecutor.runWorker(ThreadPoolExecutor.java:1149)\n\tat java.util.concurrent.ThreadPoolExecutor$Worker.run(ThreadPoolExecutor.java:624)\n\tat java.lang.Thread.run(Thread.java:750)\n","steps":[{"name":"get a token","time":{"start":1699035166248,"stop":1699035167782,"duration":1534},"status":"passed","steps":[],"attachments":[],"parameters":[{"name":"tokenId","value":"@#$"}],"shouldDisplayMessage":false,"stepsCount":0,"attachmentsCount":0,"hasContent":true},{"name":"Verify error response","time":{"start":1699035167783,"stop":1699035167784,"duration":1},"status":"failed","statusMessage":"Incorrect error message expected [Token not found] but found [[Field should have a prefixed value of 'asset', The expected length of the hash is 44 characters]]","statusTrace":"java.lang.AssertionError: Incorrect error message expected [Token not found] but found [[Field should have a prefixed value of 'asset', The expected length of the hash is 44 characters]]\n\tat org.testng.Assert.fail(Assert.java:97)\n\tat org.testng.Assert.assertEqualsImpl(Assert.java:136)\n\tat org.testng.Assert.assertEquals(Assert.java:118)\n\tat org.testng.Assert.assertEquals(Assert.java:575)\n\tat microservices.common.steps.BaseSteps.then_verifyErrorResponse(BaseSteps.java:13)\n\tat tests.tokens.Token.getATokenFail(Token.java:33)\n\tat sun.reflect.NativeMethodAccessorImpl.invoke0(Native Method)\n\tat sun.reflect.NativeMethodAccessorImpl.invoke(NativeMethodAccessorImpl.java:62)\n\tat sun.reflect.DelegatingMethodAccessorImpl.invoke(DelegatingMethodAccessorImpl.java:43)\n\tat java.lang.reflect.Method.invoke(Method.java:498)\n\tat org.testng.internal.MethodInvocationHelper.invokeMethod(MethodInvocationHelper.java:134)\n\tat org.testng.internal.TestInvoker.invokeMethod(TestInvoker.java:597)\n\tat org.testng.internal.TestInvoker.invokeTestMethod(TestInvoker.java:173)\n\tat org.testng.internal.MethodRunner.runInSequence(MethodRunner.java:46)\n\tat org.testng.internal.TestInvoker$MethodInvocationAgent.invoke(TestInvoker.java:816)\n\tat org.testng.internal.TestInvoker.invokeTestMethods(TestInvoker.java:146)\n\tat org.testng.internal.TestMethodWorker.invokeTestMethods(TestMethodWorker.java:146)\n\tat org.testng.internal.TestMethodWorker.run(TestMethodWorker.java:128)\n\tat java.util.concurrent.ThreadPoolExecutor.runWorker(ThreadPoolExecutor.java:1149)\n\tat java.util.concurrent.ThreadPoolExecutor$Worker.run(ThreadPoolExecutor.java:624)\n\tat java.lang.Thread.run(Thread.java:750)\n","steps":[],"attachments":[],"parameters":[{"name":"statusCode","value":"400"},{"name":"message","value":"Token not found"},{"name":"errorCode","value":"BC_404-TOKEN_NOT_FOUND"}],"shouldDisplayMessage":true,"stepsCount":0,"attachmentsCount":0,"hasContent":true}],"attachments":[],"parameters":[],"shouldDisplayMessage":false,"stepsCount":2,"attachmentsCount":0,"hasContent":true},"afterStages":[{"name":"tearDown","time":{"start":1699035167785,"stop":1699035167785,"duration":0},"description":"","status":"passed","steps":[],"attachments":[],"parameters":[],"shouldDisplayMessage":false,"stepsCount":0,"attachmentsCount":0,"hasContent":false}],"labels":[{"name":"package","value":"tests.tokens.Token"},{"name":"testClass","value":"tests.tokens.Token"},{"name":"testMethod","value":"getATokenFail"},{"name":"parentSuite","value":"Cardano Regression Suite"},{"name":"suite","value":"Cardano API test "},{"name":"subSuite","value":"tests.tokens.Token"},{"name":"host","value":"fv-az581-725"},{"name":"thread","value":"2244@fv-az581-725.TestNG-test=Cardano API test -3(14)"},{"name":"framework","value":"testng"},{"name":"language","value":"java"},{"name":"resultFormat","value":"allure2"}],"parameters":[{"name":"arg0","value":"@#$"},{"name":"env","value":"preprod"}],"links":[],"hidden":false,"retry":false,"extra":{"severity":"normal","retries":[],"categories":[{"name":"Product defects","matchedStatuses":[],"flaky":false}],"history":{"statistic":{"failed":128,"broken":2,"skipped":0,"passed":19,"unknown":0,"total":149},"items":[{"uid":"94ea0e178e9c8e19","reportUrl":"https://Sotatek-DavidNguyen4.github.io/cardano-api-tests-preprod/149//#testresult/94ea0e178e9c8e19","status":"failed","statusDetails":"Incorrect error message expected [Token not found] but found [[The expected length of the hash is 44 characters, Field should have a prefixed value of 'asset']]","time":{"start":1698948754005,"stop":1698948755571,"duration":1566}},{"uid":"dace0b8fdf754e7f","reportUrl":"https://Sotatek-DavidNguyen4.github.io/cardano-api-tests-preprod/148//#testresult/dace0b8fdf754e7f","status":"failed","statusDetails":"Incorrect error message expected [Token not found] but found [[The expected length of the hash is 44 characters, Field should have a prefixed value of 'asset']]","time":{"start":1698862365963,"stop":1698862367350,"duration":1387}},{"uid":"df95f91046362706","reportUrl":"https://Sotatek-DavidNguyen4.github.io/cardano-api-tests-preprod/147//#testresult/df95f91046362706","status":"failed","statusDetails":"1 expectation failed.\nExpected status code <400> but was <502>.\n","time":{"start":1698775953040,"stop":1698775954770,"duration":1730}},{"uid":"573f65c3df040728","reportUrl":"https://Sotatek-DavidNguyen4.github.io/cardano-api-tests-preprod/146//#testresult/573f65c3df040728","status":"failed","statusDetails":"1 expectation failed.\nExpected status code <400> but was <502>.\n","time":{"start":1698689584958,"stop":1698689586919,"duration":1961}},{"uid":"4b37ac660d1e3a01","reportUrl":"https://Sotatek-DavidNguyen4.github.io/cardano-api-tests-preprod/145//#testresult/4b37ac660d1e3a01","status":"failed","statusDetails":"Incorrect error message expected [Token not found] but found [[Field should have a prefixed value of 'asset', The expected length of the hash is 44 characters]]","time":{"start":1698603104019,"stop":1698603105820,"duration":1801}},{"uid":"91e4c8a7a00ec30","reportUrl":"https://Sotatek-DavidNguyen4.github.io/cardano-api-tests-preprod/144//#testresult/91e4c8a7a00ec30","status":"failed","statusDetails":"Incorrect error message expected [Token not found] but found [[Field should have a prefixed value of 'asset', The expected length of the hash is 44 characters]]","time":{"start":1698516699259,"stop":1698516701276,"duration":2017}},{"uid":"832e8e132435ee2a","reportUrl":"https://Sotatek-DavidNguyen4.github.io/cardano-api-tests-preprod/143//#testresult/832e8e132435ee2a","status":"failed","statusDetails":"Incorrect error message expected [Token not found] but found [[The expected length of the hash is 44 characters, Field should have a prefixed value of 'asset']]","time":{"start":1698430340257,"stop":1698430341978,"duration":1721}},{"uid":"33c390587d5c83d3","reportUrl":"https://Sotatek-DavidNguyen4.github.io/cardano-api-tests-preprod/142//#testresult/33c390587d5c83d3","status":"failed","statusDetails":"Incorrect error message expected [Token not found] but found [[Field should have a prefixed value of 'asset', The expected length of the hash is 44 characters]]","time":{"start":1698343969603,"stop":1698343971522,"duration":1919}},{"uid":"f317661bf7cb24b3","reportUrl":"https://Sotatek-DavidNguyen4.github.io/cardano-api-tests-preprod/141//#testresult/f317661bf7cb24b3","status":"failed","statusDetails":"Incorrect error message expected [Token not found] but found [[The expected length of the hash is 44 characters, Field should have a prefixed value of 'asset']]","time":{"start":1698257560476,"stop":1698257562067,"duration":1591}},{"uid":"49808029f5621653","reportUrl":"https://Sotatek-DavidNguyen4.github.io/cardano-api-tests-preprod/140//#testresult/49808029f5621653","status":"failed","statusDetails":"Incorrect error message expected [Token not found] but found [[Field should have a prefixed value of 'asset', The expected length of the hash is 44 characters]]","time":{"start":1698171171593,"stop":1698171173393,"duration":1800}},{"uid":"cf228810cdfccd9f","reportUrl":"https://Sotatek-DavidNguyen4.github.io/cardano-api-tests-preprod/139//#testresult/cf228810cdfccd9f","status":"failed","statusDetails":"Incorrect error message expected [Token not found] but found [[Field should have a prefixed value of 'asset', The expected length of the hash is 44 characters]]","time":{"start":1698084735235,"stop":1698084736970,"duration":1735}},{"uid":"80c3d3853a6bf694","reportUrl":"https://Sotatek-DavidNguyen4.github.io/cardano-api-tests-preprod/138//#testresult/80c3d3853a6bf694","status":"failed","statusDetails":"Incorrect error message expected [Token not found] but found [[The expected length of the hash is 44 characters, Field should have a prefixed value of 'asset']]","time":{"start":1697998297116,"stop":1697998298707,"duration":1591}},{"uid":"18143a6ffd2132ab","reportUrl":"https://Sotatek-DavidNguyen4.github.io/cardano-api-tests-preprod/137//#testresult/18143a6ffd2132ab","status":"failed","statusDetails":"Incorrect error message expected [Token not found] but found [[The expected length of the hash is 44 characters, Field should have a prefixed value of 'asset']]","time":{"start":1697911907869,"stop":1697911909543,"duration":1674}},{"uid":"dea5a082f36e1d1f","reportUrl":"https://Sotatek-DavidNguyen4.github.io/cardano-api-tests-preprod/136//#testresult/dea5a082f36e1d1f","status":"failed","statusDetails":"Incorrect error message expected [Token not found] but found [[The expected length of the hash is 44 characters, Field should have a prefixed value of 'asset']]","time":{"start":1697825525270,"stop":1697825527103,"duration":1833}},{"uid":"3064aca3b1055c86","reportUrl":"https://Sotatek-DavidNguyen4.github.io/cardano-api-tests-preprod/135//#testresult/3064aca3b1055c86","status":"failed","statusDetails":"Incorrect error message expected [Token not found] but found [[The expected length of the hash is 44 characters, Field should have a prefixed value of 'asset']]","time":{"start":1697739186023,"stop":1697739187651,"duration":1628}},{"uid":"7f750d491bd608d3","reportUrl":"https://Sotatek-DavidNguyen4.github.io/cardano-api-tests-preprod/134//#testresult/7f750d491bd608d3","status":"failed","statusDetails":"Incorrect error message expected [Token not found] but found [[The expected length of the hash is 44 characters, Field should have a prefixed value of 'asset']]","time":{"start":1697652810264,"stop":1697652812185,"duration":1921}},{"uid":"bbf6fc9c6e214b13","reportUrl":"https://Sotatek-DavidNguyen4.github.io/cardano-api-tests-preprod/133//#testresult/bbf6fc9c6e214b13","status":"failed","statusDetails":"Incorrect error message expected [Token not found] but found [[The expected length of the hash is 44 characters, Field should have a prefixed value of 'asset']]","time":{"start":1697566399976,"stop":1697566401467,"duration":1491}},{"uid":"1ee5ec7d28f2b344","reportUrl":"https://Sotatek-DavidNguyen4.github.io/cardano-api-tests-preprod/132//#testresult/1ee5ec7d28f2b344","status":"failed","statusDetails":"Incorrect error message expected [Token not found] but found [[Field should have a prefixed value of 'asset', The expected length of the hash is 44 characters]]","time":{"start":1697480029818,"stop":1697480031778,"duration":1960}},{"uid":"a82a3ff22bdd4dde","reportUrl":"https://Sotatek-DavidNguyen4.github.io/cardano-api-tests-preprod/131//#testresult/a82a3ff22bdd4dde","status":"failed","statusDetails":"Incorrect error message expected [Token not found] but found [[The expected length of the hash is 44 characters, Field should have a prefixed value of 'asset']]","time":{"start":1697393527795,"stop":1697393529777,"duration":1982}},{"uid":"cb94ecdeea511d9f","reportUrl":"https://Sotatek-DavidNguyen4.github.io/cardano-api-tests-preprod/130//#testresult/cb94ecdeea511d9f","status":"failed","statusDetails":"Incorrect error message expected [Token not found] but found [[Field should have a prefixed value of 'asset', The expected length of the hash is 44 characters]]","time":{"start":1697307108342,"stop":1697307110296,"duration":1954}}]},"tags":[]},"source":"e8a8a3e896812117.json","parameterValues":["@#$","preprod"]}