{"uid":"88147e91b2a5d5be","name":"verify that get data for address analytics successfully","fullName":"tests.addresses.AddressAnalyticsTests.verifyGetAddressAnalyticsResponseSuccessfully","historyId":"7ca12de2ccb8767aa7f4c004cb4e3985","time":{"start":1701713546551,"stop":1701713548311,"duration":1760},"status":"failed","statusMessage":"1 expectation failed.\nExpected status code <200> but was <400>.\n","statusTrace":"java.lang.AssertionError: 1 expectation failed.\nExpected status code <200> but was <400>.\n\n\tat sun.reflect.NativeConstructorAccessorImpl.newInstance0(Native Method)\n\tat sun.reflect.NativeConstructorAccessorImpl.newInstance(NativeConstructorAccessorImpl.java:62)\n\tat sun.reflect.DelegatingConstructorAccessorImpl.newInstance(DelegatingConstructorAccessorImpl.java:45)\n\tat java.lang.reflect.Constructor.newInstance(Constructor.java:423)\n\tat org.codehaus.groovy.reflection.CachedConstructor.invoke(CachedConstructor.java:83)\n\tat org.codehaus.groovy.reflection.CachedConstructor.doConstructorInvoke(CachedConstructor.java:77)\n\tat org.codehaus.groovy.runtime.callsite.ConstructorSite$ConstructorSiteNoUnwrap.callConstructor(ConstructorSite.java:84)\n\tat org.codehaus.groovy.runtime.callsite.CallSiteArray.defaultCallConstructor(CallSiteArray.java:59)\n\tat org.codehaus.groovy.runtime.callsite.AbstractCallSite.callConstructor(AbstractCallSite.java:238)\n\tat org.codehaus.groovy.runtime.callsite.AbstractCallSite.callConstructor(AbstractCallSite.java:250)\n\tat io.restassured.internal.ResponseSpecificationImpl$HamcrestAssertionClosure.validate(ResponseSpecificationImpl.groovy:494)\n\tat io.restassured.internal.ResponseSpecificationImpl$HamcrestAssertionClosure$validate$3.call(Unknown Source)\n\tat io.restassured.internal.ResponseSpecificationImpl.validateResponseIfRequired(ResponseSpecificationImpl.groovy:656)\n\tat sun.reflect.NativeMethodAccessorImpl.invoke0(Native Method)\n\tat sun.reflect.NativeMethodAccessorImpl.invoke(NativeMethodAccessorImpl.java:62)\n\tat sun.reflect.DelegatingMethodAccessorImpl.invoke(DelegatingMethodAccessorImpl.java:43)\n\tat java.lang.reflect.Method.invoke(Method.java:498)\n\tat org.codehaus.groovy.runtime.callsite.PogoMetaMethodSite$PogoCachedMethodSiteNoUnwrapNoCoerce.invoke(PogoMetaMethodSite.java:210)\n\tat org.codehaus.groovy.runtime.callsite.PogoMetaMethodSite.callCurrent(PogoMetaMethodSite.java:59)\n\tat org.codehaus.groovy.runtime.callsite.AbstractCallSite.callCurrent(AbstractCallSite.java:169)\n\tat io.restassured.internal.ResponseSpecificationImpl.statusCode(ResponseSpecificationImpl.groovy:125)\n\tat io.restassured.specification.ResponseSpecification$statusCode$0.callCurrent(Unknown Source)\n\tat io.restassured.internal.ResponseSpecificationImpl.statusCode(ResponseSpecificationImpl.groovy:133)\n\tat io.restassured.internal.ValidatableResponseOptionsImpl.statusCode(ValidatableResponseOptionsImpl.java:119)\n\tat core.BaseApi.validateStatusCode(BaseApi.java:69)\n\tat tests.addresses.AddressAnalyticsTests.verifyGetAddressAnalyticsResponseSuccessfully(AddressAnalyticsTests.java:27)\n\tat sun.reflect.NativeMethodAccessorImpl.invoke0(Native Method)\n\tat sun.reflect.NativeMethodAccessorImpl.invoke(NativeMethodAccessorImpl.java:62)\n\tat sun.reflect.DelegatingMethodAccessorImpl.invoke(DelegatingMethodAccessorImpl.java:43)\n\tat java.lang.reflect.Method.invoke(Method.java:498)\n\tat org.testng.internal.MethodInvocationHelper.invokeMethod(MethodInvocationHelper.java:134)\n\tat org.testng.internal.TestInvoker.invokeMethod(TestInvoker.java:597)\n\tat org.testng.internal.TestInvoker.invokeTestMethod(TestInvoker.java:173)\n\tat org.testng.internal.MethodRunner.runInSequence(MethodRunner.java:46)\n\tat org.testng.internal.TestInvoker$MethodInvocationAgent.invoke(TestInvoker.java:816)\n\tat org.testng.internal.TestInvoker.invokeTestMethods(TestInvoker.java:146)\n\tat org.testng.internal.TestMethodWorker.invokeTestMethods(TestMethodWorker.java:146)\n\tat org.testng.internal.TestMethodWorker.run(TestMethodWorker.java:128)\n\tat java.util.concurrent.ThreadPoolExecutor.runWorker(ThreadPoolExecutor.java:1149)\n\tat java.util.concurrent.ThreadPoolExecutor$Worker.run(ThreadPoolExecutor.java:624)\n\tat java.lang.Thread.run(Thread.java:750)\n","flaky":false,"newFailed":false,"newBroken":false,"newPassed":false,"retriesCount":0,"retriesStatusChange":false,"beforeStages":[{"name":"setUp","time":{"start":1701713546549,"stop":1701713546549,"duration":0},"description":"","status":"passed","steps":[],"attachments":[],"parameters":[],"shouldDisplayMessage":false,"stepsCount":0,"attachmentsCount":0,"hasContent":false}],"testStage":{"status":"failed","statusMessage":"1 expectation failed.\nExpected status code <200> but was <400>.\n","statusTrace":"java.lang.AssertionError: 1 expectation failed.\nExpected status code <200> but was <400>.\n\n\tat sun.reflect.NativeConstructorAccessorImpl.newInstance0(Native Method)\n\tat sun.reflect.NativeConstructorAccessorImpl.newInstance(NativeConstructorAccessorImpl.java:62)\n\tat sun.reflect.DelegatingConstructorAccessorImpl.newInstance(DelegatingConstructorAccessorImpl.java:45)\n\tat java.lang.reflect.Constructor.newInstance(Constructor.java:423)\n\tat org.codehaus.groovy.reflection.CachedConstructor.invoke(CachedConstructor.java:83)\n\tat org.codehaus.groovy.reflection.CachedConstructor.doConstructorInvoke(CachedConstructor.java:77)\n\tat org.codehaus.groovy.runtime.callsite.ConstructorSite$ConstructorSiteNoUnwrap.callConstructor(ConstructorSite.java:84)\n\tat org.codehaus.groovy.runtime.callsite.CallSiteArray.defaultCallConstructor(CallSiteArray.java:59)\n\tat org.codehaus.groovy.runtime.callsite.AbstractCallSite.callConstructor(AbstractCallSite.java:238)\n\tat org.codehaus.groovy.runtime.callsite.AbstractCallSite.callConstructor(AbstractCallSite.java:250)\n\tat io.restassured.internal.ResponseSpecificationImpl$HamcrestAssertionClosure.validate(ResponseSpecificationImpl.groovy:494)\n\tat io.restassured.internal.ResponseSpecificationImpl$HamcrestAssertionClosure$validate$3.call(Unknown Source)\n\tat io.restassured.internal.ResponseSpecificationImpl.validateResponseIfRequired(ResponseSpecificationImpl.groovy:656)\n\tat sun.reflect.NativeMethodAccessorImpl.invoke0(Native Method)\n\tat sun.reflect.NativeMethodAccessorImpl.invoke(NativeMethodAccessorImpl.java:62)\n\tat sun.reflect.DelegatingMethodAccessorImpl.invoke(DelegatingMethodAccessorImpl.java:43)\n\tat java.lang.reflect.Method.invoke(Method.java:498)\n\tat org.codehaus.groovy.runtime.callsite.PogoMetaMethodSite$PogoCachedMethodSiteNoUnwrapNoCoerce.invoke(PogoMetaMethodSite.java:210)\n\tat org.codehaus.groovy.runtime.callsite.PogoMetaMethodSite.callCurrent(PogoMetaMethodSite.java:59)\n\tat org.codehaus.groovy.runtime.callsite.AbstractCallSite.callCurrent(AbstractCallSite.java:169)\n\tat io.restassured.internal.ResponseSpecificationImpl.statusCode(ResponseSpecificationImpl.groovy:125)\n\tat io.restassured.specification.ResponseSpecification$statusCode$0.callCurrent(Unknown Source)\n\tat io.restassured.internal.ResponseSpecificationImpl.statusCode(ResponseSpecificationImpl.groovy:133)\n\tat io.restassured.internal.ValidatableResponseOptionsImpl.statusCode(ValidatableResponseOptionsImpl.java:119)\n\tat core.BaseApi.validateStatusCode(BaseApi.java:69)\n\tat tests.addresses.AddressAnalyticsTests.verifyGetAddressAnalyticsResponseSuccessfully(AddressAnalyticsTests.java:27)\n\tat sun.reflect.NativeMethodAccessorImpl.invoke0(Native Method)\n\tat sun.reflect.NativeMethodAccessorImpl.invoke(NativeMethodAccessorImpl.java:62)\n\tat sun.reflect.DelegatingMethodAccessorImpl.invoke(DelegatingMethodAccessorImpl.java:43)\n\tat java.lang.reflect.Method.invoke(Method.java:498)\n\tat org.testng.internal.MethodInvocationHelper.invokeMethod(MethodInvocationHelper.java:134)\n\tat org.testng.internal.TestInvoker.invokeMethod(TestInvoker.java:597)\n\tat org.testng.internal.TestInvoker.invokeTestMethod(TestInvoker.java:173)\n\tat org.testng.internal.MethodRunner.runInSequence(MethodRunner.java:46)\n\tat org.testng.internal.TestInvoker$MethodInvocationAgent.invoke(TestInvoker.java:816)\n\tat org.testng.internal.TestInvoker.invokeTestMethods(TestInvoker.java:146)\n\tat org.testng.internal.TestMethodWorker.invokeTestMethods(TestMethodWorker.java:146)\n\tat org.testng.internal.TestMethodWorker.run(TestMethodWorker.java:128)\n\tat java.util.concurrent.ThreadPoolExecutor.runWorker(ThreadPoolExecutor.java:1149)\n\tat java.util.concurrent.ThreadPoolExecutor$Worker.run(ThreadPoolExecutor.java:624)\n\tat java.lang.Thread.run(Thread.java:750)\n","steps":[{"name":"get an adddress analytics","time":{"start":1701713546553,"stop":1701713548289,"duration":1736},"status":"passed","steps":[],"attachments":[],"parameters":[{"name":"address","value":"addr_test1vz09v9yfxguvlp0zsnrpa3tdtm7el8xufp3m5lsm7qxzclgmzkket"},{"name":"type","value":"TWO_WEEK"}],"shouldDisplayMessage":false,"stepsCount":0,"attachmentsCount":0,"hasContent":true}],"attachments":[],"parameters":[],"shouldDisplayMessage":true,"stepsCount":1,"attachmentsCount":0,"hasContent":true},"afterStages":[{"name":"tearDown","time":{"start":1701713548315,"stop":1701713548315,"duration":0},"description":"","status":"passed","steps":[],"attachments":[],"parameters":[],"shouldDisplayMessage":false,"stepsCount":0,"attachmentsCount":0,"hasContent":false}],"labels":[{"name":"package","value":"tests.addresses.AddressAnalyticsTests"},{"name":"testClass","value":"tests.addresses.AddressAnalyticsTests"},{"name":"testMethod","value":"verifyGetAddressAnalyticsResponseSuccessfully"},{"name":"parentSuite","value":"Cardano Regression Suite"},{"name":"suite","value":"Cardano API test "},{"name":"subSuite","value":"tests.addresses.AddressAnalyticsTests"},{"name":"host","value":"fv-az665-559"},{"name":"thread","value":"2362@fv-az665-559.TestNG-test=Cardano API test -3(15)"},{"name":"framework","value":"testng"},{"name":"language","value":"java"},{"name":"epic","value":"cardano"},{"name":"feature","value":"api-addresses"},{"name":"resultFormat","value":"allure2"}],"parameters":[{"name":"env","value":"preprod"}],"links":[],"hidden":false,"retry":false,"extra":{"severity":"normal","retries":[],"categories":[{"name":"Product defects","matchedStatuses":[],"flaky":false}],"history":{"statistic":{"failed":174,"broken":2,"skipped":0,"passed":4,"unknown":0,"total":180},"items":[{"uid":"521fcdd16d9114ff","reportUrl":"https://Sotatek-DavidNguyen4.github.io/cardano-api-tests-preprod/180//#testresult/521fcdd16d9114ff","status":"failed","statusDetails":"1 expectation failed.\nExpected status code <200> but was <400>.\n","time":{"start":1701627055163,"stop":1701627056755,"duration":1592}},{"uid":"589d524d25dff915","reportUrl":"https://Sotatek-DavidNguyen4.github.io/cardano-api-tests-preprod/179//#testresult/589d524d25dff915","status":"failed","statusDetails":"1 expectation failed.\nExpected status code <200> but was <400>.\n","time":{"start":1701540656285,"stop":1701540657770,"duration":1485}},{"uid":"75987918b83f0d05","reportUrl":"https://Sotatek-DavidNguyen4.github.io/cardano-api-tests-preprod/178//#testresult/75987918b83f0d05","status":"failed","statusDetails":"1 expectation failed.\nExpected status code <200> but was <400>.\n","time":{"start":1701454340760,"stop":1701454342229,"duration":1469}},{"uid":"d2be6d701bb3b3d6","reportUrl":"https://Sotatek-DavidNguyen4.github.io/cardano-api-tests-preprod/177//#testresult/d2be6d701bb3b3d6","status":"failed","statusDetails":"1 expectation failed.\nExpected status code <200> but was <400>.\n","time":{"start":1701367941492,"stop":1701367943237,"duration":1745}},{"uid":"d1c46fb7685bf5d","reportUrl":"https://Sotatek-DavidNguyen4.github.io/cardano-api-tests-preprod/176//#testresult/d1c46fb7685bf5d","status":"failed","statusDetails":"1 expectation failed.\nExpected status code <200> but was <400>.\n","time":{"start":1701281531275,"stop":1701281533144,"duration":1869}},{"uid":"6aca7443c109d147","reportUrl":"https://Sotatek-DavidNguyen4.github.io/cardano-api-tests-preprod/175//#testresult/6aca7443c109d147","status":"failed","statusDetails":"1 expectation failed.\nExpected status code <200> but was <400>.\n","time":{"start":1701195140935,"stop":1701195142564,"duration":1629}},{"uid":"c408c371ed0de257","reportUrl":"https://Sotatek-DavidNguyen4.github.io/cardano-api-tests-preprod/174//#testresult/c408c371ed0de257","status":"failed","statusDetails":"1 expectation failed.\nExpected status code <200> but was <400>.\n","time":{"start":1701108737701,"stop":1701108739343,"duration":1642}},{"uid":"8c93e08cb83daf31","reportUrl":"https://Sotatek-DavidNguyen4.github.io/cardano-api-tests-preprod/173//#testresult/8c93e08cb83daf31","status":"failed","statusDetails":"1 expectation failed.\nExpected status code <200> but was <400>.\n","time":{"start":1701022233169,"stop":1701022234753,"duration":1584}},{"uid":"bd1a0f76e832f55d","reportUrl":"https://Sotatek-DavidNguyen4.github.io/cardano-api-tests-preprod/172//#testresult/bd1a0f76e832f55d","status":"failed","statusDetails":"1 expectation failed.\nExpected status code <200> but was <400>.\n","time":{"start":1700935856387,"stop":1700935858250,"duration":1863}},{"uid":"2248737216bb5827","reportUrl":"https://Sotatek-DavidNguyen4.github.io/cardano-api-tests-preprod/171//#testresult/2248737216bb5827","status":"failed","statusDetails":"1 expectation failed.\nExpected status code <200> but was <400>.\n","time":{"start":1700849488175,"stop":1700849489744,"duration":1569}},{"uid":"4dddaed2b5ea5e94","reportUrl":"https://Sotatek-DavidNguyen4.github.io/cardano-api-tests-preprod/170//#testresult/4dddaed2b5ea5e94","status":"failed","statusDetails":"1 expectation failed.\nExpected status code <200> but was <400>.\n","time":{"start":1700763094697,"stop":1700763096565,"duration":1868}},{"uid":"6841c79cb92dae59","reportUrl":"https://Sotatek-DavidNguyen4.github.io/cardano-api-tests-preprod/169//#testresult/6841c79cb92dae59","status":"failed","statusDetails":"1 expectation failed.\nExpected status code <200> but was <400>.\n","time":{"start":1700676715814,"stop":1700676717606,"duration":1792}},{"uid":"8a57eec5597de71d","reportUrl":"https://Sotatek-DavidNguyen4.github.io/cardano-api-tests-preprod/168//#testresult/8a57eec5597de71d","status":"failed","statusDetails":"1 expectation failed.\nExpected status code <200> but was <400>.\n","time":{"start":1700590378426,"stop":1700590380216,"duration":1790}},{"uid":"54e04391e49e6956","reportUrl":"https://Sotatek-DavidNguyen4.github.io/cardano-api-tests-preprod/167//#testresult/54e04391e49e6956","status":"failed","statusDetails":"1 expectation failed.\nExpected status code <200> but was <400>.\n","time":{"start":1700503945638,"stop":1700503947266,"duration":1628}},{"uid":"3d873b229e5b38f3","reportUrl":"https://Sotatek-DavidNguyen4.github.io/cardano-api-tests-preprod/166//#testresult/3d873b229e5b38f3","status":"failed","statusDetails":"1 expectation failed.\nExpected status code <200> but was <400>.\n","time":{"start":1700417441720,"stop":1700417443562,"duration":1842}},{"uid":"3e5f2975df1c66c5","reportUrl":"https://Sotatek-DavidNguyen4.github.io/cardano-api-tests-preprod/165//#testresult/3e5f2975df1c66c5","status":"failed","statusDetails":"1 expectation failed.\nExpected status code <200> but was <400>.\n","time":{"start":1700331053931,"stop":1700331055955,"duration":2024}},{"uid":"58f153906221d819","reportUrl":"https://Sotatek-DavidNguyen4.github.io/cardano-api-tests-preprod/164//#testresult/58f153906221d819","status":"failed","statusDetails":"1 expectation failed.\nExpected status code <200> but was <400>.\n","time":{"start":1700244726546,"stop":1700244728453,"duration":1907}},{"uid":"11769ad3601f1ccf","reportUrl":"https://Sotatek-DavidNguyen4.github.io/cardano-api-tests-preprod/163//#testresult/11769ad3601f1ccf","status":"failed","statusDetails":"1 expectation failed.\nExpected status code <200> but was <400>.\n","time":{"start":1700158319925,"stop":1700158321871,"duration":1946}},{"uid":"4d558ff37c43c97e","reportUrl":"https://Sotatek-DavidNguyen4.github.io/cardano-api-tests-preprod/162//#testresult/4d558ff37c43c97e","status":"failed","statusDetails":"1 expectation failed.\nExpected status code <200> but was <400>.\n","time":{"start":1700071942981,"stop":1700071944567,"duration":1586}},{"uid":"22f8207214b8c51a","reportUrl":"https://Sotatek-DavidNguyen4.github.io/cardano-api-tests-preprod/161//#testresult/22f8207214b8c51a","status":"failed","statusDetails":"1 expectation failed.\nExpected status code <200> but was <400>.\n","time":{"start":1699985464032,"stop":1699985465750,"duration":1718}}]},"tags":[]},"source":"88147e91b2a5d5be.json","parameterValues":["preprod"]}