{"uid":"fc02c6a0c06a2c73","name":"Get the transaction by invalid hash","fullName":"tests.transaction.TransactionTests.get_transaction_by_invalid_hash","historyId":"412ed250fb2b3e127c7f4e1ee3f08adc","time":{"start":1693332928491,"stop":1693332930260,"duration":1769},"status":"failed","statusMessage":"Incorrect error message expected [Transaction not found] but found [[The expected length of the hash is 64 characters]]","statusTrace":"java.lang.AssertionError: Incorrect error message expected [Transaction not found] but found [[The expected length of the hash is 64 characters]]\n\tat org.testng.Assert.fail(Assert.java:97)\n\tat org.testng.Assert.assertEqualsImpl(Assert.java:136)\n\tat org.testng.Assert.assertEquals(Assert.java:118)\n\tat org.testng.Assert.assertEquals(Assert.java:575)\n\tat microservices.common.steps.BaseSteps.then_verifyErrorResponse(BaseSteps.java:13)\n\tat tests.transaction.TransactionTests.get_transaction_by_invalid_hash(TransactionTests.java:40)\n\tat sun.reflect.NativeMethodAccessorImpl.invoke0(Native Method)\n\tat sun.reflect.NativeMethodAccessorImpl.invoke(NativeMethodAccessorImpl.java:62)\n\tat sun.reflect.DelegatingMethodAccessorImpl.invoke(DelegatingMethodAccessorImpl.java:43)\n\tat java.lang.reflect.Method.invoke(Method.java:498)\n\tat org.testng.internal.MethodInvocationHelper.invokeMethod(MethodInvocationHelper.java:134)\n\tat org.testng.internal.TestInvoker.invokeMethod(TestInvoker.java:597)\n\tat org.testng.internal.TestInvoker.invokeTestMethod(TestInvoker.java:173)\n\tat org.testng.internal.MethodRunner.runInSequence(MethodRunner.java:46)\n\tat org.testng.internal.TestInvoker$MethodInvocationAgent.invoke(TestInvoker.java:816)\n\tat org.testng.internal.TestInvoker.invokeTestMethods(TestInvoker.java:146)\n\tat org.testng.internal.TestMethodWorker.invokeTestMethods(TestMethodWorker.java:146)\n\tat org.testng.internal.TestMethodWorker.run(TestMethodWorker.java:128)\n\tat java.util.concurrent.ThreadPoolExecutor.runWorker(ThreadPoolExecutor.java:1149)\n\tat java.util.concurrent.ThreadPoolExecutor$Worker.run(ThreadPoolExecutor.java:624)\n\tat java.lang.Thread.run(Thread.java:750)\n","flaky":false,"newFailed":false,"newBroken":false,"newPassed":false,"retriesCount":0,"retriesStatusChange":false,"beforeStages":[{"name":"preconditions","time":{"start":1693332679052,"stop":1693332679774,"duration":722},"description":"","status":"passed","steps":[],"attachments":[],"parameters":[],"stepsCount":0,"attachmentsCount":0,"shouldDisplayMessage":false,"hasContent":false},{"name":"setUp","time":{"start":1693332928491,"stop":1693332928491,"duration":0},"description":"","status":"passed","steps":[],"attachments":[],"parameters":[],"stepsCount":0,"attachmentsCount":0,"shouldDisplayMessage":false,"hasContent":false}],"testStage":{"status":"failed","statusMessage":"Incorrect error message expected [Transaction not found] but found [[The expected length of the hash is 64 characters]]","statusTrace":"java.lang.AssertionError: Incorrect error message expected [Transaction not found] but found [[The expected length of the hash is 64 characters]]\n\tat org.testng.Assert.fail(Assert.java:97)\n\tat org.testng.Assert.assertEqualsImpl(Assert.java:136)\n\tat org.testng.Assert.assertEquals(Assert.java:118)\n\tat org.testng.Assert.assertEquals(Assert.java:575)\n\tat microservices.common.steps.BaseSteps.then_verifyErrorResponse(BaseSteps.java:13)\n\tat tests.transaction.TransactionTests.get_transaction_by_invalid_hash(TransactionTests.java:40)\n\tat sun.reflect.NativeMethodAccessorImpl.invoke0(Native Method)\n\tat sun.reflect.NativeMethodAccessorImpl.invoke(NativeMethodAccessorImpl.java:62)\n\tat sun.reflect.DelegatingMethodAccessorImpl.invoke(DelegatingMethodAccessorImpl.java:43)\n\tat java.lang.reflect.Method.invoke(Method.java:498)\n\tat org.testng.internal.MethodInvocationHelper.invokeMethod(MethodInvocationHelper.java:134)\n\tat org.testng.internal.TestInvoker.invokeMethod(TestInvoker.java:597)\n\tat org.testng.internal.TestInvoker.invokeTestMethod(TestInvoker.java:173)\n\tat org.testng.internal.MethodRunner.runInSequence(MethodRunner.java:46)\n\tat org.testng.internal.TestInvoker$MethodInvocationAgent.invoke(TestInvoker.java:816)\n\tat org.testng.internal.TestInvoker.invokeTestMethods(TestInvoker.java:146)\n\tat org.testng.internal.TestMethodWorker.invokeTestMethods(TestMethodWorker.java:146)\n\tat org.testng.internal.TestMethodWorker.run(TestMethodWorker.java:128)\n\tat java.util.concurrent.ThreadPoolExecutor.runWorker(ThreadPoolExecutor.java:1149)\n\tat java.util.concurrent.ThreadPoolExecutor$Worker.run(ThreadPoolExecutor.java:624)\n\tat java.lang.Thread.run(Thread.java:750)\n","steps":[{"name":"Get transaction by hash","time":{"start":1693332928491,"stop":1693332930259,"duration":1768},"status":"passed","steps":[],"attachments":[],"parameters":[{"name":"hash","value":"@#$"}],"stepsCount":0,"attachmentsCount":0,"shouldDisplayMessage":false,"hasContent":true},{"name":"Verify error response","time":{"start":1693332930259,"stop":1693332930260,"duration":1},"status":"failed","statusMessage":"Incorrect error message expected [Transaction not found] but found [[The expected length of the hash is 64 characters]]","statusTrace":"java.lang.AssertionError: Incorrect error message expected [Transaction not found] but found [[The expected length of the hash is 64 characters]]\n\tat org.testng.Assert.fail(Assert.java:97)\n\tat org.testng.Assert.assertEqualsImpl(Assert.java:136)\n\tat org.testng.Assert.assertEquals(Assert.java:118)\n\tat org.testng.Assert.assertEquals(Assert.java:575)\n\tat microservices.common.steps.BaseSteps.then_verifyErrorResponse(BaseSteps.java:13)\n\tat tests.transaction.TransactionTests.get_transaction_by_invalid_hash(TransactionTests.java:40)\n\tat sun.reflect.NativeMethodAccessorImpl.invoke0(Native Method)\n\tat sun.reflect.NativeMethodAccessorImpl.invoke(NativeMethodAccessorImpl.java:62)\n\tat sun.reflect.DelegatingMethodAccessorImpl.invoke(DelegatingMethodAccessorImpl.java:43)\n\tat java.lang.reflect.Method.invoke(Method.java:498)\n\tat org.testng.internal.MethodInvocationHelper.invokeMethod(MethodInvocationHelper.java:134)\n\tat org.testng.internal.TestInvoker.invokeMethod(TestInvoker.java:597)\n\tat org.testng.internal.TestInvoker.invokeTestMethod(TestInvoker.java:173)\n\tat org.testng.internal.MethodRunner.runInSequence(MethodRunner.java:46)\n\tat org.testng.internal.TestInvoker$MethodInvocationAgent.invoke(TestInvoker.java:816)\n\tat org.testng.internal.TestInvoker.invokeTestMethods(TestInvoker.java:146)\n\tat org.testng.internal.TestMethodWorker.invokeTestMethods(TestMethodWorker.java:146)\n\tat org.testng.internal.TestMethodWorker.run(TestMethodWorker.java:128)\n\tat java.util.concurrent.ThreadPoolExecutor.runWorker(ThreadPoolExecutor.java:1149)\n\tat java.util.concurrent.ThreadPoolExecutor$Worker.run(ThreadPoolExecutor.java:624)\n\tat java.lang.Thread.run(Thread.java:750)\n","steps":[],"attachments":[],"parameters":[{"name":"statusCode","value":"400"},{"name":"message","value":"Transaction not found"},{"name":"errorCode","value":"BC_404-TRANSACTION_NOT_FOUND"}],"stepsCount":0,"attachmentsCount":0,"shouldDisplayMessage":true,"hasContent":true}],"attachments":[],"parameters":[],"stepsCount":2,"attachmentsCount":0,"shouldDisplayMessage":false,"hasContent":true},"afterStages":[{"name":"tearDown","time":{"start":1693332930261,"stop":1693332930261,"duration":0},"description":"","status":"passed","steps":[],"attachments":[],"parameters":[],"stepsCount":0,"attachmentsCount":0,"shouldDisplayMessage":false,"hasContent":false},{"name":"postconditions","time":{"start":1693332941309,"stop":1693332941310,"duration":1},"description":"","status":"passed","steps":[],"attachments":[],"parameters":[],"stepsCount":0,"attachmentsCount":0,"shouldDisplayMessage":false,"hasContent":false}],"labels":[{"name":"package","value":"tests.transaction.TransactionTests"},{"name":"testClass","value":"tests.transaction.TransactionTests"},{"name":"testMethod","value":"get_transaction_by_invalid_hash"},{"name":"parentSuite","value":"Cardano Regression Suite"},{"name":"suite","value":"Cardano API test "},{"name":"subSuite","value":"tests.transaction.TransactionTests"},{"name":"host","value":"fv-az361-741"},{"name":"thread","value":"2223@fv-az361-741.TestNG-test=Cardano API test -1(12)"},{"name":"framework","value":"testng"},{"name":"language","value":"java"},{"name":"feature","value":"api-transactions"},{"name":"epic","value":"cardano"},{"name":"resultFormat","value":"allure2"}],"parameters":[{"name":"arg0","value":"@#$"},{"name":"env","value":"preprod"}],"links":[],"hidden":false,"retry":false,"extra":{"severity":"normal","retries":[],"categories":[{"name":"Product defects","matchedStatuses":[],"flaky":false}],"history":{"statistic":{"failed":62,"broken":2,"skipped":0,"passed":19,"unknown":0,"total":83},"items":[{"uid":"6483cb8d54c66968","reportUrl":"https://Sotatek-DavidNguyen4.github.io/cardano-api-tests-preprod/83//#testresult/6483cb8d54c66968","status":"failed","statusDetails":"Incorrect error message expected [Transaction not found] but found [[The expected length of the hash is 64 characters]]","time":{"start":1693246555045,"stop":1693246557014,"duration":1969}},{"uid":"1e3e113681e075c0","reportUrl":"https://Sotatek-DavidNguyen4.github.io/cardano-api-tests-preprod/82//#testresult/1e3e113681e075c0","status":"failed","statusDetails":"Incorrect error message expected [Transaction not found] but found [[The expected length of the hash is 64 characters]]","time":{"start":1693160055396,"stop":1693160057369,"duration":1973}},{"uid":"19ca40812f06ec0c","reportUrl":"https://Sotatek-DavidNguyen4.github.io/cardano-api-tests-preprod/81//#testresult/19ca40812f06ec0c","status":"failed","statusDetails":"Incorrect error message expected [Transaction not found] but found [[The expected length of the hash is 64 characters]]","time":{"start":1693073636766,"stop":1693073638363,"duration":1597}},{"uid":"d6cc605f6051495","reportUrl":"https://Sotatek-DavidNguyen4.github.io/cardano-api-tests-preprod/80//#testresult/d6cc605f6051495","status":"failed","statusDetails":"Incorrect error message expected [Transaction not found] but found [[The expected length of the hash is 64 characters]]","time":{"start":1692987338850,"stop":1692987340778,"duration":1928}},{"uid":"faa89d92b1fa6850","reportUrl":"https://Sotatek-DavidNguyen4.github.io/cardano-api-tests-preprod/79//#testresult/faa89d92b1fa6850","status":"failed","statusDetails":"Incorrect error message expected [Transaction not found] but found [[The expected length of the hash is 64 characters]]","time":{"start":1692900922352,"stop":1692900924109,"duration":1757}},{"uid":"55579680d4b23781","reportUrl":"https://Sotatek-DavidNguyen4.github.io/cardano-api-tests-preprod/78//#testresult/55579680d4b23781","status":"failed","statusDetails":"Incorrect error message expected [Transaction not found] but found [[The expected length of the hash is 64 characters]]","time":{"start":1692814390613,"stop":1692814392435,"duration":1822}},{"uid":"215cf7882054f2a0","reportUrl":"https://Sotatek-DavidNguyen4.github.io/cardano-api-tests-preprod/77//#testresult/215cf7882054f2a0","status":"failed","statusDetails":"Incorrect error message expected [Transaction not found] but found [[The expected length of the hash is 64 characters]]","time":{"start":1692728131161,"stop":1692728133123,"duration":1962}},{"uid":"1f4084b00d03512a","reportUrl":"https://Sotatek-DavidNguyen4.github.io/cardano-api-tests-preprod/76//#testresult/1f4084b00d03512a","status":"failed","statusDetails":"Incorrect error message expected [Transaction not found] but found [[The expected length of the hash is 64 characters]]","time":{"start":1692641632544,"stop":1692641634169,"duration":1625}},{"uid":"7a46b61e999f31b8","reportUrl":"https://Sotatek-DavidNguyen4.github.io/cardano-api-tests-preprod/75//#testresult/7a46b61e999f31b8","status":"failed","statusDetails":"Incorrect error message expected [Transaction not found] but found [[The expected length of the hash is 64 characters]]","time":{"start":1692555235907,"stop":1692555237678,"duration":1771}},{"uid":"76117de681d601df","reportUrl":"https://Sotatek-DavidNguyen4.github.io/cardano-api-tests-preprod/74//#testresult/76117de681d601df","status":"failed","statusDetails":"Incorrect error message expected [Transaction not found] but found [[The expected length of the hash is 64 characters]]","time":{"start":1692468848424,"stop":1692468850405,"duration":1981}},{"uid":"b51df2307dcd9577","reportUrl":"https://Sotatek-DavidNguyen4.github.io/cardano-api-tests-preprod/73//#testresult/b51df2307dcd9577","status":"failed","statusDetails":"Incorrect error message expected [Transaction not found] but found [[The expected length of the hash is 64 characters]]","time":{"start":1692382493485,"stop":1692382495729,"duration":2244}},{"uid":"cc2f0a5d2f3bb774","reportUrl":"https://Sotatek-DavidNguyen4.github.io/cardano-api-tests-preprod/72//#testresult/cc2f0a5d2f3bb774","status":"failed","statusDetails":"Incorrect error message expected [Transaction not found] but found [[The expected length of the hash is 64 characters]]","time":{"start":1692296069652,"stop":1692296071138,"duration":1486}},{"uid":"2a40371433bfaf9a","reportUrl":"https://Sotatek-DavidNguyen4.github.io/cardano-api-tests-preprod/71//#testresult/2a40371433bfaf9a","status":"failed","statusDetails":"Incorrect error message expected [Transaction not found] but found [[The expected length of the hash is 64 characters]]","time":{"start":1692209708847,"stop":1692209710905,"duration":2058}},{"uid":"353c514c86411d35","reportUrl":"https://Sotatek-DavidNguyen4.github.io/cardano-api-tests-preprod/70//#testresult/353c514c86411d35","status":"failed","statusDetails":"Incorrect error message expected [Transaction not found] but found [[The expected length of the hash is 64 characters]]","time":{"start":1692123276205,"stop":1692123277890,"duration":1685}},{"uid":"68ad7b7934b6166f","reportUrl":"https://Sotatek-DavidNguyen4.github.io/cardano-api-tests-preprod/69//#testresult/68ad7b7934b6166f","status":"failed","statusDetails":"Incorrect error message expected [Transaction not found] but found [[The expected length of the hash is 64 characters]]","time":{"start":1692036932047,"stop":1692036934064,"duration":2017}},{"uid":"3f27f1bf1becb168","reportUrl":"https://Sotatek-DavidNguyen4.github.io/cardano-api-tests-preprod/68//#testresult/3f27f1bf1becb168","status":"failed","statusDetails":"Incorrect error message expected [Transaction not found] but found [[The expected length of the hash is 64 characters]]","time":{"start":1691950464957,"stop":1691950466931,"duration":1974}},{"uid":"b19cfea2a3a07fa5","reportUrl":"https://Sotatek-DavidNguyen4.github.io/cardano-api-tests-preprod/67//#testresult/b19cfea2a3a07fa5","status":"failed","statusDetails":"Incorrect error message expected [Transaction not found] but found [[The expected length of the hash is 64 characters]]","time":{"start":1691864017817,"stop":1691864019305,"duration":1488}},{"uid":"7bf0e504865d011e","reportUrl":"https://Sotatek-DavidNguyen4.github.io/cardano-api-tests-preprod/66//#testresult/7bf0e504865d011e","status":"failed","statusDetails":"Incorrect error message expected [Transaction not found] but found [[The expected length of the hash is 64 characters]]","time":{"start":1691777663715,"stop":1691777665226,"duration":1511}},{"uid":"82ecfe8b520f5a61","reportUrl":"https://Sotatek-DavidNguyen4.github.io/cardano-api-tests-preprod/65//#testresult/82ecfe8b520f5a61","status":"failed","statusDetails":"Incorrect error message expected [Transaction not found] but found [[The expected length of the hash is 64 characters]]","time":{"start":1691691298973,"stop":1691691300483,"duration":1510}},{"uid":"120e2a711aa90a5","reportUrl":"https://Sotatek-DavidNguyen4.github.io/cardano-api-tests-preprod/64//#testresult/120e2a711aa90a5","status":"failed","statusDetails":"Incorrect error message expected [Transaction not found] but found [[The expected length of the hash is 64 characters]]","time":{"start":1691604972228,"stop":1691604974097,"duration":1869}}]},"tags":[]},"source":"fc02c6a0c06a2c73.json","parameterValues":["@#$","preprod"]}