{"uid":"bee70a778e92d887","name":"Get the transaction by invalid hash","fullName":"tests.transaction.TransactionTests.get_transaction_by_invalid_hash","historyId":"13fea904d5c83f522a203c5564c88059","time":{"start":1709576150976,"stop":1709576152568,"duration":1592},"status":"failed","statusMessage":"Incorrect error message expected [Transaction not found] but found [[The expected length of the hash is 64 characters]]","statusTrace":"java.lang.AssertionError: Incorrect error message expected [Transaction not found] but found [[The expected length of the hash is 64 characters]]\n\tat org.testng.Assert.fail(Assert.java:97)\n\tat org.testng.Assert.assertEqualsImpl(Assert.java:136)\n\tat org.testng.Assert.assertEquals(Assert.java:118)\n\tat org.testng.Assert.assertEquals(Assert.java:575)\n\tat microservices.common.steps.BaseSteps.then_verifyErrorResponse(BaseSteps.java:13)\n\tat tests.transaction.TransactionTests.get_transaction_by_invalid_hash(TransactionTests.java:40)\n\tat sun.reflect.NativeMethodAccessorImpl.invoke0(Native Method)\n\tat sun.reflect.NativeMethodAccessorImpl.invoke(NativeMethodAccessorImpl.java:62)\n\tat sun.reflect.DelegatingMethodAccessorImpl.invoke(DelegatingMethodAccessorImpl.java:43)\n\tat java.lang.reflect.Method.invoke(Method.java:498)\n\tat org.testng.internal.MethodInvocationHelper.invokeMethod(MethodInvocationHelper.java:134)\n\tat org.testng.internal.TestInvoker.invokeMethod(TestInvoker.java:597)\n\tat org.testng.internal.TestInvoker.invokeTestMethod(TestInvoker.java:173)\n\tat org.testng.internal.MethodRunner.runInSequence(MethodRunner.java:46)\n\tat org.testng.internal.TestInvoker$MethodInvocationAgent.invoke(TestInvoker.java:816)\n\tat org.testng.internal.TestInvoker.invokeTestMethods(TestInvoker.java:146)\n\tat org.testng.internal.TestMethodWorker.invokeTestMethods(TestMethodWorker.java:146)\n\tat org.testng.internal.TestMethodWorker.run(TestMethodWorker.java:128)\n\tat java.util.concurrent.ThreadPoolExecutor.runWorker(ThreadPoolExecutor.java:1149)\n\tat java.util.concurrent.ThreadPoolExecutor$Worker.run(ThreadPoolExecutor.java:624)\n\tat java.lang.Thread.run(Thread.java:750)\n","flaky":false,"newFailed":false,"newBroken":false,"newPassed":false,"retriesCount":0,"retriesStatusChange":false,"beforeStages":[{"name":"setUp","time":{"start":1709576150975,"stop":1709576150975,"duration":0},"description":"","status":"passed","steps":[],"attachments":[],"parameters":[],"shouldDisplayMessage":false,"stepsCount":0,"attachmentsCount":0,"hasContent":false,"attachmentStep":false}],"testStage":{"status":"failed","statusMessage":"Incorrect error message expected [Transaction not found] but found [[The expected length of the hash is 64 characters]]","statusTrace":"java.lang.AssertionError: Incorrect error message expected [Transaction not found] but found [[The expected length of the hash is 64 characters]]\n\tat org.testng.Assert.fail(Assert.java:97)\n\tat org.testng.Assert.assertEqualsImpl(Assert.java:136)\n\tat org.testng.Assert.assertEquals(Assert.java:118)\n\tat org.testng.Assert.assertEquals(Assert.java:575)\n\tat microservices.common.steps.BaseSteps.then_verifyErrorResponse(BaseSteps.java:13)\n\tat tests.transaction.TransactionTests.get_transaction_by_invalid_hash(TransactionTests.java:40)\n\tat sun.reflect.NativeMethodAccessorImpl.invoke0(Native Method)\n\tat sun.reflect.NativeMethodAccessorImpl.invoke(NativeMethodAccessorImpl.java:62)\n\tat sun.reflect.DelegatingMethodAccessorImpl.invoke(DelegatingMethodAccessorImpl.java:43)\n\tat java.lang.reflect.Method.invoke(Method.java:498)\n\tat org.testng.internal.MethodInvocationHelper.invokeMethod(MethodInvocationHelper.java:134)\n\tat org.testng.internal.TestInvoker.invokeMethod(TestInvoker.java:597)\n\tat org.testng.internal.TestInvoker.invokeTestMethod(TestInvoker.java:173)\n\tat org.testng.internal.MethodRunner.runInSequence(MethodRunner.java:46)\n\tat org.testng.internal.TestInvoker$MethodInvocationAgent.invoke(TestInvoker.java:816)\n\tat org.testng.internal.TestInvoker.invokeTestMethods(TestInvoker.java:146)\n\tat org.testng.internal.TestMethodWorker.invokeTestMethods(TestMethodWorker.java:146)\n\tat org.testng.internal.TestMethodWorker.run(TestMethodWorker.java:128)\n\tat java.util.concurrent.ThreadPoolExecutor.runWorker(ThreadPoolExecutor.java:1149)\n\tat java.util.concurrent.ThreadPoolExecutor$Worker.run(ThreadPoolExecutor.java:624)\n\tat java.lang.Thread.run(Thread.java:750)\n","steps":[{"name":"Get transaction by hash","time":{"start":1709576150976,"stop":1709576152567,"duration":1591},"status":"passed","steps":[],"attachments":[],"parameters":[{"name":"hash","value":"asset1c6t4elexwkpuzq08ssylhhmc78ahlz0sgw5a7y"}],"shouldDisplayMessage":false,"stepsCount":0,"attachmentsCount":0,"hasContent":true,"attachmentStep":false},{"name":"Verify error response","time":{"start":1709576152568,"stop":1709576152568,"duration":0},"status":"failed","statusMessage":"Incorrect error message expected [Transaction not found] but found [[The expected length of the hash is 64 characters]]","statusTrace":"java.lang.AssertionError: Incorrect error message expected [Transaction not found] but found [[The expected length of the hash is 64 characters]]\n\tat org.testng.Assert.fail(Assert.java:97)\n\tat org.testng.Assert.assertEqualsImpl(Assert.java:136)\n\tat org.testng.Assert.assertEquals(Assert.java:118)\n\tat org.testng.Assert.assertEquals(Assert.java:575)\n\tat microservices.common.steps.BaseSteps.then_verifyErrorResponse(BaseSteps.java:13)\n\tat tests.transaction.TransactionTests.get_transaction_by_invalid_hash(TransactionTests.java:40)\n\tat sun.reflect.NativeMethodAccessorImpl.invoke0(Native Method)\n\tat sun.reflect.NativeMethodAccessorImpl.invoke(NativeMethodAccessorImpl.java:62)\n\tat sun.reflect.DelegatingMethodAccessorImpl.invoke(DelegatingMethodAccessorImpl.java:43)\n\tat java.lang.reflect.Method.invoke(Method.java:498)\n\tat org.testng.internal.MethodInvocationHelper.invokeMethod(MethodInvocationHelper.java:134)\n\tat org.testng.internal.TestInvoker.invokeMethod(TestInvoker.java:597)\n\tat org.testng.internal.TestInvoker.invokeTestMethod(TestInvoker.java:173)\n\tat org.testng.internal.MethodRunner.runInSequence(MethodRunner.java:46)\n\tat org.testng.internal.TestInvoker$MethodInvocationAgent.invoke(TestInvoker.java:816)\n\tat org.testng.internal.TestInvoker.invokeTestMethods(TestInvoker.java:146)\n\tat org.testng.internal.TestMethodWorker.invokeTestMethods(TestMethodWorker.java:146)\n\tat org.testng.internal.TestMethodWorker.run(TestMethodWorker.java:128)\n\tat java.util.concurrent.ThreadPoolExecutor.runWorker(ThreadPoolExecutor.java:1149)\n\tat java.util.concurrent.ThreadPoolExecutor$Worker.run(ThreadPoolExecutor.java:624)\n\tat java.lang.Thread.run(Thread.java:750)\n","steps":[],"attachments":[],"parameters":[{"name":"statusCode","value":"400"},{"name":"message","value":"Transaction not found"},{"name":"errorCode","value":"BC_404-TRANSACTION_NOT_FOUND"}],"shouldDisplayMessage":true,"stepsCount":0,"attachmentsCount":0,"hasContent":true,"attachmentStep":false}],"attachments":[],"parameters":[],"shouldDisplayMessage":false,"stepsCount":2,"attachmentsCount":0,"hasContent":true,"attachmentStep":false},"afterStages":[{"name":"tearDown","time":{"start":1709576152568,"stop":1709576152569,"duration":1},"description":"","status":"passed","steps":[],"attachments":[],"parameters":[],"shouldDisplayMessage":false,"stepsCount":0,"attachmentsCount":0,"hasContent":false,"attachmentStep":false}],"labels":[{"name":"package","value":"tests.transaction.TransactionTests"},{"name":"testClass","value":"tests.transaction.TransactionTests"},{"name":"testMethod","value":"get_transaction_by_invalid_hash"},{"name":"parentSuite","value":"Cardano Regression Suite"},{"name":"suite","value":"Cardano API test "},{"name":"subSuite","value":"tests.transaction.TransactionTests"},{"name":"host","value":"fv-az711-839"},{"name":"thread","value":"2319@fv-az711-839.TestNG-test=Cardano API test -1(13)"},{"name":"framework","value":"testng"},{"name":"language","value":"java"},{"name":"epic","value":"cardano"},{"name":"feature","value":"api-transactions"},{"name":"resultFormat","value":"allure2"}],"parameters":[{"name":"arg0","value":"asset1c6t4elexwkpuzq08ssylhhmc78ahlz0sgw5a7y"},{"name":"env","value":"preprod"}],"links":[],"hidden":false,"retry":false,"extra":{"severity":"normal","retries":[],"categories":[{"name":"Product defects","matchedStatuses":[],"flaky":false}],"history":{"statistic":{"failed":250,"broken":2,"skipped":0,"passed":19,"unknown":0,"total":271},"items":[{"uid":"d50a7e0bf4e47e45","reportUrl":"https://Sotatek-DavidNguyen4.github.io/cardano-api-tests-preprod/271//#testresult/d50a7e0bf4e47e45","status":"failed","statusDetails":"Incorrect error message expected [Transaction not found] but found [[The expected length of the hash is 64 characters]]","time":{"start":1709489676166,"stop":1709489677991,"duration":1825}},{"uid":"b31ab284f166ee8a","reportUrl":"https://Sotatek-DavidNguyen4.github.io/cardano-api-tests-preprod/270//#testresult/b31ab284f166ee8a","status":"failed","statusDetails":"Incorrect error message expected [Transaction not found] but found [[The expected length of the hash is 64 characters]]","time":{"start":1709403274117,"stop":1709403275653,"duration":1536}},{"uid":"ecaacbe4c26e8d58","reportUrl":"https://Sotatek-DavidNguyen4.github.io/cardano-api-tests-preprod/269//#testresult/ecaacbe4c26e8d58","status":"failed","statusDetails":"Incorrect error message expected [Transaction not found] but found [[The expected length of the hash is 64 characters]]","time":{"start":1709316934991,"stop":1709316936508,"duration":1517}},{"uid":"6a38c413a5505a45","reportUrl":"https://Sotatek-DavidNguyen4.github.io/cardano-api-tests-preprod/268//#testresult/6a38c413a5505a45","status":"failed","statusDetails":"Incorrect error message expected [Transaction not found] but found [[The expected length of the hash is 64 characters]]","time":{"start":1709230589949,"stop":1709230591883,"duration":1934}},{"uid":"1d362a68ccae4639","reportUrl":"https://Sotatek-DavidNguyen4.github.io/cardano-api-tests-preprod/267//#testresult/1d362a68ccae4639","status":"failed","statusDetails":"Incorrect error message expected [Transaction not found] but found [[The expected length of the hash is 64 characters]]","time":{"start":1709144132311,"stop":1709144134102,"duration":1791}},{"uid":"9bef25c4d6495211","reportUrl":"https://Sotatek-DavidNguyen4.github.io/cardano-api-tests-preprod/266//#testresult/9bef25c4d6495211","status":"failed","statusDetails":"Incorrect error message expected [Transaction not found] but found [[The expected length of the hash is 64 characters]]","time":{"start":1709057767272,"stop":1709057769106,"duration":1834}},{"uid":"ab4ce896762d888b","reportUrl":"https://Sotatek-DavidNguyen4.github.io/cardano-api-tests-preprod/265//#testresult/ab4ce896762d888b","status":"failed","statusDetails":"Incorrect error message expected [Transaction not found] but found [[The expected length of the hash is 64 characters]]","time":{"start":1708971313624,"stop":1708971315200,"duration":1576}},{"uid":"6974e1a491bbb7fa","reportUrl":"https://Sotatek-DavidNguyen4.github.io/cardano-api-tests-preprod/264//#testresult/6974e1a491bbb7fa","status":"failed","statusDetails":"Incorrect error message expected [Transaction not found] but found [[The expected length of the hash is 64 characters]]","time":{"start":1708884848284,"stop":1708884849897,"duration":1613}},{"uid":"68b0d517ff3ad3fb","reportUrl":"https://Sotatek-DavidNguyen4.github.io/cardano-api-tests-preprod/263//#testresult/68b0d517ff3ad3fb","status":"failed","statusDetails":"Incorrect error message expected [Transaction not found] but found [[The expected length of the hash is 64 characters]]","time":{"start":1708798523420,"stop":1708798525284,"duration":1864}},{"uid":"c966537c2ac893ed","reportUrl":"https://Sotatek-DavidNguyen4.github.io/cardano-api-tests-preprod/262//#testresult/c966537c2ac893ed","status":"failed","statusDetails":"Incorrect error message expected [Transaction not found] but found [[The expected length of the hash is 64 characters]]","time":{"start":1708712166074,"stop":1708712167859,"duration":1785}},{"uid":"15f8cd29c745bfe9","reportUrl":"https://Sotatek-DavidNguyen4.github.io/cardano-api-tests-preprod/261//#testresult/15f8cd29c745bfe9","status":"failed","statusDetails":"Incorrect error message expected [Transaction not found] but found [[The expected length of the hash is 64 characters]]","time":{"start":1708625777818,"stop":1708625779763,"duration":1945}},{"uid":"c852768764e71dd2","reportUrl":"https://Sotatek-DavidNguyen4.github.io/cardano-api-tests-preprod/260//#testresult/c852768764e71dd2","status":"failed","statusDetails":"Incorrect error message expected [Transaction not found] but found [[The expected length of the hash is 64 characters]]","time":{"start":1708539337364,"stop":1708539339113,"duration":1749}},{"uid":"ab261923ac0dd109","reportUrl":"https://Sotatek-DavidNguyen4.github.io/cardano-api-tests-preprod/259//#testresult/ab261923ac0dd109","status":"failed","statusDetails":"Incorrect error message expected [Transaction not found] but found [[The expected length of the hash is 64 characters]]","time":{"start":1708453017694,"stop":1708453019254,"duration":1560}},{"uid":"a970a318297a7b0c","reportUrl":"https://Sotatek-DavidNguyen4.github.io/cardano-api-tests-preprod/258//#testresult/a970a318297a7b0c","status":"failed","statusDetails":"Incorrect error message expected [Transaction not found] but found [[The expected length of the hash is 64 characters]]","time":{"start":1708366539797,"stop":1708366541277,"duration":1480}},{"uid":"f9d099fd8fe1d8df","reportUrl":"https://Sotatek-DavidNguyen4.github.io/cardano-api-tests-preprod/257//#testresult/f9d099fd8fe1d8df","status":"failed","statusDetails":"Incorrect error message expected [Transaction not found] but found [[The expected length of the hash is 64 characters]]","time":{"start":1708280156883,"stop":1708280158418,"duration":1535}},{"uid":"b82e9e29842ed9e9","reportUrl":"https://Sotatek-DavidNguyen4.github.io/cardano-api-tests-preprod/256//#testresult/b82e9e29842ed9e9","status":"failed","statusDetails":"Incorrect error message expected [Transaction not found] but found [[The expected length of the hash is 64 characters]]","time":{"start":1708193671069,"stop":1708193672890,"duration":1821}},{"uid":"9d944b538fb23bec","reportUrl":"https://Sotatek-DavidNguyen4.github.io/cardano-api-tests-preprod/255//#testresult/9d944b538fb23bec","status":"failed","statusDetails":"Incorrect error message expected [Transaction not found] but found [[The expected length of the hash is 64 characters]]","time":{"start":1708107373344,"stop":1708107375069,"duration":1725}},{"uid":"8bb64aa705725ab1","reportUrl":"https://Sotatek-DavidNguyen4.github.io/cardano-api-tests-preprod/254//#testresult/8bb64aa705725ab1","status":"failed","statusDetails":"Incorrect error message expected [Transaction not found] but found [[The expected length of the hash is 64 characters]]","time":{"start":1708020972248,"stop":1708020973847,"duration":1599}},{"uid":"a467c53e3d15a341","reportUrl":"https://Sotatek-DavidNguyen4.github.io/cardano-api-tests-preprod/253//#testresult/a467c53e3d15a341","status":"failed","statusDetails":"Incorrect error message expected [Transaction not found] but found [[The expected length of the hash is 64 characters]]","time":{"start":1707934553782,"stop":1707934556065,"duration":2283}},{"uid":"3bca137595c76ec9","reportUrl":"https://Sotatek-DavidNguyen4.github.io/cardano-api-tests-preprod/252//#testresult/3bca137595c76ec9","status":"failed","statusDetails":"Incorrect error message expected [Transaction not found] but found [[The expected length of the hash is 64 characters]]","time":{"start":1707848188812,"stop":1707848190563,"duration":1751}}]},"tags":[]},"source":"bee70a778e92d887.json","parameterValues":["asset1c6t4elexwkpuzq08ssylhhmc78ahlz0sgw5a7y","preprod"]}