{"uid":"a3d8aa80e5d70160","name":"Get the transaction by invalid hash","fullName":"tests.transaction.TransactionTests.get_transaction_by_invalid_hash","historyId":"412ed250fb2b3e127c7f4e1ee3f08adc","time":{"start":1698430514874,"stop":1698430516585,"duration":1711},"status":"failed","statusMessage":"Incorrect error message expected [Transaction not found] but found [[The expected length of the hash is 64 characters]]","statusTrace":"java.lang.AssertionError: Incorrect error message expected [Transaction not found] but found [[The expected length of the hash is 64 characters]]\n\tat org.testng.Assert.fail(Assert.java:97)\n\tat org.testng.Assert.assertEqualsImpl(Assert.java:136)\n\tat org.testng.Assert.assertEquals(Assert.java:118)\n\tat org.testng.Assert.assertEquals(Assert.java:575)\n\tat microservices.common.steps.BaseSteps.then_verifyErrorResponse(BaseSteps.java:13)\n\tat tests.transaction.TransactionTests.get_transaction_by_invalid_hash(TransactionTests.java:40)\n\tat sun.reflect.NativeMethodAccessorImpl.invoke0(Native Method)\n\tat sun.reflect.NativeMethodAccessorImpl.invoke(NativeMethodAccessorImpl.java:62)\n\tat sun.reflect.DelegatingMethodAccessorImpl.invoke(DelegatingMethodAccessorImpl.java:43)\n\tat java.lang.reflect.Method.invoke(Method.java:498)\n\tat org.testng.internal.MethodInvocationHelper.invokeMethod(MethodInvocationHelper.java:134)\n\tat org.testng.internal.TestInvoker.invokeMethod(TestInvoker.java:597)\n\tat org.testng.internal.TestInvoker.invokeTestMethod(TestInvoker.java:173)\n\tat org.testng.internal.MethodRunner.runInSequence(MethodRunner.java:46)\n\tat org.testng.internal.TestInvoker$MethodInvocationAgent.invoke(TestInvoker.java:816)\n\tat org.testng.internal.TestInvoker.invokeTestMethods(TestInvoker.java:146)\n\tat org.testng.internal.TestMethodWorker.invokeTestMethods(TestMethodWorker.java:146)\n\tat org.testng.internal.TestMethodWorker.run(TestMethodWorker.java:128)\n\tat java.util.concurrent.ThreadPoolExecutor.runWorker(ThreadPoolExecutor.java:1149)\n\tat java.util.concurrent.ThreadPoolExecutor$Worker.run(ThreadPoolExecutor.java:624)\n\tat java.lang.Thread.run(Thread.java:750)\n","flaky":false,"newFailed":false,"newBroken":false,"newPassed":false,"retriesCount":0,"retriesStatusChange":false,"beforeStages":[{"name":"setUp","time":{"start":1698430514873,"stop":1698430514874,"duration":1},"description":"","status":"passed","steps":[],"attachments":[],"parameters":[],"shouldDisplayMessage":false,"stepsCount":0,"attachmentsCount":0,"hasContent":false}],"testStage":{"status":"failed","statusMessage":"Incorrect error message expected [Transaction not found] but found [[The expected length of the hash is 64 characters]]","statusTrace":"java.lang.AssertionError: Incorrect error message expected [Transaction not found] but found [[The expected length of the hash is 64 characters]]\n\tat org.testng.Assert.fail(Assert.java:97)\n\tat org.testng.Assert.assertEqualsImpl(Assert.java:136)\n\tat org.testng.Assert.assertEquals(Assert.java:118)\n\tat org.testng.Assert.assertEquals(Assert.java:575)\n\tat microservices.common.steps.BaseSteps.then_verifyErrorResponse(BaseSteps.java:13)\n\tat tests.transaction.TransactionTests.get_transaction_by_invalid_hash(TransactionTests.java:40)\n\tat sun.reflect.NativeMethodAccessorImpl.invoke0(Native Method)\n\tat sun.reflect.NativeMethodAccessorImpl.invoke(NativeMethodAccessorImpl.java:62)\n\tat sun.reflect.DelegatingMethodAccessorImpl.invoke(DelegatingMethodAccessorImpl.java:43)\n\tat java.lang.reflect.Method.invoke(Method.java:498)\n\tat org.testng.internal.MethodInvocationHelper.invokeMethod(MethodInvocationHelper.java:134)\n\tat org.testng.internal.TestInvoker.invokeMethod(TestInvoker.java:597)\n\tat org.testng.internal.TestInvoker.invokeTestMethod(TestInvoker.java:173)\n\tat org.testng.internal.MethodRunner.runInSequence(MethodRunner.java:46)\n\tat org.testng.internal.TestInvoker$MethodInvocationAgent.invoke(TestInvoker.java:816)\n\tat org.testng.internal.TestInvoker.invokeTestMethods(TestInvoker.java:146)\n\tat org.testng.internal.TestMethodWorker.invokeTestMethods(TestMethodWorker.java:146)\n\tat org.testng.internal.TestMethodWorker.run(TestMethodWorker.java:128)\n\tat java.util.concurrent.ThreadPoolExecutor.runWorker(ThreadPoolExecutor.java:1149)\n\tat java.util.concurrent.ThreadPoolExecutor$Worker.run(ThreadPoolExecutor.java:624)\n\tat java.lang.Thread.run(Thread.java:750)\n","steps":[{"name":"Get transaction by hash","time":{"start":1698430514875,"stop":1698430516584,"duration":1709},"status":"passed","steps":[],"attachments":[],"parameters":[{"name":"hash","value":"@#$"}],"shouldDisplayMessage":false,"stepsCount":0,"attachmentsCount":0,"hasContent":true},{"name":"Verify error response","time":{"start":1698430516584,"stop":1698430516585,"duration":1},"status":"failed","statusMessage":"Incorrect error message expected [Transaction not found] but found [[The expected length of the hash is 64 characters]]","statusTrace":"java.lang.AssertionError: Incorrect error message expected [Transaction not found] but found [[The expected length of the hash is 64 characters]]\n\tat org.testng.Assert.fail(Assert.java:97)\n\tat org.testng.Assert.assertEqualsImpl(Assert.java:136)\n\tat org.testng.Assert.assertEquals(Assert.java:118)\n\tat org.testng.Assert.assertEquals(Assert.java:575)\n\tat microservices.common.steps.BaseSteps.then_verifyErrorResponse(BaseSteps.java:13)\n\tat tests.transaction.TransactionTests.get_transaction_by_invalid_hash(TransactionTests.java:40)\n\tat sun.reflect.NativeMethodAccessorImpl.invoke0(Native Method)\n\tat sun.reflect.NativeMethodAccessorImpl.invoke(NativeMethodAccessorImpl.java:62)\n\tat sun.reflect.DelegatingMethodAccessorImpl.invoke(DelegatingMethodAccessorImpl.java:43)\n\tat java.lang.reflect.Method.invoke(Method.java:498)\n\tat org.testng.internal.MethodInvocationHelper.invokeMethod(MethodInvocationHelper.java:134)\n\tat org.testng.internal.TestInvoker.invokeMethod(TestInvoker.java:597)\n\tat org.testng.internal.TestInvoker.invokeTestMethod(TestInvoker.java:173)\n\tat org.testng.internal.MethodRunner.runInSequence(MethodRunner.java:46)\n\tat org.testng.internal.TestInvoker$MethodInvocationAgent.invoke(TestInvoker.java:816)\n\tat org.testng.internal.TestInvoker.invokeTestMethods(TestInvoker.java:146)\n\tat org.testng.internal.TestMethodWorker.invokeTestMethods(TestMethodWorker.java:146)\n\tat org.testng.internal.TestMethodWorker.run(TestMethodWorker.java:128)\n\tat java.util.concurrent.ThreadPoolExecutor.runWorker(ThreadPoolExecutor.java:1149)\n\tat java.util.concurrent.ThreadPoolExecutor$Worker.run(ThreadPoolExecutor.java:624)\n\tat java.lang.Thread.run(Thread.java:750)\n","steps":[],"attachments":[],"parameters":[{"name":"statusCode","value":"400"},{"name":"message","value":"Transaction not found"},{"name":"errorCode","value":"BC_404-TRANSACTION_NOT_FOUND"}],"shouldDisplayMessage":true,"stepsCount":0,"attachmentsCount":0,"hasContent":true}],"attachments":[],"parameters":[],"shouldDisplayMessage":false,"stepsCount":2,"attachmentsCount":0,"hasContent":true},"afterStages":[{"name":"tearDown","time":{"start":1698430516585,"stop":1698430516585,"duration":0},"description":"","status":"passed","steps":[],"attachments":[],"parameters":[],"shouldDisplayMessage":false,"stepsCount":0,"attachmentsCount":0,"hasContent":false}],"labels":[{"name":"package","value":"tests.transaction.TransactionTests"},{"name":"testClass","value":"tests.transaction.TransactionTests"},{"name":"testMethod","value":"get_transaction_by_invalid_hash"},{"name":"parentSuite","value":"Cardano Regression Suite"},{"name":"suite","value":"Cardano API test "},{"name":"subSuite","value":"tests.transaction.TransactionTests"},{"name":"host","value":"fv-az412-86"},{"name":"thread","value":"2261@fv-az412-86.TestNG-test=Cardano API test -2(13)"},{"name":"framework","value":"testng"},{"name":"language","value":"java"},{"name":"epic","value":"cardano"},{"name":"feature","value":"api-transactions"},{"name":"resultFormat","value":"allure2"}],"parameters":[{"name":"arg0","value":"@#$"},{"name":"env","value":"preprod"}],"links":[],"hidden":false,"retry":false,"extra":{"severity":"normal","retries":[],"categories":[{"name":"Product defects","matchedStatuses":[],"flaky":false}],"history":{"statistic":{"failed":121,"broken":2,"skipped":0,"passed":19,"unknown":0,"total":142},"items":[{"uid":"d3104db4289962bf","reportUrl":"https://Sotatek-DavidNguyen4.github.io/cardano-api-tests-preprod/142//#testresult/d3104db4289962bf","status":"failed","statusDetails":"Incorrect error message expected [Transaction not found] but found [[The expected length of the hash is 64 characters]]","time":{"start":1698344166260,"stop":1698344168204,"duration":1944}},{"uid":"896e2f29ad57c8ab","reportUrl":"https://Sotatek-DavidNguyen4.github.io/cardano-api-tests-preprod/141//#testresult/896e2f29ad57c8ab","status":"failed","statusDetails":"Incorrect error message expected [Transaction not found] but found [[The expected length of the hash is 64 characters]]","time":{"start":1698257722155,"stop":1698257723729,"duration":1574}},{"uid":"6b92ec4ede2341ff","reportUrl":"https://Sotatek-DavidNguyen4.github.io/cardano-api-tests-preprod/140//#testresult/6b92ec4ede2341ff","status":"failed","statusDetails":"Incorrect error message expected [Transaction not found] but found [[The expected length of the hash is 64 characters]]","time":{"start":1698171364223,"stop":1698171365978,"duration":1755}},{"uid":"b3e93a0de533623e","reportUrl":"https://Sotatek-DavidNguyen4.github.io/cardano-api-tests-preprod/139//#testresult/b3e93a0de533623e","status":"failed","statusDetails":"Incorrect error message expected [Transaction not found] but found [[The expected length of the hash is 64 characters]]","time":{"start":1698084917031,"stop":1698084918758,"duration":1727}},{"uid":"ca74853b2510442a","reportUrl":"https://Sotatek-DavidNguyen4.github.io/cardano-api-tests-preprod/138//#testresult/ca74853b2510442a","status":"failed","statusDetails":"Incorrect error message expected [Transaction not found] but found [[The expected length of the hash is 64 characters]]","time":{"start":1697998458756,"stop":1697998460272,"duration":1516}},{"uid":"4027a46b66c3de07","reportUrl":"https://Sotatek-DavidNguyen4.github.io/cardano-api-tests-preprod/137//#testresult/4027a46b66c3de07","status":"failed","statusDetails":"Incorrect error message expected [Transaction not found] but found [[The expected length of the hash is 64 characters]]","time":{"start":1697912075914,"stop":1697912077647,"duration":1733}},{"uid":"a3fe5354150169bf","reportUrl":"https://Sotatek-DavidNguyen4.github.io/cardano-api-tests-preprod/136//#testresult/a3fe5354150169bf","status":"failed","statusDetails":"Incorrect error message expected [Transaction not found] but found [[The expected length of the hash is 64 characters]]","time":{"start":1697825708696,"stop":1697825710480,"duration":1784}},{"uid":"e0c737881119ca18","reportUrl":"https://Sotatek-DavidNguyen4.github.io/cardano-api-tests-preprod/135//#testresult/e0c737881119ca18","status":"failed","statusDetails":"Incorrect error message expected [Transaction not found] but found [[The expected length of the hash is 64 characters]]","time":{"start":1697739362427,"stop":1697739364085,"duration":1658}},{"uid":"dce76ebe5f91e520","reportUrl":"https://Sotatek-DavidNguyen4.github.io/cardano-api-tests-preprod/134//#testresult/dce76ebe5f91e520","status":"failed","statusDetails":"Incorrect error message expected [Transaction not found] but found [[The expected length of the hash is 64 characters]]","time":{"start":1697653004272,"stop":1697653006206,"duration":1934}},{"uid":"38311df41e6e7a7","reportUrl":"https://Sotatek-DavidNguyen4.github.io/cardano-api-tests-preprod/133//#testresult/38311df41e6e7a7","status":"failed","statusDetails":"Incorrect error message expected [Transaction not found] but found [[The expected length of the hash is 64 characters]]","time":{"start":1697566550961,"stop":1697566552358,"duration":1397}},{"uid":"842ee3ce67df9ea7","reportUrl":"https://Sotatek-DavidNguyen4.github.io/cardano-api-tests-preprod/132//#testresult/842ee3ce67df9ea7","status":"failed","statusDetails":"Incorrect error message expected [Transaction not found] but found [[The expected length of the hash is 64 characters]]","time":{"start":1697480231688,"stop":1697480233596,"duration":1908}},{"uid":"63a3e4cb617b5137","reportUrl":"https://Sotatek-DavidNguyen4.github.io/cardano-api-tests-preprod/131//#testresult/63a3e4cb617b5137","status":"failed","statusDetails":"Incorrect error message expected [Transaction not found] but found [[The expected length of the hash is 64 characters]]","time":{"start":1697393735492,"stop":1697393737482,"duration":1990}},{"uid":"59792ca43c33fa5f","reportUrl":"https://Sotatek-DavidNguyen4.github.io/cardano-api-tests-preprod/130//#testresult/59792ca43c33fa5f","status":"failed","statusDetails":"Incorrect error message expected [Transaction not found] but found [[The expected length of the hash is 64 characters]]","time":{"start":1697307322125,"stop":1697307324116,"duration":1991}},{"uid":"6d5135531d3cd721","reportUrl":"https://Sotatek-DavidNguyen4.github.io/cardano-api-tests-preprod/129//#testresult/6d5135531d3cd721","status":"failed","statusDetails":"Incorrect error message expected [Transaction not found] but found [[The expected length of the hash is 64 characters]]","time":{"start":1697220984289,"stop":1697220985994,"duration":1705}},{"uid":"1848be321cf97cde","reportUrl":"https://Sotatek-DavidNguyen4.github.io/cardano-api-tests-preprod/128//#testresult/1848be321cf97cde","status":"failed","statusDetails":"Incorrect error message expected [Transaction not found] but found [[The expected length of the hash is 64 characters]]","time":{"start":1697134578393,"stop":1697134580260,"duration":1867}},{"uid":"f02181ab3aa25341","reportUrl":"https://Sotatek-DavidNguyen4.github.io/cardano-api-tests-preprod/127//#testresult/f02181ab3aa25341","status":"failed","statusDetails":"Incorrect error message expected [Transaction not found] but found [[The expected length of the hash is 64 characters]]","time":{"start":1697048164298,"stop":1697048165903,"duration":1605}},{"uid":"507c8aed553f549","reportUrl":"https://Sotatek-DavidNguyen4.github.io/cardano-api-tests-preprod/126//#testresult/507c8aed553f549","status":"failed","statusDetails":"Incorrect error message expected [Transaction not found] but found [[The expected length of the hash is 64 characters]]","time":{"start":1696961784989,"stop":1696961786602,"duration":1613}},{"uid":"38b63f0a57222d31","reportUrl":"https://Sotatek-DavidNguyen4.github.io/cardano-api-tests-preprod/125//#testresult/38b63f0a57222d31","status":"failed","statusDetails":"Incorrect error message expected [Transaction not found] but found [[The expected length of the hash is 64 characters]]","time":{"start":1696875356980,"stop":1696875358590,"duration":1610}},{"uid":"467253c8e9d172c0","reportUrl":"https://Sotatek-DavidNguyen4.github.io/cardano-api-tests-preprod/124//#testresult/467253c8e9d172c0","status":"failed","statusDetails":"Incorrect error message expected [Transaction not found] but found [[The expected length of the hash is 64 characters]]","time":{"start":1696788875805,"stop":1696788877328,"duration":1523}},{"uid":"d572ac16cc1d9bbd","reportUrl":"https://Sotatek-DavidNguyen4.github.io/cardano-api-tests-preprod/123//#testresult/d572ac16cc1d9bbd","status":"failed","statusDetails":"Incorrect error message expected [Transaction not found] but found [[The expected length of the hash is 64 characters]]","time":{"start":1696702513127,"stop":1696702515045,"duration":1918}}]},"tags":[]},"source":"a3d8aa80e5d70160.json","parameterValues":["@#$","preprod"]}