{"uid":"61b605f4c15c2d34","name":"Get the transaction by invalid hash","fullName":"tests.transaction.TransactionTests.get_transaction_by_invalid_hash","historyId":"79446ce1c96c68d9a3761ddaa8a70162","time":{"start":1708884849899,"stop":1708884851538,"duration":1639},"status":"failed","statusMessage":"Incorrect error message expected [Transaction not found] but found [[The expected length of the hash is 64 characters]]","statusTrace":"java.lang.AssertionError: Incorrect error message expected [Transaction not found] but found [[The expected length of the hash is 64 characters]]\n\tat org.testng.Assert.fail(Assert.java:97)\n\tat org.testng.Assert.assertEqualsImpl(Assert.java:136)\n\tat org.testng.Assert.assertEquals(Assert.java:118)\n\tat org.testng.Assert.assertEquals(Assert.java:575)\n\tat microservices.common.steps.BaseSteps.then_verifyErrorResponse(BaseSteps.java:13)\n\tat tests.transaction.TransactionTests.get_transaction_by_invalid_hash(TransactionTests.java:40)\n\tat sun.reflect.NativeMethodAccessorImpl.invoke0(Native Method)\n\tat sun.reflect.NativeMethodAccessorImpl.invoke(NativeMethodAccessorImpl.java:62)\n\tat sun.reflect.DelegatingMethodAccessorImpl.invoke(DelegatingMethodAccessorImpl.java:43)\n\tat java.lang.reflect.Method.invoke(Method.java:498)\n\tat org.testng.internal.MethodInvocationHelper.invokeMethod(MethodInvocationHelper.java:134)\n\tat org.testng.internal.TestInvoker.invokeMethod(TestInvoker.java:597)\n\tat org.testng.internal.TestInvoker.invokeTestMethod(TestInvoker.java:173)\n\tat org.testng.internal.MethodRunner.runInSequence(MethodRunner.java:46)\n\tat org.testng.internal.TestInvoker$MethodInvocationAgent.invoke(TestInvoker.java:816)\n\tat org.testng.internal.TestInvoker.invokeTestMethods(TestInvoker.java:146)\n\tat org.testng.internal.TestMethodWorker.invokeTestMethods(TestMethodWorker.java:146)\n\tat org.testng.internal.TestMethodWorker.run(TestMethodWorker.java:128)\n\tat java.util.concurrent.ThreadPoolExecutor.runWorker(ThreadPoolExecutor.java:1149)\n\tat java.util.concurrent.ThreadPoolExecutor$Worker.run(ThreadPoolExecutor.java:624)\n\tat java.lang.Thread.run(Thread.java:750)\n","flaky":false,"newFailed":false,"newBroken":false,"newPassed":false,"retriesCount":0,"retriesStatusChange":false,"beforeStages":[{"name":"setUp","time":{"start":1708884849898,"stop":1708884849898,"duration":0},"description":"","status":"passed","steps":[],"attachments":[],"parameters":[],"shouldDisplayMessage":false,"stepsCount":0,"attachmentsCount":0,"hasContent":false,"attachmentStep":false}],"testStage":{"status":"failed","statusMessage":"Incorrect error message expected [Transaction not found] but found [[The expected length of the hash is 64 characters]]","statusTrace":"java.lang.AssertionError: Incorrect error message expected [Transaction not found] but found [[The expected length of the hash is 64 characters]]\n\tat org.testng.Assert.fail(Assert.java:97)\n\tat org.testng.Assert.assertEqualsImpl(Assert.java:136)\n\tat org.testng.Assert.assertEquals(Assert.java:118)\n\tat org.testng.Assert.assertEquals(Assert.java:575)\n\tat microservices.common.steps.BaseSteps.then_verifyErrorResponse(BaseSteps.java:13)\n\tat tests.transaction.TransactionTests.get_transaction_by_invalid_hash(TransactionTests.java:40)\n\tat sun.reflect.NativeMethodAccessorImpl.invoke0(Native Method)\n\tat sun.reflect.NativeMethodAccessorImpl.invoke(NativeMethodAccessorImpl.java:62)\n\tat sun.reflect.DelegatingMethodAccessorImpl.invoke(DelegatingMethodAccessorImpl.java:43)\n\tat java.lang.reflect.Method.invoke(Method.java:498)\n\tat org.testng.internal.MethodInvocationHelper.invokeMethod(MethodInvocationHelper.java:134)\n\tat org.testng.internal.TestInvoker.invokeMethod(TestInvoker.java:597)\n\tat org.testng.internal.TestInvoker.invokeTestMethod(TestInvoker.java:173)\n\tat org.testng.internal.MethodRunner.runInSequence(MethodRunner.java:46)\n\tat org.testng.internal.TestInvoker$MethodInvocationAgent.invoke(TestInvoker.java:816)\n\tat org.testng.internal.TestInvoker.invokeTestMethods(TestInvoker.java:146)\n\tat org.testng.internal.TestMethodWorker.invokeTestMethods(TestMethodWorker.java:146)\n\tat org.testng.internal.TestMethodWorker.run(TestMethodWorker.java:128)\n\tat java.util.concurrent.ThreadPoolExecutor.runWorker(ThreadPoolExecutor.java:1149)\n\tat java.util.concurrent.ThreadPoolExecutor$Worker.run(ThreadPoolExecutor.java:624)\n\tat java.lang.Thread.run(Thread.java:750)\n","steps":[{"name":"Get transaction by hash","time":{"start":1708884849899,"stop":1708884851537,"duration":1638},"status":"passed","steps":[],"attachments":[],"parameters":[{"name":"hash","value":"asset1c0vymmx0nysjaa8q5vah78jmuqyew3kjm48azr"}],"shouldDisplayMessage":false,"stepsCount":0,"attachmentsCount":0,"hasContent":true,"attachmentStep":false},{"name":"Verify error response","time":{"start":1708884851537,"stop":1708884851537,"duration":0},"status":"failed","statusMessage":"Incorrect error message expected [Transaction not found] but found [[The expected length of the hash is 64 characters]]","statusTrace":"java.lang.AssertionError: Incorrect error message expected [Transaction not found] but found [[The expected length of the hash is 64 characters]]\n\tat org.testng.Assert.fail(Assert.java:97)\n\tat org.testng.Assert.assertEqualsImpl(Assert.java:136)\n\tat org.testng.Assert.assertEquals(Assert.java:118)\n\tat org.testng.Assert.assertEquals(Assert.java:575)\n\tat microservices.common.steps.BaseSteps.then_verifyErrorResponse(BaseSteps.java:13)\n\tat tests.transaction.TransactionTests.get_transaction_by_invalid_hash(TransactionTests.java:40)\n\tat sun.reflect.NativeMethodAccessorImpl.invoke0(Native Method)\n\tat sun.reflect.NativeMethodAccessorImpl.invoke(NativeMethodAccessorImpl.java:62)\n\tat sun.reflect.DelegatingMethodAccessorImpl.invoke(DelegatingMethodAccessorImpl.java:43)\n\tat java.lang.reflect.Method.invoke(Method.java:498)\n\tat org.testng.internal.MethodInvocationHelper.invokeMethod(MethodInvocationHelper.java:134)\n\tat org.testng.internal.TestInvoker.invokeMethod(TestInvoker.java:597)\n\tat org.testng.internal.TestInvoker.invokeTestMethod(TestInvoker.java:173)\n\tat org.testng.internal.MethodRunner.runInSequence(MethodRunner.java:46)\n\tat org.testng.internal.TestInvoker$MethodInvocationAgent.invoke(TestInvoker.java:816)\n\tat org.testng.internal.TestInvoker.invokeTestMethods(TestInvoker.java:146)\n\tat org.testng.internal.TestMethodWorker.invokeTestMethods(TestMethodWorker.java:146)\n\tat org.testng.internal.TestMethodWorker.run(TestMethodWorker.java:128)\n\tat java.util.concurrent.ThreadPoolExecutor.runWorker(ThreadPoolExecutor.java:1149)\n\tat java.util.concurrent.ThreadPoolExecutor$Worker.run(ThreadPoolExecutor.java:624)\n\tat java.lang.Thread.run(Thread.java:750)\n","steps":[],"attachments":[],"parameters":[{"name":"statusCode","value":"400"},{"name":"message","value":"Transaction not found"},{"name":"errorCode","value":"BC_404-TRANSACTION_NOT_FOUND"}],"shouldDisplayMessage":true,"stepsCount":0,"attachmentsCount":0,"hasContent":true,"attachmentStep":false}],"attachments":[],"parameters":[],"shouldDisplayMessage":false,"stepsCount":2,"attachmentsCount":0,"hasContent":true,"attachmentStep":false},"afterStages":[{"name":"tearDown","time":{"start":1708884851538,"stop":1708884851538,"duration":0},"description":"","status":"passed","steps":[],"attachments":[],"parameters":[],"shouldDisplayMessage":false,"stepsCount":0,"attachmentsCount":0,"hasContent":false,"attachmentStep":false}],"labels":[{"name":"package","value":"tests.transaction.TransactionTests"},{"name":"testClass","value":"tests.transaction.TransactionTests"},{"name":"testMethod","value":"get_transaction_by_invalid_hash"},{"name":"parentSuite","value":"Cardano Regression Suite"},{"name":"suite","value":"Cardano API test "},{"name":"subSuite","value":"tests.transaction.TransactionTests"},{"name":"host","value":"fv-az802-972"},{"name":"thread","value":"2348@fv-az802-972.TestNG-test=Cardano API test -3(15)"},{"name":"framework","value":"testng"},{"name":"language","value":"java"},{"name":"feature","value":"api-transactions"},{"name":"epic","value":"cardano"},{"name":"resultFormat","value":"allure2"}],"parameters":[{"name":"arg0","value":"asset1c0vymmx0nysjaa8q5vah78jmuqyew3kjm48azr"},{"name":"env","value":"preprod"}],"links":[],"hidden":false,"retry":false,"extra":{"severity":"normal","retries":[],"categories":[{"name":"Product defects","matchedStatuses":[],"flaky":false}],"history":{"statistic":{"failed":242,"broken":2,"skipped":0,"passed":19,"unknown":0,"total":263},"items":[{"uid":"6a8f198cdecdcf60","reportUrl":"https://Sotatek-DavidNguyen4.github.io/cardano-api-tests-preprod/263//#testresult/6a8f198cdecdcf60","status":"failed","statusDetails":"Incorrect error message expected [Transaction not found] but found [[The expected length of the hash is 64 characters]]","time":{"start":1708798525286,"stop":1708798527060,"duration":1774}},{"uid":"aff84c9047a31cac","reportUrl":"https://Sotatek-DavidNguyen4.github.io/cardano-api-tests-preprod/262//#testresult/aff84c9047a31cac","status":"failed","statusDetails":"Incorrect error message expected [Transaction not found] but found [[The expected length of the hash is 64 characters]]","time":{"start":1708712167861,"stop":1708712169648,"duration":1787}},{"uid":"90741adcd1750ea","reportUrl":"https://Sotatek-DavidNguyen4.github.io/cardano-api-tests-preprod/261//#testresult/90741adcd1750ea","status":"failed","statusDetails":"Incorrect error message expected [Transaction not found] but found [[The expected length of the hash is 64 characters]]","time":{"start":1708625779765,"stop":1708625781682,"duration":1917}},{"uid":"706c21fb55639faf","reportUrl":"https://Sotatek-DavidNguyen4.github.io/cardano-api-tests-preprod/260//#testresult/706c21fb55639faf","status":"failed","statusDetails":"Incorrect error message expected [Transaction not found] but found [[The expected length of the hash is 64 characters]]","time":{"start":1708539339115,"stop":1708539340885,"duration":1770}},{"uid":"e445a06518ce3912","reportUrl":"https://Sotatek-DavidNguyen4.github.io/cardano-api-tests-preprod/259//#testresult/e445a06518ce3912","status":"failed","statusDetails":"Incorrect error message expected [Transaction not found] but found [[The expected length of the hash is 64 characters]]","time":{"start":1708453019255,"stop":1708453020852,"duration":1597}},{"uid":"de10b8a28b6029c7","reportUrl":"https://Sotatek-DavidNguyen4.github.io/cardano-api-tests-preprod/258//#testresult/de10b8a28b6029c7","status":"failed","statusDetails":"Incorrect error message expected [Transaction not found] but found [[The expected length of the hash is 64 characters]]","time":{"start":1708366541278,"stop":1708366542741,"duration":1463}},{"uid":"71fa7515cd9fce72","reportUrl":"https://Sotatek-DavidNguyen4.github.io/cardano-api-tests-preprod/257//#testresult/71fa7515cd9fce72","status":"failed","statusDetails":"Incorrect error message expected [Transaction not found] but found [[The expected length of the hash is 64 characters]]","time":{"start":1708280158419,"stop":1708280159989,"duration":1570}},{"uid":"e1511a5258e1df88","reportUrl":"https://Sotatek-DavidNguyen4.github.io/cardano-api-tests-preprod/256//#testresult/e1511a5258e1df88","status":"failed","statusDetails":"Incorrect error message expected [Transaction not found] but found [[The expected length of the hash is 64 characters]]","time":{"start":1708193672891,"stop":1708193674674,"duration":1783}},{"uid":"6c3988434181c910","reportUrl":"https://Sotatek-DavidNguyen4.github.io/cardano-api-tests-preprod/255//#testresult/6c3988434181c910","status":"failed","statusDetails":"Incorrect error message expected [Transaction not found] but found [[The expected length of the hash is 64 characters]]","time":{"start":1708107375071,"stop":1708107376879,"duration":1808}},{"uid":"604242ce076a939b","reportUrl":"https://Sotatek-DavidNguyen4.github.io/cardano-api-tests-preprod/254//#testresult/604242ce076a939b","status":"failed","statusDetails":"Incorrect error message expected [Transaction not found] but found [[The expected length of the hash is 64 characters]]","time":{"start":1708020973851,"stop":1708020975541,"duration":1690}},{"uid":"4454a91a90486796","reportUrl":"https://Sotatek-DavidNguyen4.github.io/cardano-api-tests-preprod/253//#testresult/4454a91a90486796","status":"failed","statusDetails":"Incorrect error message expected [Transaction not found] but found [[The expected length of the hash is 64 characters]]","time":{"start":1707934556066,"stop":1707934558089,"duration":2023}},{"uid":"fd7f5f5d856aec1e","reportUrl":"https://Sotatek-DavidNguyen4.github.io/cardano-api-tests-preprod/252//#testresult/fd7f5f5d856aec1e","status":"failed","statusDetails":"Incorrect error message expected [Transaction not found] but found [[The expected length of the hash is 64 characters]]","time":{"start":1707848190564,"stop":1707848192355,"duration":1791}},{"uid":"a6d34dcd24d163e2","reportUrl":"https://Sotatek-DavidNguyen4.github.io/cardano-api-tests-preprod/251//#testresult/a6d34dcd24d163e2","status":"failed","statusDetails":"Incorrect error message expected [Transaction not found] but found [[The expected length of the hash is 64 characters]]","time":{"start":1707761681847,"stop":1707761683689,"duration":1842}},{"uid":"9fb0344087124957","reportUrl":"https://Sotatek-DavidNguyen4.github.io/cardano-api-tests-preprod/250//#testresult/9fb0344087124957","status":"failed","statusDetails":"Incorrect error message expected [Transaction not found] but found [[The expected length of the hash is 64 characters]]","time":{"start":1707675326207,"stop":1707675327810,"duration":1603}},{"uid":"6da3a064f5e0c21d","reportUrl":"https://Sotatek-DavidNguyen4.github.io/cardano-api-tests-preprod/249//#testresult/6da3a064f5e0c21d","status":"failed","statusDetails":"Incorrect error message expected [Transaction not found] but found [[The expected length of the hash is 64 characters]]","time":{"start":1707588868641,"stop":1707588870184,"duration":1543}},{"uid":"f3505a12c9355d6","reportUrl":"https://Sotatek-DavidNguyen4.github.io/cardano-api-tests-preprod/248//#testresult/f3505a12c9355d6","status":"failed","statusDetails":"Incorrect error message expected [Transaction not found] but found [[The expected length of the hash is 64 characters]]","time":{"start":1707502533865,"stop":1707502535754,"duration":1889}},{"uid":"159b917c6d6e7999","reportUrl":"https://Sotatek-DavidNguyen4.github.io/cardano-api-tests-preprod/247//#testresult/159b917c6d6e7999","status":"failed","statusDetails":"Incorrect error message expected [Transaction not found] but found [[The expected length of the hash is 64 characters]]","time":{"start":1707416139480,"stop":1707416141373,"duration":1893}},{"uid":"759102b117a4ece0","reportUrl":"https://Sotatek-DavidNguyen4.github.io/cardano-api-tests-preprod/246//#testresult/759102b117a4ece0","status":"failed","statusDetails":"Incorrect error message expected [Transaction not found] but found [[The expected length of the hash is 64 characters]]","time":{"start":1707329751363,"stop":1707329753164,"duration":1801}},{"uid":"edc23d3df6f0adc7","reportUrl":"https://Sotatek-DavidNguyen4.github.io/cardano-api-tests-preprod/245//#testresult/edc23d3df6f0adc7","status":"failed","statusDetails":"Incorrect error message expected [Transaction not found] but found [[The expected length of the hash is 64 characters]]","time":{"start":1707243291102,"stop":1707243292967,"duration":1865}},{"uid":"ffa0aed2ea1a5679","reportUrl":"https://Sotatek-DavidNguyen4.github.io/cardano-api-tests-preprod/244//#testresult/ffa0aed2ea1a5679","status":"failed","statusDetails":"Incorrect error message expected [Transaction not found] but found [[The expected length of the hash is 64 characters]]","time":{"start":1707156962382,"stop":1707156964282,"duration":1900}}]},"tags":[]},"source":"61b605f4c15c2d34.json","parameterValues":["asset1c0vymmx0nysjaa8q5vah78jmuqyew3kjm48azr","preprod"]}