{"uid":"32045a750a5886fd","name":"verify that get a token with tokenId invalid","fullName":"tests.tokens.Token.getATokenFail","historyId":"65e9f2401f6f60fdc849fa763ba282b6","time":{"start":1701540697260,"stop":1701540698690,"duration":1430},"status":"failed","statusMessage":"Incorrect error message expected [Token not found] but found [[The expected length of the hash is 44 characters, Field should have a prefixed value of 'asset']]","statusTrace":"java.lang.AssertionError: Incorrect error message expected [Token not found] but found [[The expected length of the hash is 44 characters, Field should have a prefixed value of 'asset']]\n\tat org.testng.Assert.fail(Assert.java:97)\n\tat org.testng.Assert.assertEqualsImpl(Assert.java:136)\n\tat org.testng.Assert.assertEquals(Assert.java:118)\n\tat org.testng.Assert.assertEquals(Assert.java:575)\n\tat microservices.common.steps.BaseSteps.then_verifyErrorResponse(BaseSteps.java:13)\n\tat tests.tokens.Token.getATokenFail(Token.java:33)\n\tat sun.reflect.NativeMethodAccessorImpl.invoke0(Native Method)\n\tat sun.reflect.NativeMethodAccessorImpl.invoke(NativeMethodAccessorImpl.java:62)\n\tat sun.reflect.DelegatingMethodAccessorImpl.invoke(DelegatingMethodAccessorImpl.java:43)\n\tat java.lang.reflect.Method.invoke(Method.java:498)\n\tat org.testng.internal.MethodInvocationHelper.invokeMethod(MethodInvocationHelper.java:134)\n\tat org.testng.internal.TestInvoker.invokeMethod(TestInvoker.java:597)\n\tat org.testng.internal.TestInvoker.invokeTestMethod(TestInvoker.java:173)\n\tat org.testng.internal.MethodRunner.runInSequence(MethodRunner.java:46)\n\tat org.testng.internal.TestInvoker$MethodInvocationAgent.invoke(TestInvoker.java:816)\n\tat org.testng.internal.TestInvoker.invokeTestMethods(TestInvoker.java:146)\n\tat org.testng.internal.TestMethodWorker.invokeTestMethods(TestMethodWorker.java:146)\n\tat org.testng.internal.TestMethodWorker.run(TestMethodWorker.java:128)\n\tat java.util.concurrent.ThreadPoolExecutor.runWorker(ThreadPoolExecutor.java:1149)\n\tat java.util.concurrent.ThreadPoolExecutor$Worker.run(ThreadPoolExecutor.java:624)\n\tat java.lang.Thread.run(Thread.java:750)\n","flaky":false,"newFailed":false,"newBroken":false,"newPassed":false,"retriesCount":0,"retriesStatusChange":false,"beforeStages":[{"name":"setUp","time":{"start":1701540697259,"stop":1701540697259,"duration":0},"description":"","status":"passed","steps":[],"attachments":[],"parameters":[],"shouldDisplayMessage":false,"stepsCount":0,"attachmentsCount":0,"hasContent":false}],"testStage":{"status":"failed","statusMessage":"Incorrect error message expected [Token not found] but found [[The expected length of the hash is 44 characters, Field should have a prefixed value of 'asset']]","statusTrace":"java.lang.AssertionError: Incorrect error message expected [Token not found] but found [[The expected length of the hash is 44 characters, Field should have a prefixed value of 'asset']]\n\tat org.testng.Assert.fail(Assert.java:97)\n\tat org.testng.Assert.assertEqualsImpl(Assert.java:136)\n\tat org.testng.Assert.assertEquals(Assert.java:118)\n\tat org.testng.Assert.assertEquals(Assert.java:575)\n\tat microservices.common.steps.BaseSteps.then_verifyErrorResponse(BaseSteps.java:13)\n\tat tests.tokens.Token.getATokenFail(Token.java:33)\n\tat sun.reflect.NativeMethodAccessorImpl.invoke0(Native Method)\n\tat sun.reflect.NativeMethodAccessorImpl.invoke(NativeMethodAccessorImpl.java:62)\n\tat sun.reflect.DelegatingMethodAccessorImpl.invoke(DelegatingMethodAccessorImpl.java:43)\n\tat java.lang.reflect.Method.invoke(Method.java:498)\n\tat org.testng.internal.MethodInvocationHelper.invokeMethod(MethodInvocationHelper.java:134)\n\tat org.testng.internal.TestInvoker.invokeMethod(TestInvoker.java:597)\n\tat org.testng.internal.TestInvoker.invokeTestMethod(TestInvoker.java:173)\n\tat org.testng.internal.MethodRunner.runInSequence(MethodRunner.java:46)\n\tat org.testng.internal.TestInvoker$MethodInvocationAgent.invoke(TestInvoker.java:816)\n\tat org.testng.internal.TestInvoker.invokeTestMethods(TestInvoker.java:146)\n\tat org.testng.internal.TestMethodWorker.invokeTestMethods(TestMethodWorker.java:146)\n\tat org.testng.internal.TestMethodWorker.run(TestMethodWorker.java:128)\n\tat java.util.concurrent.ThreadPoolExecutor.runWorker(ThreadPoolExecutor.java:1149)\n\tat java.util.concurrent.ThreadPoolExecutor$Worker.run(ThreadPoolExecutor.java:624)\n\tat java.lang.Thread.run(Thread.java:750)\n","steps":[{"name":"get a token","time":{"start":1701540697260,"stop":1701540698688,"duration":1428},"status":"passed","steps":[],"attachments":[],"parameters":[{"name":"tokenId","value":"@#$"}],"shouldDisplayMessage":false,"stepsCount":0,"attachmentsCount":0,"hasContent":true},{"name":"Verify error response","time":{"start":1701540698688,"stop":1701540698689,"duration":1},"status":"failed","statusMessage":"Incorrect error message expected [Token not found] but found [[The expected length of the hash is 44 characters, Field should have a prefixed value of 'asset']]","statusTrace":"java.lang.AssertionError: Incorrect error message expected [Token not found] but found [[The expected length of the hash is 44 characters, Field should have a prefixed value of 'asset']]\n\tat org.testng.Assert.fail(Assert.java:97)\n\tat org.testng.Assert.assertEqualsImpl(Assert.java:136)\n\tat org.testng.Assert.assertEquals(Assert.java:118)\n\tat org.testng.Assert.assertEquals(Assert.java:575)\n\tat microservices.common.steps.BaseSteps.then_verifyErrorResponse(BaseSteps.java:13)\n\tat tests.tokens.Token.getATokenFail(Token.java:33)\n\tat sun.reflect.NativeMethodAccessorImpl.invoke0(Native Method)\n\tat sun.reflect.NativeMethodAccessorImpl.invoke(NativeMethodAccessorImpl.java:62)\n\tat sun.reflect.DelegatingMethodAccessorImpl.invoke(DelegatingMethodAccessorImpl.java:43)\n\tat java.lang.reflect.Method.invoke(Method.java:498)\n\tat org.testng.internal.MethodInvocationHelper.invokeMethod(MethodInvocationHelper.java:134)\n\tat org.testng.internal.TestInvoker.invokeMethod(TestInvoker.java:597)\n\tat org.testng.internal.TestInvoker.invokeTestMethod(TestInvoker.java:173)\n\tat org.testng.internal.MethodRunner.runInSequence(MethodRunner.java:46)\n\tat org.testng.internal.TestInvoker$MethodInvocationAgent.invoke(TestInvoker.java:816)\n\tat org.testng.internal.TestInvoker.invokeTestMethods(TestInvoker.java:146)\n\tat org.testng.internal.TestMethodWorker.invokeTestMethods(TestMethodWorker.java:146)\n\tat org.testng.internal.TestMethodWorker.run(TestMethodWorker.java:128)\n\tat java.util.concurrent.ThreadPoolExecutor.runWorker(ThreadPoolExecutor.java:1149)\n\tat java.util.concurrent.ThreadPoolExecutor$Worker.run(ThreadPoolExecutor.java:624)\n\tat java.lang.Thread.run(Thread.java:750)\n","steps":[],"attachments":[],"parameters":[{"name":"statusCode","value":"400"},{"name":"message","value":"Token not found"},{"name":"errorCode","value":"BC_404-TOKEN_NOT_FOUND"}],"shouldDisplayMessage":true,"stepsCount":0,"attachmentsCount":0,"hasContent":true}],"attachments":[],"parameters":[],"shouldDisplayMessage":false,"stepsCount":2,"attachmentsCount":0,"hasContent":true},"afterStages":[{"name":"tearDown","time":{"start":1701540698691,"stop":1701540698691,"duration":0},"description":"","status":"passed","steps":[],"attachments":[],"parameters":[],"shouldDisplayMessage":false,"stepsCount":0,"attachmentsCount":0,"hasContent":false}],"labels":[{"name":"package","value":"tests.tokens.Token"},{"name":"testClass","value":"tests.tokens.Token"},{"name":"testMethod","value":"getATokenFail"},{"name":"parentSuite","value":"Cardano Regression Suite"},{"name":"suite","value":"Cardano API test "},{"name":"subSuite","value":"tests.tokens.Token"},{"name":"host","value":"fv-az1149-776"},{"name":"thread","value":"2369@fv-az1149-776.TestNG-test=Cardano API test -3(15)"},{"name":"framework","value":"testng"},{"name":"language","value":"java"},{"name":"resultFormat","value":"allure2"}],"parameters":[{"name":"arg0","value":"@#$"},{"name":"env","value":"preprod"}],"links":[],"hidden":false,"retry":false,"extra":{"severity":"normal","retries":[],"categories":[{"name":"Product defects","matchedStatuses":[],"flaky":false}],"history":{"statistic":{"failed":156,"broken":3,"skipped":0,"passed":19,"unknown":0,"total":178},"items":[{"uid":"8dfe32b2ed6b774c","reportUrl":"https://Sotatek-DavidNguyen4.github.io/cardano-api-tests-preprod/178//#testresult/8dfe32b2ed6b774c","status":"failed","statusDetails":"Incorrect error message expected [Token not found] but found [[Field should have a prefixed value of 'asset', The expected length of the hash is 44 characters]]","time":{"start":1701454381454,"stop":1701454382886,"duration":1432}},{"uid":"9700971974adbca8","reportUrl":"https://Sotatek-DavidNguyen4.github.io/cardano-api-tests-preprod/177//#testresult/9700971974adbca8","status":"failed","statusDetails":"Incorrect error message expected [Token not found] but found [[Field should have a prefixed value of 'asset', The expected length of the hash is 44 characters]]","time":{"start":1701367990457,"stop":1701367992163,"duration":1706}},{"uid":"c7bda45e249663b","reportUrl":"https://Sotatek-DavidNguyen4.github.io/cardano-api-tests-preprod/176//#testresult/c7bda45e249663b","status":"broken","statusDetails":"connect timed out","time":{"start":1701281973937,"stop":1701282034500,"duration":60563}},{"uid":"12126d43948c397a","reportUrl":"https://Sotatek-DavidNguyen4.github.io/cardano-api-tests-preprod/175//#testresult/12126d43948c397a","status":"failed","statusDetails":"Incorrect error message expected [Token not found] but found [[Field should have a prefixed value of 'asset', The expected length of the hash is 44 characters]]","time":{"start":1701195185947,"stop":1701195187563,"duration":1616}},{"uid":"45b321771650c62c","reportUrl":"https://Sotatek-DavidNguyen4.github.io/cardano-api-tests-preprod/174//#testresult/45b321771650c62c","status":"failed","statusDetails":"Incorrect error message expected [Token not found] but found [[The expected length of the hash is 44 characters, Field should have a prefixed value of 'asset']]","time":{"start":1701108782813,"stop":1701108784417,"duration":1604}},{"uid":"8f9860b2a036d7c2","reportUrl":"https://Sotatek-DavidNguyen4.github.io/cardano-api-tests-preprod/173//#testresult/8f9860b2a036d7c2","status":"failed","statusDetails":"Incorrect error message expected [Token not found] but found [[Field should have a prefixed value of 'asset', The expected length of the hash is 44 characters]]","time":{"start":1701022277457,"stop":1701022279038,"duration":1581}},{"uid":"116e16daf5b36a5f","reportUrl":"https://Sotatek-DavidNguyen4.github.io/cardano-api-tests-preprod/172//#testresult/116e16daf5b36a5f","status":"failed","statusDetails":"Incorrect error message expected [Token not found] but found [[The expected length of the hash is 44 characters, Field should have a prefixed value of 'asset']]","time":{"start":1700935908933,"stop":1700935910795,"duration":1862}},{"uid":"fa94abf45944d77a","reportUrl":"https://Sotatek-DavidNguyen4.github.io/cardano-api-tests-preprod/171//#testresult/fa94abf45944d77a","status":"failed","statusDetails":"Incorrect error message expected [Token not found] but found [[Field should have a prefixed value of 'asset', The expected length of the hash is 44 characters]]","time":{"start":1700849532990,"stop":1700849534567,"duration":1577}},{"uid":"5eeb049e3107e14","reportUrl":"https://Sotatek-DavidNguyen4.github.io/cardano-api-tests-preprod/170//#testresult/5eeb049e3107e14","status":"failed","statusDetails":"Incorrect error message expected [Token not found] but found [[The expected length of the hash is 44 characters, Field should have a prefixed value of 'asset']]","time":{"start":1700763146807,"stop":1700763148687,"duration":1880}},{"uid":"9631408dab1e927c","reportUrl":"https://Sotatek-DavidNguyen4.github.io/cardano-api-tests-preprod/169//#testresult/9631408dab1e927c","status":"failed","statusDetails":"Incorrect error message expected [Token not found] but found [[The expected length of the hash is 44 characters, Field should have a prefixed value of 'asset']]","time":{"start":1700676764686,"stop":1700676766423,"duration":1737}},{"uid":"e05eec48b385bb1e","reportUrl":"https://Sotatek-DavidNguyen4.github.io/cardano-api-tests-preprod/168//#testresult/e05eec48b385bb1e","status":"failed","statusDetails":"Incorrect error message expected [Token not found] but found [[The expected length of the hash is 44 characters, Field should have a prefixed value of 'asset']]","time":{"start":1700590428773,"stop":1700590430556,"duration":1783}},{"uid":"3eb013707cec66b7","reportUrl":"https://Sotatek-DavidNguyen4.github.io/cardano-api-tests-preprod/167//#testresult/3eb013707cec66b7","status":"failed","statusDetails":"Incorrect error message expected [Token not found] but found [[Field should have a prefixed value of 'asset', The expected length of the hash is 44 characters]]","time":{"start":1700503989991,"stop":1700503991566,"duration":1575}},{"uid":"8b575d43238fd022","reportUrl":"https://Sotatek-DavidNguyen4.github.io/cardano-api-tests-preprod/166//#testresult/8b575d43238fd022","status":"failed","statusDetails":"Incorrect error message expected [Token not found] but found [[Field should have a prefixed value of 'asset', The expected length of the hash is 44 characters]]","time":{"start":1700417494135,"stop":1700417495979,"duration":1844}},{"uid":"eea53a54b1521152","reportUrl":"https://Sotatek-DavidNguyen4.github.io/cardano-api-tests-preprod/165//#testresult/eea53a54b1521152","status":"failed","statusDetails":"Incorrect error message expected [Token not found] but found [[The expected length of the hash is 44 characters, Field should have a prefixed value of 'asset']]","time":{"start":1700331108186,"stop":1700331110138,"duration":1952}},{"uid":"6ee6620fd0185461","reportUrl":"https://Sotatek-DavidNguyen4.github.io/cardano-api-tests-preprod/164//#testresult/6ee6620fd0185461","status":"failed","statusDetails":"Incorrect error message expected [Token not found] but found [[Field should have a prefixed value of 'asset', The expected length of the hash is 44 characters]]","time":{"start":1700244778074,"stop":1700244779907,"duration":1833}},{"uid":"db38f30449be8f04","reportUrl":"https://Sotatek-DavidNguyen4.github.io/cardano-api-tests-preprod/163//#testresult/db38f30449be8f04","status":"failed","statusDetails":"Incorrect error message expected [Token not found] but found [[Field should have a prefixed value of 'asset', The expected length of the hash is 44 characters]]","time":{"start":1700158371912,"stop":1700158373727,"duration":1815}},{"uid":"2f59ae5dae26edeb","reportUrl":"https://Sotatek-DavidNguyen4.github.io/cardano-api-tests-preprod/162//#testresult/2f59ae5dae26edeb","status":"failed","statusDetails":"Incorrect error message expected [Token not found] but found [[Field should have a prefixed value of 'asset', The expected length of the hash is 44 characters]]","time":{"start":1700071986136,"stop":1700071987764,"duration":1628}},{"uid":"5bf7b53acf1a8087","reportUrl":"https://Sotatek-DavidNguyen4.github.io/cardano-api-tests-preprod/161//#testresult/5bf7b53acf1a8087","status":"failed","statusDetails":"Incorrect error message expected [Token not found] but found [[The expected length of the hash is 44 characters, Field should have a prefixed value of 'asset']]","time":{"start":1699985511344,"stop":1699985513016,"duration":1672}},{"uid":"bb8a2f961534b18e","reportUrl":"https://Sotatek-DavidNguyen4.github.io/cardano-api-tests-preprod/160//#testresult/bb8a2f961534b18e","status":"failed","statusDetails":"Incorrect error message expected [Token not found] but found [[Field should have a prefixed value of 'asset', The expected length of the hash is 44 characters]]","time":{"start":1699899150806,"stop":1699899152654,"duration":1848}},{"uid":"c7875160c52e0f9d","reportUrl":"https://Sotatek-DavidNguyen4.github.io/cardano-api-tests-preprod/159//#testresult/c7875160c52e0f9d","status":"failed","statusDetails":"Incorrect error message expected [Token not found] but found [[The expected length of the hash is 44 characters, Field should have a prefixed value of 'asset']]","time":{"start":1699812691766,"stop":1699812693719,"duration":1953}}]},"tags":[]},"source":"32045a750a5886fd.json","parameterValues":["@#$","preprod"]}