{"uid":"df1a330986ebb321","name":"Get the transaction by invalid hash","fullName":"tests.transaction.TransactionTests.get_transaction_by_invalid_hash","historyId":"412ed250fb2b3e127c7f4e1ee3f08adc","time":{"start":1695147353865,"stop":1695147355527,"duration":1662},"status":"failed","statusMessage":"Incorrect error message expected [Transaction not found] but found [[The expected length of the hash is 64 characters]]","statusTrace":"java.lang.AssertionError: Incorrect error message expected [Transaction not found] but found [[The expected length of the hash is 64 characters]]\n\tat org.testng.Assert.fail(Assert.java:97)\n\tat org.testng.Assert.assertEqualsImpl(Assert.java:136)\n\tat org.testng.Assert.assertEquals(Assert.java:118)\n\tat org.testng.Assert.assertEquals(Assert.java:575)\n\tat microservices.common.steps.BaseSteps.then_verifyErrorResponse(BaseSteps.java:13)\n\tat tests.transaction.TransactionTests.get_transaction_by_invalid_hash(TransactionTests.java:40)\n\tat sun.reflect.NativeMethodAccessorImpl.invoke0(Native Method)\n\tat sun.reflect.NativeMethodAccessorImpl.invoke(NativeMethodAccessorImpl.java:62)\n\tat sun.reflect.DelegatingMethodAccessorImpl.invoke(DelegatingMethodAccessorImpl.java:43)\n\tat java.lang.reflect.Method.invoke(Method.java:498)\n\tat org.testng.internal.MethodInvocationHelper.invokeMethod(MethodInvocationHelper.java:134)\n\tat org.testng.internal.TestInvoker.invokeMethod(TestInvoker.java:597)\n\tat org.testng.internal.TestInvoker.invokeTestMethod(TestInvoker.java:173)\n\tat org.testng.internal.MethodRunner.runInSequence(MethodRunner.java:46)\n\tat org.testng.internal.TestInvoker$MethodInvocationAgent.invoke(TestInvoker.java:816)\n\tat org.testng.internal.TestInvoker.invokeTestMethods(TestInvoker.java:146)\n\tat org.testng.internal.TestMethodWorker.invokeTestMethods(TestMethodWorker.java:146)\n\tat org.testng.internal.TestMethodWorker.run(TestMethodWorker.java:128)\n\tat java.util.concurrent.ThreadPoolExecutor.runWorker(ThreadPoolExecutor.java:1149)\n\tat java.util.concurrent.ThreadPoolExecutor$Worker.run(ThreadPoolExecutor.java:624)\n\tat java.lang.Thread.run(Thread.java:750)\n","flaky":false,"newFailed":false,"newBroken":false,"newPassed":false,"retriesCount":0,"retriesStatusChange":false,"beforeStages":[{"name":"setUp","time":{"start":1695147353864,"stop":1695147353864,"duration":0},"description":"","status":"passed","steps":[],"attachments":[],"parameters":[],"shouldDisplayMessage":false,"stepsCount":0,"attachmentsCount":0,"hasContent":false}],"testStage":{"status":"failed","statusMessage":"Incorrect error message expected [Transaction not found] but found [[The expected length of the hash is 64 characters]]","statusTrace":"java.lang.AssertionError: Incorrect error message expected [Transaction not found] but found [[The expected length of the hash is 64 characters]]\n\tat org.testng.Assert.fail(Assert.java:97)\n\tat org.testng.Assert.assertEqualsImpl(Assert.java:136)\n\tat org.testng.Assert.assertEquals(Assert.java:118)\n\tat org.testng.Assert.assertEquals(Assert.java:575)\n\tat microservices.common.steps.BaseSteps.then_verifyErrorResponse(BaseSteps.java:13)\n\tat tests.transaction.TransactionTests.get_transaction_by_invalid_hash(TransactionTests.java:40)\n\tat sun.reflect.NativeMethodAccessorImpl.invoke0(Native Method)\n\tat sun.reflect.NativeMethodAccessorImpl.invoke(NativeMethodAccessorImpl.java:62)\n\tat sun.reflect.DelegatingMethodAccessorImpl.invoke(DelegatingMethodAccessorImpl.java:43)\n\tat java.lang.reflect.Method.invoke(Method.java:498)\n\tat org.testng.internal.MethodInvocationHelper.invokeMethod(MethodInvocationHelper.java:134)\n\tat org.testng.internal.TestInvoker.invokeMethod(TestInvoker.java:597)\n\tat org.testng.internal.TestInvoker.invokeTestMethod(TestInvoker.java:173)\n\tat org.testng.internal.MethodRunner.runInSequence(MethodRunner.java:46)\n\tat org.testng.internal.TestInvoker$MethodInvocationAgent.invoke(TestInvoker.java:816)\n\tat org.testng.internal.TestInvoker.invokeTestMethods(TestInvoker.java:146)\n\tat org.testng.internal.TestMethodWorker.invokeTestMethods(TestMethodWorker.java:146)\n\tat org.testng.internal.TestMethodWorker.run(TestMethodWorker.java:128)\n\tat java.util.concurrent.ThreadPoolExecutor.runWorker(ThreadPoolExecutor.java:1149)\n\tat java.util.concurrent.ThreadPoolExecutor$Worker.run(ThreadPoolExecutor.java:624)\n\tat java.lang.Thread.run(Thread.java:750)\n","steps":[{"name":"Get transaction by hash","time":{"start":1695147353865,"stop":1695147355526,"duration":1661},"status":"passed","steps":[],"attachments":[],"parameters":[{"name":"hash","value":"@#$"}],"shouldDisplayMessage":false,"stepsCount":0,"attachmentsCount":0,"hasContent":true},{"name":"Verify error response","time":{"start":1695147355526,"stop":1695147355527,"duration":1},"status":"failed","statusMessage":"Incorrect error message expected [Transaction not found] but found [[The expected length of the hash is 64 characters]]","statusTrace":"java.lang.AssertionError: Incorrect error message expected [Transaction not found] but found [[The expected length of the hash is 64 characters]]\n\tat org.testng.Assert.fail(Assert.java:97)\n\tat org.testng.Assert.assertEqualsImpl(Assert.java:136)\n\tat org.testng.Assert.assertEquals(Assert.java:118)\n\tat org.testng.Assert.assertEquals(Assert.java:575)\n\tat microservices.common.steps.BaseSteps.then_verifyErrorResponse(BaseSteps.java:13)\n\tat tests.transaction.TransactionTests.get_transaction_by_invalid_hash(TransactionTests.java:40)\n\tat sun.reflect.NativeMethodAccessorImpl.invoke0(Native Method)\n\tat sun.reflect.NativeMethodAccessorImpl.invoke(NativeMethodAccessorImpl.java:62)\n\tat sun.reflect.DelegatingMethodAccessorImpl.invoke(DelegatingMethodAccessorImpl.java:43)\n\tat java.lang.reflect.Method.invoke(Method.java:498)\n\tat org.testng.internal.MethodInvocationHelper.invokeMethod(MethodInvocationHelper.java:134)\n\tat org.testng.internal.TestInvoker.invokeMethod(TestInvoker.java:597)\n\tat org.testng.internal.TestInvoker.invokeTestMethod(TestInvoker.java:173)\n\tat org.testng.internal.MethodRunner.runInSequence(MethodRunner.java:46)\n\tat org.testng.internal.TestInvoker$MethodInvocationAgent.invoke(TestInvoker.java:816)\n\tat org.testng.internal.TestInvoker.invokeTestMethods(TestInvoker.java:146)\n\tat org.testng.internal.TestMethodWorker.invokeTestMethods(TestMethodWorker.java:146)\n\tat org.testng.internal.TestMethodWorker.run(TestMethodWorker.java:128)\n\tat java.util.concurrent.ThreadPoolExecutor.runWorker(ThreadPoolExecutor.java:1149)\n\tat java.util.concurrent.ThreadPoolExecutor$Worker.run(ThreadPoolExecutor.java:624)\n\tat java.lang.Thread.run(Thread.java:750)\n","steps":[],"attachments":[],"parameters":[{"name":"statusCode","value":"400"},{"name":"message","value":"Transaction not found"},{"name":"errorCode","value":"BC_404-TRANSACTION_NOT_FOUND"}],"shouldDisplayMessage":true,"stepsCount":0,"attachmentsCount":0,"hasContent":true}],"attachments":[],"parameters":[],"shouldDisplayMessage":false,"stepsCount":2,"attachmentsCount":0,"hasContent":true},"afterStages":[{"name":"tearDown","time":{"start":1695147355528,"stop":1695147355528,"duration":0},"description":"","status":"passed","steps":[],"attachments":[],"parameters":[],"shouldDisplayMessage":false,"stepsCount":0,"attachmentsCount":0,"hasContent":false}],"labels":[{"name":"package","value":"tests.transaction.TransactionTests"},{"name":"testClass","value":"tests.transaction.TransactionTests"},{"name":"testMethod","value":"get_transaction_by_invalid_hash"},{"name":"parentSuite","value":"Cardano Regression Suite"},{"name":"suite","value":"Cardano API test "},{"name":"subSuite","value":"tests.transaction.TransactionTests"},{"name":"host","value":"fv-az741-674"},{"name":"thread","value":"2253@fv-az741-674.TestNG-test=Cardano API test -1(12)"},{"name":"framework","value":"testng"},{"name":"language","value":"java"},{"name":"epic","value":"cardano"},{"name":"feature","value":"api-transactions"},{"name":"resultFormat","value":"allure2"}],"parameters":[{"name":"arg0","value":"@#$"},{"name":"env","value":"preprod"}],"links":[],"hidden":false,"retry":false,"extra":{"severity":"normal","retries":[],"categories":[{"name":"Product defects","matchedStatuses":[],"flaky":false}],"history":{"statistic":{"failed":83,"broken":2,"skipped":0,"passed":19,"unknown":0,"total":104},"items":[{"uid":"7115f2b4a073353f","reportUrl":"https://Sotatek-DavidNguyen4.github.io/cardano-api-tests-preprod/104//#testresult/7115f2b4a073353f","status":"failed","statusDetails":"Incorrect error message expected [Transaction not found] but found [[The expected length of the hash is 64 characters]]","time":{"start":1695060951438,"stop":1695060953070,"duration":1632}},{"uid":"f6f4cca3bfe73b7b","reportUrl":"https://Sotatek-DavidNguyen4.github.io/cardano-api-tests-preprod/103//#testresult/f6f4cca3bfe73b7b","status":"failed","statusDetails":"Incorrect error message expected [Transaction not found] but found [[The expected length of the hash is 64 characters]]","time":{"start":1694974473668,"stop":1694974475537,"duration":1869}},{"uid":"2a50e94e3691d540","reportUrl":"https://Sotatek-DavidNguyen4.github.io/cardano-api-tests-preprod/102//#testresult/2a50e94e3691d540","status":"failed","statusDetails":"Incorrect error message expected [Transaction not found] but found [[The expected length of the hash is 64 characters]]","time":{"start":1694888084908,"stop":1694888086864,"duration":1956}},{"uid":"b3ab08035b3e421c","reportUrl":"https://Sotatek-DavidNguyen4.github.io/cardano-api-tests-preprod/101//#testresult/b3ab08035b3e421c","status":"failed","statusDetails":"Incorrect error message expected [Transaction not found] but found [[The expected length of the hash is 64 characters]]","time":{"start":1694801714603,"stop":1694801716314,"duration":1711}},{"uid":"14621f02188eca69","reportUrl":"https://Sotatek-DavidNguyen4.github.io/cardano-api-tests-preprod/100//#testresult/14621f02188eca69","status":"failed","statusDetails":"Incorrect error message expected [Transaction not found] but found [[The expected length of the hash is 64 characters]]","time":{"start":1694715596040,"stop":1694715597816,"duration":1776}},{"uid":"c443e3c9aa0a556","reportUrl":"https://Sotatek-DavidNguyen4.github.io/cardano-api-tests-preprod/99//#testresult/c443e3c9aa0a556","status":"failed","statusDetails":"Incorrect error message expected [Transaction not found] but found [[The expected length of the hash is 64 characters]]","time":{"start":1694628904131,"stop":1694628905937,"duration":1806}},{"uid":"ce57e22964ce171d","reportUrl":"https://Sotatek-DavidNguyen4.github.io/cardano-api-tests-preprod/98//#testresult/ce57e22964ce171d","status":"failed","statusDetails":"Incorrect error message expected [Transaction not found] but found [[The expected length of the hash is 64 characters]]","time":{"start":1694542489522,"stop":1694542491015,"duration":1493}},{"uid":"87e44fdce424e15d","reportUrl":"https://Sotatek-DavidNguyen4.github.io/cardano-api-tests-preprod/97//#testresult/87e44fdce424e15d","status":"failed","statusDetails":"Incorrect error message expected [Transaction not found] but found [[The expected length of the hash is 64 characters]]","time":{"start":1694456101138,"stop":1694456102685,"duration":1547}},{"uid":"d80e4ef861f85cff","reportUrl":"https://Sotatek-DavidNguyen4.github.io/cardano-api-tests-preprod/96//#testresult/d80e4ef861f85cff","status":"failed","statusDetails":"Incorrect error message expected [Transaction not found] but found [[The expected length of the hash is 64 characters]]","time":{"start":1694369680859,"stop":1694369682837,"duration":1978}},{"uid":"f6835e59422b2cae","reportUrl":"https://Sotatek-DavidNguyen4.github.io/cardano-api-tests-preprod/95//#testresult/f6835e59422b2cae","status":"failed","statusDetails":"Incorrect error message expected [Transaction not found] but found [[The expected length of the hash is 64 characters]]","time":{"start":1694283297875,"stop":1694283299736,"duration":1861}},{"uid":"8189ce65fad4a6ac","reportUrl":"https://Sotatek-DavidNguyen4.github.io/cardano-api-tests-preprod/94//#testresult/8189ce65fad4a6ac","status":"failed","statusDetails":"Incorrect error message expected [Transaction not found] but found [[The expected length of the hash is 64 characters]]","time":{"start":1694196940578,"stop":1694196942488,"duration":1910}},{"uid":"14e155436fd245e3","reportUrl":"https://Sotatek-DavidNguyen4.github.io/cardano-api-tests-preprod/93//#testresult/14e155436fd245e3","status":"failed","statusDetails":"Incorrect error message expected [Transaction not found] but found [[The expected length of the hash is 64 characters]]","time":{"start":1694110512252,"stop":1694110513951,"duration":1699}},{"uid":"37f304104db0dfc0","reportUrl":"https://Sotatek-DavidNguyen4.github.io/cardano-api-tests-preprod/92//#testresult/37f304104db0dfc0","status":"failed","statusDetails":"Incorrect error message expected [Transaction not found] but found [[The expected length of the hash is 64 characters]]","time":{"start":1694024131448,"stop":1694024133251,"duration":1803}},{"uid":"91b868163c26b824","reportUrl":"https://Sotatek-DavidNguyen4.github.io/cardano-api-tests-preprod/91//#testresult/91b868163c26b824","status":"failed","statusDetails":"Incorrect error message expected [Transaction not found] but found [[The expected length of the hash is 64 characters]]","time":{"start":1693937687871,"stop":1693937689358,"duration":1487}},{"uid":"b8171730b207f93e","reportUrl":"https://Sotatek-DavidNguyen4.github.io/cardano-api-tests-preprod/90//#testresult/b8171730b207f93e","status":"failed","statusDetails":"Incorrect error message expected [Transaction not found] but found [[The expected length of the hash is 64 characters]]","time":{"start":1693851307343,"stop":1693851309017,"duration":1674}},{"uid":"5e60c0f053b63974","reportUrl":"https://Sotatek-DavidNguyen4.github.io/cardano-api-tests-preprod/89//#testresult/5e60c0f053b63974","status":"failed","statusDetails":"Incorrect error message expected [Transaction not found] but found [[The expected length of the hash is 64 characters]]","time":{"start":1693764843947,"stop":1693764845536,"duration":1589}},{"uid":"6de82584f3894e10","reportUrl":"https://Sotatek-DavidNguyen4.github.io/cardano-api-tests-preprod/88//#testresult/6de82584f3894e10","status":"failed","statusDetails":"Incorrect error message expected [Transaction not found] but found [[The expected length of the hash is 64 characters]]","time":{"start":1693678443265,"stop":1693678445095,"duration":1830}},{"uid":"f03c5081effb1d78","reportUrl":"https://Sotatek-DavidNguyen4.github.io/cardano-api-tests-preprod/87//#testresult/f03c5081effb1d78","status":"failed","statusDetails":"Incorrect error message expected [Transaction not found] but found [[The expected length of the hash is 64 characters]]","time":{"start":1693592035733,"stop":1693592037344,"duration":1611}},{"uid":"f5dda100f86947ed","reportUrl":"https://Sotatek-DavidNguyen4.github.io/cardano-api-tests-preprod/86//#testresult/f5dda100f86947ed","status":"failed","statusDetails":"Incorrect error message expected [Transaction not found] but found [[The expected length of the hash is 64 characters]]","time":{"start":1693505721805,"stop":1693505723639,"duration":1834}},{"uid":"1f026d5ac8547be5","reportUrl":"https://Sotatek-DavidNguyen4.github.io/cardano-api-tests-preprod/85//#testresult/1f026d5ac8547be5","status":"failed","statusDetails":"Incorrect error message expected [Transaction not found] but found [[The expected length of the hash is 64 characters]]","time":{"start":1693419346473,"stop":1693419348272,"duration":1799}}]},"tags":[]},"source":"df1a330986ebb321.json","parameterValues":["@#$","preprod"]}