{"uid":"e9c89762e34adfea","name":"Get filter transaction with sort","fullName":"tests.transaction.TransactionTests.get_filter_transaction_unsuccess_with_sort","historyId":"6eaf095d5426fe6bea61a6482b12049e","time":{"start":1696616106987,"stop":1696616108476,"duration":1489},"status":"failed","statusMessage":"1 expectation failed.\nExpected status code <500> but was <400>.\n","statusTrace":"java.lang.AssertionError: 1 expectation failed.\nExpected status code <500> but was <400>.\n\n\tat sun.reflect.GeneratedConstructorAccessor98.newInstance(Unknown Source)\n\tat sun.reflect.DelegatingConstructorAccessorImpl.newInstance(DelegatingConstructorAccessorImpl.java:45)\n\tat java.lang.reflect.Constructor.newInstance(Constructor.java:423)\n\tat org.codehaus.groovy.reflection.CachedConstructor.invoke(CachedConstructor.java:83)\n\tat org.codehaus.groovy.reflection.CachedConstructor.doConstructorInvoke(CachedConstructor.java:77)\n\tat org.codehaus.groovy.runtime.callsite.ConstructorSite$ConstructorSiteNoUnwrap.callConstructor(ConstructorSite.java:84)\n\tat org.codehaus.groovy.runtime.callsite.AbstractCallSite.callConstructor(AbstractCallSite.java:250)\n\tat io.restassured.internal.ResponseSpecificationImpl$HamcrestAssertionClosure.validate(ResponseSpecificationImpl.groovy:494)\n\tat io.restassured.internal.ResponseSpecificationImpl$HamcrestAssertionClosure$validate$2.call(Unknown Source)\n\tat io.restassured.internal.ResponseSpecificationImpl.validateResponseIfRequired(ResponseSpecificationImpl.groovy:656)\n\tat sun.reflect.GeneratedMethodAccessor179.invoke(Unknown Source)\n\tat sun.reflect.DelegatingMethodAccessorImpl.invoke(DelegatingMethodAccessorImpl.java:43)\n\tat java.lang.reflect.Method.invoke(Method.java:498)\n\tat org.codehaus.groovy.runtime.callsite.PogoMetaMethodSite$PogoCachedMethodSiteNoUnwrapNoCoerce.invoke(PogoMetaMethodSite.java:210)\n\tat org.codehaus.groovy.runtime.callsite.PogoMetaMethodSite.callCurrent(PogoMetaMethodSite.java:59)\n\tat org.codehaus.groovy.runtime.callsite.AbstractCallSite.callCurrent(AbstractCallSite.java:169)\n\tat io.restassured.internal.ResponseSpecificationImpl.statusCode(ResponseSpecificationImpl.groovy:125)\n\tat io.restassured.specification.ResponseSpecification$statusCode$0.callCurrent(Unknown Source)\n\tat io.restassured.internal.ResponseSpecificationImpl.statusCode(ResponseSpecificationImpl.groovy:133)\n\tat io.restassured.internal.ValidatableResponseOptionsImpl.statusCode(ValidatableResponseOptionsImpl.java:119)\n\tat core.BaseApi.validateResponse(BaseApi.java:52)\n\tat microservices.common.steps.BaseSteps.then_verifyErrorResponse(BaseSteps.java:11)\n\tat tests.transaction.TransactionTests.get_filter_transaction_unsuccess_with_sort(TransactionTests.java:100)\n\tat sun.reflect.NativeMethodAccessorImpl.invoke0(Native Method)\n\tat sun.reflect.NativeMethodAccessorImpl.invoke(NativeMethodAccessorImpl.java:62)\n\tat sun.reflect.DelegatingMethodAccessorImpl.invoke(DelegatingMethodAccessorImpl.java:43)\n\tat java.lang.reflect.Method.invoke(Method.java:498)\n\tat org.testng.internal.MethodInvocationHelper.invokeMethod(MethodInvocationHelper.java:134)\n\tat org.testng.internal.TestInvoker.invokeMethod(TestInvoker.java:597)\n\tat org.testng.internal.TestInvoker.invokeTestMethod(TestInvoker.java:173)\n\tat org.testng.internal.MethodRunner.runInSequence(MethodRunner.java:46)\n\tat org.testng.internal.TestInvoker$MethodInvocationAgent.invoke(TestInvoker.java:816)\n\tat org.testng.internal.TestInvoker.invokeTestMethods(TestInvoker.java:146)\n\tat org.testng.internal.TestMethodWorker.invokeTestMethods(TestMethodWorker.java:146)\n\tat org.testng.internal.TestMethodWorker.run(TestMethodWorker.java:128)\n\tat java.util.concurrent.ThreadPoolExecutor.runWorker(ThreadPoolExecutor.java:1149)\n\tat java.util.concurrent.ThreadPoolExecutor$Worker.run(ThreadPoolExecutor.java:624)\n\tat java.lang.Thread.run(Thread.java:750)\n","flaky":false,"newFailed":false,"newBroken":false,"newPassed":false,"retriesCount":0,"retriesStatusChange":false,"beforeStages":[{"name":"setUp","time":{"start":1696616106986,"stop":1696616106987,"duration":1},"description":"","status":"passed","steps":[],"attachments":[],"parameters":[],"shouldDisplayMessage":false,"stepsCount":0,"attachmentsCount":0,"hasContent":false}],"testStage":{"status":"failed","statusMessage":"1 expectation failed.\nExpected status code <500> but was <400>.\n","statusTrace":"java.lang.AssertionError: 1 expectation failed.\nExpected status code <500> but was <400>.\n\n\tat sun.reflect.GeneratedConstructorAccessor98.newInstance(Unknown Source)\n\tat sun.reflect.DelegatingConstructorAccessorImpl.newInstance(DelegatingConstructorAccessorImpl.java:45)\n\tat java.lang.reflect.Constructor.newInstance(Constructor.java:423)\n\tat org.codehaus.groovy.reflection.CachedConstructor.invoke(CachedConstructor.java:83)\n\tat org.codehaus.groovy.reflection.CachedConstructor.doConstructorInvoke(CachedConstructor.java:77)\n\tat org.codehaus.groovy.runtime.callsite.ConstructorSite$ConstructorSiteNoUnwrap.callConstructor(ConstructorSite.java:84)\n\tat org.codehaus.groovy.runtime.callsite.AbstractCallSite.callConstructor(AbstractCallSite.java:250)\n\tat io.restassured.internal.ResponseSpecificationImpl$HamcrestAssertionClosure.validate(ResponseSpecificationImpl.groovy:494)\n\tat io.restassured.internal.ResponseSpecificationImpl$HamcrestAssertionClosure$validate$2.call(Unknown Source)\n\tat io.restassured.internal.ResponseSpecificationImpl.validateResponseIfRequired(ResponseSpecificationImpl.groovy:656)\n\tat sun.reflect.GeneratedMethodAccessor179.invoke(Unknown Source)\n\tat sun.reflect.DelegatingMethodAccessorImpl.invoke(DelegatingMethodAccessorImpl.java:43)\n\tat java.lang.reflect.Method.invoke(Method.java:498)\n\tat org.codehaus.groovy.runtime.callsite.PogoMetaMethodSite$PogoCachedMethodSiteNoUnwrapNoCoerce.invoke(PogoMetaMethodSite.java:210)\n\tat org.codehaus.groovy.runtime.callsite.PogoMetaMethodSite.callCurrent(PogoMetaMethodSite.java:59)\n\tat org.codehaus.groovy.runtime.callsite.AbstractCallSite.callCurrent(AbstractCallSite.java:169)\n\tat io.restassured.internal.ResponseSpecificationImpl.statusCode(ResponseSpecificationImpl.groovy:125)\n\tat io.restassured.specification.ResponseSpecification$statusCode$0.callCurrent(Unknown Source)\n\tat io.restassured.internal.ResponseSpecificationImpl.statusCode(ResponseSpecificationImpl.groovy:133)\n\tat io.restassured.internal.ValidatableResponseOptionsImpl.statusCode(ValidatableResponseOptionsImpl.java:119)\n\tat core.BaseApi.validateResponse(BaseApi.java:52)\n\tat microservices.common.steps.BaseSteps.then_verifyErrorResponse(BaseSteps.java:11)\n\tat tests.transaction.TransactionTests.get_filter_transaction_unsuccess_with_sort(TransactionTests.java:100)\n\tat sun.reflect.NativeMethodAccessorImpl.invoke0(Native Method)\n\tat sun.reflect.NativeMethodAccessorImpl.invoke(NativeMethodAccessorImpl.java:62)\n\tat sun.reflect.DelegatingMethodAccessorImpl.invoke(DelegatingMethodAccessorImpl.java:43)\n\tat java.lang.reflect.Method.invoke(Method.java:498)\n\tat org.testng.internal.MethodInvocationHelper.invokeMethod(MethodInvocationHelper.java:134)\n\tat org.testng.internal.TestInvoker.invokeMethod(TestInvoker.java:597)\n\tat org.testng.internal.TestInvoker.invokeTestMethod(TestInvoker.java:173)\n\tat org.testng.internal.MethodRunner.runInSequence(MethodRunner.java:46)\n\tat org.testng.internal.TestInvoker$MethodInvocationAgent.invoke(TestInvoker.java:816)\n\tat org.testng.internal.TestInvoker.invokeTestMethods(TestInvoker.java:146)\n\tat org.testng.internal.TestMethodWorker.invokeTestMethods(TestMethodWorker.java:146)\n\tat org.testng.internal.TestMethodWorker.run(TestMethodWorker.java:128)\n\tat java.util.concurrent.ThreadPoolExecutor.runWorker(ThreadPoolExecutor.java:1149)\n\tat java.util.concurrent.ThreadPoolExecutor$Worker.run(ThreadPoolExecutor.java:624)\n\tat java.lang.Thread.run(Thread.java:750)\n","steps":[{"name":"Get filter transaction","time":{"start":1696616106988,"stop":1696616108475,"duration":1487},"status":"passed","steps":[],"attachments":[],"parameters":[{"name":"params","value":"{sort=[@#$]}"}],"shouldDisplayMessage":false,"stepsCount":0,"attachmentsCount":0,"hasContent":true},{"name":"Verify error response","time":{"start":1696616108475,"stop":1696616108476,"duration":1},"status":"failed","statusMessage":"1 expectation failed.\nExpected status code <500> but was <400>.\n","statusTrace":"java.lang.AssertionError: 1 expectation failed.\nExpected status code <500> but was <400>.\n\n\tat sun.reflect.GeneratedConstructorAccessor98.newInstance(Unknown Source)\n\tat sun.reflect.DelegatingConstructorAccessorImpl.newInstance(DelegatingConstructorAccessorImpl.java:45)\n\tat java.lang.reflect.Constructor.newInstance(Constructor.java:423)\n\tat org.codehaus.groovy.reflection.CachedConstructor.invoke(CachedConstructor.java:83)\n\tat org.codehaus.groovy.reflection.CachedConstructor.doConstructorInvoke(CachedConstructor.java:77)\n\tat org.codehaus.groovy.runtime.callsite.ConstructorSite$ConstructorSiteNoUnwrap.callConstructor(ConstructorSite.java:84)\n\tat org.codehaus.groovy.runtime.callsite.AbstractCallSite.callConstructor(AbstractCallSite.java:250)\n\tat io.restassured.internal.ResponseSpecificationImpl$HamcrestAssertionClosure.validate(ResponseSpecificationImpl.groovy:494)\n\tat io.restassured.internal.ResponseSpecificationImpl$HamcrestAssertionClosure$validate$2.call(Unknown Source)\n\tat io.restassured.internal.ResponseSpecificationImpl.validateResponseIfRequired(ResponseSpecificationImpl.groovy:656)\n\tat sun.reflect.GeneratedMethodAccessor179.invoke(Unknown Source)\n\tat sun.reflect.DelegatingMethodAccessorImpl.invoke(DelegatingMethodAccessorImpl.java:43)\n\tat java.lang.reflect.Method.invoke(Method.java:498)\n\tat org.codehaus.groovy.runtime.callsite.PogoMetaMethodSite$PogoCachedMethodSiteNoUnwrapNoCoerce.invoke(PogoMetaMethodSite.java:210)\n\tat org.codehaus.groovy.runtime.callsite.PogoMetaMethodSite.callCurrent(PogoMetaMethodSite.java:59)\n\tat org.codehaus.groovy.runtime.callsite.AbstractCallSite.callCurrent(AbstractCallSite.java:169)\n\tat io.restassured.internal.ResponseSpecificationImpl.statusCode(ResponseSpecificationImpl.groovy:125)\n\tat io.restassured.specification.ResponseSpecification$statusCode$0.callCurrent(Unknown Source)\n\tat io.restassured.internal.ResponseSpecificationImpl.statusCode(ResponseSpecificationImpl.groovy:133)\n\tat io.restassured.internal.ValidatableResponseOptionsImpl.statusCode(ValidatableResponseOptionsImpl.java:119)\n\tat core.BaseApi.validateResponse(BaseApi.java:52)\n\tat microservices.common.steps.BaseSteps.then_verifyErrorResponse(BaseSteps.java:11)\n\tat tests.transaction.TransactionTests.get_filter_transaction_unsuccess_with_sort(TransactionTests.java:100)\n\tat sun.reflect.NativeMethodAccessorImpl.invoke0(Native Method)\n\tat sun.reflect.NativeMethodAccessorImpl.invoke(NativeMethodAccessorImpl.java:62)\n\tat sun.reflect.DelegatingMethodAccessorImpl.invoke(DelegatingMethodAccessorImpl.java:43)\n\tat java.lang.reflect.Method.invoke(Method.java:498)\n\tat org.testng.internal.MethodInvocationHelper.invokeMethod(MethodInvocationHelper.java:134)\n\tat org.testng.internal.TestInvoker.invokeMethod(TestInvoker.java:597)\n\tat org.testng.internal.TestInvoker.invokeTestMethod(TestInvoker.java:173)\n\tat org.testng.internal.MethodRunner.runInSequence(MethodRunner.java:46)\n\tat org.testng.internal.TestInvoker$MethodInvocationAgent.invoke(TestInvoker.java:816)\n\tat org.testng.internal.TestInvoker.invokeTestMethods(TestInvoker.java:146)\n\tat org.testng.internal.TestMethodWorker.invokeTestMethods(TestMethodWorker.java:146)\n\tat org.testng.internal.TestMethodWorker.run(TestMethodWorker.java:128)\n\tat java.util.concurrent.ThreadPoolExecutor.runWorker(ThreadPoolExecutor.java:1149)\n\tat java.util.concurrent.ThreadPoolExecutor$Worker.run(ThreadPoolExecutor.java:624)\n\tat java.lang.Thread.run(Thread.java:750)\n","steps":[],"attachments":[],"parameters":[{"name":"statusCode","value":"500"},{"name":"message","value":"Unknown error"},{"name":"errorCode","value":"CC_1"}],"shouldDisplayMessage":true,"stepsCount":0,"attachmentsCount":0,"hasContent":true}],"attachments":[],"parameters":[],"shouldDisplayMessage":false,"stepsCount":2,"attachmentsCount":0,"hasContent":true},"afterStages":[{"name":"tearDown","time":{"start":1696616108477,"stop":1696616108477,"duration":0},"description":"","status":"passed","steps":[],"attachments":[],"parameters":[],"shouldDisplayMessage":false,"stepsCount":0,"attachmentsCount":0,"hasContent":false}],"labels":[{"name":"package","value":"tests.transaction.TransactionTests"},{"name":"testClass","value":"tests.transaction.TransactionTests"},{"name":"testMethod","value":"get_filter_transaction_unsuccess_with_sort"},{"name":"parentSuite","value":"Cardano Regression Suite"},{"name":"suite","value":"Cardano API test "},{"name":"subSuite","value":"tests.transaction.TransactionTests"},{"name":"host","value":"fv-az620-992"},{"name":"thread","value":"2226@fv-az620-992.TestNG-test=Cardano API test -1(12)"},{"name":"framework","value":"testng"},{"name":"language","value":"java"},{"name":"epic","value":"cardano"},{"name":"feature","value":"api-transactions"},{"name":"resultFormat","value":"allure2"}],"parameters":[{"name":"arg0","value":"@#$"},{"name":"env","value":"preprod"}],"links":[],"hidden":false,"retry":false,"extra":{"severity":"normal","retries":[],"categories":[{"name":"Product defects","matchedStatuses":[],"flaky":false}],"history":{"statistic":{"failed":100,"broken":2,"skipped":0,"passed":19,"unknown":0,"total":121},"items":[{"uid":"949ebff53e481917","reportUrl":"https://Sotatek-DavidNguyen4.github.io/cardano-api-tests-preprod/121//#testresult/949ebff53e481917","status":"failed","statusDetails":"1 expectation failed.\nExpected status code <500> but was <400>.\n","time":{"start":1696529724631,"stop":1696529726232,"duration":1601}},{"uid":"31fca915329bbd2a","reportUrl":"https://Sotatek-DavidNguyen4.github.io/cardano-api-tests-preprod/120//#testresult/31fca915329bbd2a","status":"failed","statusDetails":"1 expectation failed.\nExpected status code <500> but was <502>.\n","time":{"start":1696443323594,"stop":1696443325252,"duration":1658}},{"uid":"1b612e52cb87808e","reportUrl":"https://Sotatek-DavidNguyen4.github.io/cardano-api-tests-preprod/119//#testresult/1b612e52cb87808e","status":"failed","statusDetails":"1 expectation failed.\nExpected status code <500> but was <400>.\n","time":{"start":1696356916399,"stop":1696356917885,"duration":1486}},{"uid":"290e826e3622e20b","reportUrl":"https://Sotatek-DavidNguyen4.github.io/cardano-api-tests-preprod/118//#testresult/290e826e3622e20b","status":"failed","statusDetails":"1 expectation failed.\nExpected status code <500> but was <400>.\n","time":{"start":1696270538455,"stop":1696270540064,"duration":1609}},{"uid":"4bedfe4b0bcd9bfc","reportUrl":"https://Sotatek-DavidNguyen4.github.io/cardano-api-tests-preprod/117//#testresult/4bedfe4b0bcd9bfc","status":"failed","statusDetails":"1 expectation failed.\nExpected status code <500> but was <400>.\n","time":{"start":1696184072738,"stop":1696184074715,"duration":1977}},{"uid":"6c87aaf2818fb08c","reportUrl":"https://Sotatek-DavidNguyen4.github.io/cardano-api-tests-preprod/116//#testresult/6c87aaf2818fb08c","status":"failed","statusDetails":"1 expectation failed.\nExpected status code <500> but was <400>.\n","time":{"start":1696097636295,"stop":1696097637963,"duration":1668}},{"uid":"df98d9bdd779a68b","reportUrl":"https://Sotatek-DavidNguyen4.github.io/cardano-api-tests-preprod/115//#testresult/df98d9bdd779a68b","status":"failed","statusDetails":"1 expectation failed.\nExpected status code <500> but was <400>.\n","time":{"start":1696011317063,"stop":1696011318649,"duration":1586}},{"uid":"34e6a5b47ec72ec","reportUrl":"https://Sotatek-DavidNguyen4.github.io/cardano-api-tests-preprod/114//#testresult/34e6a5b47ec72ec","status":"failed","statusDetails":"1 expectation failed.\nExpected status code <500> but was <400>.\n","time":{"start":1695924889662,"stop":1695924891272,"duration":1610}},{"uid":"5669847ea372212","reportUrl":"https://Sotatek-DavidNguyen4.github.io/cardano-api-tests-preprod/113//#testresult/5669847ea372212","status":"failed","statusDetails":"1 expectation failed.\nExpected status code <500> but was <400>.\n","time":{"start":1695838554638,"stop":1695838556450,"duration":1812}},{"uid":"d31dd82ce0eb6e84","reportUrl":"https://Sotatek-DavidNguyen4.github.io/cardano-api-tests-preprod/112//#testresult/d31dd82ce0eb6e84","status":"failed","statusDetails":"1 expectation failed.\nExpected status code <500> but was <400>.\n","time":{"start":1695752134721,"stop":1695752136544,"duration":1823}},{"uid":"4283325f7d1e1dc4","reportUrl":"https://Sotatek-DavidNguyen4.github.io/cardano-api-tests-preprod/111//#testresult/4283325f7d1e1dc4","status":"failed","statusDetails":"1 expectation failed.\nExpected status code <500> but was <400>.\n","time":{"start":1695665743754,"stop":1695665745560,"duration":1806}},{"uid":"5d493f3efb88969b","reportUrl":"https://Sotatek-DavidNguyen4.github.io/cardano-api-tests-preprod/110//#testresult/5d493f3efb88969b","status":"failed","statusDetails":"1 expectation failed.\nExpected status code <500> but was <400>.\n","time":{"start":1695579228479,"stop":1695579229969,"duration":1490}},{"uid":"9ed2ce814849f402","reportUrl":"https://Sotatek-DavidNguyen4.github.io/cardano-api-tests-preprod/109//#testresult/9ed2ce814849f402","status":"failed","statusDetails":"1 expectation failed.\nExpected status code <500> but was <400>.\n","time":{"start":1695492840030,"stop":1695492841807,"duration":1777}},{"uid":"a6e2a8402532e36b","reportUrl":"https://Sotatek-DavidNguyen4.github.io/cardano-api-tests-preprod/108//#testresult/a6e2a8402532e36b","status":"failed","statusDetails":"1 expectation failed.\nExpected status code <500> but was <400>.\n","time":{"start":1695406497845,"stop":1695406499461,"duration":1616}},{"uid":"cd6e196cce177887","reportUrl":"https://Sotatek-DavidNguyen4.github.io/cardano-api-tests-preprod/107//#testresult/cd6e196cce177887","status":"failed","statusDetails":"1 expectation failed.\nExpected status code <500> but was <400>.\n","time":{"start":1695320135155,"stop":1695320136969,"duration":1814}},{"uid":"406bb72dc6c51067","reportUrl":"https://Sotatek-DavidNguyen4.github.io/cardano-api-tests-preprod/106//#testresult/406bb72dc6c51067","status":"failed","statusDetails":"1 expectation failed.\nExpected status code <500> but was <400>.\n","time":{"start":1695233726009,"stop":1695233727479,"duration":1470}},{"uid":"b15313fa6fae8343","reportUrl":"https://Sotatek-DavidNguyen4.github.io/cardano-api-tests-preprod/105//#testresult/b15313fa6fae8343","status":"failed","statusDetails":"1 expectation failed.\nExpected status code <500> but was <400>.\n","time":{"start":1695147330868,"stop":1695147332519,"duration":1651}},{"uid":"6d53f33dddc491d6","reportUrl":"https://Sotatek-DavidNguyen4.github.io/cardano-api-tests-preprod/104//#testresult/6d53f33dddc491d6","status":"failed","statusDetails":"1 expectation failed.\nExpected status code <500> but was <400>.\n","time":{"start":1695060928303,"stop":1695060929947,"duration":1644}},{"uid":"2f121e6c230e855f","reportUrl":"https://Sotatek-DavidNguyen4.github.io/cardano-api-tests-preprod/103//#testresult/2f121e6c230e855f","status":"failed","statusDetails":"1 expectation failed.\nExpected status code <500> but was <400>.\n","time":{"start":1694974447545,"stop":1694974449392,"duration":1847}},{"uid":"50321dc58d1a8f56","reportUrl":"https://Sotatek-DavidNguyen4.github.io/cardano-api-tests-preprod/102//#testresult/50321dc58d1a8f56","status":"failed","statusDetails":"1 expectation failed.\nExpected status code <500> but was <400>.\n","time":{"start":1694888057054,"stop":1694888059043,"duration":1989}}]},"tags":[]},"source":"e9c89762e34adfea.json","parameterValues":["@#$","preprod"]}