{"uid":"1928780fbcf1097e","name":"Get number transaction with invalid days","fullName":"tests.transaction.TransactionTests.get_number_transaction_with_invalid_days","historyId":"73c23ff3508fc012c179f250ffbf0ed8","time":{"start":1704651292200,"stop":1704651294334,"duration":2134},"status":"failed","statusMessage":"1 expectation failed.\nExpected status code <500> but was <400>.\n","statusTrace":"java.lang.AssertionError: 1 expectation failed.\nExpected status code <500> but was <400>.\n\n\tat sun.reflect.GeneratedConstructorAccessor100.newInstance(Unknown Source)\n\tat sun.reflect.DelegatingConstructorAccessorImpl.newInstance(DelegatingConstructorAccessorImpl.java:45)\n\tat java.lang.reflect.Constructor.newInstance(Constructor.java:423)\n\tat org.codehaus.groovy.reflection.CachedConstructor.invoke(CachedConstructor.java:83)\n\tat org.codehaus.groovy.reflection.CachedConstructor.doConstructorInvoke(CachedConstructor.java:77)\n\tat org.codehaus.groovy.runtime.callsite.ConstructorSite$ConstructorSiteNoUnwrap.callConstructor(ConstructorSite.java:84)\n\tat org.codehaus.groovy.runtime.callsite.AbstractCallSite.callConstructor(AbstractCallSite.java:250)\n\tat io.restassured.internal.ResponseSpecificationImpl$HamcrestAssertionClosure.validate(ResponseSpecificationImpl.groovy:494)\n\tat io.restassured.internal.ResponseSpecificationImpl$HamcrestAssertionClosure$validate$3.call(Unknown Source)\n\tat io.restassured.internal.ResponseSpecificationImpl.validateResponseIfRequired(ResponseSpecificationImpl.groovy:656)\n\tat sun.reflect.GeneratedMethodAccessor154.invoke(Unknown Source)\n\tat sun.reflect.DelegatingMethodAccessorImpl.invoke(DelegatingMethodAccessorImpl.java:43)\n\tat java.lang.reflect.Method.invoke(Method.java:498)\n\tat org.codehaus.groovy.runtime.callsite.PogoMetaMethodSite$PogoCachedMethodSiteNoUnwrapNoCoerce.invoke(PogoMetaMethodSite.java:210)\n\tat org.codehaus.groovy.runtime.callsite.PogoMetaMethodSite.callCurrent(PogoMetaMethodSite.java:59)\n\tat org.codehaus.groovy.runtime.callsite.AbstractCallSite.callCurrent(AbstractCallSite.java:169)\n\tat io.restassured.internal.ResponseSpecificationImpl.statusCode(ResponseSpecificationImpl.groovy:125)\n\tat io.restassured.specification.ResponseSpecification$statusCode$0.callCurrent(Unknown Source)\n\tat io.restassured.internal.ResponseSpecificationImpl.statusCode(ResponseSpecificationImpl.groovy:133)\n\tat io.restassured.internal.ValidatableResponseOptionsImpl.statusCode(ValidatableResponseOptionsImpl.java:119)\n\tat core.BaseApi.validateResponse(BaseApi.java:52)\n\tat microservices.common.steps.BaseSteps.then_verifyErrorResponse(BaseSteps.java:11)\n\tat tests.transaction.TransactionTests.get_number_transaction_with_invalid_days(TransactionTests.java:106)\n\tat sun.reflect.NativeMethodAccessorImpl.invoke0(Native Method)\n\tat sun.reflect.NativeMethodAccessorImpl.invoke(NativeMethodAccessorImpl.java:62)\n\tat sun.reflect.DelegatingMethodAccessorImpl.invoke(DelegatingMethodAccessorImpl.java:43)\n\tat java.lang.reflect.Method.invoke(Method.java:498)\n\tat org.testng.internal.MethodInvocationHelper.invokeMethod(MethodInvocationHelper.java:134)\n\tat org.testng.internal.TestInvoker.invokeMethod(TestInvoker.java:597)\n\tat org.testng.internal.TestInvoker.invokeTestMethod(TestInvoker.java:173)\n\tat org.testng.internal.MethodRunner.runInSequence(MethodRunner.java:46)\n\tat org.testng.internal.TestInvoker$MethodInvocationAgent.invoke(TestInvoker.java:816)\n\tat org.testng.internal.TestInvoker.invokeTestMethods(TestInvoker.java:146)\n\tat org.testng.internal.TestMethodWorker.invokeTestMethods(TestMethodWorker.java:146)\n\tat org.testng.internal.TestMethodWorker.run(TestMethodWorker.java:128)\n\tat java.util.concurrent.ThreadPoolExecutor.runWorker(ThreadPoolExecutor.java:1149)\n\tat java.util.concurrent.ThreadPoolExecutor$Worker.run(ThreadPoolExecutor.java:624)\n\tat java.lang.Thread.run(Thread.java:750)\n","flaky":false,"newFailed":false,"newBroken":false,"newPassed":false,"retriesCount":0,"retriesStatusChange":false,"beforeStages":[{"name":"setUp","time":{"start":1704651292199,"stop":1704651292199,"duration":0},"description":"","status":"passed","steps":[],"attachments":[],"parameters":[],"shouldDisplayMessage":false,"stepsCount":0,"attachmentsCount":0,"hasContent":false,"attachmentStep":false}],"testStage":{"status":"failed","statusMessage":"1 expectation failed.\nExpected status code <500> but was <400>.\n","statusTrace":"java.lang.AssertionError: 1 expectation failed.\nExpected status code <500> but was <400>.\n\n\tat sun.reflect.GeneratedConstructorAccessor100.newInstance(Unknown Source)\n\tat sun.reflect.DelegatingConstructorAccessorImpl.newInstance(DelegatingConstructorAccessorImpl.java:45)\n\tat java.lang.reflect.Constructor.newInstance(Constructor.java:423)\n\tat org.codehaus.groovy.reflection.CachedConstructor.invoke(CachedConstructor.java:83)\n\tat org.codehaus.groovy.reflection.CachedConstructor.doConstructorInvoke(CachedConstructor.java:77)\n\tat org.codehaus.groovy.runtime.callsite.ConstructorSite$ConstructorSiteNoUnwrap.callConstructor(ConstructorSite.java:84)\n\tat org.codehaus.groovy.runtime.callsite.AbstractCallSite.callConstructor(AbstractCallSite.java:250)\n\tat io.restassured.internal.ResponseSpecificationImpl$HamcrestAssertionClosure.validate(ResponseSpecificationImpl.groovy:494)\n\tat io.restassured.internal.ResponseSpecificationImpl$HamcrestAssertionClosure$validate$3.call(Unknown Source)\n\tat io.restassured.internal.ResponseSpecificationImpl.validateResponseIfRequired(ResponseSpecificationImpl.groovy:656)\n\tat sun.reflect.GeneratedMethodAccessor154.invoke(Unknown Source)\n\tat sun.reflect.DelegatingMethodAccessorImpl.invoke(DelegatingMethodAccessorImpl.java:43)\n\tat java.lang.reflect.Method.invoke(Method.java:498)\n\tat org.codehaus.groovy.runtime.callsite.PogoMetaMethodSite$PogoCachedMethodSiteNoUnwrapNoCoerce.invoke(PogoMetaMethodSite.java:210)\n\tat org.codehaus.groovy.runtime.callsite.PogoMetaMethodSite.callCurrent(PogoMetaMethodSite.java:59)\n\tat org.codehaus.groovy.runtime.callsite.AbstractCallSite.callCurrent(AbstractCallSite.java:169)\n\tat io.restassured.internal.ResponseSpecificationImpl.statusCode(ResponseSpecificationImpl.groovy:125)\n\tat io.restassured.specification.ResponseSpecification$statusCode$0.callCurrent(Unknown Source)\n\tat io.restassured.internal.ResponseSpecificationImpl.statusCode(ResponseSpecificationImpl.groovy:133)\n\tat io.restassured.internal.ValidatableResponseOptionsImpl.statusCode(ValidatableResponseOptionsImpl.java:119)\n\tat core.BaseApi.validateResponse(BaseApi.java:52)\n\tat microservices.common.steps.BaseSteps.then_verifyErrorResponse(BaseSteps.java:11)\n\tat tests.transaction.TransactionTests.get_number_transaction_with_invalid_days(TransactionTests.java:106)\n\tat sun.reflect.NativeMethodAccessorImpl.invoke0(Native Method)\n\tat sun.reflect.NativeMethodAccessorImpl.invoke(NativeMethodAccessorImpl.java:62)\n\tat sun.reflect.DelegatingMethodAccessorImpl.invoke(DelegatingMethodAccessorImpl.java:43)\n\tat java.lang.reflect.Method.invoke(Method.java:498)\n\tat org.testng.internal.MethodInvocationHelper.invokeMethod(MethodInvocationHelper.java:134)\n\tat org.testng.internal.TestInvoker.invokeMethod(TestInvoker.java:597)\n\tat org.testng.internal.TestInvoker.invokeTestMethod(TestInvoker.java:173)\n\tat org.testng.internal.MethodRunner.runInSequence(MethodRunner.java:46)\n\tat org.testng.internal.TestInvoker$MethodInvocationAgent.invoke(TestInvoker.java:816)\n\tat org.testng.internal.TestInvoker.invokeTestMethods(TestInvoker.java:146)\n\tat org.testng.internal.TestMethodWorker.invokeTestMethods(TestMethodWorker.java:146)\n\tat org.testng.internal.TestMethodWorker.run(TestMethodWorker.java:128)\n\tat java.util.concurrent.ThreadPoolExecutor.runWorker(ThreadPoolExecutor.java:1149)\n\tat java.util.concurrent.ThreadPoolExecutor$Worker.run(ThreadPoolExecutor.java:624)\n\tat java.lang.Thread.run(Thread.java:750)\n","steps":[{"name":"Get number transaction on fixable days","time":{"start":1704651292200,"stop":1704651294334,"duration":2134},"status":"passed","steps":[],"attachments":[],"parameters":[{"name":"type","value":"1 day"}],"shouldDisplayMessage":false,"stepsCount":0,"attachmentsCount":0,"hasContent":true,"attachmentStep":false},{"name":"Verify error response","time":{"start":1704651294334,"stop":1704651294334,"duration":0},"status":"failed","statusMessage":"1 expectation failed.\nExpected status code <500> but was <400>.\n","statusTrace":"java.lang.AssertionError: 1 expectation failed.\nExpected status code <500> but was <400>.\n\n\tat sun.reflect.GeneratedConstructorAccessor100.newInstance(Unknown Source)\n\tat sun.reflect.DelegatingConstructorAccessorImpl.newInstance(DelegatingConstructorAccessorImpl.java:45)\n\tat java.lang.reflect.Constructor.newInstance(Constructor.java:423)\n\tat org.codehaus.groovy.reflection.CachedConstructor.invoke(CachedConstructor.java:83)\n\tat org.codehaus.groovy.reflection.CachedConstructor.doConstructorInvoke(CachedConstructor.java:77)\n\tat org.codehaus.groovy.runtime.callsite.ConstructorSite$ConstructorSiteNoUnwrap.callConstructor(ConstructorSite.java:84)\n\tat org.codehaus.groovy.runtime.callsite.AbstractCallSite.callConstructor(AbstractCallSite.java:250)\n\tat io.restassured.internal.ResponseSpecificationImpl$HamcrestAssertionClosure.validate(ResponseSpecificationImpl.groovy:494)\n\tat io.restassured.internal.ResponseSpecificationImpl$HamcrestAssertionClosure$validate$3.call(Unknown Source)\n\tat io.restassured.internal.ResponseSpecificationImpl.validateResponseIfRequired(ResponseSpecificationImpl.groovy:656)\n\tat sun.reflect.GeneratedMethodAccessor154.invoke(Unknown Source)\n\tat sun.reflect.DelegatingMethodAccessorImpl.invoke(DelegatingMethodAccessorImpl.java:43)\n\tat java.lang.reflect.Method.invoke(Method.java:498)\n\tat org.codehaus.groovy.runtime.callsite.PogoMetaMethodSite$PogoCachedMethodSiteNoUnwrapNoCoerce.invoke(PogoMetaMethodSite.java:210)\n\tat org.codehaus.groovy.runtime.callsite.PogoMetaMethodSite.callCurrent(PogoMetaMethodSite.java:59)\n\tat org.codehaus.groovy.runtime.callsite.AbstractCallSite.callCurrent(AbstractCallSite.java:169)\n\tat io.restassured.internal.ResponseSpecificationImpl.statusCode(ResponseSpecificationImpl.groovy:125)\n\tat io.restassured.specification.ResponseSpecification$statusCode$0.callCurrent(Unknown Source)\n\tat io.restassured.internal.ResponseSpecificationImpl.statusCode(ResponseSpecificationImpl.groovy:133)\n\tat io.restassured.internal.ValidatableResponseOptionsImpl.statusCode(ValidatableResponseOptionsImpl.java:119)\n\tat core.BaseApi.validateResponse(BaseApi.java:52)\n\tat microservices.common.steps.BaseSteps.then_verifyErrorResponse(BaseSteps.java:11)\n\tat tests.transaction.TransactionTests.get_number_transaction_with_invalid_days(TransactionTests.java:106)\n\tat sun.reflect.NativeMethodAccessorImpl.invoke0(Native Method)\n\tat sun.reflect.NativeMethodAccessorImpl.invoke(NativeMethodAccessorImpl.java:62)\n\tat sun.reflect.DelegatingMethodAccessorImpl.invoke(DelegatingMethodAccessorImpl.java:43)\n\tat java.lang.reflect.Method.invoke(Method.java:498)\n\tat org.testng.internal.MethodInvocationHelper.invokeMethod(MethodInvocationHelper.java:134)\n\tat org.testng.internal.TestInvoker.invokeMethod(TestInvoker.java:597)\n\tat org.testng.internal.TestInvoker.invokeTestMethod(TestInvoker.java:173)\n\tat org.testng.internal.MethodRunner.runInSequence(MethodRunner.java:46)\n\tat org.testng.internal.TestInvoker$MethodInvocationAgent.invoke(TestInvoker.java:816)\n\tat org.testng.internal.TestInvoker.invokeTestMethods(TestInvoker.java:146)\n\tat org.testng.internal.TestMethodWorker.invokeTestMethods(TestMethodWorker.java:146)\n\tat org.testng.internal.TestMethodWorker.run(TestMethodWorker.java:128)\n\tat java.util.concurrent.ThreadPoolExecutor.runWorker(ThreadPoolExecutor.java:1149)\n\tat java.util.concurrent.ThreadPoolExecutor$Worker.run(ThreadPoolExecutor.java:624)\n\tat java.lang.Thread.run(Thread.java:750)\n","steps":[],"attachments":[],"parameters":[{"name":"statusCode","value":"500"},{"name":"message","value":"Unknown error"},{"name":"errorCode","value":"CC_1"}],"shouldDisplayMessage":true,"stepsCount":0,"attachmentsCount":0,"hasContent":true,"attachmentStep":false}],"attachments":[],"parameters":[],"shouldDisplayMessage":false,"stepsCount":2,"attachmentsCount":0,"hasContent":true,"attachmentStep":false},"afterStages":[{"name":"tearDown","time":{"start":1704651294335,"stop":1704651294335,"duration":0},"description":"","status":"passed","steps":[],"attachments":[],"parameters":[],"shouldDisplayMessage":false,"stepsCount":0,"attachmentsCount":0,"hasContent":false,"attachmentStep":false}],"labels":[{"name":"package","value":"tests.transaction.TransactionTests"},{"name":"testClass","value":"tests.transaction.TransactionTests"},{"name":"testMethod","value":"get_number_transaction_with_invalid_days"},{"name":"parentSuite","value":"Cardano Regression Suite"},{"name":"suite","value":"Cardano API test "},{"name":"subSuite","value":"tests.transaction.TransactionTests"},{"name":"host","value":"fv-az1542-577"},{"name":"thread","value":"2292@fv-az1542-577.TestNG-test=Cardano API test -2(14)"},{"name":"framework","value":"testng"},{"name":"language","value":"java"},{"name":"epic","value":"cardano"},{"name":"feature","value":"api-transactions"},{"name":"resultFormat","value":"allure2"}],"parameters":[{"name":"arg0","value":"1 day"},{"name":"env","value":"preprod"}],"links":[],"hidden":false,"retry":false,"extra":{"severity":"normal","retries":[],"categories":[{"name":"Product defects","matchedStatuses":[],"flaky":false}],"history":{"statistic":{"failed":192,"broken":3,"skipped":0,"passed":19,"unknown":0,"total":214},"items":[{"uid":"6a4da7a29e8533a3","reportUrl":"https://Sotatek-DavidNguyen4.github.io/cardano-api-tests-preprod/214//#testresult/6a4da7a29e8533a3","status":"failed","statusDetails":"1 expectation failed.\nExpected status code <500> but was <400>.\n","time":{"start":1704564853020,"stop":1704564854587,"duration":1567}},{"uid":"98d2cccf5d3f3ff8","reportUrl":"https://Sotatek-DavidNguyen4.github.io/cardano-api-tests-preprod/213//#testresult/98d2cccf5d3f3ff8","status":"failed","statusDetails":"1 expectation failed.\nExpected status code <500> but was <400>.\n","time":{"start":1704478533106,"stop":1704478534919,"duration":1813}},{"uid":"8cb13a53d7ef6413","reportUrl":"https://Sotatek-DavidNguyen4.github.io/cardano-api-tests-preprod/212//#testresult/8cb13a53d7ef6413","status":"failed","statusDetails":"1 expectation failed.\nExpected status code <500> but was <400>.\n","time":{"start":1704392129539,"stop":1704392131160,"duration":1621}},{"uid":"b4ff3ec0a824c57c","reportUrl":"https://Sotatek-DavidNguyen4.github.io/cardano-api-tests-preprod/211//#testresult/b4ff3ec0a824c57c","status":"failed","statusDetails":"1 expectation failed.\nExpected status code <500> but was <400>.\n","time":{"start":1704305757742,"stop":1704305759623,"duration":1881}},{"uid":"20a056ec49fb241","reportUrl":"https://Sotatek-DavidNguyen4.github.io/cardano-api-tests-preprod/210//#testresult/20a056ec49fb241","status":"failed","statusDetails":"1 expectation failed.\nExpected status code <500> but was <400>.\n","time":{"start":1704219393131,"stop":1704219395075,"duration":1944}},{"uid":"ef67bc6657265b81","reportUrl":"https://Sotatek-DavidNguyen4.github.io/cardano-api-tests-preprod/209//#testresult/ef67bc6657265b81","status":"failed","statusDetails":"1 expectation failed.\nExpected status code <500> but was <400>.\n","time":{"start":1704132951873,"stop":1704132953786,"duration":1913}},{"uid":"bb5399632534d1b","reportUrl":"https://Sotatek-DavidNguyen4.github.io/cardano-api-tests-preprod/208//#testresult/bb5399632534d1b","status":"failed","statusDetails":"1 expectation failed.\nExpected status code <500> but was <400>.\n","time":{"start":1704046465539,"stop":1704046467308,"duration":1769}},{"uid":"87a59211f0b299f","reportUrl":"https://Sotatek-DavidNguyen4.github.io/cardano-api-tests-preprod/207//#testresult/87a59211f0b299f","status":"failed","statusDetails":"1 expectation failed.\nExpected status code <500> but was <400>.\n","time":{"start":1703960151685,"stop":1703960153468,"duration":1783}},{"uid":"3a38409d5a04a00e","reportUrl":"https://Sotatek-DavidNguyen4.github.io/cardano-api-tests-preprod/206//#testresult/3a38409d5a04a00e","status":"failed","statusDetails":"1 expectation failed.\nExpected status code <500> but was <400>.\n","time":{"start":1703873723483,"stop":1703873725270,"duration":1787}},{"uid":"9fd1d8c1e8519424","reportUrl":"https://Sotatek-DavidNguyen4.github.io/cardano-api-tests-preprod/205//#testresult/9fd1d8c1e8519424","status":"failed","statusDetails":"1 expectation failed.\nExpected status code <500> but was <400>.\n","time":{"start":1703787338330,"stop":1703787339871,"duration":1541}},{"uid":"1da3f394d5852e41","reportUrl":"https://Sotatek-DavidNguyen4.github.io/cardano-api-tests-preprod/204//#testresult/1da3f394d5852e41","status":"failed","statusDetails":"1 expectation failed.\nExpected status code <500> but was <400>.\n","time":{"start":1703700888516,"stop":1703700890117,"duration":1601}},{"uid":"747ba9c229e35b2a","reportUrl":"https://Sotatek-DavidNguyen4.github.io/cardano-api-tests-preprod/203//#testresult/747ba9c229e35b2a","status":"failed","statusDetails":"1 expectation failed.\nExpected status code <500> but was <400>.\n","time":{"start":1703614529486,"stop":1703614531286,"duration":1800}},{"uid":"2a4955ecb40b04b7","reportUrl":"https://Sotatek-DavidNguyen4.github.io/cardano-api-tests-preprod/202//#testresult/2a4955ecb40b04b7","status":"failed","statusDetails":"1 expectation failed.\nExpected status code <500> but was <400>.\n","time":{"start":1703528109502,"stop":1703528111317,"duration":1815}},{"uid":"3330f5536ba6af70","reportUrl":"https://Sotatek-DavidNguyen4.github.io/cardano-api-tests-preprod/201//#testresult/3330f5536ba6af70","status":"failed","statusDetails":"1 expectation failed.\nExpected status code <500> but was <400>.\n","time":{"start":1703441689939,"stop":1703441691834,"duration":1895}},{"uid":"892dd40dd0fcd400","reportUrl":"https://Sotatek-DavidNguyen4.github.io/cardano-api-tests-preprod/200//#testresult/892dd40dd0fcd400","status":"failed","statusDetails":"1 expectation failed.\nExpected status code <500> but was <400>.\n","time":{"start":1703355281497,"stop":1703355283283,"duration":1786}},{"uid":"ba72760ba126ffd9","reportUrl":"https://Sotatek-DavidNguyen4.github.io/cardano-api-tests-preprod/199//#testresult/ba72760ba126ffd9","status":"failed","statusDetails":"1 expectation failed.\nExpected status code <500> but was <400>.\n","time":{"start":1703268915247,"stop":1703268917097,"duration":1850}},{"uid":"42a8ce02c7ad9d69","reportUrl":"https://Sotatek-DavidNguyen4.github.io/cardano-api-tests-preprod/198//#testresult/42a8ce02c7ad9d69","status":"failed","statusDetails":"1 expectation failed.\nExpected status code <500> but was <400>.\n","time":{"start":1703182458904,"stop":1703182460680,"duration":1776}},{"uid":"6b77f51f66c7a8fb","reportUrl":"https://Sotatek-DavidNguyen4.github.io/cardano-api-tests-preprod/197//#testresult/6b77f51f66c7a8fb","status":"failed","statusDetails":"1 expectation failed.\nExpected status code <500> but was <400>.\n","time":{"start":1703096143403,"stop":1703096145190,"duration":1787}},{"uid":"83ee52536cbd17be","reportUrl":"https://Sotatek-DavidNguyen4.github.io/cardano-api-tests-preprod/196//#testresult/83ee52536cbd17be","status":"failed","statusDetails":"1 expectation failed.\nExpected status code <500> but was <400>.\n","time":{"start":1703009601013,"stop":1703009602572,"duration":1559}},{"uid":"d96c779e5d06ae33","reportUrl":"https://Sotatek-DavidNguyen4.github.io/cardano-api-tests-preprod/195//#testresult/d96c779e5d06ae33","status":"failed","statusDetails":"1 expectation failed.\nExpected status code <500> but was <400>.\n","time":{"start":1702923361938,"stop":1702923363640,"duration":1702}}]},"tags":[]},"source":"1928780fbcf1097e.json","parameterValues":["1 day","preprod"]}