{"uid":"4555e687d6bff3a3","name":"Get the transaction by invalid hash","fullName":"tests.transaction.TransactionTests.get_transaction_by_invalid_hash","historyId":"13fea904d5c83f522a203c5564c88059","time":{"start":1704651307180,"stop":1704651308968,"duration":1788},"status":"failed","statusMessage":"Incorrect error message expected [Transaction not found] but found [[The expected length of the hash is 64 characters]]","statusTrace":"java.lang.AssertionError: Incorrect error message expected [Transaction not found] but found [[The expected length of the hash is 64 characters]]\n\tat org.testng.Assert.fail(Assert.java:97)\n\tat org.testng.Assert.assertEqualsImpl(Assert.java:136)\n\tat org.testng.Assert.assertEquals(Assert.java:118)\n\tat org.testng.Assert.assertEquals(Assert.java:575)\n\tat microservices.common.steps.BaseSteps.then_verifyErrorResponse(BaseSteps.java:13)\n\tat tests.transaction.TransactionTests.get_transaction_by_invalid_hash(TransactionTests.java:40)\n\tat sun.reflect.NativeMethodAccessorImpl.invoke0(Native Method)\n\tat sun.reflect.NativeMethodAccessorImpl.invoke(NativeMethodAccessorImpl.java:62)\n\tat sun.reflect.DelegatingMethodAccessorImpl.invoke(DelegatingMethodAccessorImpl.java:43)\n\tat java.lang.reflect.Method.invoke(Method.java:498)\n\tat org.testng.internal.MethodInvocationHelper.invokeMethod(MethodInvocationHelper.java:134)\n\tat org.testng.internal.TestInvoker.invokeMethod(TestInvoker.java:597)\n\tat org.testng.internal.TestInvoker.invokeTestMethod(TestInvoker.java:173)\n\tat org.testng.internal.MethodRunner.runInSequence(MethodRunner.java:46)\n\tat org.testng.internal.TestInvoker$MethodInvocationAgent.invoke(TestInvoker.java:816)\n\tat org.testng.internal.TestInvoker.invokeTestMethods(TestInvoker.java:146)\n\tat org.testng.internal.TestMethodWorker.invokeTestMethods(TestMethodWorker.java:146)\n\tat org.testng.internal.TestMethodWorker.run(TestMethodWorker.java:128)\n\tat java.util.concurrent.ThreadPoolExecutor.runWorker(ThreadPoolExecutor.java:1149)\n\tat java.util.concurrent.ThreadPoolExecutor$Worker.run(ThreadPoolExecutor.java:624)\n\tat java.lang.Thread.run(Thread.java:750)\n","flaky":false,"newFailed":false,"newBroken":false,"newPassed":false,"retriesCount":0,"retriesStatusChange":false,"beforeStages":[{"name":"setUp","time":{"start":1704651307179,"stop":1704651307179,"duration":0},"description":"","status":"passed","steps":[],"attachments":[],"parameters":[],"shouldDisplayMessage":false,"stepsCount":0,"attachmentsCount":0,"hasContent":false,"attachmentStep":false}],"testStage":{"status":"failed","statusMessage":"Incorrect error message expected [Transaction not found] but found [[The expected length of the hash is 64 characters]]","statusTrace":"java.lang.AssertionError: Incorrect error message expected [Transaction not found] but found [[The expected length of the hash is 64 characters]]\n\tat org.testng.Assert.fail(Assert.java:97)\n\tat org.testng.Assert.assertEqualsImpl(Assert.java:136)\n\tat org.testng.Assert.assertEquals(Assert.java:118)\n\tat org.testng.Assert.assertEquals(Assert.java:575)\n\tat microservices.common.steps.BaseSteps.then_verifyErrorResponse(BaseSteps.java:13)\n\tat tests.transaction.TransactionTests.get_transaction_by_invalid_hash(TransactionTests.java:40)\n\tat sun.reflect.NativeMethodAccessorImpl.invoke0(Native Method)\n\tat sun.reflect.NativeMethodAccessorImpl.invoke(NativeMethodAccessorImpl.java:62)\n\tat sun.reflect.DelegatingMethodAccessorImpl.invoke(DelegatingMethodAccessorImpl.java:43)\n\tat java.lang.reflect.Method.invoke(Method.java:498)\n\tat org.testng.internal.MethodInvocationHelper.invokeMethod(MethodInvocationHelper.java:134)\n\tat org.testng.internal.TestInvoker.invokeMethod(TestInvoker.java:597)\n\tat org.testng.internal.TestInvoker.invokeTestMethod(TestInvoker.java:173)\n\tat org.testng.internal.MethodRunner.runInSequence(MethodRunner.java:46)\n\tat org.testng.internal.TestInvoker$MethodInvocationAgent.invoke(TestInvoker.java:816)\n\tat org.testng.internal.TestInvoker.invokeTestMethods(TestInvoker.java:146)\n\tat org.testng.internal.TestMethodWorker.invokeTestMethods(TestMethodWorker.java:146)\n\tat org.testng.internal.TestMethodWorker.run(TestMethodWorker.java:128)\n\tat java.util.concurrent.ThreadPoolExecutor.runWorker(ThreadPoolExecutor.java:1149)\n\tat java.util.concurrent.ThreadPoolExecutor$Worker.run(ThreadPoolExecutor.java:624)\n\tat java.lang.Thread.run(Thread.java:750)\n","steps":[{"name":"Get transaction by hash","time":{"start":1704651307180,"stop":1704651308967,"duration":1787},"status":"passed","steps":[],"attachments":[],"parameters":[{"name":"hash","value":"asset1c6t4elexwkpuzq08ssylhhmc78ahlz0sgw5a7y"}],"shouldDisplayMessage":false,"stepsCount":0,"attachmentsCount":0,"hasContent":true,"attachmentStep":false},{"name":"Verify error response","time":{"start":1704651308967,"stop":1704651308968,"duration":1},"status":"failed","statusMessage":"Incorrect error message expected [Transaction not found] but found [[The expected length of the hash is 64 characters]]","statusTrace":"java.lang.AssertionError: Incorrect error message expected [Transaction not found] but found [[The expected length of the hash is 64 characters]]\n\tat org.testng.Assert.fail(Assert.java:97)\n\tat org.testng.Assert.assertEqualsImpl(Assert.java:136)\n\tat org.testng.Assert.assertEquals(Assert.java:118)\n\tat org.testng.Assert.assertEquals(Assert.java:575)\n\tat microservices.common.steps.BaseSteps.then_verifyErrorResponse(BaseSteps.java:13)\n\tat tests.transaction.TransactionTests.get_transaction_by_invalid_hash(TransactionTests.java:40)\n\tat sun.reflect.NativeMethodAccessorImpl.invoke0(Native Method)\n\tat sun.reflect.NativeMethodAccessorImpl.invoke(NativeMethodAccessorImpl.java:62)\n\tat sun.reflect.DelegatingMethodAccessorImpl.invoke(DelegatingMethodAccessorImpl.java:43)\n\tat java.lang.reflect.Method.invoke(Method.java:498)\n\tat org.testng.internal.MethodInvocationHelper.invokeMethod(MethodInvocationHelper.java:134)\n\tat org.testng.internal.TestInvoker.invokeMethod(TestInvoker.java:597)\n\tat org.testng.internal.TestInvoker.invokeTestMethod(TestInvoker.java:173)\n\tat org.testng.internal.MethodRunner.runInSequence(MethodRunner.java:46)\n\tat org.testng.internal.TestInvoker$MethodInvocationAgent.invoke(TestInvoker.java:816)\n\tat org.testng.internal.TestInvoker.invokeTestMethods(TestInvoker.java:146)\n\tat org.testng.internal.TestMethodWorker.invokeTestMethods(TestMethodWorker.java:146)\n\tat org.testng.internal.TestMethodWorker.run(TestMethodWorker.java:128)\n\tat java.util.concurrent.ThreadPoolExecutor.runWorker(ThreadPoolExecutor.java:1149)\n\tat java.util.concurrent.ThreadPoolExecutor$Worker.run(ThreadPoolExecutor.java:624)\n\tat java.lang.Thread.run(Thread.java:750)\n","steps":[],"attachments":[],"parameters":[{"name":"statusCode","value":"400"},{"name":"message","value":"Transaction not found"},{"name":"errorCode","value":"BC_404-TRANSACTION_NOT_FOUND"}],"shouldDisplayMessage":true,"stepsCount":0,"attachmentsCount":0,"hasContent":true,"attachmentStep":false}],"attachments":[],"parameters":[],"shouldDisplayMessage":false,"stepsCount":2,"attachmentsCount":0,"hasContent":true,"attachmentStep":false},"afterStages":[{"name":"tearDown","time":{"start":1704651308968,"stop":1704651308968,"duration":0},"description":"","status":"passed","steps":[],"attachments":[],"parameters":[],"shouldDisplayMessage":false,"stepsCount":0,"attachmentsCount":0,"hasContent":false,"attachmentStep":false}],"labels":[{"name":"package","value":"tests.transaction.TransactionTests"},{"name":"testClass","value":"tests.transaction.TransactionTests"},{"name":"testMethod","value":"get_transaction_by_invalid_hash"},{"name":"parentSuite","value":"Cardano Regression Suite"},{"name":"suite","value":"Cardano API test "},{"name":"subSuite","value":"tests.transaction.TransactionTests"},{"name":"host","value":"fv-az1542-577"},{"name":"thread","value":"2292@fv-az1542-577.TestNG-test=Cardano API test -2(14)"},{"name":"framework","value":"testng"},{"name":"language","value":"java"},{"name":"feature","value":"api-transactions"},{"name":"epic","value":"cardano"},{"name":"resultFormat","value":"allure2"}],"parameters":[{"name":"arg0","value":"asset1c6t4elexwkpuzq08ssylhhmc78ahlz0sgw5a7y"},{"name":"env","value":"preprod"}],"links":[],"hidden":false,"retry":false,"extra":{"severity":"normal","retries":[],"categories":[{"name":"Product defects","matchedStatuses":[],"flaky":false}],"history":{"statistic":{"failed":193,"broken":2,"skipped":0,"passed":19,"unknown":0,"total":214},"items":[{"uid":"3a526b93696c83d9","reportUrl":"https://Sotatek-DavidNguyen4.github.io/cardano-api-tests-preprod/214//#testresult/3a526b93696c83d9","status":"failed","statusDetails":"Incorrect error message expected [Transaction not found] but found [[The expected length of the hash is 64 characters]]","time":{"start":1704564869119,"stop":1704564870711,"duration":1592}},{"uid":"ca8235bf45a6ef8d","reportUrl":"https://Sotatek-DavidNguyen4.github.io/cardano-api-tests-preprod/213//#testresult/ca8235bf45a6ef8d","status":"failed","statusDetails":"Incorrect error message expected [Transaction not found] but found [[The expected length of the hash is 64 characters]]","time":{"start":1704478547688,"stop":1704478549498,"duration":1810}},{"uid":"adf0ba31f9ad3257","reportUrl":"https://Sotatek-DavidNguyen4.github.io/cardano-api-tests-preprod/212//#testresult/adf0ba31f9ad3257","status":"failed","statusDetails":"Incorrect error message expected [Transaction not found] but found [[The expected length of the hash is 64 characters]]","time":{"start":1704392142648,"stop":1704392144280,"duration":1632}},{"uid":"8b0fa9bf43ea6419","reportUrl":"https://Sotatek-DavidNguyen4.github.io/cardano-api-tests-preprod/211//#testresult/8b0fa9bf43ea6419","status":"failed","statusDetails":"Incorrect error message expected [Transaction not found] but found [[The expected length of the hash is 64 characters]]","time":{"start":1704305772459,"stop":1704305774336,"duration":1877}},{"uid":"f3b9725dbc352f7a","reportUrl":"https://Sotatek-DavidNguyen4.github.io/cardano-api-tests-preprod/210//#testresult/f3b9725dbc352f7a","status":"failed","statusDetails":"Incorrect error message expected [Transaction not found] but found [[The expected length of the hash is 64 characters]]","time":{"start":1704219408933,"stop":1704219410987,"duration":2054}},{"uid":"1b4bbd11c492a853","reportUrl":"https://Sotatek-DavidNguyen4.github.io/cardano-api-tests-preprod/209//#testresult/1b4bbd11c492a853","status":"failed","statusDetails":"Incorrect error message expected [Transaction not found] but found [[The expected length of the hash is 64 characters]]","time":{"start":1704132966750,"stop":1704132968599,"duration":1849}},{"uid":"f9d6d3eb808c489f","reportUrl":"https://Sotatek-DavidNguyen4.github.io/cardano-api-tests-preprod/208//#testresult/f9d6d3eb808c489f","status":"failed","statusDetails":"Incorrect error message expected [Transaction not found] but found [[The expected length of the hash is 64 characters]]","time":{"start":1704046480358,"stop":1704046482124,"duration":1766}},{"uid":"ad4ced02b20794a1","reportUrl":"https://Sotatek-DavidNguyen4.github.io/cardano-api-tests-preprod/207//#testresult/ad4ced02b20794a1","status":"failed","statusDetails":"Incorrect error message expected [Transaction not found] but found [[The expected length of the hash is 64 characters]]","time":{"start":1703960166356,"stop":1703960168221,"duration":1865}},{"uid":"5deac32f81824f06","reportUrl":"https://Sotatek-DavidNguyen4.github.io/cardano-api-tests-preprod/206//#testresult/5deac32f81824f06","status":"failed","statusDetails":"Incorrect error message expected [Transaction not found] but found [[The expected length of the hash is 64 characters]]","time":{"start":1703873738253,"stop":1703873740127,"duration":1874}},{"uid":"e22eb938d06cab19","reportUrl":"https://Sotatek-DavidNguyen4.github.io/cardano-api-tests-preprod/205//#testresult/e22eb938d06cab19","status":"failed","statusDetails":"Incorrect error message expected [Transaction not found] but found [[The expected length of the hash is 64 characters]]","time":{"start":1703787351286,"stop":1703787352845,"duration":1559}},{"uid":"7c474a61415d538c","reportUrl":"https://Sotatek-DavidNguyen4.github.io/cardano-api-tests-preprod/204//#testresult/7c474a61415d538c","status":"failed","statusDetails":"Incorrect error message expected [Transaction not found] but found [[The expected length of the hash is 64 characters]]","time":{"start":1703700901312,"stop":1703700902879,"duration":1567}},{"uid":"a937071f1ac84cf5","reportUrl":"https://Sotatek-DavidNguyen4.github.io/cardano-api-tests-preprod/203//#testresult/a937071f1ac84cf5","status":"failed","statusDetails":"Incorrect error message expected [Transaction not found] but found [[The expected length of the hash is 64 characters]]","time":{"start":1703614544494,"stop":1703614546374,"duration":1880}},{"uid":"8c86129da5b346ce","reportUrl":"https://Sotatek-DavidNguyen4.github.io/cardano-api-tests-preprod/202//#testresult/8c86129da5b346ce","status":"failed","statusDetails":"Incorrect error message expected [Transaction not found] but found [[The expected length of the hash is 64 characters]]","time":{"start":1703528124440,"stop":1703528126295,"duration":1855}},{"uid":"745867ddf361747d","reportUrl":"https://Sotatek-DavidNguyen4.github.io/cardano-api-tests-preprod/201//#testresult/745867ddf361747d","status":"failed","statusDetails":"Incorrect error message expected [Transaction not found] but found [[The expected length of the hash is 64 characters]]","time":{"start":1703441708315,"stop":1703441710248,"duration":1933}},{"uid":"9a226f4742aed881","reportUrl":"https://Sotatek-DavidNguyen4.github.io/cardano-api-tests-preprod/200//#testresult/9a226f4742aed881","status":"failed","statusDetails":"Incorrect error message expected [Transaction not found] but found [[The expected length of the hash is 64 characters]]","time":{"start":1703355296706,"stop":1703355298474,"duration":1768}},{"uid":"ddfbb75e71c31b43","reportUrl":"https://Sotatek-DavidNguyen4.github.io/cardano-api-tests-preprod/199//#testresult/ddfbb75e71c31b43","status":"failed","statusDetails":"Incorrect error message expected [Transaction not found] but found [[The expected length of the hash is 64 characters]]","time":{"start":1703268930325,"stop":1703268932147,"duration":1822}},{"uid":"f7ce47a187c7f8a","reportUrl":"https://Sotatek-DavidNguyen4.github.io/cardano-api-tests-preprod/198//#testresult/f7ce47a187c7f8a","status":"failed","statusDetails":"Incorrect error message expected [Transaction not found] but found [[The expected length of the hash is 64 characters]]","time":{"start":1703182473467,"stop":1703182475187,"duration":1720}},{"uid":"d3e7cb0c5810ab8c","reportUrl":"https://Sotatek-DavidNguyen4.github.io/cardano-api-tests-preprod/197//#testresult/d3e7cb0c5810ab8c","status":"failed","statusDetails":"Incorrect error message expected [Transaction not found] but found [[The expected length of the hash is 64 characters]]","time":{"start":1703096158046,"stop":1703096159779,"duration":1733}},{"uid":"63ecad8d1db2ac1b","reportUrl":"https://Sotatek-DavidNguyen4.github.io/cardano-api-tests-preprod/196//#testresult/63ecad8d1db2ac1b","status":"failed","statusDetails":"Incorrect error message expected [Transaction not found] but found [[The expected length of the hash is 64 characters]]","time":{"start":1703009613899,"stop":1703009615484,"duration":1585}},{"uid":"db14f5e2e29532b7","reportUrl":"https://Sotatek-DavidNguyen4.github.io/cardano-api-tests-preprod/195//#testresult/db14f5e2e29532b7","status":"failed","statusDetails":"Incorrect error message expected [Transaction not found] but found [[The expected length of the hash is 64 characters]]","time":{"start":1702923376201,"stop":1702923377999,"duration":1798}}]},"tags":[]},"source":"4555e687d6bff3a3.json","parameterValues":["asset1c6t4elexwkpuzq08ssylhhmc78ahlz0sgw5a7y","preprod"]}