{"uid":"6d642d6597727a9e","name":"verify that get data for address analytics unSuccessfully with address","fullName":"tests.addresses.AddressAnalyticsTests.verifyGetAddressAnalyticsResponseUnsuccessfullyWithAddress","historyId":"aef54857d6fc8e6b36a8977c7a343ca3","time":{"start":1700417443572,"stop":1700417445528,"duration":1956},"status":"failed","statusMessage":"Incorrect error message expected [Wallet address not found] but found [type not valid]","statusTrace":"java.lang.AssertionError: Incorrect error message expected [Wallet address not found] but found [type not valid]\n\tat org.testng.Assert.fail(Assert.java:97)\n\tat org.testng.Assert.assertEqualsImpl(Assert.java:136)\n\tat org.testng.Assert.assertEquals(Assert.java:118)\n\tat org.testng.Assert.assertEquals(Assert.java:575)\n\tat microservices.common.steps.BaseSteps.then_verifyErrorResponse(BaseSteps.java:13)\n\tat tests.addresses.AddressAnalyticsTests.verifyGetAddressAnalyticsResponseUnsuccessfullyWithAddress(AddressAnalyticsTests.java:36)\n\tat sun.reflect.NativeMethodAccessorImpl.invoke0(Native Method)\n\tat sun.reflect.NativeMethodAccessorImpl.invoke(NativeMethodAccessorImpl.java:62)\n\tat sun.reflect.DelegatingMethodAccessorImpl.invoke(DelegatingMethodAccessorImpl.java:43)\n\tat java.lang.reflect.Method.invoke(Method.java:498)\n\tat org.testng.internal.MethodInvocationHelper.invokeMethod(MethodInvocationHelper.java:134)\n\tat org.testng.internal.TestInvoker.invokeMethod(TestInvoker.java:597)\n\tat org.testng.internal.TestInvoker.invokeTestMethod(TestInvoker.java:173)\n\tat org.testng.internal.MethodRunner.runInSequence(MethodRunner.java:46)\n\tat org.testng.internal.TestInvoker$MethodInvocationAgent.invoke(TestInvoker.java:816)\n\tat org.testng.internal.TestInvoker.invokeTestMethods(TestInvoker.java:146)\n\tat org.testng.internal.TestMethodWorker.invokeTestMethods(TestMethodWorker.java:146)\n\tat org.testng.internal.TestMethodWorker.run(TestMethodWorker.java:128)\n\tat java.util.concurrent.ThreadPoolExecutor.runWorker(ThreadPoolExecutor.java:1149)\n\tat java.util.concurrent.ThreadPoolExecutor$Worker.run(ThreadPoolExecutor.java:624)\n\tat java.lang.Thread.run(Thread.java:750)\n","flaky":false,"newFailed":false,"newBroken":false,"newPassed":false,"retriesCount":0,"retriesStatusChange":false,"beforeStages":[{"name":"setUp","time":{"start":1700417443569,"stop":1700417443570,"duration":1},"description":"","status":"passed","steps":[],"attachments":[],"parameters":[],"shouldDisplayMessage":false,"stepsCount":0,"attachmentsCount":0,"hasContent":false}],"testStage":{"status":"failed","statusMessage":"Incorrect error message expected [Wallet address not found] but found [type not valid]","statusTrace":"java.lang.AssertionError: Incorrect error message expected [Wallet address not found] but found [type not valid]\n\tat org.testng.Assert.fail(Assert.java:97)\n\tat org.testng.Assert.assertEqualsImpl(Assert.java:136)\n\tat org.testng.Assert.assertEquals(Assert.java:118)\n\tat org.testng.Assert.assertEquals(Assert.java:575)\n\tat microservices.common.steps.BaseSteps.then_verifyErrorResponse(BaseSteps.java:13)\n\tat tests.addresses.AddressAnalyticsTests.verifyGetAddressAnalyticsResponseUnsuccessfullyWithAddress(AddressAnalyticsTests.java:36)\n\tat sun.reflect.NativeMethodAccessorImpl.invoke0(Native Method)\n\tat sun.reflect.NativeMethodAccessorImpl.invoke(NativeMethodAccessorImpl.java:62)\n\tat sun.reflect.DelegatingMethodAccessorImpl.invoke(DelegatingMethodAccessorImpl.java:43)\n\tat java.lang.reflect.Method.invoke(Method.java:498)\n\tat org.testng.internal.MethodInvocationHelper.invokeMethod(MethodInvocationHelper.java:134)\n\tat org.testng.internal.TestInvoker.invokeMethod(TestInvoker.java:597)\n\tat org.testng.internal.TestInvoker.invokeTestMethod(TestInvoker.java:173)\n\tat org.testng.internal.MethodRunner.runInSequence(MethodRunner.java:46)\n\tat org.testng.internal.TestInvoker$MethodInvocationAgent.invoke(TestInvoker.java:816)\n\tat org.testng.internal.TestInvoker.invokeTestMethods(TestInvoker.java:146)\n\tat org.testng.internal.TestMethodWorker.invokeTestMethods(TestMethodWorker.java:146)\n\tat org.testng.internal.TestMethodWorker.run(TestMethodWorker.java:128)\n\tat java.util.concurrent.ThreadPoolExecutor.runWorker(ThreadPoolExecutor.java:1149)\n\tat java.util.concurrent.ThreadPoolExecutor$Worker.run(ThreadPoolExecutor.java:624)\n\tat java.lang.Thread.run(Thread.java:750)\n","steps":[{"name":"get an adddress analytics","time":{"start":1700417443572,"stop":1700417445359,"duration":1787},"status":"passed","steps":[],"attachments":[],"parameters":[{"name":"address","value":"123"},{"name":"type","value":"TWO_WEEK"}],"shouldDisplayMessage":false,"stepsCount":0,"attachmentsCount":0,"hasContent":true},{"name":"Verify error response","time":{"start":1700417445360,"stop":1700417445527,"duration":167},"status":"failed","statusMessage":"Incorrect error message expected [Wallet address not found] but found [type not valid]","statusTrace":"java.lang.AssertionError: Incorrect error message expected [Wallet address not found] but found [type not valid]\n\tat org.testng.Assert.fail(Assert.java:97)\n\tat org.testng.Assert.assertEqualsImpl(Assert.java:136)\n\tat org.testng.Assert.assertEquals(Assert.java:118)\n\tat org.testng.Assert.assertEquals(Assert.java:575)\n\tat microservices.common.steps.BaseSteps.then_verifyErrorResponse(BaseSteps.java:13)\n\tat tests.addresses.AddressAnalyticsTests.verifyGetAddressAnalyticsResponseUnsuccessfullyWithAddress(AddressAnalyticsTests.java:36)\n\tat sun.reflect.NativeMethodAccessorImpl.invoke0(Native Method)\n\tat sun.reflect.NativeMethodAccessorImpl.invoke(NativeMethodAccessorImpl.java:62)\n\tat sun.reflect.DelegatingMethodAccessorImpl.invoke(DelegatingMethodAccessorImpl.java:43)\n\tat java.lang.reflect.Method.invoke(Method.java:498)\n\tat org.testng.internal.MethodInvocationHelper.invokeMethod(MethodInvocationHelper.java:134)\n\tat org.testng.internal.TestInvoker.invokeMethod(TestInvoker.java:597)\n\tat org.testng.internal.TestInvoker.invokeTestMethod(TestInvoker.java:173)\n\tat org.testng.internal.MethodRunner.runInSequence(MethodRunner.java:46)\n\tat org.testng.internal.TestInvoker$MethodInvocationAgent.invoke(TestInvoker.java:816)\n\tat org.testng.internal.TestInvoker.invokeTestMethods(TestInvoker.java:146)\n\tat org.testng.internal.TestMethodWorker.invokeTestMethods(TestMethodWorker.java:146)\n\tat org.testng.internal.TestMethodWorker.run(TestMethodWorker.java:128)\n\tat java.util.concurrent.ThreadPoolExecutor.runWorker(ThreadPoolExecutor.java:1149)\n\tat java.util.concurrent.ThreadPoolExecutor$Worker.run(ThreadPoolExecutor.java:624)\n\tat java.lang.Thread.run(Thread.java:750)\n","steps":[],"attachments":[],"parameters":[{"name":"statusCode","value":"400"},{"name":"message","value":"Wallet address not found"},{"name":"errorCode","value":"BC_404-ADDRESS_NOT_FOUND"}],"shouldDisplayMessage":true,"stepsCount":0,"attachmentsCount":0,"hasContent":true}],"attachments":[],"parameters":[],"shouldDisplayMessage":false,"stepsCount":2,"attachmentsCount":0,"hasContent":true},"afterStages":[{"name":"tearDown","time":{"start":1700417445529,"stop":1700417445529,"duration":0},"description":"","status":"passed","steps":[],"attachments":[],"parameters":[],"shouldDisplayMessage":false,"stepsCount":0,"attachmentsCount":0,"hasContent":false}],"labels":[{"name":"package","value":"tests.addresses.AddressAnalyticsTests"},{"name":"testClass","value":"tests.addresses.AddressAnalyticsTests"},{"name":"testMethod","value":"verifyGetAddressAnalyticsResponseUnsuccessfullyWithAddress"},{"name":"parentSuite","value":"Cardano Regression Suite"},{"name":"suite","value":"Cardano API test "},{"name":"subSuite","value":"tests.addresses.AddressAnalyticsTests"},{"name":"host","value":"fv-az837-992"},{"name":"thread","value":"2432@fv-az837-992.TestNG-test=Cardano API test -3(15)"},{"name":"framework","value":"testng"},{"name":"language","value":"java"},{"name":"epic","value":"cardano"},{"name":"feature","value":"api-addresses"},{"name":"resultFormat","value":"allure2"}],"parameters":[{"name":"arg0","value":"123"},{"name":"env","value":"preprod"}],"links":[],"hidden":false,"retry":false,"extra":{"severity":"normal","retries":[],"categories":[{"name":"Product defects","matchedStatuses":[],"flaky":false}],"history":{"statistic":{"failed":150,"broken":2,"skipped":0,"passed":13,"unknown":0,"total":165},"items":[{"uid":"329ccb0cc281ff17","reportUrl":"https://Sotatek-DavidNguyen4.github.io/cardano-api-tests-preprod/165//#testresult/329ccb0cc281ff17","status":"failed","statusDetails":"Incorrect error message expected [Wallet address not found] but found [type not valid]","time":{"start":1700331055965,"stop":1700331058087,"duration":2122}},{"uid":"49199ced0f77dcab","reportUrl":"https://Sotatek-DavidNguyen4.github.io/cardano-api-tests-preprod/164//#testresult/49199ced0f77dcab","status":"failed","statusDetails":"Incorrect error message expected [Wallet address not found] but found [type not valid]","time":{"start":1700244728469,"stop":1700244730435,"duration":1966}},{"uid":"a6fe6e2b7358012a","reportUrl":"https://Sotatek-DavidNguyen4.github.io/cardano-api-tests-preprod/163//#testresult/a6fe6e2b7358012a","status":"failed","statusDetails":"Incorrect error message expected [Wallet address not found] but found [type not valid]","time":{"start":1700158321885,"stop":1700158323885,"duration":2000}},{"uid":"894f3aaa8a1f9973","reportUrl":"https://Sotatek-DavidNguyen4.github.io/cardano-api-tests-preprod/162//#testresult/894f3aaa8a1f9973","status":"failed","statusDetails":"Incorrect error message expected [Wallet address not found] but found [type not valid]","time":{"start":1700071944579,"stop":1700071946256,"duration":1677}},{"uid":"c71af2fac96fc018","reportUrl":"https://Sotatek-DavidNguyen4.github.io/cardano-api-tests-preprod/161//#testresult/c71af2fac96fc018","status":"failed","statusDetails":"Incorrect error message expected [Wallet address not found] but found [type not valid]","time":{"start":1699985465771,"stop":1699985467685,"duration":1914}},{"uid":"e4285b8dd02b0a89","reportUrl":"https://Sotatek-DavidNguyen4.github.io/cardano-api-tests-preprod/160//#testresult/e4285b8dd02b0a89","status":"failed","statusDetails":"Incorrect error message expected [Wallet address not found] but found [type not valid]","time":{"start":1699899100786,"stop":1699899102878,"duration":2092}},{"uid":"757463a94c171eff","reportUrl":"https://Sotatek-DavidNguyen4.github.io/cardano-api-tests-preprod/159//#testresult/757463a94c171eff","status":"failed","statusDetails":"Incorrect error message expected [Wallet address not found] but found [type not valid]","time":{"start":1699812640480,"stop":1699812642515,"duration":2035}},{"uid":"ecd2507c17a7d0eb","reportUrl":"https://Sotatek-DavidNguyen4.github.io/cardano-api-tests-preprod/158//#testresult/ecd2507c17a7d0eb","status":"failed","statusDetails":"Incorrect error message expected [Wallet address not found] but found [type not valid]","time":{"start":1699726241619,"stop":1699726243432,"duration":1813}},{"uid":"baff1adcf23547d7","reportUrl":"https://Sotatek-DavidNguyen4.github.io/cardano-api-tests-preprod/157//#testresult/baff1adcf23547d7","status":"failed","statusDetails":"Incorrect error message expected [Wallet address not found] but found [type not valid]","time":{"start":1699639910066,"stop":1699639911985,"duration":1919}},{"uid":"b2af0450181deb83","reportUrl":"https://Sotatek-DavidNguyen4.github.io/cardano-api-tests-preprod/156//#testresult/b2af0450181deb83","status":"failed","statusDetails":"Incorrect error message expected [Wallet address not found] but found [type not valid]","time":{"start":1699553492296,"stop":1699553494181,"duration":1885}},{"uid":"3f7dff70dae7a9b5","reportUrl":"https://Sotatek-DavidNguyen4.github.io/cardano-api-tests-preprod/155//#testresult/3f7dff70dae7a9b5","status":"failed","statusDetails":"Incorrect error message expected [Wallet address not found] but found [type not valid]","time":{"start":1699467127079,"stop":1699467129014,"duration":1935}},{"uid":"6bc147927b41cdc","reportUrl":"https://Sotatek-DavidNguyen4.github.io/cardano-api-tests-preprod/154//#testresult/6bc147927b41cdc","status":"failed","statusDetails":"Incorrect error message expected [Wallet address not found] but found [type not valid]","time":{"start":1699380692381,"stop":1699380694239,"duration":1858}},{"uid":"8e1e59dab5e8a2e9","reportUrl":"https://Sotatek-DavidNguyen4.github.io/cardano-api-tests-preprod/153//#testresult/8e1e59dab5e8a2e9","status":"failed","statusDetails":"Incorrect error message expected [Wallet address not found] but found [type not valid]","time":{"start":1699294338540,"stop":1699294340749,"duration":2209}},{"uid":"41eeb3be39460489","reportUrl":"https://Sotatek-DavidNguyen4.github.io/cardano-api-tests-preprod/152//#testresult/41eeb3be39460489","status":"failed","statusDetails":"Incorrect error message expected [Wallet address not found] but found [type not valid]","time":{"start":1699207829417,"stop":1699207831392,"duration":1975}},{"uid":"70407c12b4979c6","reportUrl":"https://Sotatek-DavidNguyen4.github.io/cardano-api-tests-preprod/151//#testresult/70407c12b4979c6","status":"failed","statusDetails":"Incorrect error message expected [Wallet address not found] but found [type not valid]","time":{"start":1699121464622,"stop":1699121466634,"duration":2012}},{"uid":"9bfb4b07bbc751c","reportUrl":"https://Sotatek-DavidNguyen4.github.io/cardano-api-tests-preprod/150//#testresult/9bfb4b07bbc751c","status":"failed","statusDetails":"Incorrect error message expected [Wallet address not found] but found [type not valid]","time":{"start":1699035122865,"stop":1699035124557,"duration":1692}},{"uid":"b98efc43b7c8bc41","reportUrl":"https://Sotatek-DavidNguyen4.github.io/cardano-api-tests-preprod/149//#testresult/b98efc43b7c8bc41","status":"failed","statusDetails":"Incorrect error message expected [Wallet address not found] but found [type not valid]","time":{"start":1698948710520,"stop":1698948712353,"duration":1833}},{"uid":"bad563ebc2500000","reportUrl":"https://Sotatek-DavidNguyen4.github.io/cardano-api-tests-preprod/148//#testresult/bad563ebc2500000","status":"failed","statusDetails":"Incorrect error message expected [Wallet address not found] but found [type not valid]","time":{"start":1698862325752,"stop":1698862327512,"duration":1760}},{"uid":"1e74f05f976b78e0","reportUrl":"https://Sotatek-DavidNguyen4.github.io/cardano-api-tests-preprod/147//#testresult/1e74f05f976b78e0","status":"failed","statusDetails":"1 expectation failed.\nExpected status code <400> but was <502>.\n","time":{"start":1698775910113,"stop":1698775911963,"duration":1850}},{"uid":"6ede1de6c2dd2572","reportUrl":"https://Sotatek-DavidNguyen4.github.io/cardano-api-tests-preprod/146//#testresult/6ede1de6c2dd2572","status":"failed","statusDetails":"1 expectation failed.\nExpected status code <400> but was <502>.\n","time":{"start":1698689537495,"stop":1698689539589,"duration":2094}}]},"tags":[]},"source":"6d642d6597727a9e.json","parameterValues":["123","preprod"]}