{"uid":"ffc202eb1ae6636b","name":"get stake history with invalid stake key","fullName":"tests.stakes.StakeKeyHistoryTests.getStakeHistoryInvalidStake","historyId":"d3f76b4a9792e7f715287972e48cc844","time":{"start":1700417617969,"stop":1700417619809,"duration":1840},"status":"failed","statusMessage":"Incorrect error message expected [Stake address not found] but found [[The expected length of the hash is 64 characters, Field should have a prefixed value of 'stake']]","statusTrace":"java.lang.AssertionError: Incorrect error message expected [Stake address not found] but found [[The expected length of the hash is 64 characters, Field should have a prefixed value of 'stake']]\n\tat org.testng.Assert.fail(Assert.java:97)\n\tat org.testng.Assert.assertEqualsImpl(Assert.java:136)\n\tat org.testng.Assert.assertEquals(Assert.java:118)\n\tat org.testng.Assert.assertEquals(Assert.java:575)\n\tat microservices.common.steps.BaseSteps.then_verifyErrorResponse(BaseSteps.java:13)\n\tat tests.stakes.StakeKeyHistoryTests.getStakeHistoryInvalidStake(StakeKeyHistoryTests.java:46)\n\tat sun.reflect.NativeMethodAccessorImpl.invoke0(Native Method)\n\tat sun.reflect.NativeMethodAccessorImpl.invoke(NativeMethodAccessorImpl.java:62)\n\tat sun.reflect.DelegatingMethodAccessorImpl.invoke(DelegatingMethodAccessorImpl.java:43)\n\tat java.lang.reflect.Method.invoke(Method.java:498)\n\tat org.testng.internal.MethodInvocationHelper.invokeMethod(MethodInvocationHelper.java:134)\n\tat org.testng.internal.TestInvoker.invokeMethod(TestInvoker.java:597)\n\tat org.testng.internal.TestInvoker.invokeTestMethod(TestInvoker.java:173)\n\tat org.testng.internal.MethodRunner.runInSequence(MethodRunner.java:46)\n\tat org.testng.internal.TestInvoker$MethodInvocationAgent.invoke(TestInvoker.java:816)\n\tat org.testng.internal.TestInvoker.invokeTestMethods(TestInvoker.java:146)\n\tat org.testng.internal.TestMethodWorker.invokeTestMethods(TestMethodWorker.java:146)\n\tat org.testng.internal.TestMethodWorker.run(TestMethodWorker.java:128)\n\tat java.util.concurrent.ThreadPoolExecutor.runWorker(ThreadPoolExecutor.java:1149)\n\tat java.util.concurrent.ThreadPoolExecutor$Worker.run(ThreadPoolExecutor.java:624)\n\tat java.lang.Thread.run(Thread.java:750)\n","flaky":false,"newFailed":false,"newBroken":false,"newPassed":false,"retriesCount":0,"retriesStatusChange":false,"beforeStages":[{"name":"setUp","time":{"start":1700417617968,"stop":1700417617969,"duration":1},"description":"","status":"passed","steps":[],"attachments":[],"parameters":[],"shouldDisplayMessage":false,"stepsCount":0,"attachmentsCount":0,"hasContent":false}],"testStage":{"status":"failed","statusMessage":"Incorrect error message expected [Stake address not found] but found [[The expected length of the hash is 64 characters, Field should have a prefixed value of 'stake']]","statusTrace":"java.lang.AssertionError: Incorrect error message expected [Stake address not found] but found [[The expected length of the hash is 64 characters, Field should have a prefixed value of 'stake']]\n\tat org.testng.Assert.fail(Assert.java:97)\n\tat org.testng.Assert.assertEqualsImpl(Assert.java:136)\n\tat org.testng.Assert.assertEquals(Assert.java:118)\n\tat org.testng.Assert.assertEquals(Assert.java:575)\n\tat microservices.common.steps.BaseSteps.then_verifyErrorResponse(BaseSteps.java:13)\n\tat tests.stakes.StakeKeyHistoryTests.getStakeHistoryInvalidStake(StakeKeyHistoryTests.java:46)\n\tat sun.reflect.NativeMethodAccessorImpl.invoke0(Native Method)\n\tat sun.reflect.NativeMethodAccessorImpl.invoke(NativeMethodAccessorImpl.java:62)\n\tat sun.reflect.DelegatingMethodAccessorImpl.invoke(DelegatingMethodAccessorImpl.java:43)\n\tat java.lang.reflect.Method.invoke(Method.java:498)\n\tat org.testng.internal.MethodInvocationHelper.invokeMethod(MethodInvocationHelper.java:134)\n\tat org.testng.internal.TestInvoker.invokeMethod(TestInvoker.java:597)\n\tat org.testng.internal.TestInvoker.invokeTestMethod(TestInvoker.java:173)\n\tat org.testng.internal.MethodRunner.runInSequence(MethodRunner.java:46)\n\tat org.testng.internal.TestInvoker$MethodInvocationAgent.invoke(TestInvoker.java:816)\n\tat org.testng.internal.TestInvoker.invokeTestMethods(TestInvoker.java:146)\n\tat org.testng.internal.TestMethodWorker.invokeTestMethods(TestMethodWorker.java:146)\n\tat org.testng.internal.TestMethodWorker.run(TestMethodWorker.java:128)\n\tat java.util.concurrent.ThreadPoolExecutor.runWorker(ThreadPoolExecutor.java:1149)\n\tat java.util.concurrent.ThreadPoolExecutor$Worker.run(ThreadPoolExecutor.java:624)\n\tat java.lang.Thread.run(Thread.java:750)\n","steps":[{"name":"get stake history","time":{"start":1700417617969,"stop":1700417619808,"duration":1839},"status":"passed","steps":[],"attachments":[],"parameters":[{"name":"stakeKey","value":" "}],"shouldDisplayMessage":false,"stepsCount":0,"attachmentsCount":0,"hasContent":true},{"name":"Verify error response","time":{"start":1700417619808,"stop":1700417619809,"duration":1},"status":"failed","statusMessage":"Incorrect error message expected [Stake address not found] but found [[The expected length of the hash is 64 characters, Field should have a prefixed value of 'stake']]","statusTrace":"java.lang.AssertionError: Incorrect error message expected [Stake address not found] but found [[The expected length of the hash is 64 characters, Field should have a prefixed value of 'stake']]\n\tat org.testng.Assert.fail(Assert.java:97)\n\tat org.testng.Assert.assertEqualsImpl(Assert.java:136)\n\tat org.testng.Assert.assertEquals(Assert.java:118)\n\tat org.testng.Assert.assertEquals(Assert.java:575)\n\tat microservices.common.steps.BaseSteps.then_verifyErrorResponse(BaseSteps.java:13)\n\tat tests.stakes.StakeKeyHistoryTests.getStakeHistoryInvalidStake(StakeKeyHistoryTests.java:46)\n\tat sun.reflect.NativeMethodAccessorImpl.invoke0(Native Method)\n\tat sun.reflect.NativeMethodAccessorImpl.invoke(NativeMethodAccessorImpl.java:62)\n\tat sun.reflect.DelegatingMethodAccessorImpl.invoke(DelegatingMethodAccessorImpl.java:43)\n\tat java.lang.reflect.Method.invoke(Method.java:498)\n\tat org.testng.internal.MethodInvocationHelper.invokeMethod(MethodInvocationHelper.java:134)\n\tat org.testng.internal.TestInvoker.invokeMethod(TestInvoker.java:597)\n\tat org.testng.internal.TestInvoker.invokeTestMethod(TestInvoker.java:173)\n\tat org.testng.internal.MethodRunner.runInSequence(MethodRunner.java:46)\n\tat org.testng.internal.TestInvoker$MethodInvocationAgent.invoke(TestInvoker.java:816)\n\tat org.testng.internal.TestInvoker.invokeTestMethods(TestInvoker.java:146)\n\tat org.testng.internal.TestMethodWorker.invokeTestMethods(TestMethodWorker.java:146)\n\tat org.testng.internal.TestMethodWorker.run(TestMethodWorker.java:128)\n\tat java.util.concurrent.ThreadPoolExecutor.runWorker(ThreadPoolExecutor.java:1149)\n\tat java.util.concurrent.ThreadPoolExecutor$Worker.run(ThreadPoolExecutor.java:624)\n\tat java.lang.Thread.run(Thread.java:750)\n","steps":[],"attachments":[],"parameters":[{"name":"statusCode","value":"400"},{"name":"message","value":"Stake address not found"},{"name":"errorCode","value":"BC_404-STAKE_ADDRESS_NOT_FOUND"}],"shouldDisplayMessage":true,"stepsCount":0,"attachmentsCount":0,"hasContent":true}],"attachments":[],"parameters":[],"shouldDisplayMessage":false,"stepsCount":2,"attachmentsCount":0,"hasContent":true},"afterStages":[{"name":"tearDown","time":{"start":1700417619809,"stop":1700417619809,"duration":0},"description":"","status":"passed","steps":[],"attachments":[],"parameters":[],"shouldDisplayMessage":false,"stepsCount":0,"attachmentsCount":0,"hasContent":false}],"labels":[{"name":"package","value":"tests.stakes.StakeKeyHistoryTests"},{"name":"testClass","value":"tests.stakes.StakeKeyHistoryTests"},{"name":"testMethod","value":"getStakeHistoryInvalidStake"},{"name":"parentSuite","value":"Cardano Regression Suite"},{"name":"suite","value":"Cardano API test "},{"name":"subSuite","value":"tests.stakes.StakeKeyHistoryTests"},{"name":"host","value":"fv-az837-992"},{"name":"thread","value":"2432@fv-az837-992.TestNG-test=Cardano API test -2(14)"},{"name":"framework","value":"testng"},{"name":"language","value":"java"},{"name":"resultFormat","value":"allure2"}],"parameters":[{"name":"arg0","value":" "},{"name":"env","value":"preprod"}],"links":[],"hidden":false,"retry":false,"extra":{"severity":"normal","retries":[],"categories":[{"name":"Product defects","matchedStatuses":[],"flaky":false}],"history":{"statistic":{"failed":144,"broken":2,"skipped":0,"passed":19,"unknown":0,"total":165},"items":[{"uid":"f73fb93e19b2239f","reportUrl":"https://Sotatek-DavidNguyen4.github.io/cardano-api-tests-preprod/165//#testresult/f73fb93e19b2239f","status":"failed","statusDetails":"Incorrect error message expected [Stake address not found] but found [[The expected length of the hash is 64 characters, Field should have a prefixed value of 'stake']]","time":{"start":1700331236004,"stop":1700331237915,"duration":1911}},{"uid":"16ff24ed0aaca274","reportUrl":"https://Sotatek-DavidNguyen4.github.io/cardano-api-tests-preprod/164//#testresult/16ff24ed0aaca274","status":"failed","statusDetails":"Incorrect error message expected [Stake address not found] but found [[The expected length of the hash is 64 characters, Field should have a prefixed value of 'stake']]","time":{"start":1700244899803,"stop":1700244901614,"duration":1811}},{"uid":"c1399f6725b40e82","reportUrl":"https://Sotatek-DavidNguyen4.github.io/cardano-api-tests-preprod/163//#testresult/c1399f6725b40e82","status":"failed","statusDetails":"Incorrect error message expected [Stake address not found] but found [[The expected length of the hash is 64 characters, Field should have a prefixed value of 'stake']]","time":{"start":1700158496242,"stop":1700158498135,"duration":1893}},{"uid":"8100f97414ef7038","reportUrl":"https://Sotatek-DavidNguyen4.github.io/cardano-api-tests-preprod/162//#testresult/8100f97414ef7038","status":"failed","statusDetails":"Incorrect error message expected [Stake address not found] but found [[Field should have a prefixed value of 'stake', The expected length of the hash is 64 characters]]","time":{"start":1700072088443,"stop":1700072089935,"duration":1492}},{"uid":"4bb4b7f446f621bf","reportUrl":"https://Sotatek-DavidNguyen4.github.io/cardano-api-tests-preprod/161//#testresult/4bb4b7f446f621bf","status":"failed","statusDetails":"Incorrect error message expected [Stake address not found] but found [[Field should have a prefixed value of 'stake', The expected length of the hash is 64 characters]]","time":{"start":1699985622890,"stop":1699985624567,"duration":1677}},{"uid":"5fa47d4e2f3594ac","reportUrl":"https://Sotatek-DavidNguyen4.github.io/cardano-api-tests-preprod/160//#testresult/5fa47d4e2f3594ac","status":"failed","statusDetails":"Incorrect error message expected [Stake address not found] but found [[The expected length of the hash is 64 characters, Field should have a prefixed value of 'stake']]","time":{"start":1699899287374,"stop":1699899289266,"duration":1892}},{"uid":"33f075749e48a9dd","reportUrl":"https://Sotatek-DavidNguyen4.github.io/cardano-api-tests-preprod/159//#testresult/33f075749e48a9dd","status":"failed","statusDetails":"Incorrect error message expected [Stake address not found] but found [[Field should have a prefixed value of 'stake', The expected length of the hash is 64 characters]]","time":{"start":1699812819410,"stop":1699812821344,"duration":1934}},{"uid":"fdf430325f931024","reportUrl":"https://Sotatek-DavidNguyen4.github.io/cardano-api-tests-preprod/158//#testresult/fdf430325f931024","status":"failed","statusDetails":"Incorrect error message expected [Stake address not found] but found [[Field should have a prefixed value of 'stake', The expected length of the hash is 64 characters]]","time":{"start":1699726398256,"stop":1699726399909,"duration":1653}},{"uid":"6bdcce3a10fbf498","reportUrl":"https://Sotatek-DavidNguyen4.github.io/cardano-api-tests-preprod/157//#testresult/6bdcce3a10fbf498","status":"failed","statusDetails":"Incorrect error message expected [Stake address not found] but found [[The expected length of the hash is 64 characters, Field should have a prefixed value of 'stake']]","time":{"start":1699640069233,"stop":1699640070894,"duration":1661}},{"uid":"c277e28359ea09f8","reportUrl":"https://Sotatek-DavidNguyen4.github.io/cardano-api-tests-preprod/156//#testresult/c277e28359ea09f8","status":"failed","statusDetails":"Incorrect error message expected [Stake address not found] but found [[Field should have a prefixed value of 'stake', The expected length of the hash is 64 characters]]","time":{"start":1699553658294,"stop":1699553659993,"duration":1699}},{"uid":"55d674541caef1c9","reportUrl":"https://Sotatek-DavidNguyen4.github.io/cardano-api-tests-preprod/155//#testresult/55d674541caef1c9","status":"failed","statusDetails":"Incorrect error message expected [Stake address not found] but found [[Field should have a prefixed value of 'stake', The expected length of the hash is 64 characters]]","time":{"start":1699467300421,"stop":1699467302060,"duration":1639}},{"uid":"a37a1cef35d9b82a","reportUrl":"https://Sotatek-DavidNguyen4.github.io/cardano-api-tests-preprod/154//#testresult/a37a1cef35d9b82a","status":"failed","statusDetails":"Incorrect error message expected [Stake address not found] but found [[The expected length of the hash is 64 characters, Field should have a prefixed value of 'stake']]","time":{"start":1699380859709,"stop":1699380861466,"duration":1757}},{"uid":"a706f274996c7f04","reportUrl":"https://Sotatek-DavidNguyen4.github.io/cardano-api-tests-preprod/153//#testresult/a706f274996c7f04","status":"failed","statusDetails":"Incorrect error message expected [Stake address not found] but found [[The expected length of the hash is 64 characters, Field should have a prefixed value of 'stake']]","time":{"start":1699294518792,"stop":1699294520611,"duration":1819}},{"uid":"6d66d46253556109","reportUrl":"https://Sotatek-DavidNguyen4.github.io/cardano-api-tests-preprod/152//#testresult/6d66d46253556109","status":"failed","statusDetails":"Incorrect error message expected [Stake address not found] but found [[Field should have a prefixed value of 'stake', The expected length of the hash is 64 characters]]","time":{"start":1699208002404,"stop":1699208004241,"duration":1837}},{"uid":"b4cd5f1832a8b92e","reportUrl":"https://Sotatek-DavidNguyen4.github.io/cardano-api-tests-preprod/151//#testresult/b4cd5f1832a8b92e","status":"failed","statusDetails":"Incorrect error message expected [Stake address not found] but found [[Field should have a prefixed value of 'stake', The expected length of the hash is 64 characters]]","time":{"start":1699121632824,"stop":1699121634534,"duration":1710}},{"uid":"6f8d4d6c19e54ba5","reportUrl":"https://Sotatek-DavidNguyen4.github.io/cardano-api-tests-preprod/150//#testresult/6f8d4d6c19e54ba5","status":"failed","statusDetails":"Incorrect error message expected [Stake address not found] but found [[Field should have a prefixed value of 'stake', The expected length of the hash is 64 characters]]","time":{"start":1699035285809,"stop":1699035287327,"duration":1518}},{"uid":"537cba20c379180e","reportUrl":"https://Sotatek-DavidNguyen4.github.io/cardano-api-tests-preprod/149//#testresult/537cba20c379180e","status":"failed","statusDetails":"Incorrect error message expected [Stake address not found] but found [[Field should have a prefixed value of 'stake', The expected length of the hash is 64 characters]]","time":{"start":1698948861028,"stop":1698948862648,"duration":1620}},{"uid":"c7514cc51583931a","reportUrl":"https://Sotatek-DavidNguyen4.github.io/cardano-api-tests-preprod/148//#testresult/c7514cc51583931a","status":"failed","statusDetails":"Incorrect error message expected [Stake address not found] but found [[The expected length of the hash is 64 characters, Field should have a prefixed value of 'stake']]","time":{"start":1698862475809,"stop":1698862477225,"duration":1416}},{"uid":"5f77bd4d0605966c","reportUrl":"https://Sotatek-DavidNguyen4.github.io/cardano-api-tests-preprod/147//#testresult/5f77bd4d0605966c","status":"failed","statusDetails":"1 expectation failed.\nExpected status code <400> but was <502>.\n","time":{"start":1698776075046,"stop":1698776076823,"duration":1777}},{"uid":"b234e8a31c9ae9f3","reportUrl":"https://Sotatek-DavidNguyen4.github.io/cardano-api-tests-preprod/146//#testresult/b234e8a31c9ae9f3","status":"failed","statusDetails":"1 expectation failed.\nExpected status code <400> but was <502>.\n","time":{"start":1698689720388,"stop":1698689722370,"duration":1982}}]},"tags":[]},"source":"ffc202eb1ae6636b.json","parameterValues":[" ","preprod"]}