{"uid":"9e51a70c93676b7e","name":"get stake history with invalid stake key","fullName":"tests.stakes.StakeKeyHistoryTests.getStakeHistoryInvalidStake","historyId":"d16fd343e8f0c9f6ed8ecc5ca5e9778c","time":{"start":1696443297008,"stop":1696443298645,"duration":1637},"status":"failed","statusMessage":"1 expectation failed.\nExpected status code <400> but was <502>.\n","statusTrace":"java.lang.AssertionError: 1 expectation failed.\nExpected status code <400> but was <502>.\n\n\tat sun.reflect.GeneratedConstructorAccessor96.newInstance(Unknown Source)\n\tat sun.reflect.DelegatingConstructorAccessorImpl.newInstance(DelegatingConstructorAccessorImpl.java:45)\n\tat java.lang.reflect.Constructor.newInstance(Constructor.java:423)\n\tat org.codehaus.groovy.reflection.CachedConstructor.invoke(CachedConstructor.java:83)\n\tat org.codehaus.groovy.reflection.CachedConstructor.doConstructorInvoke(CachedConstructor.java:77)\n\tat org.codehaus.groovy.runtime.callsite.ConstructorSite$ConstructorSiteNoUnwrap.callConstructor(ConstructorSite.java:84)\n\tat org.codehaus.groovy.runtime.callsite.AbstractCallSite.callConstructor(AbstractCallSite.java:250)\n\tat io.restassured.internal.ResponseSpecificationImpl$HamcrestAssertionClosure.validate(ResponseSpecificationImpl.groovy:494)\n\tat io.restassured.internal.ResponseSpecificationImpl$HamcrestAssertionClosure$validate$3.call(Unknown Source)\n\tat io.restassured.internal.ResponseSpecificationImpl.validateResponseIfRequired(ResponseSpecificationImpl.groovy:656)\n\tat sun.reflect.GeneratedMethodAccessor216.invoke(Unknown Source)\n\tat sun.reflect.DelegatingMethodAccessorImpl.invoke(DelegatingMethodAccessorImpl.java:43)\n\tat java.lang.reflect.Method.invoke(Method.java:498)\n\tat org.codehaus.groovy.runtime.callsite.PogoMetaMethodSite$PogoCachedMethodSiteNoUnwrapNoCoerce.invoke(PogoMetaMethodSite.java:210)\n\tat org.codehaus.groovy.runtime.callsite.PogoMetaMethodSite.callCurrent(PogoMetaMethodSite.java:59)\n\tat org.codehaus.groovy.runtime.callsite.AbstractCallSite.callCurrent(AbstractCallSite.java:169)\n\tat io.restassured.internal.ResponseSpecificationImpl.statusCode(ResponseSpecificationImpl.groovy:125)\n\tat io.restassured.specification.ResponseSpecification$statusCode$0.callCurrent(Unknown Source)\n\tat io.restassured.internal.ResponseSpecificationImpl.statusCode(ResponseSpecificationImpl.groovy:133)\n\tat io.restassured.internal.ValidatableResponseOptionsImpl.statusCode(ValidatableResponseOptionsImpl.java:119)\n\tat core.BaseApi.validateResponse(BaseApi.java:52)\n\tat microservices.common.steps.BaseSteps.then_verifyErrorResponse(BaseSteps.java:11)\n\tat tests.stakes.StakeKeyHistoryTests.getStakeHistoryInvalidStake(StakeKeyHistoryTests.java:46)\n\tat sun.reflect.NativeMethodAccessorImpl.invoke0(Native Method)\n\tat sun.reflect.NativeMethodAccessorImpl.invoke(NativeMethodAccessorImpl.java:62)\n\tat sun.reflect.DelegatingMethodAccessorImpl.invoke(DelegatingMethodAccessorImpl.java:43)\n\tat java.lang.reflect.Method.invoke(Method.java:498)\n\tat org.testng.internal.MethodInvocationHelper.invokeMethod(MethodInvocationHelper.java:134)\n\tat org.testng.internal.TestInvoker.invokeMethod(TestInvoker.java:597)\n\tat org.testng.internal.TestInvoker.invokeTestMethod(TestInvoker.java:173)\n\tat org.testng.internal.MethodRunner.runInSequence(MethodRunner.java:46)\n\tat org.testng.internal.TestInvoker$MethodInvocationAgent.invoke(TestInvoker.java:816)\n\tat org.testng.internal.TestInvoker.invokeTestMethods(TestInvoker.java:146)\n\tat org.testng.internal.TestMethodWorker.invokeTestMethods(TestMethodWorker.java:146)\n\tat org.testng.internal.TestMethodWorker.run(TestMethodWorker.java:128)\n\tat java.util.concurrent.ThreadPoolExecutor.runWorker(ThreadPoolExecutor.java:1149)\n\tat java.util.concurrent.ThreadPoolExecutor$Worker.run(ThreadPoolExecutor.java:624)\n\tat java.lang.Thread.run(Thread.java:750)\n","flaky":false,"newFailed":false,"newBroken":false,"newPassed":false,"retriesCount":0,"retriesStatusChange":false,"beforeStages":[{"name":"setUp","time":{"start":1696443297007,"stop":1696443297007,"duration":0},"description":"","status":"passed","steps":[],"attachments":[],"parameters":[],"shouldDisplayMessage":false,"stepsCount":0,"attachmentsCount":0,"hasContent":false}],"testStage":{"status":"failed","statusMessage":"1 expectation failed.\nExpected status code <400> but was <502>.\n","statusTrace":"java.lang.AssertionError: 1 expectation failed.\nExpected status code <400> but was <502>.\n\n\tat sun.reflect.GeneratedConstructorAccessor96.newInstance(Unknown Source)\n\tat sun.reflect.DelegatingConstructorAccessorImpl.newInstance(DelegatingConstructorAccessorImpl.java:45)\n\tat java.lang.reflect.Constructor.newInstance(Constructor.java:423)\n\tat org.codehaus.groovy.reflection.CachedConstructor.invoke(CachedConstructor.java:83)\n\tat org.codehaus.groovy.reflection.CachedConstructor.doConstructorInvoke(CachedConstructor.java:77)\n\tat org.codehaus.groovy.runtime.callsite.ConstructorSite$ConstructorSiteNoUnwrap.callConstructor(ConstructorSite.java:84)\n\tat org.codehaus.groovy.runtime.callsite.AbstractCallSite.callConstructor(AbstractCallSite.java:250)\n\tat io.restassured.internal.ResponseSpecificationImpl$HamcrestAssertionClosure.validate(ResponseSpecificationImpl.groovy:494)\n\tat io.restassured.internal.ResponseSpecificationImpl$HamcrestAssertionClosure$validate$3.call(Unknown Source)\n\tat io.restassured.internal.ResponseSpecificationImpl.validateResponseIfRequired(ResponseSpecificationImpl.groovy:656)\n\tat sun.reflect.GeneratedMethodAccessor216.invoke(Unknown Source)\n\tat sun.reflect.DelegatingMethodAccessorImpl.invoke(DelegatingMethodAccessorImpl.java:43)\n\tat java.lang.reflect.Method.invoke(Method.java:498)\n\tat org.codehaus.groovy.runtime.callsite.PogoMetaMethodSite$PogoCachedMethodSiteNoUnwrapNoCoerce.invoke(PogoMetaMethodSite.java:210)\n\tat org.codehaus.groovy.runtime.callsite.PogoMetaMethodSite.callCurrent(PogoMetaMethodSite.java:59)\n\tat org.codehaus.groovy.runtime.callsite.AbstractCallSite.callCurrent(AbstractCallSite.java:169)\n\tat io.restassured.internal.ResponseSpecificationImpl.statusCode(ResponseSpecificationImpl.groovy:125)\n\tat io.restassured.specification.ResponseSpecification$statusCode$0.callCurrent(Unknown Source)\n\tat io.restassured.internal.ResponseSpecificationImpl.statusCode(ResponseSpecificationImpl.groovy:133)\n\tat io.restassured.internal.ValidatableResponseOptionsImpl.statusCode(ValidatableResponseOptionsImpl.java:119)\n\tat core.BaseApi.validateResponse(BaseApi.java:52)\n\tat microservices.common.steps.BaseSteps.then_verifyErrorResponse(BaseSteps.java:11)\n\tat tests.stakes.StakeKeyHistoryTests.getStakeHistoryInvalidStake(StakeKeyHistoryTests.java:46)\n\tat sun.reflect.NativeMethodAccessorImpl.invoke0(Native Method)\n\tat sun.reflect.NativeMethodAccessorImpl.invoke(NativeMethodAccessorImpl.java:62)\n\tat sun.reflect.DelegatingMethodAccessorImpl.invoke(DelegatingMethodAccessorImpl.java:43)\n\tat java.lang.reflect.Method.invoke(Method.java:498)\n\tat org.testng.internal.MethodInvocationHelper.invokeMethod(MethodInvocationHelper.java:134)\n\tat org.testng.internal.TestInvoker.invokeMethod(TestInvoker.java:597)\n\tat org.testng.internal.TestInvoker.invokeTestMethod(TestInvoker.java:173)\n\tat org.testng.internal.MethodRunner.runInSequence(MethodRunner.java:46)\n\tat org.testng.internal.TestInvoker$MethodInvocationAgent.invoke(TestInvoker.java:816)\n\tat org.testng.internal.TestInvoker.invokeTestMethods(TestInvoker.java:146)\n\tat org.testng.internal.TestMethodWorker.invokeTestMethods(TestMethodWorker.java:146)\n\tat org.testng.internal.TestMethodWorker.run(TestMethodWorker.java:128)\n\tat java.util.concurrent.ThreadPoolExecutor.runWorker(ThreadPoolExecutor.java:1149)\n\tat java.util.concurrent.ThreadPoolExecutor$Worker.run(ThreadPoolExecutor.java:624)\n\tat java.lang.Thread.run(Thread.java:750)\n","steps":[{"name":"get stake history","time":{"start":1696443297008,"stop":1696443298643,"duration":1635},"status":"passed","steps":[],"attachments":[],"parameters":[{"name":"stakeKey","value":"abcd"}],"shouldDisplayMessage":false,"stepsCount":0,"attachmentsCount":0,"hasContent":true},{"name":"Verify error response","time":{"start":1696443298644,"stop":1696443298644,"duration":0},"status":"failed","statusMessage":"1 expectation failed.\nExpected status code <400> but was <502>.\n","statusTrace":"java.lang.AssertionError: 1 expectation failed.\nExpected status code <400> but was <502>.\n\n\tat sun.reflect.GeneratedConstructorAccessor96.newInstance(Unknown Source)\n\tat sun.reflect.DelegatingConstructorAccessorImpl.newInstance(DelegatingConstructorAccessorImpl.java:45)\n\tat java.lang.reflect.Constructor.newInstance(Constructor.java:423)\n\tat org.codehaus.groovy.reflection.CachedConstructor.invoke(CachedConstructor.java:83)\n\tat org.codehaus.groovy.reflection.CachedConstructor.doConstructorInvoke(CachedConstructor.java:77)\n\tat org.codehaus.groovy.runtime.callsite.ConstructorSite$ConstructorSiteNoUnwrap.callConstructor(ConstructorSite.java:84)\n\tat org.codehaus.groovy.runtime.callsite.AbstractCallSite.callConstructor(AbstractCallSite.java:250)\n\tat io.restassured.internal.ResponseSpecificationImpl$HamcrestAssertionClosure.validate(ResponseSpecificationImpl.groovy:494)\n\tat io.restassured.internal.ResponseSpecificationImpl$HamcrestAssertionClosure$validate$3.call(Unknown Source)\n\tat io.restassured.internal.ResponseSpecificationImpl.validateResponseIfRequired(ResponseSpecificationImpl.groovy:656)\n\tat sun.reflect.GeneratedMethodAccessor216.invoke(Unknown Source)\n\tat sun.reflect.DelegatingMethodAccessorImpl.invoke(DelegatingMethodAccessorImpl.java:43)\n\tat java.lang.reflect.Method.invoke(Method.java:498)\n\tat org.codehaus.groovy.runtime.callsite.PogoMetaMethodSite$PogoCachedMethodSiteNoUnwrapNoCoerce.invoke(PogoMetaMethodSite.java:210)\n\tat org.codehaus.groovy.runtime.callsite.PogoMetaMethodSite.callCurrent(PogoMetaMethodSite.java:59)\n\tat org.codehaus.groovy.runtime.callsite.AbstractCallSite.callCurrent(AbstractCallSite.java:169)\n\tat io.restassured.internal.ResponseSpecificationImpl.statusCode(ResponseSpecificationImpl.groovy:125)\n\tat io.restassured.specification.ResponseSpecification$statusCode$0.callCurrent(Unknown Source)\n\tat io.restassured.internal.ResponseSpecificationImpl.statusCode(ResponseSpecificationImpl.groovy:133)\n\tat io.restassured.internal.ValidatableResponseOptionsImpl.statusCode(ValidatableResponseOptionsImpl.java:119)\n\tat core.BaseApi.validateResponse(BaseApi.java:52)\n\tat microservices.common.steps.BaseSteps.then_verifyErrorResponse(BaseSteps.java:11)\n\tat tests.stakes.StakeKeyHistoryTests.getStakeHistoryInvalidStake(StakeKeyHistoryTests.java:46)\n\tat sun.reflect.NativeMethodAccessorImpl.invoke0(Native Method)\n\tat sun.reflect.NativeMethodAccessorImpl.invoke(NativeMethodAccessorImpl.java:62)\n\tat sun.reflect.DelegatingMethodAccessorImpl.invoke(DelegatingMethodAccessorImpl.java:43)\n\tat java.lang.reflect.Method.invoke(Method.java:498)\n\tat org.testng.internal.MethodInvocationHelper.invokeMethod(MethodInvocationHelper.java:134)\n\tat org.testng.internal.TestInvoker.invokeMethod(TestInvoker.java:597)\n\tat org.testng.internal.TestInvoker.invokeTestMethod(TestInvoker.java:173)\n\tat org.testng.internal.MethodRunner.runInSequence(MethodRunner.java:46)\n\tat org.testng.internal.TestInvoker$MethodInvocationAgent.invoke(TestInvoker.java:816)\n\tat org.testng.internal.TestInvoker.invokeTestMethods(TestInvoker.java:146)\n\tat org.testng.internal.TestMethodWorker.invokeTestMethods(TestMethodWorker.java:146)\n\tat org.testng.internal.TestMethodWorker.run(TestMethodWorker.java:128)\n\tat java.util.concurrent.ThreadPoolExecutor.runWorker(ThreadPoolExecutor.java:1149)\n\tat java.util.concurrent.ThreadPoolExecutor$Worker.run(ThreadPoolExecutor.java:624)\n\tat java.lang.Thread.run(Thread.java:750)\n","steps":[],"attachments":[],"parameters":[{"name":"statusCode","value":"400"},{"name":"message","value":"Stake address not found"},{"name":"errorCode","value":"BC_404-STAKE_ADDRESS_NOT_FOUND"}],"shouldDisplayMessage":true,"stepsCount":0,"attachmentsCount":0,"hasContent":true}],"attachments":[],"parameters":[],"shouldDisplayMessage":false,"stepsCount":2,"attachmentsCount":0,"hasContent":true},"afterStages":[{"name":"tearDown","time":{"start":1696443298645,"stop":1696443298645,"duration":0},"description":"","status":"passed","steps":[],"attachments":[],"parameters":[],"shouldDisplayMessage":false,"stepsCount":0,"attachmentsCount":0,"hasContent":false}],"labels":[{"name":"package","value":"tests.stakes.StakeKeyHistoryTests"},{"name":"testClass","value":"tests.stakes.StakeKeyHistoryTests"},{"name":"testMethod","value":"getStakeHistoryInvalidStake"},{"name":"parentSuite","value":"Cardano Regression Suite"},{"name":"suite","value":"Cardano API test "},{"name":"subSuite","value":"tests.stakes.StakeKeyHistoryTests"},{"name":"host","value":"fv-az341-626"},{"name":"thread","value":"2221@fv-az341-626.TestNG-test=Cardano API test -2(13)"},{"name":"framework","value":"testng"},{"name":"language","value":"java"},{"name":"resultFormat","value":"allure2"}],"parameters":[{"name":"arg0","value":"abcd"},{"name":"env","value":"preprod"}],"links":[],"hidden":false,"retry":false,"extra":{"severity":"normal","retries":[],"categories":[{"name":"Product defects","matchedStatuses":[],"flaky":false}],"history":{"statistic":{"failed":98,"broken":2,"skipped":0,"passed":19,"unknown":0,"total":119},"items":[{"uid":"400f95a6d8616750","reportUrl":"https://Sotatek-DavidNguyen4.github.io/cardano-api-tests-preprod/119//#testresult/400f95a6d8616750","status":"failed","statusDetails":"Incorrect error message expected [Stake address not found] but found [[The expected length of the hash is 64 characters, Field should have a prefixed value of 'stake']]","time":{"start":1696356885928,"stop":1696356887454,"duration":1526}},{"uid":"aeb448887b2d8367","reportUrl":"https://Sotatek-DavidNguyen4.github.io/cardano-api-tests-preprod/118//#testresult/aeb448887b2d8367","status":"failed","statusDetails":"Incorrect error message expected [Stake address not found] but found [[The expected length of the hash is 64 characters, Field should have a prefixed value of 'stake']]","time":{"start":1696270505478,"stop":1696270507084,"duration":1606}},{"uid":"bd32db605628dccf","reportUrl":"https://Sotatek-DavidNguyen4.github.io/cardano-api-tests-preprod/117//#testresult/bd32db605628dccf","status":"failed","statusDetails":"Incorrect error message expected [Stake address not found] but found [[Field should have a prefixed value of 'stake', The expected length of the hash is 64 characters]]","time":{"start":1696184032606,"stop":1696184034570,"duration":1964}},{"uid":"ae5c8ffad2f086a3","reportUrl":"https://Sotatek-DavidNguyen4.github.io/cardano-api-tests-preprod/116//#testresult/ae5c8ffad2f086a3","status":"failed","statusDetails":"Incorrect error message expected [Stake address not found] but found [[The expected length of the hash is 64 characters, Field should have a prefixed value of 'stake']]","time":{"start":1696097602157,"stop":1696097603833,"duration":1676}},{"uid":"23dafcdbeba35ce8","reportUrl":"https://Sotatek-DavidNguyen4.github.io/cardano-api-tests-preprod/115//#testresult/23dafcdbeba35ce8","status":"failed","statusDetails":"Incorrect error message expected [Stake address not found] but found [[Field should have a prefixed value of 'stake', The expected length of the hash is 64 characters]]","time":{"start":1696011284261,"stop":1696011285856,"duration":1595}},{"uid":"d40eaa372790e72b","reportUrl":"https://Sotatek-DavidNguyen4.github.io/cardano-api-tests-preprod/114//#testresult/d40eaa372790e72b","status":"failed","statusDetails":"Incorrect error message expected [Stake address not found] but found [[Field should have a prefixed value of 'stake', The expected length of the hash is 64 characters]]","time":{"start":1695924856681,"stop":1695924858270,"duration":1589}},{"uid":"7c0116a068dc179c","reportUrl":"https://Sotatek-DavidNguyen4.github.io/cardano-api-tests-preprod/113//#testresult/7c0116a068dc179c","status":"failed","statusDetails":"Incorrect error message expected [Stake address not found] but found [[Field should have a prefixed value of 'stake', The expected length of the hash is 64 characters]]","time":{"start":1695838517514,"stop":1695838519333,"duration":1819}},{"uid":"c54e67702d6cd9b9","reportUrl":"https://Sotatek-DavidNguyen4.github.io/cardano-api-tests-preprod/112//#testresult/c54e67702d6cd9b9","status":"failed","statusDetails":"Incorrect error message expected [Stake address not found] but found [[The expected length of the hash is 64 characters, Field should have a prefixed value of 'stake']]","time":{"start":1695752097699,"stop":1695752099525,"duration":1826}},{"uid":"323eaca003023ca4","reportUrl":"https://Sotatek-DavidNguyen4.github.io/cardano-api-tests-preprod/111//#testresult/323eaca003023ca4","status":"failed","statusDetails":"Incorrect error message expected [Stake address not found] but found [[Field should have a prefixed value of 'stake', The expected length of the hash is 64 characters]]","time":{"start":1695665706559,"stop":1695665708403,"duration":1844}},{"uid":"b8d9af49d3923c3","reportUrl":"https://Sotatek-DavidNguyen4.github.io/cardano-api-tests-preprod/110//#testresult/b8d9af49d3923c3","status":"failed","statusDetails":"Incorrect error message expected [Stake address not found] but found [[The expected length of the hash is 64 characters, Field should have a prefixed value of 'stake']]","time":{"start":1695579198163,"stop":1695579199654,"duration":1491}},{"uid":"3146878520a23da2","reportUrl":"https://Sotatek-DavidNguyen4.github.io/cardano-api-tests-preprod/109//#testresult/3146878520a23da2","status":"failed","statusDetails":"Incorrect error message expected [Stake address not found] but found [[The expected length of the hash is 64 characters, Field should have a prefixed value of 'stake']]","time":{"start":1695492803092,"stop":1695492804913,"duration":1821}},{"uid":"39a16a4db72d53b","reportUrl":"https://Sotatek-DavidNguyen4.github.io/cardano-api-tests-preprod/108//#testresult/39a16a4db72d53b","status":"failed","statusDetails":"Incorrect error message expected [Stake address not found] but found [[Field should have a prefixed value of 'stake', The expected length of the hash is 64 characters]]","time":{"start":1695406464850,"stop":1695406466447,"duration":1597}},{"uid":"781a6f71e7a7544","reportUrl":"https://Sotatek-DavidNguyen4.github.io/cardano-api-tests-preprod/107//#testresult/781a6f71e7a7544","status":"failed","statusDetails":"Incorrect error message expected [Stake address not found] but found [[Field should have a prefixed value of 'stake', The expected length of the hash is 64 characters]]","time":{"start":1695320098202,"stop":1695320100033,"duration":1831}},{"uid":"2d89e10a6fff7462","reportUrl":"https://Sotatek-DavidNguyen4.github.io/cardano-api-tests-preprod/106//#testresult/2d89e10a6fff7462","status":"failed","statusDetails":"Incorrect error message expected [Stake address not found] but found [[The expected length of the hash is 64 characters, Field should have a prefixed value of 'stake']]","time":{"start":1695233695329,"stop":1695233696822,"duration":1493}},{"uid":"70746379130e0891","reportUrl":"https://Sotatek-DavidNguyen4.github.io/cardano-api-tests-preprod/105//#testresult/70746379130e0891","status":"failed","statusDetails":"Incorrect error message expected [Stake address not found] but found [[Field should have a prefixed value of 'stake', The expected length of the hash is 64 characters]]","time":{"start":1695147297731,"stop":1695147299349,"duration":1618}},{"uid":"6410fcb25b8ca2aa","reportUrl":"https://Sotatek-DavidNguyen4.github.io/cardano-api-tests-preprod/104//#testresult/6410fcb25b8ca2aa","status":"failed","statusDetails":"Incorrect error message expected [Stake address not found] but found [[The expected length of the hash is 64 characters, Field should have a prefixed value of 'stake']]","time":{"start":1695060895070,"stop":1695060896663,"duration":1593}},{"uid":"6f85151c0c53984e","reportUrl":"https://Sotatek-DavidNguyen4.github.io/cardano-api-tests-preprod/103//#testresult/6f85151c0c53984e","status":"failed","statusDetails":"Incorrect error message expected [Stake address not found] but found [[Field should have a prefixed value of 'stake', The expected length of the hash is 64 characters]]","time":{"start":1694974409909,"stop":1694974411800,"duration":1891}},{"uid":"beea95a33e0acaf7","reportUrl":"https://Sotatek-DavidNguyen4.github.io/cardano-api-tests-preprod/102//#testresult/beea95a33e0acaf7","status":"failed","statusDetails":"Incorrect error message expected [Stake address not found] but found [[Field should have a prefixed value of 'stake', The expected length of the hash is 64 characters]]","time":{"start":1694888017518,"stop":1694888019484,"duration":1966}},{"uid":"236016497e32da69","reportUrl":"https://Sotatek-DavidNguyen4.github.io/cardano-api-tests-preprod/101//#testresult/236016497e32da69","status":"failed","statusDetails":"Incorrect error message expected [Stake address not found] but found [[The expected length of the hash is 64 characters, Field should have a prefixed value of 'stake']]","time":{"start":1694801656625,"stop":1694801658275,"duration":1650}},{"uid":"6af5fb9d74c49442","reportUrl":"https://Sotatek-DavidNguyen4.github.io/cardano-api-tests-preprod/100//#testresult/6af5fb9d74c49442","status":"failed","statusDetails":"Incorrect error message expected [Stake address not found] but found [[Field should have a prefixed value of 'stake', The expected length of the hash is 64 characters]]","time":{"start":1694715483065,"stop":1694715484872,"duration":1807}}]},"tags":[]},"source":"9e51a70c93676b7e.json","parameterValues":["abcd","preprod"]}