{"uid":"56897ade7f153081","name":"get stake with stake key | unsuccess","fullName":"tests.stakes.Stake.getStakeUnsuccess","historyId":"4b2e38196c42ff292df42dd68b713331","time":{"start":1690827230447,"stop":1690827232083,"duration":1636},"status":"failed","statusMessage":"Incorrect error message expected [Stake address not found] but found [[The expected length of the hash is 64 characters]]","statusTrace":"java.lang.AssertionError: Incorrect error message expected [Stake address not found] but found [[The expected length of the hash is 64 characters]]\n\tat org.testng.Assert.fail(Assert.java:97)\n\tat org.testng.Assert.assertEqualsImpl(Assert.java:136)\n\tat org.testng.Assert.assertEquals(Assert.java:118)\n\tat org.testng.Assert.assertEquals(Assert.java:575)\n\tat microservices.common.steps.BaseSteps.then_verifyErrorResponse(BaseSteps.java:13)\n\tat tests.stakes.Stake.getStakeUnsuccess(Stake.java:30)\n\tat sun.reflect.NativeMethodAccessorImpl.invoke0(Native Method)\n\tat sun.reflect.NativeMethodAccessorImpl.invoke(NativeMethodAccessorImpl.java:62)\n\tat sun.reflect.DelegatingMethodAccessorImpl.invoke(DelegatingMethodAccessorImpl.java:43)\n\tat java.lang.reflect.Method.invoke(Method.java:498)\n\tat org.testng.internal.MethodInvocationHelper.invokeMethod(MethodInvocationHelper.java:134)\n\tat org.testng.internal.TestInvoker.invokeMethod(TestInvoker.java:597)\n\tat org.testng.internal.TestInvoker.invokeTestMethod(TestInvoker.java:173)\n\tat org.testng.internal.MethodRunner.runInSequence(MethodRunner.java:46)\n\tat org.testng.internal.TestInvoker$MethodInvocationAgent.invoke(TestInvoker.java:816)\n\tat org.testng.internal.TestInvoker.invokeTestMethods(TestInvoker.java:146)\n\tat org.testng.internal.TestMethodWorker.invokeTestMethods(TestMethodWorker.java:146)\n\tat org.testng.internal.TestMethodWorker.run(TestMethodWorker.java:128)\n\tat java.util.concurrent.ThreadPoolExecutor.runWorker(ThreadPoolExecutor.java:1149)\n\tat java.util.concurrent.ThreadPoolExecutor$Worker.run(ThreadPoolExecutor.java:624)\n\tat java.lang.Thread.run(Thread.java:750)\n","flaky":false,"newFailed":false,"newBroken":false,"newPassed":false,"retriesCount":0,"retriesStatusChange":false,"beforeStages":[{"name":"preconditions","time":{"start":1690827078520,"stop":1690827079154,"duration":634},"description":"","status":"passed","steps":[],"attachments":[],"parameters":[],"stepsCount":0,"attachmentsCount":0,"shouldDisplayMessage":false,"hasContent":false},{"name":"setUp","time":{"start":1690827230446,"stop":1690827230446,"duration":0},"description":"","status":"passed","steps":[],"attachments":[],"parameters":[],"stepsCount":0,"attachmentsCount":0,"shouldDisplayMessage":false,"hasContent":false}],"testStage":{"status":"failed","statusMessage":"Incorrect error message expected [Stake address not found] but found [[The expected length of the hash is 64 characters]]","statusTrace":"java.lang.AssertionError: Incorrect error message expected [Stake address not found] but found [[The expected length of the hash is 64 characters]]\n\tat org.testng.Assert.fail(Assert.java:97)\n\tat org.testng.Assert.assertEqualsImpl(Assert.java:136)\n\tat org.testng.Assert.assertEquals(Assert.java:118)\n\tat org.testng.Assert.assertEquals(Assert.java:575)\n\tat microservices.common.steps.BaseSteps.then_verifyErrorResponse(BaseSteps.java:13)\n\tat tests.stakes.Stake.getStakeUnsuccess(Stake.java:30)\n\tat sun.reflect.NativeMethodAccessorImpl.invoke0(Native Method)\n\tat sun.reflect.NativeMethodAccessorImpl.invoke(NativeMethodAccessorImpl.java:62)\n\tat sun.reflect.DelegatingMethodAccessorImpl.invoke(DelegatingMethodAccessorImpl.java:43)\n\tat java.lang.reflect.Method.invoke(Method.java:498)\n\tat org.testng.internal.MethodInvocationHelper.invokeMethod(MethodInvocationHelper.java:134)\n\tat org.testng.internal.TestInvoker.invokeMethod(TestInvoker.java:597)\n\tat org.testng.internal.TestInvoker.invokeTestMethod(TestInvoker.java:173)\n\tat org.testng.internal.MethodRunner.runInSequence(MethodRunner.java:46)\n\tat org.testng.internal.TestInvoker$MethodInvocationAgent.invoke(TestInvoker.java:816)\n\tat org.testng.internal.TestInvoker.invokeTestMethods(TestInvoker.java:146)\n\tat org.testng.internal.TestMethodWorker.invokeTestMethods(TestMethodWorker.java:146)\n\tat org.testng.internal.TestMethodWorker.run(TestMethodWorker.java:128)\n\tat java.util.concurrent.ThreadPoolExecutor.runWorker(ThreadPoolExecutor.java:1149)\n\tat java.util.concurrent.ThreadPoolExecutor$Worker.run(ThreadPoolExecutor.java:624)\n\tat java.lang.Thread.run(Thread.java:750)\n","steps":[{"name":"get a stake with stakeKey","time":{"start":1690827230447,"stop":1690827232082,"duration":1635},"status":"passed","steps":[],"attachments":[],"parameters":[{"name":"stakeKey","value":"  "}],"stepsCount":0,"attachmentsCount":0,"shouldDisplayMessage":false,"hasContent":true},{"name":"Verify error response","time":{"start":1690827232082,"stop":1690827232083,"duration":1},"status":"failed","statusMessage":"Incorrect error message expected [Stake address not found] but found [[The expected length of the hash is 64 characters]]","statusTrace":"java.lang.AssertionError: Incorrect error message expected [Stake address not found] but found [[The expected length of the hash is 64 characters]]\n\tat org.testng.Assert.fail(Assert.java:97)\n\tat org.testng.Assert.assertEqualsImpl(Assert.java:136)\n\tat org.testng.Assert.assertEquals(Assert.java:118)\n\tat org.testng.Assert.assertEquals(Assert.java:575)\n\tat microservices.common.steps.BaseSteps.then_verifyErrorResponse(BaseSteps.java:13)\n\tat tests.stakes.Stake.getStakeUnsuccess(Stake.java:30)\n\tat sun.reflect.NativeMethodAccessorImpl.invoke0(Native Method)\n\tat sun.reflect.NativeMethodAccessorImpl.invoke(NativeMethodAccessorImpl.java:62)\n\tat sun.reflect.DelegatingMethodAccessorImpl.invoke(DelegatingMethodAccessorImpl.java:43)\n\tat java.lang.reflect.Method.invoke(Method.java:498)\n\tat org.testng.internal.MethodInvocationHelper.invokeMethod(MethodInvocationHelper.java:134)\n\tat org.testng.internal.TestInvoker.invokeMethod(TestInvoker.java:597)\n\tat org.testng.internal.TestInvoker.invokeTestMethod(TestInvoker.java:173)\n\tat org.testng.internal.MethodRunner.runInSequence(MethodRunner.java:46)\n\tat org.testng.internal.TestInvoker$MethodInvocationAgent.invoke(TestInvoker.java:816)\n\tat org.testng.internal.TestInvoker.invokeTestMethods(TestInvoker.java:146)\n\tat org.testng.internal.TestMethodWorker.invokeTestMethods(TestMethodWorker.java:146)\n\tat org.testng.internal.TestMethodWorker.run(TestMethodWorker.java:128)\n\tat java.util.concurrent.ThreadPoolExecutor.runWorker(ThreadPoolExecutor.java:1149)\n\tat java.util.concurrent.ThreadPoolExecutor$Worker.run(ThreadPoolExecutor.java:624)\n\tat java.lang.Thread.run(Thread.java:750)\n","steps":[],"attachments":[],"parameters":[{"name":"statusCode","value":"400"},{"name":"message","value":"Stake address not found"},{"name":"errorCode","value":"BC_404-STAKE_ADDRESS_NOT_FOUND"}],"stepsCount":0,"attachmentsCount":0,"shouldDisplayMessage":true,"hasContent":true}],"attachments":[],"parameters":[],"stepsCount":2,"attachmentsCount":0,"shouldDisplayMessage":false,"hasContent":true},"afterStages":[{"name":"tearDown","time":{"start":1690827232084,"stop":1690827232084,"duration":0},"description":"","status":"passed","steps":[],"attachments":[],"parameters":[],"stepsCount":0,"attachmentsCount":0,"shouldDisplayMessage":false,"hasContent":false},{"name":"postconditions","time":{"start":1690827326704,"stop":1690827326704,"duration":0},"description":"","status":"passed","steps":[],"attachments":[],"parameters":[],"stepsCount":0,"attachmentsCount":0,"shouldDisplayMessage":false,"hasContent":false}],"labels":[{"name":"package","value":"tests.stakes.Stake"},{"name":"testClass","value":"tests.stakes.Stake"},{"name":"testMethod","value":"getStakeUnsuccess"},{"name":"parentSuite","value":"Cardano Regression Suite"},{"name":"suite","value":"Cardano API test "},{"name":"subSuite","value":"tests.stakes.Stake"},{"name":"host","value":"fv-az450-398"},{"name":"thread","value":"2430@fv-az450-398.TestNG-test=Cardano API test -3(14)"},{"name":"framework","value":"testng"},{"name":"language","value":"java"},{"name":"resultFormat","value":"allure2"}],"parameters":[{"name":"arg0","value":"  "},{"name":"env","value":"preprod"}],"links":[],"hidden":false,"retry":false,"extra":{"severity":"normal","retries":[],"categories":[{"name":"Product defects","matchedStatuses":[],"flaky":false}],"history":{"statistic":{"failed":33,"broken":2,"skipped":0,"passed":19,"unknown":0,"total":54},"items":[{"uid":"ee0cc727f3661df7","reportUrl":"https://Sotatek-DavidNguyen4.github.io/cardano-api-tests-preprod/54//#testresult/ee0cc727f3661df7","status":"failed","statusDetails":"Incorrect error message expected [Stake address not found] but found [[The expected length of the hash is 64 characters]]","time":{"start":1690740746904,"stop":1690740748614,"duration":1710}},{"uid":"55466d4bfbaafaf5","reportUrl":"https://Sotatek-DavidNguyen4.github.io/cardano-api-tests-preprod/53//#testresult/55466d4bfbaafaf5","status":"failed","statusDetails":"Incorrect error message expected [Stake address not found] but found [[The expected length of the hash is 64 characters]]","time":{"start":1690654377610,"stop":1690654379429,"duration":1819}},{"uid":"7eb94dd56fa2b2f","reportUrl":"https://Sotatek-DavidNguyen4.github.io/cardano-api-tests-preprod/52//#testresult/7eb94dd56fa2b2f","status":"failed","statusDetails":"Incorrect error message expected [Stake address not found] but found [[The expected length of the hash is 64 characters]]","time":{"start":1690567991296,"stop":1690567993158,"duration":1862}},{"uid":"103effd519342697","reportUrl":"https://Sotatek-DavidNguyen4.github.io/cardano-api-tests-preprod/51//#testresult/103effd519342697","status":"failed","statusDetails":"Incorrect error message expected [Stake address not found] but found [[The expected length of the hash is 64 characters]]","time":{"start":1690481616553,"stop":1690481618190,"duration":1637}},{"uid":"909d1be693bec449","reportUrl":"https://Sotatek-DavidNguyen4.github.io/cardano-api-tests-preprod/50//#testresult/909d1be693bec449","status":"failed","statusDetails":"Incorrect error message expected [Stake address not found] but found [[The expected length of the hash is 64 characters]]","time":{"start":1690395213135,"stop":1690395215045,"duration":1910}},{"uid":"4671ff1690473cd2","reportUrl":"https://Sotatek-DavidNguyen4.github.io/cardano-api-tests-preprod/49//#testresult/4671ff1690473cd2","status":"failed","statusDetails":"Incorrect error message expected [Stake address not found] but found [[The expected length of the hash is 64 characters]]","time":{"start":1690308797306,"stop":1690308798734,"duration":1428}},{"uid":"3ccdad534e415eb4","reportUrl":"https://Sotatek-DavidNguyen4.github.io/cardano-api-tests-preprod/48//#testresult/3ccdad534e415eb4","status":"failed","statusDetails":"Incorrect error message expected [Stake address not found] but found [[The expected length of the hash is 64 characters]]","time":{"start":1690222533649,"stop":1690222535152,"duration":1503}},{"uid":"86863568fed02f9","reportUrl":"https://Sotatek-DavidNguyen4.github.io/cardano-api-tests-preprod/47//#testresult/86863568fed02f9","status":"failed","statusDetails":"Incorrect error message expected [Stake address not found] but found [[The expected length of the hash is 64 characters]]","time":{"start":1690135976862,"stop":1690135978491,"duration":1629}},{"uid":"e7712e7188a36c69","reportUrl":"https://Sotatek-DavidNguyen4.github.io/cardano-api-tests-preprod/46//#testresult/e7712e7188a36c69","status":"failed","statusDetails":"Incorrect error message expected [Stake address not found] but found [[The expected length of the hash is 64 characters]]","time":{"start":1690049582502,"stop":1690049584043,"duration":1541}},{"uid":"9f779fcbc80d95ea","reportUrl":"https://Sotatek-DavidNguyen4.github.io/cardano-api-tests-preprod/45//#testresult/9f779fcbc80d95ea","status":"failed","statusDetails":"Incorrect error message expected [Stake address not found] but found [[The expected length of the hash is 64 characters]]","time":{"start":1689963295185,"stop":1689963297054,"duration":1869}},{"uid":"d55458cac9d03dad","reportUrl":"https://Sotatek-DavidNguyen4.github.io/cardano-api-tests-preprod/44//#testresult/d55458cac9d03dad","status":"failed","statusDetails":"Incorrect error message expected [Stake address not found] but found [[The expected length of the hash is 64 characters]]","time":{"start":1689876812836,"stop":1689876814394,"duration":1558}},{"uid":"26f3a70bae0f7e28","reportUrl":"https://Sotatek-DavidNguyen4.github.io/cardano-api-tests-preprod/43//#testresult/26f3a70bae0f7e28","status":"failed","statusDetails":"Incorrect error message expected [Stake address not found] but found [[The expected length of the hash is 64 characters]]","time":{"start":1689790425134,"stop":1689790426549,"duration":1415}},{"uid":"e0d75df7ecd10840","reportUrl":"https://Sotatek-DavidNguyen4.github.io/cardano-api-tests-preprod/42//#testresult/e0d75df7ecd10840","status":"failed","statusDetails":"Incorrect error message expected [Stake address not found] but found [[The expected length of the hash is 64 characters]]","time":{"start":1689704125675,"stop":1689704127545,"duration":1870}},{"uid":"587ead8920c287a1","reportUrl":"https://Sotatek-DavidNguyen4.github.io/cardano-api-tests-preprod/41//#testresult/587ead8920c287a1","status":"failed","statusDetails":"Incorrect error message expected [Stake address not found] but found [[The expected length of the hash is 64 characters]]","time":{"start":1689617734983,"stop":1689617736722,"duration":1739}},{"uid":"8aa6b4f2978187a7","reportUrl":"https://Sotatek-DavidNguyen4.github.io/cardano-api-tests-preprod/40//#testresult/8aa6b4f2978187a7","status":"broken","statusDetails":"Read timed out","time":{"start":1689535914336,"stop":1689535976004,"duration":61668}},{"uid":"c96161043f658ec5","reportUrl":"https://Sotatek-DavidNguyen4.github.io/cardano-api-tests-preprod/39//#testresult/c96161043f658ec5","status":"failed","statusDetails":"Incorrect error message expected [Stake address not found] but found [[The expected length of the hash is 64 characters]]","time":{"start":1689444860531,"stop":1689444862428,"duration":1897}},{"uid":"e82731d188b00e29","reportUrl":"https://Sotatek-DavidNguyen4.github.io/cardano-api-tests-preprod/38//#testresult/e82731d188b00e29","status":"failed","statusDetails":"Incorrect error message expected [Stake address not found] but found [[The expected length of the hash is 64 characters]]","time":{"start":1689358469663,"stop":1689358471297,"duration":1634}},{"uid":"a3a8d5a047eb2a5a","reportUrl":"https://Sotatek-DavidNguyen4.github.io/cardano-api-tests-preprod/37//#testresult/a3a8d5a047eb2a5a","status":"failed","statusDetails":"Incorrect error message expected [Stake address not found] but found [[The expected length of the hash is 64 characters]]","time":{"start":1689272101005,"stop":1689272102679,"duration":1674}},{"uid":"f8a4212291958f62","reportUrl":"https://Sotatek-DavidNguyen4.github.io/cardano-api-tests-preprod/36//#testresult/f8a4212291958f62","status":"failed","statusDetails":"Incorrect error message expected [Stake address not found] but found [[The expected length of the hash is 64 characters]]","time":{"start":1689185702723,"stop":1689185704465,"duration":1742}},{"uid":"32522f78249db58a","reportUrl":"https://Sotatek-DavidNguyen4.github.io/cardano-api-tests-preprod/35//#testresult/32522f78249db58a","status":"failed","statusDetails":"Incorrect error message expected [Stake address not found] but found [[The expected length of the hash is 64 characters]]","time":{"start":1689099313885,"stop":1689099315398,"duration":1513}}]},"tags":[]},"source":"56897ade7f153081.json","parameterValues":["  ","preprod"]}