{"uid":"7b395233e24dec04","name":"verify that get a token with tokenId invalid","fullName":"tests.tokens.Token.getATokenFail","historyId":"d6546ec8185b730a04591ca2f30f1c66","time":{"start":1696875184376,"stop":1696875186011,"duration":1635},"status":"failed","statusMessage":"Incorrect error message expected [Token not found] but found [[The expected length of the hash is 44 characters, Field should have a prefixed value of 'asset']]","statusTrace":"java.lang.AssertionError: Incorrect error message expected [Token not found] but found [[The expected length of the hash is 44 characters, Field should have a prefixed value of 'asset']]\n\tat org.testng.Assert.fail(Assert.java:97)\n\tat org.testng.Assert.assertEqualsImpl(Assert.java:136)\n\tat org.testng.Assert.assertEquals(Assert.java:118)\n\tat org.testng.Assert.assertEquals(Assert.java:575)\n\tat microservices.common.steps.BaseSteps.then_verifyErrorResponse(BaseSteps.java:13)\n\tat tests.tokens.Token.getATokenFail(Token.java:33)\n\tat sun.reflect.NativeMethodAccessorImpl.invoke0(Native Method)\n\tat sun.reflect.NativeMethodAccessorImpl.invoke(NativeMethodAccessorImpl.java:62)\n\tat sun.reflect.DelegatingMethodAccessorImpl.invoke(DelegatingMethodAccessorImpl.java:43)\n\tat java.lang.reflect.Method.invoke(Method.java:498)\n\tat org.testng.internal.MethodInvocationHelper.invokeMethod(MethodInvocationHelper.java:134)\n\tat org.testng.internal.TestInvoker.invokeMethod(TestInvoker.java:597)\n\tat org.testng.internal.TestInvoker.invokeTestMethod(TestInvoker.java:173)\n\tat org.testng.internal.MethodRunner.runInSequence(MethodRunner.java:46)\n\tat org.testng.internal.TestInvoker$MethodInvocationAgent.invoke(TestInvoker.java:816)\n\tat org.testng.internal.TestInvoker.invokeTestMethods(TestInvoker.java:146)\n\tat org.testng.internal.TestMethodWorker.invokeTestMethods(TestMethodWorker.java:146)\n\tat org.testng.internal.TestMethodWorker.run(TestMethodWorker.java:128)\n\tat java.util.concurrent.ThreadPoolExecutor.runWorker(ThreadPoolExecutor.java:1149)\n\tat java.util.concurrent.ThreadPoolExecutor$Worker.run(ThreadPoolExecutor.java:624)\n\tat java.lang.Thread.run(Thread.java:750)\n","flaky":false,"newFailed":false,"newBroken":false,"newPassed":false,"retriesCount":0,"retriesStatusChange":false,"beforeStages":[{"name":"setUp","time":{"start":1696875184375,"stop":1696875184375,"duration":0},"description":"","status":"passed","steps":[],"attachments":[],"parameters":[],"shouldDisplayMessage":false,"stepsCount":0,"attachmentsCount":0,"hasContent":false}],"testStage":{"status":"failed","statusMessage":"Incorrect error message expected [Token not found] but found [[The expected length of the hash is 44 characters, Field should have a prefixed value of 'asset']]","statusTrace":"java.lang.AssertionError: Incorrect error message expected [Token not found] but found [[The expected length of the hash is 44 characters, Field should have a prefixed value of 'asset']]\n\tat org.testng.Assert.fail(Assert.java:97)\n\tat org.testng.Assert.assertEqualsImpl(Assert.java:136)\n\tat org.testng.Assert.assertEquals(Assert.java:118)\n\tat org.testng.Assert.assertEquals(Assert.java:575)\n\tat microservices.common.steps.BaseSteps.then_verifyErrorResponse(BaseSteps.java:13)\n\tat tests.tokens.Token.getATokenFail(Token.java:33)\n\tat sun.reflect.NativeMethodAccessorImpl.invoke0(Native Method)\n\tat sun.reflect.NativeMethodAccessorImpl.invoke(NativeMethodAccessorImpl.java:62)\n\tat sun.reflect.DelegatingMethodAccessorImpl.invoke(DelegatingMethodAccessorImpl.java:43)\n\tat java.lang.reflect.Method.invoke(Method.java:498)\n\tat org.testng.internal.MethodInvocationHelper.invokeMethod(MethodInvocationHelper.java:134)\n\tat org.testng.internal.TestInvoker.invokeMethod(TestInvoker.java:597)\n\tat org.testng.internal.TestInvoker.invokeTestMethod(TestInvoker.java:173)\n\tat org.testng.internal.MethodRunner.runInSequence(MethodRunner.java:46)\n\tat org.testng.internal.TestInvoker$MethodInvocationAgent.invoke(TestInvoker.java:816)\n\tat org.testng.internal.TestInvoker.invokeTestMethods(TestInvoker.java:146)\n\tat org.testng.internal.TestMethodWorker.invokeTestMethods(TestMethodWorker.java:146)\n\tat org.testng.internal.TestMethodWorker.run(TestMethodWorker.java:128)\n\tat java.util.concurrent.ThreadPoolExecutor.runWorker(ThreadPoolExecutor.java:1149)\n\tat java.util.concurrent.ThreadPoolExecutor$Worker.run(ThreadPoolExecutor.java:624)\n\tat java.lang.Thread.run(Thread.java:750)\n","steps":[{"name":"get a token","time":{"start":1696875184376,"stop":1696875186010,"duration":1634},"status":"passed","steps":[],"attachments":[],"parameters":[{"name":"tokenId","value":"1"}],"shouldDisplayMessage":false,"stepsCount":0,"attachmentsCount":0,"hasContent":true},{"name":"Verify error response","time":{"start":1696875186010,"stop":1696875186011,"duration":1},"status":"failed","statusMessage":"Incorrect error message expected [Token not found] but found [[The expected length of the hash is 44 characters, Field should have a prefixed value of 'asset']]","statusTrace":"java.lang.AssertionError: Incorrect error message expected [Token not found] but found [[The expected length of the hash is 44 characters, Field should have a prefixed value of 'asset']]\n\tat org.testng.Assert.fail(Assert.java:97)\n\tat org.testng.Assert.assertEqualsImpl(Assert.java:136)\n\tat org.testng.Assert.assertEquals(Assert.java:118)\n\tat org.testng.Assert.assertEquals(Assert.java:575)\n\tat microservices.common.steps.BaseSteps.then_verifyErrorResponse(BaseSteps.java:13)\n\tat tests.tokens.Token.getATokenFail(Token.java:33)\n\tat sun.reflect.NativeMethodAccessorImpl.invoke0(Native Method)\n\tat sun.reflect.NativeMethodAccessorImpl.invoke(NativeMethodAccessorImpl.java:62)\n\tat sun.reflect.DelegatingMethodAccessorImpl.invoke(DelegatingMethodAccessorImpl.java:43)\n\tat java.lang.reflect.Method.invoke(Method.java:498)\n\tat org.testng.internal.MethodInvocationHelper.invokeMethod(MethodInvocationHelper.java:134)\n\tat org.testng.internal.TestInvoker.invokeMethod(TestInvoker.java:597)\n\tat org.testng.internal.TestInvoker.invokeTestMethod(TestInvoker.java:173)\n\tat org.testng.internal.MethodRunner.runInSequence(MethodRunner.java:46)\n\tat org.testng.internal.TestInvoker$MethodInvocationAgent.invoke(TestInvoker.java:816)\n\tat org.testng.internal.TestInvoker.invokeTestMethods(TestInvoker.java:146)\n\tat org.testng.internal.TestMethodWorker.invokeTestMethods(TestMethodWorker.java:146)\n\tat org.testng.internal.TestMethodWorker.run(TestMethodWorker.java:128)\n\tat java.util.concurrent.ThreadPoolExecutor.runWorker(ThreadPoolExecutor.java:1149)\n\tat java.util.concurrent.ThreadPoolExecutor$Worker.run(ThreadPoolExecutor.java:624)\n\tat java.lang.Thread.run(Thread.java:750)\n","steps":[],"attachments":[],"parameters":[{"name":"statusCode","value":"400"},{"name":"message","value":"Token not found"},{"name":"errorCode","value":"BC_404-TOKEN_NOT_FOUND"}],"shouldDisplayMessage":true,"stepsCount":0,"attachmentsCount":0,"hasContent":true}],"attachments":[],"parameters":[],"shouldDisplayMessage":false,"stepsCount":2,"attachmentsCount":0,"hasContent":true},"afterStages":[{"name":"tearDown","time":{"start":1696875186012,"stop":1696875186013,"duration":1},"description":"","status":"passed","steps":[],"attachments":[],"parameters":[],"shouldDisplayMessage":false,"stepsCount":0,"attachmentsCount":0,"hasContent":false}],"labels":[{"name":"package","value":"tests.tokens.Token"},{"name":"testClass","value":"tests.tokens.Token"},{"name":"testMethod","value":"getATokenFail"},{"name":"parentSuite","value":"Cardano Regression Suite"},{"name":"suite","value":"Cardano API test "},{"name":"subSuite","value":"tests.tokens.Token"},{"name":"host","value":"fv-az581-943"},{"name":"thread","value":"2350@fv-az581-943.TestNG-test=Cardano API test -3(14)"},{"name":"framework","value":"testng"},{"name":"language","value":"java"},{"name":"resultFormat","value":"allure2"}],"parameters":[{"name":"arg0","value":"1"},{"name":"env","value":"preprod"}],"links":[],"hidden":false,"retry":false,"extra":{"severity":"normal","retries":[],"categories":[{"name":"Product defects","matchedStatuses":[],"flaky":false}],"history":{"statistic":{"failed":103,"broken":2,"skipped":0,"passed":19,"unknown":0,"total":124},"items":[{"uid":"53dd373a21c4604b","reportUrl":"https://Sotatek-DavidNguyen4.github.io/cardano-api-tests-preprod/124//#testresult/53dd373a21c4604b","status":"failed","statusDetails":"Incorrect error message expected [Token not found] but found [[Field should have a prefixed value of 'asset', The expected length of the hash is 44 characters]]","time":{"start":1696788720554,"stop":1696788722089,"duration":1535}},{"uid":"bd4b350ea377b407","reportUrl":"https://Sotatek-DavidNguyen4.github.io/cardano-api-tests-preprod/123//#testresult/bd4b350ea377b407","status":"failed","statusDetails":"Incorrect error message expected [Token not found] but found [[Field should have a prefixed value of 'asset', The expected length of the hash is 44 characters]]","time":{"start":1696702310839,"stop":1696702312789,"duration":1950}},{"uid":"27689aed776ca5f7","reportUrl":"https://Sotatek-DavidNguyen4.github.io/cardano-api-tests-preprod/122//#testresult/27689aed776ca5f7","status":"failed","statusDetails":"Incorrect error message expected [Token not found] but found [[The expected length of the hash is 44 characters, Field should have a prefixed value of 'asset']]","time":{"start":1696615969272,"stop":1696615970794,"duration":1522}},{"uid":"326b3b17e95dd5a5","reportUrl":"https://Sotatek-DavidNguyen4.github.io/cardano-api-tests-preprod/121//#testresult/326b3b17e95dd5a5","status":"failed","statusDetails":"Incorrect error message expected [Token not found] but found [[Field should have a prefixed value of 'asset', The expected length of the hash is 44 characters]]","time":{"start":1696529571109,"stop":1696529572713,"duration":1604}},{"uid":"d05d86f9acc02cc8","reportUrl":"https://Sotatek-DavidNguyen4.github.io/cardano-api-tests-preprod/120//#testresult/d05d86f9acc02cc8","status":"failed","statusDetails":"1 expectation failed.\nExpected status code <400> but was <502>.\n","time":{"start":1696443180830,"stop":1696443182517,"duration":1687}},{"uid":"504befa8e5920b17","reportUrl":"https://Sotatek-DavidNguyen4.github.io/cardano-api-tests-preprod/119//#testresult/504befa8e5920b17","status":"failed","statusDetails":"Incorrect error message expected [Token not found] but found [[Field should have a prefixed value of 'asset', The expected length of the hash is 44 characters]]","time":{"start":1696356781253,"stop":1696356782750,"duration":1497}},{"uid":"2a5e1f815eb71e39","reportUrl":"https://Sotatek-DavidNguyen4.github.io/cardano-api-tests-preprod/118//#testresult/2a5e1f815eb71e39","status":"failed","statusDetails":"Incorrect error message expected [Token not found] but found [[The expected length of the hash is 44 characters, Field should have a prefixed value of 'asset']]","time":{"start":1696270389301,"stop":1696270390902,"duration":1601}},{"uid":"3f67318da1a87686","reportUrl":"https://Sotatek-DavidNguyen4.github.io/cardano-api-tests-preprod/117//#testresult/3f67318da1a87686","status":"failed","statusDetails":"Incorrect error message expected [Token not found] but found [[The expected length of the hash is 44 characters, Field should have a prefixed value of 'asset']]","time":{"start":1696183893695,"stop":1696183895679,"duration":1984}},{"uid":"68de3a78e9e226e3","reportUrl":"https://Sotatek-DavidNguyen4.github.io/cardano-api-tests-preprod/116//#testresult/68de3a78e9e226e3","status":"failed","statusDetails":"Incorrect error message expected [Token not found] but found [[Field should have a prefixed value of 'asset', The expected length of the hash is 44 characters]]","time":{"start":1696097484492,"stop":1696097486180,"duration":1688}},{"uid":"1cba710412b02479","reportUrl":"https://Sotatek-DavidNguyen4.github.io/cardano-api-tests-preprod/115//#testresult/1cba710412b02479","status":"failed","statusDetails":"Incorrect error message expected [Token not found] but found [[The expected length of the hash is 44 characters, Field should have a prefixed value of 'asset']]","time":{"start":1696011167807,"stop":1696011169449,"duration":1642}},{"uid":"ec95f22a48ec3fa7","reportUrl":"https://Sotatek-DavidNguyen4.github.io/cardano-api-tests-preprod/114//#testresult/ec95f22a48ec3fa7","status":"failed","statusDetails":"Incorrect error message expected [Token not found] but found [[Field should have a prefixed value of 'asset', The expected length of the hash is 44 characters]]","time":{"start":1695924744416,"stop":1695924746056,"duration":1640}},{"uid":"187ec427b87d96d7","reportUrl":"https://Sotatek-DavidNguyen4.github.io/cardano-api-tests-preprod/113//#testresult/187ec427b87d96d7","status":"failed","statusDetails":"Incorrect error message expected [Token not found] but found [[Field should have a prefixed value of 'asset', The expected length of the hash is 44 characters]]","time":{"start":1695838389053,"stop":1695838390919,"duration":1866}},{"uid":"c013d215de55787f","reportUrl":"https://Sotatek-DavidNguyen4.github.io/cardano-api-tests-preprod/112//#testresult/c013d215de55787f","status":"failed","statusDetails":"Incorrect error message expected [Token not found] but found [[Field should have a prefixed value of 'asset', The expected length of the hash is 44 characters]]","time":{"start":1695751971741,"stop":1695751973579,"duration":1838}},{"uid":"ba4fc5807ca6865e","reportUrl":"https://Sotatek-DavidNguyen4.github.io/cardano-api-tests-preprod/111//#testresult/ba4fc5807ca6865e","status":"failed","statusDetails":"Incorrect error message expected [Token not found] but found [[Field should have a prefixed value of 'asset', The expected length of the hash is 44 characters]]","time":{"start":1695665579522,"stop":1695665581355,"duration":1833}},{"uid":"29e0c5fae946fe41","reportUrl":"https://Sotatek-DavidNguyen4.github.io/cardano-api-tests-preprod/110//#testresult/29e0c5fae946fe41","status":"failed","statusDetails":"Incorrect error message expected [Token not found] but found [[Field should have a prefixed value of 'asset', The expected length of the hash is 44 characters]]","time":{"start":1695579087927,"stop":1695579089470,"duration":1543}},{"uid":"80cde34871cdc8a2","reportUrl":"https://Sotatek-DavidNguyen4.github.io/cardano-api-tests-preprod/109//#testresult/80cde34871cdc8a2","status":"failed","statusDetails":"Incorrect error message expected [Token not found] but found [[Field should have a prefixed value of 'asset', The expected length of the hash is 44 characters]]","time":{"start":1695492676314,"stop":1695492678108,"duration":1794}},{"uid":"72e9154c86acf508","reportUrl":"https://Sotatek-DavidNguyen4.github.io/cardano-api-tests-preprod/108//#testresult/72e9154c86acf508","status":"failed","statusDetails":"Incorrect error message expected [Token not found] but found [[The expected length of the hash is 44 characters, Field should have a prefixed value of 'asset']]","time":{"start":1695406351073,"stop":1695406352722,"duration":1649}},{"uid":"b559deccb25105c9","reportUrl":"https://Sotatek-DavidNguyen4.github.io/cardano-api-tests-preprod/107//#testresult/b559deccb25105c9","status":"failed","statusDetails":"Incorrect error message expected [Token not found] but found [[Field should have a prefixed value of 'asset', The expected length of the hash is 44 characters]]","time":{"start":1695319968495,"stop":1695319970335,"duration":1840}},{"uid":"da45121f47c49705","reportUrl":"https://Sotatek-DavidNguyen4.github.io/cardano-api-tests-preprod/106//#testresult/da45121f47c49705","status":"failed","statusDetails":"Incorrect error message expected [Token not found] but found [[Field should have a prefixed value of 'asset', The expected length of the hash is 44 characters]]","time":{"start":1695233591488,"stop":1695233592989,"duration":1501}},{"uid":"a3c308035bd4ba48","reportUrl":"https://Sotatek-DavidNguyen4.github.io/cardano-api-tests-preprod/105//#testresult/a3c308035bd4ba48","status":"failed","statusDetails":"Incorrect error message expected [Token not found] but found [[The expected length of the hash is 44 characters, Field should have a prefixed value of 'asset']]","time":{"start":1695147178365,"stop":1695147179997,"duration":1632}}]},"tags":[]},"source":"7b395233e24dec04.json","parameterValues":["1","preprod"]}