{"uid":"51f7a4da121b8584","name":"Get number transaction with invalid days","fullName":"tests.transaction.TransactionTests.get_number_transaction_with_invalid_days","historyId":"d0af671dc931a763de70504cb8bbacf","time":{"start":1691432109524,"stop":1691432111592,"duration":2068},"status":"failed","statusMessage":"1 expectation failed.\nExpected status code <500> but was <400>.\n","statusTrace":"java.lang.AssertionError: 1 expectation failed.\nExpected status code <500> but was <400>.\n\n\tat sun.reflect.GeneratedConstructorAccessor93.newInstance(Unknown Source)\n\tat sun.reflect.DelegatingConstructorAccessorImpl.newInstance(DelegatingConstructorAccessorImpl.java:45)\n\tat java.lang.reflect.Constructor.newInstance(Constructor.java:423)\n\tat org.codehaus.groovy.reflection.CachedConstructor.invoke(CachedConstructor.java:83)\n\tat org.codehaus.groovy.reflection.CachedConstructor.doConstructorInvoke(CachedConstructor.java:77)\n\tat org.codehaus.groovy.runtime.callsite.ConstructorSite$ConstructorSiteNoUnwrap.callConstructor(ConstructorSite.java:84)\n\tat org.codehaus.groovy.runtime.callsite.AbstractCallSite.callConstructor(AbstractCallSite.java:250)\n\tat io.restassured.internal.ResponseSpecificationImpl$HamcrestAssertionClosure.validate(ResponseSpecificationImpl.groovy:494)\n\tat io.restassured.internal.ResponseSpecificationImpl$HamcrestAssertionClosure$validate$3.call(Unknown Source)\n\tat io.restassured.internal.ResponseSpecificationImpl.validateResponseIfRequired(ResponseSpecificationImpl.groovy:656)\n\tat sun.reflect.GeneratedMethodAccessor175.invoke(Unknown Source)\n\tat sun.reflect.DelegatingMethodAccessorImpl.invoke(DelegatingMethodAccessorImpl.java:43)\n\tat java.lang.reflect.Method.invoke(Method.java:498)\n\tat org.codehaus.groovy.runtime.callsite.PogoMetaMethodSite$PogoCachedMethodSiteNoUnwrapNoCoerce.invoke(PogoMetaMethodSite.java:210)\n\tat org.codehaus.groovy.runtime.callsite.PogoMetaMethodSite.callCurrent(PogoMetaMethodSite.java:59)\n\tat org.codehaus.groovy.runtime.callsite.AbstractCallSite.callCurrent(AbstractCallSite.java:169)\n\tat io.restassured.internal.ResponseSpecificationImpl.statusCode(ResponseSpecificationImpl.groovy:125)\n\tat io.restassured.specification.ResponseSpecification$statusCode$1.callCurrent(Unknown Source)\n\tat io.restassured.internal.ResponseSpecificationImpl.statusCode(ResponseSpecificationImpl.groovy:133)\n\tat io.restassured.internal.ValidatableResponseOptionsImpl.statusCode(ValidatableResponseOptionsImpl.java:119)\n\tat core.BaseApi.validateResponse(BaseApi.java:52)\n\tat microservices.common.steps.BaseSteps.then_verifyErrorResponse(BaseSteps.java:11)\n\tat tests.transaction.TransactionTests.get_number_transaction_with_invalid_days(TransactionTests.java:106)\n\tat sun.reflect.NativeMethodAccessorImpl.invoke0(Native Method)\n\tat sun.reflect.NativeMethodAccessorImpl.invoke(NativeMethodAccessorImpl.java:62)\n\tat sun.reflect.DelegatingMethodAccessorImpl.invoke(DelegatingMethodAccessorImpl.java:43)\n\tat java.lang.reflect.Method.invoke(Method.java:498)\n\tat org.testng.internal.MethodInvocationHelper.invokeMethod(MethodInvocationHelper.java:134)\n\tat org.testng.internal.TestInvoker.invokeMethod(TestInvoker.java:597)\n\tat org.testng.internal.TestInvoker.invokeTestMethod(TestInvoker.java:173)\n\tat org.testng.internal.MethodRunner.runInSequence(MethodRunner.java:46)\n\tat org.testng.internal.TestInvoker$MethodInvocationAgent.invoke(TestInvoker.java:816)\n\tat org.testng.internal.TestInvoker.invokeTestMethods(TestInvoker.java:146)\n\tat org.testng.internal.TestMethodWorker.invokeTestMethods(TestMethodWorker.java:146)\n\tat org.testng.internal.TestMethodWorker.run(TestMethodWorker.java:128)\n\tat java.util.concurrent.ThreadPoolExecutor.runWorker(ThreadPoolExecutor.java:1149)\n\tat java.util.concurrent.ThreadPoolExecutor$Worker.run(ThreadPoolExecutor.java:624)\n\tat java.lang.Thread.run(Thread.java:750)\n","flaky":false,"newFailed":false,"newBroken":false,"newPassed":false,"retriesCount":0,"retriesStatusChange":false,"beforeStages":[{"name":"preconditions","time":{"start":1691431837450,"stop":1691431838124,"duration":674},"description":"","status":"passed","steps":[],"attachments":[],"parameters":[],"stepsCount":0,"attachmentsCount":0,"shouldDisplayMessage":false,"hasContent":false},{"name":"setUp","time":{"start":1691432109523,"stop":1691432109523,"duration":0},"description":"","status":"passed","steps":[],"attachments":[],"parameters":[],"stepsCount":0,"attachmentsCount":0,"shouldDisplayMessage":false,"hasContent":false}],"testStage":{"status":"failed","statusMessage":"1 expectation failed.\nExpected status code <500> but was <400>.\n","statusTrace":"java.lang.AssertionError: 1 expectation failed.\nExpected status code <500> but was <400>.\n\n\tat sun.reflect.GeneratedConstructorAccessor93.newInstance(Unknown Source)\n\tat sun.reflect.DelegatingConstructorAccessorImpl.newInstance(DelegatingConstructorAccessorImpl.java:45)\n\tat java.lang.reflect.Constructor.newInstance(Constructor.java:423)\n\tat org.codehaus.groovy.reflection.CachedConstructor.invoke(CachedConstructor.java:83)\n\tat org.codehaus.groovy.reflection.CachedConstructor.doConstructorInvoke(CachedConstructor.java:77)\n\tat org.codehaus.groovy.runtime.callsite.ConstructorSite$ConstructorSiteNoUnwrap.callConstructor(ConstructorSite.java:84)\n\tat org.codehaus.groovy.runtime.callsite.AbstractCallSite.callConstructor(AbstractCallSite.java:250)\n\tat io.restassured.internal.ResponseSpecificationImpl$HamcrestAssertionClosure.validate(ResponseSpecificationImpl.groovy:494)\n\tat io.restassured.internal.ResponseSpecificationImpl$HamcrestAssertionClosure$validate$3.call(Unknown Source)\n\tat io.restassured.internal.ResponseSpecificationImpl.validateResponseIfRequired(ResponseSpecificationImpl.groovy:656)\n\tat sun.reflect.GeneratedMethodAccessor175.invoke(Unknown Source)\n\tat sun.reflect.DelegatingMethodAccessorImpl.invoke(DelegatingMethodAccessorImpl.java:43)\n\tat java.lang.reflect.Method.invoke(Method.java:498)\n\tat org.codehaus.groovy.runtime.callsite.PogoMetaMethodSite$PogoCachedMethodSiteNoUnwrapNoCoerce.invoke(PogoMetaMethodSite.java:210)\n\tat org.codehaus.groovy.runtime.callsite.PogoMetaMethodSite.callCurrent(PogoMetaMethodSite.java:59)\n\tat org.codehaus.groovy.runtime.callsite.AbstractCallSite.callCurrent(AbstractCallSite.java:169)\n\tat io.restassured.internal.ResponseSpecificationImpl.statusCode(ResponseSpecificationImpl.groovy:125)\n\tat io.restassured.specification.ResponseSpecification$statusCode$1.callCurrent(Unknown Source)\n\tat io.restassured.internal.ResponseSpecificationImpl.statusCode(ResponseSpecificationImpl.groovy:133)\n\tat io.restassured.internal.ValidatableResponseOptionsImpl.statusCode(ValidatableResponseOptionsImpl.java:119)\n\tat core.BaseApi.validateResponse(BaseApi.java:52)\n\tat microservices.common.steps.BaseSteps.then_verifyErrorResponse(BaseSteps.java:11)\n\tat tests.transaction.TransactionTests.get_number_transaction_with_invalid_days(TransactionTests.java:106)\n\tat sun.reflect.NativeMethodAccessorImpl.invoke0(Native Method)\n\tat sun.reflect.NativeMethodAccessorImpl.invoke(NativeMethodAccessorImpl.java:62)\n\tat sun.reflect.DelegatingMethodAccessorImpl.invoke(DelegatingMethodAccessorImpl.java:43)\n\tat java.lang.reflect.Method.invoke(Method.java:498)\n\tat org.testng.internal.MethodInvocationHelper.invokeMethod(MethodInvocationHelper.java:134)\n\tat org.testng.internal.TestInvoker.invokeMethod(TestInvoker.java:597)\n\tat org.testng.internal.TestInvoker.invokeTestMethod(TestInvoker.java:173)\n\tat org.testng.internal.MethodRunner.runInSequence(MethodRunner.java:46)\n\tat org.testng.internal.TestInvoker$MethodInvocationAgent.invoke(TestInvoker.java:816)\n\tat org.testng.internal.TestInvoker.invokeTestMethods(TestInvoker.java:146)\n\tat org.testng.internal.TestMethodWorker.invokeTestMethods(TestMethodWorker.java:146)\n\tat org.testng.internal.TestMethodWorker.run(TestMethodWorker.java:128)\n\tat java.util.concurrent.ThreadPoolExecutor.runWorker(ThreadPoolExecutor.java:1149)\n\tat java.util.concurrent.ThreadPoolExecutor$Worker.run(ThreadPoolExecutor.java:624)\n\tat java.lang.Thread.run(Thread.java:750)\n","steps":[{"name":"Get number transaction on fixable days","time":{"start":1691432109524,"stop":1691432111591,"duration":2067},"status":"passed","steps":[],"attachments":[],"parameters":[{"name":"type","value":"one day"}],"stepsCount":0,"attachmentsCount":0,"shouldDisplayMessage":false,"hasContent":true},{"name":"Verify error response","time":{"start":1691432111591,"stop":1691432111592,"duration":1},"status":"failed","statusMessage":"1 expectation failed.\nExpected status code <500> but was <400>.\n","statusTrace":"java.lang.AssertionError: 1 expectation failed.\nExpected status code <500> but was <400>.\n\n\tat sun.reflect.GeneratedConstructorAccessor93.newInstance(Unknown Source)\n\tat sun.reflect.DelegatingConstructorAccessorImpl.newInstance(DelegatingConstructorAccessorImpl.java:45)\n\tat java.lang.reflect.Constructor.newInstance(Constructor.java:423)\n\tat org.codehaus.groovy.reflection.CachedConstructor.invoke(CachedConstructor.java:83)\n\tat org.codehaus.groovy.reflection.CachedConstructor.doConstructorInvoke(CachedConstructor.java:77)\n\tat org.codehaus.groovy.runtime.callsite.ConstructorSite$ConstructorSiteNoUnwrap.callConstructor(ConstructorSite.java:84)\n\tat org.codehaus.groovy.runtime.callsite.AbstractCallSite.callConstructor(AbstractCallSite.java:250)\n\tat io.restassured.internal.ResponseSpecificationImpl$HamcrestAssertionClosure.validate(ResponseSpecificationImpl.groovy:494)\n\tat io.restassured.internal.ResponseSpecificationImpl$HamcrestAssertionClosure$validate$3.call(Unknown Source)\n\tat io.restassured.internal.ResponseSpecificationImpl.validateResponseIfRequired(ResponseSpecificationImpl.groovy:656)\n\tat sun.reflect.GeneratedMethodAccessor175.invoke(Unknown Source)\n\tat sun.reflect.DelegatingMethodAccessorImpl.invoke(DelegatingMethodAccessorImpl.java:43)\n\tat java.lang.reflect.Method.invoke(Method.java:498)\n\tat org.codehaus.groovy.runtime.callsite.PogoMetaMethodSite$PogoCachedMethodSiteNoUnwrapNoCoerce.invoke(PogoMetaMethodSite.java:210)\n\tat org.codehaus.groovy.runtime.callsite.PogoMetaMethodSite.callCurrent(PogoMetaMethodSite.java:59)\n\tat org.codehaus.groovy.runtime.callsite.AbstractCallSite.callCurrent(AbstractCallSite.java:169)\n\tat io.restassured.internal.ResponseSpecificationImpl.statusCode(ResponseSpecificationImpl.groovy:125)\n\tat io.restassured.specification.ResponseSpecification$statusCode$1.callCurrent(Unknown Source)\n\tat io.restassured.internal.ResponseSpecificationImpl.statusCode(ResponseSpecificationImpl.groovy:133)\n\tat io.restassured.internal.ValidatableResponseOptionsImpl.statusCode(ValidatableResponseOptionsImpl.java:119)\n\tat core.BaseApi.validateResponse(BaseApi.java:52)\n\tat microservices.common.steps.BaseSteps.then_verifyErrorResponse(BaseSteps.java:11)\n\tat tests.transaction.TransactionTests.get_number_transaction_with_invalid_days(TransactionTests.java:106)\n\tat sun.reflect.NativeMethodAccessorImpl.invoke0(Native Method)\n\tat sun.reflect.NativeMethodAccessorImpl.invoke(NativeMethodAccessorImpl.java:62)\n\tat sun.reflect.DelegatingMethodAccessorImpl.invoke(DelegatingMethodAccessorImpl.java:43)\n\tat java.lang.reflect.Method.invoke(Method.java:498)\n\tat org.testng.internal.MethodInvocationHelper.invokeMethod(MethodInvocationHelper.java:134)\n\tat org.testng.internal.TestInvoker.invokeMethod(TestInvoker.java:597)\n\tat org.testng.internal.TestInvoker.invokeTestMethod(TestInvoker.java:173)\n\tat org.testng.internal.MethodRunner.runInSequence(MethodRunner.java:46)\n\tat org.testng.internal.TestInvoker$MethodInvocationAgent.invoke(TestInvoker.java:816)\n\tat org.testng.internal.TestInvoker.invokeTestMethods(TestInvoker.java:146)\n\tat org.testng.internal.TestMethodWorker.invokeTestMethods(TestMethodWorker.java:146)\n\tat org.testng.internal.TestMethodWorker.run(TestMethodWorker.java:128)\n\tat java.util.concurrent.ThreadPoolExecutor.runWorker(ThreadPoolExecutor.java:1149)\n\tat java.util.concurrent.ThreadPoolExecutor$Worker.run(ThreadPoolExecutor.java:624)\n\tat java.lang.Thread.run(Thread.java:750)\n","steps":[],"attachments":[],"parameters":[{"name":"statusCode","value":"500"},{"name":"message","value":"Unknown error"},{"name":"errorCode","value":"CC_1"}],"stepsCount":0,"attachmentsCount":0,"shouldDisplayMessage":true,"hasContent":true}],"attachments":[],"parameters":[],"stepsCount":2,"attachmentsCount":0,"shouldDisplayMessage":false,"hasContent":true},"afterStages":[{"name":"tearDown","time":{"start":1691432111592,"stop":1691432111592,"duration":0},"description":"","status":"passed","steps":[],"attachments":[],"parameters":[],"stepsCount":0,"attachmentsCount":0,"shouldDisplayMessage":false,"hasContent":false},{"name":"postconditions","time":{"start":1691432139625,"stop":1691432139625,"duration":0},"description":"","status":"passed","steps":[],"attachments":[],"parameters":[],"stepsCount":0,"attachmentsCount":0,"shouldDisplayMessage":false,"hasContent":false}],"labels":[{"name":"package","value":"tests.transaction.TransactionTests"},{"name":"testClass","value":"tests.transaction.TransactionTests"},{"name":"testMethod","value":"get_number_transaction_with_invalid_days"},{"name":"parentSuite","value":"Cardano Regression Suite"},{"name":"suite","value":"Cardano API test "},{"name":"subSuite","value":"tests.transaction.TransactionTests"},{"name":"host","value":"fv-az436-137"},{"name":"thread","value":"2319@fv-az436-137.TestNG-test=Cardano API test -2(13)"},{"name":"framework","value":"testng"},{"name":"language","value":"java"},{"name":"feature","value":"api-transactions"},{"name":"epic","value":"cardano"},{"name":"resultFormat","value":"allure2"}],"parameters":[{"name":"arg0","value":"one day"},{"name":"env","value":"preprod"}],"links":[],"hidden":false,"retry":false,"extra":{"severity":"normal","retries":[],"categories":[{"name":"Product defects","matchedStatuses":[],"flaky":false}],"history":{"statistic":{"failed":40,"broken":2,"skipped":0,"passed":19,"unknown":0,"total":61},"items":[{"uid":"74800da5b3bc299b","reportUrl":"https://Sotatek-DavidNguyen4.github.io/cardano-api-tests-preprod/61//#testresult/74800da5b3bc299b","status":"failed","statusDetails":"1 expectation failed.\nExpected status code <500> but was <400>.\n","time":{"start":1691345616990,"stop":1691345618633,"duration":1643}},{"uid":"7a7385a887a11b06","reportUrl":"https://Sotatek-DavidNguyen4.github.io/cardano-api-tests-preprod/60//#testresult/7a7385a887a11b06","status":"failed","statusDetails":"1 expectation failed.\nExpected status code <500> but was <400>.\n","time":{"start":1691259243446,"stop":1691259245402,"duration":1956}},{"uid":"ea2ae10b0ce59a3a","reportUrl":"https://Sotatek-DavidNguyen4.github.io/cardano-api-tests-preprod/59//#testresult/ea2ae10b0ce59a3a","status":"failed","statusDetails":"1 expectation failed.\nExpected status code <500> but was <400>.\n","time":{"start":1691172885837,"stop":1691172887554,"duration":1717}},{"uid":"6b9f09092c036f8d","reportUrl":"https://Sotatek-DavidNguyen4.github.io/cardano-api-tests-preprod/58//#testresult/6b9f09092c036f8d","status":"failed","statusDetails":"1 expectation failed.\nExpected status code <500> but was <400>.\n","time":{"start":1691086482035,"stop":1691086483839,"duration":1804}},{"uid":"616b3208743dffd9","reportUrl":"https://Sotatek-DavidNguyen4.github.io/cardano-api-tests-preprod/57//#testresult/616b3208743dffd9","status":"failed","statusDetails":"1 expectation failed.\nExpected status code <500> but was <400>.\n","time":{"start":1691000088629,"stop":1691000090393,"duration":1764}},{"uid":"b724350296312b0d","reportUrl":"https://Sotatek-DavidNguyen4.github.io/cardano-api-tests-preprod/56//#testresult/b724350296312b0d","status":"failed","statusDetails":"1 expectation failed.\nExpected status code <500> but was <400>.\n","time":{"start":1690913707275,"stop":1690913709265,"duration":1990}},{"uid":"205416ae31de29aa","reportUrl":"https://Sotatek-DavidNguyen4.github.io/cardano-api-tests-preprod/55//#testresult/205416ae31de29aa","status":"failed","statusDetails":"1 expectation failed.\nExpected status code <500> but was <400>.\n","time":{"start":1690827303480,"stop":1690827305071,"duration":1591}},{"uid":"33e30d95729d5129","reportUrl":"https://Sotatek-DavidNguyen4.github.io/cardano-api-tests-preprod/54//#testresult/33e30d95729d5129","status":"failed","statusDetails":"1 expectation failed.\nExpected status code <500> but was <400>.\n","time":{"start":1690740825131,"stop":1690740826850,"duration":1719}},{"uid":"a489af4419323803","reportUrl":"https://Sotatek-DavidNguyen4.github.io/cardano-api-tests-preprod/53//#testresult/a489af4419323803","status":"failed","statusDetails":"1 expectation failed.\nExpected status code <500> but was <400>.\n","time":{"start":1690654461183,"stop":1690654463041,"duration":1858}},{"uid":"15cae16fb9e5db33","reportUrl":"https://Sotatek-DavidNguyen4.github.io/cardano-api-tests-preprod/52//#testresult/15cae16fb9e5db33","status":"failed","statusDetails":"1 expectation failed.\nExpected status code <500> but was <400>.\n","time":{"start":1690568076366,"stop":1690568078216,"duration":1850}},{"uid":"b0ed85762109a3a2","reportUrl":"https://Sotatek-DavidNguyen4.github.io/cardano-api-tests-preprod/51//#testresult/b0ed85762109a3a2","status":"failed","statusDetails":"1 expectation failed.\nExpected status code <500> but was <400>.\n","time":{"start":1690481691704,"stop":1690481693342,"duration":1638}},{"uid":"11546745921952ce","reportUrl":"https://Sotatek-DavidNguyen4.github.io/cardano-api-tests-preprod/50//#testresult/11546745921952ce","status":"failed","statusDetails":"1 expectation failed.\nExpected status code <500> but was <400>.\n","time":{"start":1690395298774,"stop":1690395300655,"duration":1881}},{"uid":"59b9b1a1af0152a0","reportUrl":"https://Sotatek-DavidNguyen4.github.io/cardano-api-tests-preprod/49//#testresult/59b9b1a1af0152a0","status":"failed","statusDetails":"1 expectation failed.\nExpected status code <500> but was <400>.\n","time":{"start":1690308863096,"stop":1690308864530,"duration":1434}},{"uid":"db56ed5fdaed028d","reportUrl":"https://Sotatek-DavidNguyen4.github.io/cardano-api-tests-preprod/48//#testresult/db56ed5fdaed028d","status":"failed","statusDetails":"1 expectation failed.\nExpected status code <500> but was <400>.\n","time":{"start":1690222603239,"stop":1690222604770,"duration":1531}},{"uid":"4c33a4826245b3e5","reportUrl":"https://Sotatek-DavidNguyen4.github.io/cardano-api-tests-preprod/47//#testresult/4c33a4826245b3e5","status":"failed","statusDetails":"1 expectation failed.\nExpected status code <500> but was <400>.\n","time":{"start":1690136050350,"stop":1690136051945,"duration":1595}},{"uid":"4b8e9a7e533a7db","reportUrl":"https://Sotatek-DavidNguyen4.github.io/cardano-api-tests-preprod/46//#testresult/4b8e9a7e533a7db","status":"failed","statusDetails":"1 expectation failed.\nExpected status code <500> but was <400>.\n","time":{"start":1690049652760,"stop":1690049654322,"duration":1562}},{"uid":"b72157765e0a622d","reportUrl":"https://Sotatek-DavidNguyen4.github.io/cardano-api-tests-preprod/45//#testresult/b72157765e0a622d","status":"failed","statusDetails":"1 expectation failed.\nExpected status code <500> but was <400>.\n","time":{"start":1689963377428,"stop":1689963379232,"duration":1804}},{"uid":"9b7fc69678ff1f9f","reportUrl":"https://Sotatek-DavidNguyen4.github.io/cardano-api-tests-preprod/44//#testresult/9b7fc69678ff1f9f","status":"failed","statusDetails":"1 expectation failed.\nExpected status code <500> but was <400>.\n","time":{"start":1689876885714,"stop":1689876887301,"duration":1587}},{"uid":"c7b42ae73a474d88","reportUrl":"https://Sotatek-DavidNguyen4.github.io/cardano-api-tests-preprod/43//#testresult/c7b42ae73a474d88","status":"failed","statusDetails":"1 expectation failed.\nExpected status code <500> but was <400>.\n","time":{"start":1689790490377,"stop":1689790491794,"duration":1417}},{"uid":"9e54a5d2d0dedd71","reportUrl":"https://Sotatek-DavidNguyen4.github.io/cardano-api-tests-preprod/42//#testresult/9e54a5d2d0dedd71","status":"failed","statusDetails":"1 expectation failed.\nExpected status code <500> but was <400>.\n","time":{"start":1689704212352,"stop":1689704214259,"duration":1907}}]},"tags":[]},"source":"51f7a4da121b8584.json","parameterValues":["one day","preprod"]}