{"uid":"42bf842286570a4f","name":"verify that get data for pool detail delegators unsuccessfully with invalid page","fullName":"tests.delegation_controller.DelegationControllerTests.getPoolDetailDelegatorUnsuccessfullyWithInvalidPage","historyId":"d2cf5e9ba4268c2da5060091d558039b","time":{"start":1688321510394,"stop":1688321511962,"duration":1568},"status":"failed","statusMessage":"1 expectation failed.\nExpected status code <200> but was <400>.\n","statusTrace":"java.lang.AssertionError: 1 expectation failed.\nExpected status code <200> but was <400>.\n\n\tat sun.reflect.NativeConstructorAccessorImpl.newInstance0(Native Method)\n\tat sun.reflect.NativeConstructorAccessorImpl.newInstance(NativeConstructorAccessorImpl.java:62)\n\tat sun.reflect.DelegatingConstructorAccessorImpl.newInstance(DelegatingConstructorAccessorImpl.java:45)\n\tat java.lang.reflect.Constructor.newInstance(Constructor.java:423)\n\tat org.codehaus.groovy.reflection.CachedConstructor.invoke(CachedConstructor.java:83)\n\tat org.codehaus.groovy.reflection.CachedConstructor.doConstructorInvoke(CachedConstructor.java:77)\n\tat org.codehaus.groovy.runtime.callsite.ConstructorSite$ConstructorSiteNoUnwrap.callConstructor(ConstructorSite.java:84)\n\tat org.codehaus.groovy.runtime.callsite.AbstractCallSite.callConstructor(AbstractCallSite.java:250)\n\tat io.restassured.internal.ResponseSpecificationImpl$HamcrestAssertionClosure.validate(ResponseSpecificationImpl.groovy:494)\n\tat io.restassured.internal.ResponseSpecificationImpl$HamcrestAssertionClosure$validate$3.call(Unknown Source)\n\tat io.restassured.internal.ResponseSpecificationImpl.validateResponseIfRequired(ResponseSpecificationImpl.groovy:656)\n\tat sun.reflect.GeneratedMethodAccessor174.invoke(Unknown Source)\n\tat sun.reflect.DelegatingMethodAccessorImpl.invoke(DelegatingMethodAccessorImpl.java:43)\n\tat java.lang.reflect.Method.invoke(Method.java:498)\n\tat org.codehaus.groovy.runtime.callsite.PogoMetaMethodSite$PogoCachedMethodSiteNoUnwrapNoCoerce.invoke(PogoMetaMethodSite.java:210)\n\tat org.codehaus.groovy.runtime.callsite.PogoMetaMethodSite.callCurrent(PogoMetaMethodSite.java:59)\n\tat org.codehaus.groovy.runtime.callsite.AbstractCallSite.callCurrent(AbstractCallSite.java:169)\n\tat io.restassured.internal.ResponseSpecificationImpl.statusCode(ResponseSpecificationImpl.groovy:125)\n\tat io.restassured.specification.ResponseSpecification$statusCode$0.callCurrent(Unknown Source)\n\tat io.restassured.internal.ResponseSpecificationImpl.statusCode(ResponseSpecificationImpl.groovy:133)\n\tat io.restassured.internal.ValidatableResponseOptionsImpl.statusCode(ValidatableResponseOptionsImpl.java:119)\n\tat core.BaseApi.validateStatusCode(BaseApi.java:69)\n\tat tests.delegation_controller.DelegationControllerTests.getPoolDetailDelegatorUnsuccessfullyWithInvalidPage(DelegationControllerTests.java:133)\n\tat sun.reflect.NativeMethodAccessorImpl.invoke0(Native Method)\n\tat sun.reflect.NativeMethodAccessorImpl.invoke(NativeMethodAccessorImpl.java:62)\n\tat sun.reflect.DelegatingMethodAccessorImpl.invoke(DelegatingMethodAccessorImpl.java:43)\n\tat java.lang.reflect.Method.invoke(Method.java:498)\n\tat org.testng.internal.MethodInvocationHelper.invokeMethod(MethodInvocationHelper.java:134)\n\tat org.testng.internal.TestInvoker.invokeMethod(TestInvoker.java:597)\n\tat org.testng.internal.TestInvoker.invokeTestMethod(TestInvoker.java:173)\n\tat org.testng.internal.MethodRunner.runInSequence(MethodRunner.java:46)\n\tat org.testng.internal.TestInvoker$MethodInvocationAgent.invoke(TestInvoker.java:816)\n\tat org.testng.internal.TestInvoker.invokeTestMethods(TestInvoker.java:146)\n\tat org.testng.internal.TestMethodWorker.invokeTestMethods(TestMethodWorker.java:146)\n\tat org.testng.internal.TestMethodWorker.run(TestMethodWorker.java:128)\n\tat java.util.concurrent.ThreadPoolExecutor.runWorker(ThreadPoolExecutor.java:1149)\n\tat java.util.concurrent.ThreadPoolExecutor$Worker.run(ThreadPoolExecutor.java:624)\n\tat java.lang.Thread.run(Thread.java:750)\n","flaky":false,"newFailed":false,"newBroken":false,"newPassed":false,"retriesCount":0,"retriesStatusChange":false,"beforeStages":[{"name":"preconditions","time":{"start":1688321496869,"stop":1688321497600,"duration":731},"description":"","status":"passed","steps":[],"attachments":[],"parameters":[],"stepsCount":0,"attachmentsCount":0,"shouldDisplayMessage":false,"hasContent":false},{"name":"setUp","time":{"start":1688321510390,"stop":1688321510393,"duration":3},"description":"","status":"passed","steps":[],"attachments":[],"parameters":[],"stepsCount":0,"attachmentsCount":0,"shouldDisplayMessage":false,"hasContent":false}],"testStage":{"status":"failed","statusMessage":"1 expectation failed.\nExpected status code <200> but was <400>.\n","statusTrace":"java.lang.AssertionError: 1 expectation failed.\nExpected status code <200> but was <400>.\n\n\tat sun.reflect.NativeConstructorAccessorImpl.newInstance0(Native Method)\n\tat sun.reflect.NativeConstructorAccessorImpl.newInstance(NativeConstructorAccessorImpl.java:62)\n\tat sun.reflect.DelegatingConstructorAccessorImpl.newInstance(DelegatingConstructorAccessorImpl.java:45)\n\tat java.lang.reflect.Constructor.newInstance(Constructor.java:423)\n\tat org.codehaus.groovy.reflection.CachedConstructor.invoke(CachedConstructor.java:83)\n\tat org.codehaus.groovy.reflection.CachedConstructor.doConstructorInvoke(CachedConstructor.java:77)\n\tat org.codehaus.groovy.runtime.callsite.ConstructorSite$ConstructorSiteNoUnwrap.callConstructor(ConstructorSite.java:84)\n\tat org.codehaus.groovy.runtime.callsite.AbstractCallSite.callConstructor(AbstractCallSite.java:250)\n\tat io.restassured.internal.ResponseSpecificationImpl$HamcrestAssertionClosure.validate(ResponseSpecificationImpl.groovy:494)\n\tat io.restassured.internal.ResponseSpecificationImpl$HamcrestAssertionClosure$validate$3.call(Unknown Source)\n\tat io.restassured.internal.ResponseSpecificationImpl.validateResponseIfRequired(ResponseSpecificationImpl.groovy:656)\n\tat sun.reflect.GeneratedMethodAccessor174.invoke(Unknown Source)\n\tat sun.reflect.DelegatingMethodAccessorImpl.invoke(DelegatingMethodAccessorImpl.java:43)\n\tat java.lang.reflect.Method.invoke(Method.java:498)\n\tat org.codehaus.groovy.runtime.callsite.PogoMetaMethodSite$PogoCachedMethodSiteNoUnwrapNoCoerce.invoke(PogoMetaMethodSite.java:210)\n\tat org.codehaus.groovy.runtime.callsite.PogoMetaMethodSite.callCurrent(PogoMetaMethodSite.java:59)\n\tat org.codehaus.groovy.runtime.callsite.AbstractCallSite.callCurrent(AbstractCallSite.java:169)\n\tat io.restassured.internal.ResponseSpecificationImpl.statusCode(ResponseSpecificationImpl.groovy:125)\n\tat io.restassured.specification.ResponseSpecification$statusCode$0.callCurrent(Unknown Source)\n\tat io.restassured.internal.ResponseSpecificationImpl.statusCode(ResponseSpecificationImpl.groovy:133)\n\tat io.restassured.internal.ValidatableResponseOptionsImpl.statusCode(ValidatableResponseOptionsImpl.java:119)\n\tat core.BaseApi.validateStatusCode(BaseApi.java:69)\n\tat tests.delegation_controller.DelegationControllerTests.getPoolDetailDelegatorUnsuccessfullyWithInvalidPage(DelegationControllerTests.java:133)\n\tat sun.reflect.NativeMethodAccessorImpl.invoke0(Native Method)\n\tat sun.reflect.NativeMethodAccessorImpl.invoke(NativeMethodAccessorImpl.java:62)\n\tat sun.reflect.DelegatingMethodAccessorImpl.invoke(DelegatingMethodAccessorImpl.java:43)\n\tat java.lang.reflect.Method.invoke(Method.java:498)\n\tat org.testng.internal.MethodInvocationHelper.invokeMethod(MethodInvocationHelper.java:134)\n\tat org.testng.internal.TestInvoker.invokeMethod(TestInvoker.java:597)\n\tat org.testng.internal.TestInvoker.invokeTestMethod(TestInvoker.java:173)\n\tat org.testng.internal.MethodRunner.runInSequence(MethodRunner.java:46)\n\tat org.testng.internal.TestInvoker$MethodInvocationAgent.invoke(TestInvoker.java:816)\n\tat org.testng.internal.TestInvoker.invokeTestMethods(TestInvoker.java:146)\n\tat org.testng.internal.TestMethodWorker.invokeTestMethods(TestMethodWorker.java:146)\n\tat org.testng.internal.TestMethodWorker.run(TestMethodWorker.java:128)\n\tat java.util.concurrent.ThreadPoolExecutor.runWorker(ThreadPoolExecutor.java:1149)\n\tat java.util.concurrent.ThreadPoolExecutor$Worker.run(ThreadPoolExecutor.java:624)\n\tat java.lang.Thread.run(Thread.java:750)\n","steps":[{"name":"get data for pool detail delegators","time":{"start":1688321510395,"stop":1688321511959,"duration":1564},"status":"passed","steps":[],"attachments":[],"parameters":[{"name":"param","value":"{size=1, poolView=pool1njr03m7t9k808fcav8phxnskacr4v59w5cnqgqsgnug2j2lvn85, page=-1}"}],"stepsCount":0,"attachmentsCount":0,"shouldDisplayMessage":false,"hasContent":true}],"attachments":[],"parameters":[],"stepsCount":1,"attachmentsCount":0,"shouldDisplayMessage":true,"hasContent":true},"afterStages":[{"name":"tearDown","time":{"start":1688321511963,"stop":1688321511963,"duration":0},"description":"","status":"passed","steps":[],"attachments":[],"parameters":[],"stepsCount":0,"attachmentsCount":0,"shouldDisplayMessage":false,"hasContent":false},{"name":"postconditions","time":{"start":1688321723206,"stop":1688321723206,"duration":0},"description":"","status":"passed","steps":[],"attachments":[],"parameters":[],"stepsCount":0,"attachmentsCount":0,"shouldDisplayMessage":false,"hasContent":false}],"labels":[{"name":"package","value":"tests.delegation_controller.DelegationControllerTests"},{"name":"testClass","value":"tests.delegation_controller.DelegationControllerTests"},{"name":"testMethod","value":"getPoolDetailDelegatorUnsuccessfullyWithInvalidPage"},{"name":"parentSuite","value":"Cardano Regression Suite"},{"name":"suite","value":"Cardano API test "},{"name":"subSuite","value":"tests.delegation_controller.DelegationControllerTests"},{"name":"host","value":"fv-az447-181"},{"name":"thread","value":"2442@fv-az447-181.TestNG-test=Cardano API test -1(12)"},{"name":"framework","value":"testng"},{"name":"language","value":"java"},{"name":"epic","value":"cardano"},{"name":"feature","value":"api-delegation"},{"name":"resultFormat","value":"allure2"}],"parameters":[{"name":"arg0","value":"-1"},{"name":"env","value":"preprod"}],"links":[],"hidden":false,"retry":false,"extra":{"severity":"normal","retries":[],"categories":[{"name":"Product defects","matchedStatuses":[],"flaky":false}],"history":{"statistic":{"failed":24,"broken":1,"skipped":0,"passed":0,"unknown":0,"total":25},"items":[{"uid":"906e7903579eb706","reportUrl":"https://Sotatek-DavidNguyen4.github.io/cardano-api-tests-preprod/25//#testresult/906e7903579eb706","status":"failed","statusDetails":"1 expectation failed.\nExpected status code <200> but was <400>.\n","time":{"start":1688235101551,"stop":1688235103085,"duration":1534}},{"uid":"a5ae705fa9f5c778","reportUrl":"https://Sotatek-DavidNguyen4.github.io/cardano-api-tests-preprod/24//#testresult/a5ae705fa9f5c778","status":"failed","statusDetails":"1 expectation failed.\nExpected status code <200> but was <400>.\n","time":{"start":1688148757053,"stop":1688148758562,"duration":1509}},{"uid":"dff92fdf2505507","reportUrl":"https://Sotatek-DavidNguyen4.github.io/cardano-api-tests-preprod/23//#testresult/dff92fdf2505507","status":"failed","statusDetails":"1 expectation failed.\nExpected status code <200> but was <400>.\n","time":{"start":1688062571707,"stop":1688062573456,"duration":1749}},{"uid":"5e3c90bf9a265d28","reportUrl":"https://Sotatek-DavidNguyen4.github.io/cardano-api-tests-preprod/22//#testresult/5e3c90bf9a265d28","status":"failed","statusDetails":"1 expectation failed.\nExpected status code <200> but was <400>.\n","time":{"start":1687975976038,"stop":1687975977789,"duration":1751}},{"uid":"c59b3be05bf97b97","reportUrl":"https://Sotatek-DavidNguyen4.github.io/cardano-api-tests-preprod/21//#testresult/c59b3be05bf97b97","status":"failed","statusDetails":"1 expectation failed.\nExpected status code <200> but was <500>.\n","time":{"start":1687889570850,"stop":1687889572430,"duration":1580}},{"uid":"7d4ef44b32f4ab12","reportUrl":"https://Sotatek-DavidNguyen4.github.io/cardano-api-tests-preprod/20//#testresult/7d4ef44b32f4ab12","status":"failed","statusDetails":"1 expectation failed.\nExpected status code <200> but was <500>.\n","time":{"start":1687803192800,"stop":1687803194309,"duration":1509}},{"uid":"ec9ef453e1ae5a42","reportUrl":"https://Sotatek-DavidNguyen4.github.io/cardano-api-tests-preprod/19//#testresult/ec9ef453e1ae5a42","status":"failed","statusDetails":"1 expectation failed.\nExpected status code <200> but was <500>.\n","time":{"start":1687716735082,"stop":1687716736981,"duration":1899}},{"uid":"2528347a71139609","reportUrl":"https://Sotatek-DavidNguyen4.github.io/cardano-api-tests-preprod/18//#testresult/2528347a71139609","status":"failed","statusDetails":"1 expectation failed.\nExpected status code <200> but was <500>.\n","time":{"start":1687630317702,"stop":1687630319599,"duration":1897}},{"uid":"3f4afa43f6ecb497","reportUrl":"https://Sotatek-DavidNguyen4.github.io/cardano-api-tests-preprod/17//#testresult/3f4afa43f6ecb497","status":"failed","statusDetails":"1 expectation failed.\nExpected status code <200> but was <500>.\n","time":{"start":1687543967129,"stop":1687543968998,"duration":1869}},{"uid":"90830b7dad3fc4db","reportUrl":"https://Sotatek-DavidNguyen4.github.io/cardano-api-tests-preprod/16//#testresult/90830b7dad3fc4db","status":"failed","statusDetails":"1 expectation failed.\nExpected status code <200> but was <500>.\n","time":{"start":1687457478420,"stop":1687457479927,"duration":1507}},{"uid":"735b2a08c2295095","reportUrl":"https://Sotatek-DavidNguyen4.github.io/cardano-api-tests-preprod/15//#testresult/735b2a08c2295095","status":"broken","statusDetails":"Read timed out","time":{"start":1687371316590,"stop":1687371378192,"duration":61602}},{"uid":"6a4b525d0dfc5cd6","reportUrl":"https://Sotatek-DavidNguyen4.github.io/cardano-api-tests-preprod/14//#testresult/6a4b525d0dfc5cd6","status":"failed","statusDetails":"1 expectation failed.\nExpected status code <200> but was <500>.\n","time":{"start":1687284622006,"stop":1687284624000,"duration":1994}},{"uid":"6ac557dffed32687","reportUrl":"https://Sotatek-DavidNguyen4.github.io/cardano-api-tests-preprod/13//#testresult/6ac557dffed32687","status":"failed","statusDetails":"1 expectation failed.\nExpected status code <200> but was <500>.\n","time":{"start":1687198321578,"stop":1687198323174,"duration":1596}},{"uid":"6c837bafe84a92","reportUrl":"https://Sotatek-DavidNguyen4.github.io/cardano-api-tests-preprod/12//#testresult/6c837bafe84a92","status":"failed","statusDetails":"1 expectation failed.\nExpected status code <200> but was <500>.\n","time":{"start":1687111847719,"stop":1687111849423,"duration":1704}},{"uid":"9fce8db118d1f4d1","reportUrl":"https://Sotatek-DavidNguyen4.github.io/cardano-api-tests-preprod/11//#testresult/9fce8db118d1f4d1","status":"failed","statusDetails":"1 expectation failed.\nExpected status code <200> but was <500>.\n","time":{"start":1687025429718,"stop":1687025431649,"duration":1931}},{"uid":"da1e0efaafac9a78","reportUrl":"https://Sotatek-DavidNguyen4.github.io/cardano-api-tests-preprod/10//#testresult/da1e0efaafac9a78","status":"failed","statusDetails":"1 expectation failed.\nExpected status code <200> but was <500>.\n","time":{"start":1686939061875,"stop":1686939063937,"duration":2062}},{"uid":"409e50cfbc542a2e","reportUrl":"https://Sotatek-DavidNguyen4.github.io/cardano-api-tests-preprod/9//#testresult/409e50cfbc542a2e","status":"failed","statusDetails":"1 expectation failed.\nExpected status code <200> but was <500>.\n","time":{"start":1686852670058,"stop":1686852671688,"duration":1630}},{"uid":"c64592cc47b8934d","reportUrl":"https://Sotatek-DavidNguyen4.github.io/cardano-api-tests-preprod/8//#testresult/c64592cc47b8934d","status":"failed","statusDetails":"1 expectation failed.\nExpected status code <200> but was <500>.\n","time":{"start":1686766285474,"stop":1686766287218,"duration":1744}},{"uid":"39b960bd50c4961f","reportUrl":"https://Sotatek-DavidNguyen4.github.io/cardano-api-tests-preprod/7//#testresult/39b960bd50c4961f","status":"failed","statusDetails":"1 expectation failed.\nExpected status code <200> but was <500>.\n","time":{"start":1686679874814,"stop":1686679876753,"duration":1939}},{"uid":"d88b03eec928063","reportUrl":"https://Sotatek-DavidNguyen4.github.io/cardano-api-tests-preprod/6//#testresult/d88b03eec928063","status":"failed","statusDetails":"1 expectation failed.\nExpected status code <200> but was <500>.\n","time":{"start":1686593491647,"stop":1686593493425,"duration":1778}}]},"tags":[]},"source":"42bf842286570a4f.json","parameterValues":["-1","preprod"]}