{"uid":"ed58cbd444dec30a","name":"Get number transaction with invalid days","fullName":"tests.transaction.TransactionTests.get_number_transaction_with_invalid_days","historyId":"4aa1519c6a39b2eacbadd96986a992fa","time":{"start":1707675308996,"stop":1707675310590,"duration":1594},"status":"failed","statusMessage":"1 expectation failed.\nExpected status code <500> but was <400>.\n","statusTrace":"java.lang.AssertionError: 1 expectation failed.\nExpected status code <500> but was <400>.\n\n\tat sun.reflect.GeneratedConstructorAccessor96.newInstance(Unknown Source)\n\tat sun.reflect.DelegatingConstructorAccessorImpl.newInstance(DelegatingConstructorAccessorImpl.java:45)\n\tat java.lang.reflect.Constructor.newInstance(Constructor.java:423)\n\tat org.codehaus.groovy.reflection.CachedConstructor.invoke(CachedConstructor.java:83)\n\tat org.codehaus.groovy.reflection.CachedConstructor.doConstructorInvoke(CachedConstructor.java:77)\n\tat org.codehaus.groovy.runtime.callsite.ConstructorSite$ConstructorSiteNoUnwrap.callConstructor(ConstructorSite.java:84)\n\tat org.codehaus.groovy.runtime.callsite.AbstractCallSite.callConstructor(AbstractCallSite.java:250)\n\tat io.restassured.internal.ResponseSpecificationImpl$HamcrestAssertionClosure.validate(ResponseSpecificationImpl.groovy:494)\n\tat io.restassured.internal.ResponseSpecificationImpl$HamcrestAssertionClosure$validate$4.call(Unknown Source)\n\tat io.restassured.internal.ResponseSpecificationImpl.validateResponseIfRequired(ResponseSpecificationImpl.groovy:656)\n\tat sun.reflect.GeneratedMethodAccessor165.invoke(Unknown Source)\n\tat sun.reflect.DelegatingMethodAccessorImpl.invoke(DelegatingMethodAccessorImpl.java:43)\n\tat java.lang.reflect.Method.invoke(Method.java:498)\n\tat org.codehaus.groovy.runtime.callsite.PogoMetaMethodSite$PogoCachedMethodSiteNoUnwrapNoCoerce.invoke(PogoMetaMethodSite.java:210)\n\tat org.codehaus.groovy.runtime.callsite.PogoMetaMethodSite.callCurrent(PogoMetaMethodSite.java:59)\n\tat org.codehaus.groovy.runtime.callsite.AbstractCallSite.callCurrent(AbstractCallSite.java:169)\n\tat io.restassured.internal.ResponseSpecificationImpl.statusCode(ResponseSpecificationImpl.groovy:125)\n\tat io.restassured.specification.ResponseSpecification$statusCode$1.callCurrent(Unknown Source)\n\tat io.restassured.internal.ResponseSpecificationImpl.statusCode(ResponseSpecificationImpl.groovy:133)\n\tat io.restassured.internal.ValidatableResponseOptionsImpl.statusCode(ValidatableResponseOptionsImpl.java:119)\n\tat core.BaseApi.validateResponse(BaseApi.java:52)\n\tat microservices.common.steps.BaseSteps.then_verifyErrorResponse(BaseSteps.java:11)\n\tat tests.transaction.TransactionTests.get_number_transaction_with_invalid_days(TransactionTests.java:106)\n\tat sun.reflect.NativeMethodAccessorImpl.invoke0(Native Method)\n\tat sun.reflect.NativeMethodAccessorImpl.invoke(NativeMethodAccessorImpl.java:62)\n\tat sun.reflect.DelegatingMethodAccessorImpl.invoke(DelegatingMethodAccessorImpl.java:43)\n\tat java.lang.reflect.Method.invoke(Method.java:498)\n\tat org.testng.internal.MethodInvocationHelper.invokeMethod(MethodInvocationHelper.java:134)\n\tat org.testng.internal.TestInvoker.invokeMethod(TestInvoker.java:597)\n\tat org.testng.internal.TestInvoker.invokeTestMethod(TestInvoker.java:173)\n\tat org.testng.internal.MethodRunner.runInSequence(MethodRunner.java:46)\n\tat org.testng.internal.TestInvoker$MethodInvocationAgent.invoke(TestInvoker.java:816)\n\tat org.testng.internal.TestInvoker.invokeTestMethods(TestInvoker.java:146)\n\tat org.testng.internal.TestMethodWorker.invokeTestMethods(TestMethodWorker.java:146)\n\tat org.testng.internal.TestMethodWorker.run(TestMethodWorker.java:128)\n\tat java.util.concurrent.ThreadPoolExecutor.runWorker(ThreadPoolExecutor.java:1149)\n\tat java.util.concurrent.ThreadPoolExecutor$Worker.run(ThreadPoolExecutor.java:624)\n\tat java.lang.Thread.run(Thread.java:750)\n","flaky":false,"newFailed":false,"newBroken":false,"newPassed":false,"retriesCount":0,"retriesStatusChange":false,"beforeStages":[{"name":"setUp","time":{"start":1707675308996,"stop":1707675308996,"duration":0},"description":"","status":"passed","steps":[],"attachments":[],"parameters":[],"shouldDisplayMessage":false,"stepsCount":0,"attachmentsCount":0,"hasContent":false,"attachmentStep":false}],"testStage":{"status":"failed","statusMessage":"1 expectation failed.\nExpected status code <500> but was <400>.\n","statusTrace":"java.lang.AssertionError: 1 expectation failed.\nExpected status code <500> but was <400>.\n\n\tat sun.reflect.GeneratedConstructorAccessor96.newInstance(Unknown Source)\n\tat sun.reflect.DelegatingConstructorAccessorImpl.newInstance(DelegatingConstructorAccessorImpl.java:45)\n\tat java.lang.reflect.Constructor.newInstance(Constructor.java:423)\n\tat org.codehaus.groovy.reflection.CachedConstructor.invoke(CachedConstructor.java:83)\n\tat org.codehaus.groovy.reflection.CachedConstructor.doConstructorInvoke(CachedConstructor.java:77)\n\tat org.codehaus.groovy.runtime.callsite.ConstructorSite$ConstructorSiteNoUnwrap.callConstructor(ConstructorSite.java:84)\n\tat org.codehaus.groovy.runtime.callsite.AbstractCallSite.callConstructor(AbstractCallSite.java:250)\n\tat io.restassured.internal.ResponseSpecificationImpl$HamcrestAssertionClosure.validate(ResponseSpecificationImpl.groovy:494)\n\tat io.restassured.internal.ResponseSpecificationImpl$HamcrestAssertionClosure$validate$4.call(Unknown Source)\n\tat io.restassured.internal.ResponseSpecificationImpl.validateResponseIfRequired(ResponseSpecificationImpl.groovy:656)\n\tat sun.reflect.GeneratedMethodAccessor165.invoke(Unknown Source)\n\tat sun.reflect.DelegatingMethodAccessorImpl.invoke(DelegatingMethodAccessorImpl.java:43)\n\tat java.lang.reflect.Method.invoke(Method.java:498)\n\tat org.codehaus.groovy.runtime.callsite.PogoMetaMethodSite$PogoCachedMethodSiteNoUnwrapNoCoerce.invoke(PogoMetaMethodSite.java:210)\n\tat org.codehaus.groovy.runtime.callsite.PogoMetaMethodSite.callCurrent(PogoMetaMethodSite.java:59)\n\tat org.codehaus.groovy.runtime.callsite.AbstractCallSite.callCurrent(AbstractCallSite.java:169)\n\tat io.restassured.internal.ResponseSpecificationImpl.statusCode(ResponseSpecificationImpl.groovy:125)\n\tat io.restassured.specification.ResponseSpecification$statusCode$1.callCurrent(Unknown Source)\n\tat io.restassured.internal.ResponseSpecificationImpl.statusCode(ResponseSpecificationImpl.groovy:133)\n\tat io.restassured.internal.ValidatableResponseOptionsImpl.statusCode(ValidatableResponseOptionsImpl.java:119)\n\tat core.BaseApi.validateResponse(BaseApi.java:52)\n\tat microservices.common.steps.BaseSteps.then_verifyErrorResponse(BaseSteps.java:11)\n\tat tests.transaction.TransactionTests.get_number_transaction_with_invalid_days(TransactionTests.java:106)\n\tat sun.reflect.NativeMethodAccessorImpl.invoke0(Native Method)\n\tat sun.reflect.NativeMethodAccessorImpl.invoke(NativeMethodAccessorImpl.java:62)\n\tat sun.reflect.DelegatingMethodAccessorImpl.invoke(DelegatingMethodAccessorImpl.java:43)\n\tat java.lang.reflect.Method.invoke(Method.java:498)\n\tat org.testng.internal.MethodInvocationHelper.invokeMethod(MethodInvocationHelper.java:134)\n\tat org.testng.internal.TestInvoker.invokeMethod(TestInvoker.java:597)\n\tat org.testng.internal.TestInvoker.invokeTestMethod(TestInvoker.java:173)\n\tat org.testng.internal.MethodRunner.runInSequence(MethodRunner.java:46)\n\tat org.testng.internal.TestInvoker$MethodInvocationAgent.invoke(TestInvoker.java:816)\n\tat org.testng.internal.TestInvoker.invokeTestMethods(TestInvoker.java:146)\n\tat org.testng.internal.TestMethodWorker.invokeTestMethods(TestMethodWorker.java:146)\n\tat org.testng.internal.TestMethodWorker.run(TestMethodWorker.java:128)\n\tat java.util.concurrent.ThreadPoolExecutor.runWorker(ThreadPoolExecutor.java:1149)\n\tat java.util.concurrent.ThreadPoolExecutor$Worker.run(ThreadPoolExecutor.java:624)\n\tat java.lang.Thread.run(Thread.java:750)\n","steps":[{"name":"Get number transaction on fixable days","time":{"start":1707675308996,"stop":1707675310589,"duration":1593},"status":"passed","steps":[],"attachments":[],"parameters":[{"name":"type","value":"ONE DAY"}],"shouldDisplayMessage":false,"stepsCount":0,"attachmentsCount":0,"hasContent":true,"attachmentStep":false},{"name":"Verify error response","time":{"start":1707675310589,"stop":1707675310590,"duration":1},"status":"failed","statusMessage":"1 expectation failed.\nExpected status code <500> but was <400>.\n","statusTrace":"java.lang.AssertionError: 1 expectation failed.\nExpected status code <500> but was <400>.\n\n\tat sun.reflect.GeneratedConstructorAccessor96.newInstance(Unknown Source)\n\tat sun.reflect.DelegatingConstructorAccessorImpl.newInstance(DelegatingConstructorAccessorImpl.java:45)\n\tat java.lang.reflect.Constructor.newInstance(Constructor.java:423)\n\tat org.codehaus.groovy.reflection.CachedConstructor.invoke(CachedConstructor.java:83)\n\tat org.codehaus.groovy.reflection.CachedConstructor.doConstructorInvoke(CachedConstructor.java:77)\n\tat org.codehaus.groovy.runtime.callsite.ConstructorSite$ConstructorSiteNoUnwrap.callConstructor(ConstructorSite.java:84)\n\tat org.codehaus.groovy.runtime.callsite.AbstractCallSite.callConstructor(AbstractCallSite.java:250)\n\tat io.restassured.internal.ResponseSpecificationImpl$HamcrestAssertionClosure.validate(ResponseSpecificationImpl.groovy:494)\n\tat io.restassured.internal.ResponseSpecificationImpl$HamcrestAssertionClosure$validate$4.call(Unknown Source)\n\tat io.restassured.internal.ResponseSpecificationImpl.validateResponseIfRequired(ResponseSpecificationImpl.groovy:656)\n\tat sun.reflect.GeneratedMethodAccessor165.invoke(Unknown Source)\n\tat sun.reflect.DelegatingMethodAccessorImpl.invoke(DelegatingMethodAccessorImpl.java:43)\n\tat java.lang.reflect.Method.invoke(Method.java:498)\n\tat org.codehaus.groovy.runtime.callsite.PogoMetaMethodSite$PogoCachedMethodSiteNoUnwrapNoCoerce.invoke(PogoMetaMethodSite.java:210)\n\tat org.codehaus.groovy.runtime.callsite.PogoMetaMethodSite.callCurrent(PogoMetaMethodSite.java:59)\n\tat org.codehaus.groovy.runtime.callsite.AbstractCallSite.callCurrent(AbstractCallSite.java:169)\n\tat io.restassured.internal.ResponseSpecificationImpl.statusCode(ResponseSpecificationImpl.groovy:125)\n\tat io.restassured.specification.ResponseSpecification$statusCode$1.callCurrent(Unknown Source)\n\tat io.restassured.internal.ResponseSpecificationImpl.statusCode(ResponseSpecificationImpl.groovy:133)\n\tat io.restassured.internal.ValidatableResponseOptionsImpl.statusCode(ValidatableResponseOptionsImpl.java:119)\n\tat core.BaseApi.validateResponse(BaseApi.java:52)\n\tat microservices.common.steps.BaseSteps.then_verifyErrorResponse(BaseSteps.java:11)\n\tat tests.transaction.TransactionTests.get_number_transaction_with_invalid_days(TransactionTests.java:106)\n\tat sun.reflect.NativeMethodAccessorImpl.invoke0(Native Method)\n\tat sun.reflect.NativeMethodAccessorImpl.invoke(NativeMethodAccessorImpl.java:62)\n\tat sun.reflect.DelegatingMethodAccessorImpl.invoke(DelegatingMethodAccessorImpl.java:43)\n\tat java.lang.reflect.Method.invoke(Method.java:498)\n\tat org.testng.internal.MethodInvocationHelper.invokeMethod(MethodInvocationHelper.java:134)\n\tat org.testng.internal.TestInvoker.invokeMethod(TestInvoker.java:597)\n\tat org.testng.internal.TestInvoker.invokeTestMethod(TestInvoker.java:173)\n\tat org.testng.internal.MethodRunner.runInSequence(MethodRunner.java:46)\n\tat org.testng.internal.TestInvoker$MethodInvocationAgent.invoke(TestInvoker.java:816)\n\tat org.testng.internal.TestInvoker.invokeTestMethods(TestInvoker.java:146)\n\tat org.testng.internal.TestMethodWorker.invokeTestMethods(TestMethodWorker.java:146)\n\tat org.testng.internal.TestMethodWorker.run(TestMethodWorker.java:128)\n\tat java.util.concurrent.ThreadPoolExecutor.runWorker(ThreadPoolExecutor.java:1149)\n\tat java.util.concurrent.ThreadPoolExecutor$Worker.run(ThreadPoolExecutor.java:624)\n\tat java.lang.Thread.run(Thread.java:750)\n","steps":[],"attachments":[],"parameters":[{"name":"statusCode","value":"500"},{"name":"message","value":"Unknown error"},{"name":"errorCode","value":"CC_1"}],"shouldDisplayMessage":true,"stepsCount":0,"attachmentsCount":0,"hasContent":true,"attachmentStep":false}],"attachments":[],"parameters":[],"shouldDisplayMessage":false,"stepsCount":2,"attachmentsCount":0,"hasContent":true,"attachmentStep":false},"afterStages":[{"name":"tearDown","time":{"start":1707675310590,"stop":1707675310590,"duration":0},"description":"","status":"passed","steps":[],"attachments":[],"parameters":[],"shouldDisplayMessage":false,"stepsCount":0,"attachmentsCount":0,"hasContent":false,"attachmentStep":false}],"labels":[{"name":"package","value":"tests.transaction.TransactionTests"},{"name":"testClass","value":"tests.transaction.TransactionTests"},{"name":"testMethod","value":"get_number_transaction_with_invalid_days"},{"name":"parentSuite","value":"Cardano Regression Suite"},{"name":"suite","value":"Cardano API test "},{"name":"subSuite","value":"tests.transaction.TransactionTests"},{"name":"host","value":"fv-az1426-337"},{"name":"thread","value":"2393@fv-az1426-337.TestNG-test=Cardano API test -1(13)"},{"name":"framework","value":"testng"},{"name":"language","value":"java"},{"name":"epic","value":"cardano"},{"name":"feature","value":"api-transactions"},{"name":"resultFormat","value":"allure2"}],"parameters":[{"name":"arg0","value":"ONE DAY"},{"name":"env","value":"preprod"}],"links":[],"hidden":false,"retry":false,"extra":{"severity":"normal","retries":[],"categories":[{"name":"Product defects","matchedStatuses":[],"flaky":false}],"history":{"statistic":{"failed":228,"broken":2,"skipped":0,"passed":19,"unknown":0,"total":249},"items":[{"uid":"bab89fcbc92a6531","reportUrl":"https://Sotatek-DavidNguyen4.github.io/cardano-api-tests-preprod/249//#testresult/bab89fcbc92a6531","status":"failed","statusDetails":"1 expectation failed.\nExpected status code <500> but was <400>.\n","time":{"start":1707588851435,"stop":1707588853016,"duration":1581}},{"uid":"2f18cc0cd2ffacdc","reportUrl":"https://Sotatek-DavidNguyen4.github.io/cardano-api-tests-preprod/248//#testresult/2f18cc0cd2ffacdc","status":"failed","statusDetails":"1 expectation failed.\nExpected status code <500> but was <400>.\n","time":{"start":1707502513727,"stop":1707502515589,"duration":1862}},{"uid":"d32932cd171ab9b2","reportUrl":"https://Sotatek-DavidNguyen4.github.io/cardano-api-tests-preprod/247//#testresult/d32932cd171ab9b2","status":"failed","statusDetails":"1 expectation failed.\nExpected status code <500> but was <400>.\n","time":{"start":1707416119136,"stop":1707416120999,"duration":1863}},{"uid":"2dd541ed173bb571","reportUrl":"https://Sotatek-DavidNguyen4.github.io/cardano-api-tests-preprod/246//#testresult/2dd541ed173bb571","status":"failed","statusDetails":"1 expectation failed.\nExpected status code <500> but was <400>.\n","time":{"start":1707329730829,"stop":1707329732631,"duration":1802}},{"uid":"f72fecede48cc600","reportUrl":"https://Sotatek-DavidNguyen4.github.io/cardano-api-tests-preprod/245//#testresult/f72fecede48cc600","status":"failed","statusDetails":"1 expectation failed.\nExpected status code <500> but was <400>.\n","time":{"start":1707243270957,"stop":1707243272785,"duration":1828}},{"uid":"fff523f3da5dfef0","reportUrl":"https://Sotatek-DavidNguyen4.github.io/cardano-api-tests-preprod/244//#testresult/fff523f3da5dfef0","status":"failed","statusDetails":"1 expectation failed.\nExpected status code <500> but was <400>.\n","time":{"start":1707156942191,"stop":1707156943996,"duration":1805}},{"uid":"76e410dad5bfbc27","reportUrl":"https://Sotatek-DavidNguyen4.github.io/cardano-api-tests-preprod/243//#testresult/76e410dad5bfbc27","status":"failed","statusDetails":"1 expectation failed.\nExpected status code <500> but was <400>.\n","time":{"start":1707070581316,"stop":1707070583244,"duration":1928}},{"uid":"fd23b379bb0cacad","reportUrl":"https://Sotatek-DavidNguyen4.github.io/cardano-api-tests-preprod/242//#testresult/fd23b379bb0cacad","status":"failed","statusDetails":"1 expectation failed.\nExpected status code <500> but was <400>.\n","time":{"start":1706984022635,"stop":1706984024243,"duration":1608}},{"uid":"2067b49e263f8fdf","reportUrl":"https://Sotatek-DavidNguyen4.github.io/cardano-api-tests-preprod/241//#testresult/2067b49e263f8fdf","status":"failed","statusDetails":"1 expectation failed.\nExpected status code <500> but was <400>.\n","time":{"start":1706897749452,"stop":1706897751267,"duration":1815}},{"uid":"11255d6abb06dd52","reportUrl":"https://Sotatek-DavidNguyen4.github.io/cardano-api-tests-preprod/240//#testresult/11255d6abb06dd52","status":"failed","statusDetails":"1 expectation failed.\nExpected status code <500> but was <400>.\n","time":{"start":1706811315502,"stop":1706811317267,"duration":1765}},{"uid":"d2fa0a8234de0df6","reportUrl":"https://Sotatek-DavidNguyen4.github.io/cardano-api-tests-preprod/239//#testresult/d2fa0a8234de0df6","status":"failed","statusDetails":"1 expectation failed.\nExpected status code <500> but was <400>.\n","time":{"start":1706724783840,"stop":1706724785628,"duration":1788}},{"uid":"4fdd6326223ea44a","reportUrl":"https://Sotatek-DavidNguyen4.github.io/cardano-api-tests-preprod/238//#testresult/4fdd6326223ea44a","status":"failed","statusDetails":"1 expectation failed.\nExpected status code <500> but was <400>.\n","time":{"start":1706638535910,"stop":1706638537835,"duration":1925}},{"uid":"5d85ae54d1134d1c","reportUrl":"https://Sotatek-DavidNguyen4.github.io/cardano-api-tests-preprod/237//#testresult/5d85ae54d1134d1c","status":"failed","statusDetails":"1 expectation failed.\nExpected status code <500> but was <400>.\n","time":{"start":1706552069144,"stop":1706552070960,"duration":1816}},{"uid":"c23406ea56846e9c","reportUrl":"https://Sotatek-DavidNguyen4.github.io/cardano-api-tests-preprod/236//#testresult/c23406ea56846e9c","status":"failed","statusDetails":"1 expectation failed.\nExpected status code <500> but was <400>.\n","time":{"start":1706465633067,"stop":1706465634891,"duration":1824}},{"uid":"eb0f6fc5938e1dfc","reportUrl":"https://Sotatek-DavidNguyen4.github.io/cardano-api-tests-preprod/235//#testresult/eb0f6fc5938e1dfc","status":"failed","statusDetails":"1 expectation failed.\nExpected status code <500> but was <400>.\n","time":{"start":1706379246196,"stop":1706379248008,"duration":1812}},{"uid":"3ecd666c16958939","reportUrl":"https://Sotatek-DavidNguyen4.github.io/cardano-api-tests-preprod/234//#testresult/3ecd666c16958939","status":"failed","statusDetails":"1 expectation failed.\nExpected status code <500> but was <400>.\n","time":{"start":1706292939179,"stop":1706292941067,"duration":1888}},{"uid":"f1830aa57ff626c6","reportUrl":"https://Sotatek-DavidNguyen4.github.io/cardano-api-tests-preprod/233//#testresult/f1830aa57ff626c6","status":"failed","statusDetails":"1 expectation failed.\nExpected status code <500> but was <400>.\n","time":{"start":1706206560305,"stop":1706206562085,"duration":1780}},{"uid":"87507aef8b354379","reportUrl":"https://Sotatek-DavidNguyen4.github.io/cardano-api-tests-preprod/232//#testresult/87507aef8b354379","status":"failed","statusDetails":"1 expectation failed.\nExpected status code <500> but was <400>.\n","time":{"start":1706120197744,"stop":1706120199479,"duration":1735}},{"uid":"55d70c2eb98f55ee","reportUrl":"https://Sotatek-DavidNguyen4.github.io/cardano-api-tests-preprod/231//#testresult/55d70c2eb98f55ee","status":"failed","statusDetails":"1 expectation failed.\nExpected status code <500> but was <400>.\n","time":{"start":1706033757936,"stop":1706033759724,"duration":1788}},{"uid":"a737548bbce9f149","reportUrl":"https://Sotatek-DavidNguyen4.github.io/cardano-api-tests-preprod/230//#testresult/a737548bbce9f149","status":"failed","statusDetails":"1 expectation failed.\nExpected status code <500> but was <400>.\n","time":{"start":1705947329879,"stop":1705947331264,"duration":1385}}]},"tags":[]},"source":"ed58cbd444dec30a.json","parameterValues":["ONE DAY","preprod"]}