{"uid":"1d4edebbab033cdd","name":"Get the transaction by invalid hash","fullName":"tests.transaction.TransactionTests.get_transaction_by_invalid_hash","historyId":"412ed250fb2b3e127c7f4e1ee3f08adc","time":{"start":1708798519689,"stop":1708798521513,"duration":1824},"status":"failed","statusMessage":"Incorrect error message expected [Transaction not found] but found [[The expected length of the hash is 64 characters]]","statusTrace":"java.lang.AssertionError: Incorrect error message expected [Transaction not found] but found [[The expected length of the hash is 64 characters]]\n\tat org.testng.Assert.fail(Assert.java:97)\n\tat org.testng.Assert.assertEqualsImpl(Assert.java:136)\n\tat org.testng.Assert.assertEquals(Assert.java:118)\n\tat org.testng.Assert.assertEquals(Assert.java:575)\n\tat microservices.common.steps.BaseSteps.then_verifyErrorResponse(BaseSteps.java:13)\n\tat tests.transaction.TransactionTests.get_transaction_by_invalid_hash(TransactionTests.java:40)\n\tat sun.reflect.NativeMethodAccessorImpl.invoke0(Native Method)\n\tat sun.reflect.NativeMethodAccessorImpl.invoke(NativeMethodAccessorImpl.java:62)\n\tat sun.reflect.DelegatingMethodAccessorImpl.invoke(DelegatingMethodAccessorImpl.java:43)\n\tat java.lang.reflect.Method.invoke(Method.java:498)\n\tat org.testng.internal.MethodInvocationHelper.invokeMethod(MethodInvocationHelper.java:134)\n\tat org.testng.internal.TestInvoker.invokeMethod(TestInvoker.java:597)\n\tat org.testng.internal.TestInvoker.invokeTestMethod(TestInvoker.java:173)\n\tat org.testng.internal.MethodRunner.runInSequence(MethodRunner.java:46)\n\tat org.testng.internal.TestInvoker$MethodInvocationAgent.invoke(TestInvoker.java:816)\n\tat org.testng.internal.TestInvoker.invokeTestMethods(TestInvoker.java:146)\n\tat org.testng.internal.TestMethodWorker.invokeTestMethods(TestMethodWorker.java:146)\n\tat org.testng.internal.TestMethodWorker.run(TestMethodWorker.java:128)\n\tat java.util.concurrent.ThreadPoolExecutor.runWorker(ThreadPoolExecutor.java:1149)\n\tat java.util.concurrent.ThreadPoolExecutor$Worker.run(ThreadPoolExecutor.java:624)\n\tat java.lang.Thread.run(Thread.java:750)\n","flaky":false,"newFailed":false,"newBroken":false,"newPassed":false,"retriesCount":0,"retriesStatusChange":false,"beforeStages":[{"name":"setUp","time":{"start":1708798519688,"stop":1708798519688,"duration":0},"description":"","status":"passed","steps":[],"attachments":[],"parameters":[],"shouldDisplayMessage":false,"stepsCount":0,"attachmentsCount":0,"hasContent":false,"attachmentStep":false}],"testStage":{"status":"failed","statusMessage":"Incorrect error message expected [Transaction not found] but found [[The expected length of the hash is 64 characters]]","statusTrace":"java.lang.AssertionError: Incorrect error message expected [Transaction not found] but found [[The expected length of the hash is 64 characters]]\n\tat org.testng.Assert.fail(Assert.java:97)\n\tat org.testng.Assert.assertEqualsImpl(Assert.java:136)\n\tat org.testng.Assert.assertEquals(Assert.java:118)\n\tat org.testng.Assert.assertEquals(Assert.java:575)\n\tat microservices.common.steps.BaseSteps.then_verifyErrorResponse(BaseSteps.java:13)\n\tat tests.transaction.TransactionTests.get_transaction_by_invalid_hash(TransactionTests.java:40)\n\tat sun.reflect.NativeMethodAccessorImpl.invoke0(Native Method)\n\tat sun.reflect.NativeMethodAccessorImpl.invoke(NativeMethodAccessorImpl.java:62)\n\tat sun.reflect.DelegatingMethodAccessorImpl.invoke(DelegatingMethodAccessorImpl.java:43)\n\tat java.lang.reflect.Method.invoke(Method.java:498)\n\tat org.testng.internal.MethodInvocationHelper.invokeMethod(MethodInvocationHelper.java:134)\n\tat org.testng.internal.TestInvoker.invokeMethod(TestInvoker.java:597)\n\tat org.testng.internal.TestInvoker.invokeTestMethod(TestInvoker.java:173)\n\tat org.testng.internal.MethodRunner.runInSequence(MethodRunner.java:46)\n\tat org.testng.internal.TestInvoker$MethodInvocationAgent.invoke(TestInvoker.java:816)\n\tat org.testng.internal.TestInvoker.invokeTestMethods(TestInvoker.java:146)\n\tat org.testng.internal.TestMethodWorker.invokeTestMethods(TestMethodWorker.java:146)\n\tat org.testng.internal.TestMethodWorker.run(TestMethodWorker.java:128)\n\tat java.util.concurrent.ThreadPoolExecutor.runWorker(ThreadPoolExecutor.java:1149)\n\tat java.util.concurrent.ThreadPoolExecutor$Worker.run(ThreadPoolExecutor.java:624)\n\tat java.lang.Thread.run(Thread.java:750)\n","steps":[{"name":"Get transaction by hash","time":{"start":1708798519689,"stop":1708798521512,"duration":1823},"status":"passed","steps":[],"attachments":[],"parameters":[{"name":"hash","value":"@#$"}],"shouldDisplayMessage":false,"stepsCount":0,"attachmentsCount":0,"hasContent":true,"attachmentStep":false},{"name":"Verify error response","time":{"start":1708798521512,"stop":1708798521512,"duration":0},"status":"failed","statusMessage":"Incorrect error message expected [Transaction not found] but found [[The expected length of the hash is 64 characters]]","statusTrace":"java.lang.AssertionError: Incorrect error message expected [Transaction not found] but found [[The expected length of the hash is 64 characters]]\n\tat org.testng.Assert.fail(Assert.java:97)\n\tat org.testng.Assert.assertEqualsImpl(Assert.java:136)\n\tat org.testng.Assert.assertEquals(Assert.java:118)\n\tat org.testng.Assert.assertEquals(Assert.java:575)\n\tat microservices.common.steps.BaseSteps.then_verifyErrorResponse(BaseSteps.java:13)\n\tat tests.transaction.TransactionTests.get_transaction_by_invalid_hash(TransactionTests.java:40)\n\tat sun.reflect.NativeMethodAccessorImpl.invoke0(Native Method)\n\tat sun.reflect.NativeMethodAccessorImpl.invoke(NativeMethodAccessorImpl.java:62)\n\tat sun.reflect.DelegatingMethodAccessorImpl.invoke(DelegatingMethodAccessorImpl.java:43)\n\tat java.lang.reflect.Method.invoke(Method.java:498)\n\tat org.testng.internal.MethodInvocationHelper.invokeMethod(MethodInvocationHelper.java:134)\n\tat org.testng.internal.TestInvoker.invokeMethod(TestInvoker.java:597)\n\tat org.testng.internal.TestInvoker.invokeTestMethod(TestInvoker.java:173)\n\tat org.testng.internal.MethodRunner.runInSequence(MethodRunner.java:46)\n\tat org.testng.internal.TestInvoker$MethodInvocationAgent.invoke(TestInvoker.java:816)\n\tat org.testng.internal.TestInvoker.invokeTestMethods(TestInvoker.java:146)\n\tat org.testng.internal.TestMethodWorker.invokeTestMethods(TestMethodWorker.java:146)\n\tat org.testng.internal.TestMethodWorker.run(TestMethodWorker.java:128)\n\tat java.util.concurrent.ThreadPoolExecutor.runWorker(ThreadPoolExecutor.java:1149)\n\tat java.util.concurrent.ThreadPoolExecutor$Worker.run(ThreadPoolExecutor.java:624)\n\tat java.lang.Thread.run(Thread.java:750)\n","steps":[],"attachments":[],"parameters":[{"name":"statusCode","value":"400"},{"name":"message","value":"Transaction not found"},{"name":"errorCode","value":"BC_404-TRANSACTION_NOT_FOUND"}],"shouldDisplayMessage":true,"stepsCount":0,"attachmentsCount":0,"hasContent":true,"attachmentStep":false}],"attachments":[],"parameters":[],"shouldDisplayMessage":false,"stepsCount":2,"attachmentsCount":0,"hasContent":true,"attachmentStep":false},"afterStages":[{"name":"tearDown","time":{"start":1708798521513,"stop":1708798521513,"duration":0},"description":"","status":"passed","steps":[],"attachments":[],"parameters":[],"shouldDisplayMessage":false,"stepsCount":0,"attachmentsCount":0,"hasContent":false,"attachmentStep":false}],"labels":[{"name":"package","value":"tests.transaction.TransactionTests"},{"name":"testClass","value":"tests.transaction.TransactionTests"},{"name":"testMethod","value":"get_transaction_by_invalid_hash"},{"name":"parentSuite","value":"Cardano Regression Suite"},{"name":"suite","value":"Cardano API test "},{"name":"subSuite","value":"tests.transaction.TransactionTests"},{"name":"host","value":"fv-az1014-618"},{"name":"thread","value":"2287@fv-az1014-618.TestNG-test=Cardano API test -3(15)"},{"name":"framework","value":"testng"},{"name":"language","value":"java"},{"name":"feature","value":"api-transactions"},{"name":"epic","value":"cardano"},{"name":"resultFormat","value":"allure2"}],"parameters":[{"name":"arg0","value":"@#$"},{"name":"env","value":"preprod"}],"links":[],"hidden":false,"retry":false,"extra":{"severity":"normal","retries":[],"categories":[{"name":"Product defects","matchedStatuses":[],"flaky":false}],"history":{"statistic":{"failed":240,"broken":3,"skipped":0,"passed":19,"unknown":0,"total":262},"items":[{"uid":"4fb95eaf3409ad7b","reportUrl":"https://Sotatek-DavidNguyen4.github.io/cardano-api-tests-preprod/262//#testresult/4fb95eaf3409ad7b","status":"failed","statusDetails":"Incorrect error message expected [Transaction not found] but found [[The expected length of the hash is 64 characters]]","time":{"start":1708712162474,"stop":1708712164266,"duration":1792}},{"uid":"268d8f73d3333c01","reportUrl":"https://Sotatek-DavidNguyen4.github.io/cardano-api-tests-preprod/261//#testresult/268d8f73d3333c01","status":"failed","statusDetails":"Incorrect error message expected [Transaction not found] but found [[The expected length of the hash is 64 characters]]","time":{"start":1708625773976,"stop":1708625775856,"duration":1880}},{"uid":"eaad9622ad3a2437","reportUrl":"https://Sotatek-DavidNguyen4.github.io/cardano-api-tests-preprod/260//#testresult/eaad9622ad3a2437","status":"failed","statusDetails":"Incorrect error message expected [Transaction not found] but found [[The expected length of the hash is 64 characters]]","time":{"start":1708539333746,"stop":1708539335600,"duration":1854}},{"uid":"36210e16d7199d11","reportUrl":"https://Sotatek-DavidNguyen4.github.io/cardano-api-tests-preprod/259//#testresult/36210e16d7199d11","status":"failed","statusDetails":"Incorrect error message expected [Transaction not found] but found [[The expected length of the hash is 64 characters]]","time":{"start":1708453014523,"stop":1708453016060,"duration":1537}},{"uid":"78bd5584869bf68e","reportUrl":"https://Sotatek-DavidNguyen4.github.io/cardano-api-tests-preprod/258//#testresult/78bd5584869bf68e","status":"failed","statusDetails":"Incorrect error message expected [Transaction not found] but found [[The expected length of the hash is 64 characters]]","time":{"start":1708366537010,"stop":1708366538399,"duration":1389}},{"uid":"123f0eb07b1ede81","reportUrl":"https://Sotatek-DavidNguyen4.github.io/cardano-api-tests-preprod/257//#testresult/123f0eb07b1ede81","status":"failed","statusDetails":"Incorrect error message expected [Transaction not found] but found [[The expected length of the hash is 64 characters]]","time":{"start":1708280153871,"stop":1708280155374,"duration":1503}},{"uid":"59c52bfd920572db","reportUrl":"https://Sotatek-DavidNguyen4.github.io/cardano-api-tests-preprod/256//#testresult/59c52bfd920572db","status":"failed","statusDetails":"Incorrect error message expected [Transaction not found] but found [[The expected length of the hash is 64 characters]]","time":{"start":1708193667522,"stop":1708193669311,"duration":1789}},{"uid":"68225df92e39ae84","reportUrl":"https://Sotatek-DavidNguyen4.github.io/cardano-api-tests-preprod/255//#testresult/68225df92e39ae84","status":"failed","statusDetails":"Incorrect error message expected [Transaction not found] but found [[The expected length of the hash is 64 characters]]","time":{"start":1708107369885,"stop":1708107371614,"duration":1729}},{"uid":"a5dd863c572bfd15","reportUrl":"https://Sotatek-DavidNguyen4.github.io/cardano-api-tests-preprod/254//#testresult/a5dd863c572bfd15","status":"failed","statusDetails":"Incorrect error message expected [Transaction not found] but found [[The expected length of the hash is 64 characters]]","time":{"start":1708020969028,"stop":1708020970619,"duration":1591}},{"uid":"5e6c98104ec16aa3","reportUrl":"https://Sotatek-DavidNguyen4.github.io/cardano-api-tests-preprod/253//#testresult/5e6c98104ec16aa3","status":"failed","statusDetails":"Incorrect error message expected [Transaction not found] but found [[The expected length of the hash is 64 characters]]","time":{"start":1707934534019,"stop":1707934536096,"duration":2077}},{"uid":"5a4b6ccfbd2cc80e","reportUrl":"https://Sotatek-DavidNguyen4.github.io/cardano-api-tests-preprod/252//#testresult/5a4b6ccfbd2cc80e","status":"failed","statusDetails":"Incorrect error message expected [Transaction not found] but found [[The expected length of the hash is 64 characters]]","time":{"start":1707848185193,"stop":1707848186981,"duration":1788}},{"uid":"55b5b208dcfaf2b8","reportUrl":"https://Sotatek-DavidNguyen4.github.io/cardano-api-tests-preprod/251//#testresult/55b5b208dcfaf2b8","status":"failed","statusDetails":"Incorrect error message expected [Transaction not found] but found [[The expected length of the hash is 64 characters]]","time":{"start":1707761676489,"stop":1707761678320,"duration":1831}},{"uid":"d92e40b3e6a99c7d","reportUrl":"https://Sotatek-DavidNguyen4.github.io/cardano-api-tests-preprod/250//#testresult/d92e40b3e6a99c7d","status":"failed","statusDetails":"Incorrect error message expected [Transaction not found] but found [[The expected length of the hash is 64 characters]]","time":{"start":1707675321578,"stop":1707675323166,"duration":1588}},{"uid":"cc817637fb2e3838","reportUrl":"https://Sotatek-DavidNguyen4.github.io/cardano-api-tests-preprod/249//#testresult/cc817637fb2e3838","status":"failed","statusDetails":"Incorrect error message expected [Transaction not found] but found [[The expected length of the hash is 64 characters]]","time":{"start":1707588864010,"stop":1707588865576,"duration":1566}},{"uid":"6fe1bff4c994a41d","reportUrl":"https://Sotatek-DavidNguyen4.github.io/cardano-api-tests-preprod/248//#testresult/6fe1bff4c994a41d","status":"failed","statusDetails":"Incorrect error message expected [Transaction not found] but found [[The expected length of the hash is 64 characters]]","time":{"start":1707502528426,"stop":1707502530277,"duration":1851}},{"uid":"45922ab5da519d1e","reportUrl":"https://Sotatek-DavidNguyen4.github.io/cardano-api-tests-preprod/247//#testresult/45922ab5da519d1e","status":"failed","statusDetails":"Incorrect error message expected [Transaction not found] but found [[The expected length of the hash is 64 characters]]","time":{"start":1707416133919,"stop":1707416135778,"duration":1859}},{"uid":"343a9d2a1b4611ff","reportUrl":"https://Sotatek-DavidNguyen4.github.io/cardano-api-tests-preprod/246//#testresult/343a9d2a1b4611ff","status":"failed","statusDetails":"Incorrect error message expected [Transaction not found] but found [[The expected length of the hash is 64 characters]]","time":{"start":1707329745761,"stop":1707329747616,"duration":1855}},{"uid":"8fbd53fff4e66b38","reportUrl":"https://Sotatek-DavidNguyen4.github.io/cardano-api-tests-preprod/245//#testresult/8fbd53fff4e66b38","status":"failed","statusDetails":"Incorrect error message expected [Transaction not found] but found [[The expected length of the hash is 64 characters]]","time":{"start":1707243285616,"stop":1707243287495,"duration":1879}},{"uid":"31d1731f376d15f9","reportUrl":"https://Sotatek-DavidNguyen4.github.io/cardano-api-tests-preprod/244//#testresult/31d1731f376d15f9","status":"failed","statusDetails":"Incorrect error message expected [Transaction not found] but found [[The expected length of the hash is 64 characters]]","time":{"start":1707156956943,"stop":1707156958814,"duration":1871}},{"uid":"be68a02e98b8bc29","reportUrl":"https://Sotatek-DavidNguyen4.github.io/cardano-api-tests-preprod/243//#testresult/be68a02e98b8bc29","status":"failed","statusDetails":"Incorrect error message expected [Transaction not found] but found [[The expected length of the hash is 64 characters]]","time":{"start":1707070596986,"stop":1707070598963,"duration":1977}}]},"tags":[]},"source":"1d4edebbab033cdd.json","parameterValues":["@#$","preprod"]}