{"uid":"1a9bbd0c7201f31f","name":"verify that get a token with tokenId invalid","fullName":"tests.tokens.Token.getATokenFail","historyId":"65e9f2401f6f60fdc849fa763ba282b6","time":{"start":1690135892715,"stop":1690135894366,"duration":1651},"status":"failed","statusMessage":"Incorrect error message expected [Token not found] but found [[The expected length of the hash is 44 characters, Field should have a prefixed value of 'asset']]","statusTrace":"java.lang.AssertionError: Incorrect error message expected [Token not found] but found [[The expected length of the hash is 44 characters, Field should have a prefixed value of 'asset']]\n\tat org.testng.Assert.fail(Assert.java:97)\n\tat org.testng.Assert.assertEqualsImpl(Assert.java:136)\n\tat org.testng.Assert.assertEquals(Assert.java:118)\n\tat org.testng.Assert.assertEquals(Assert.java:575)\n\tat microservices.common.steps.BaseSteps.then_verifyErrorResponse(BaseSteps.java:13)\n\tat tests.tokens.Token.getATokenFail(Token.java:33)\n\tat sun.reflect.NativeMethodAccessorImpl.invoke0(Native Method)\n\tat sun.reflect.NativeMethodAccessorImpl.invoke(NativeMethodAccessorImpl.java:62)\n\tat sun.reflect.DelegatingMethodAccessorImpl.invoke(DelegatingMethodAccessorImpl.java:43)\n\tat java.lang.reflect.Method.invoke(Method.java:498)\n\tat org.testng.internal.MethodInvocationHelper.invokeMethod(MethodInvocationHelper.java:134)\n\tat org.testng.internal.TestInvoker.invokeMethod(TestInvoker.java:597)\n\tat org.testng.internal.TestInvoker.invokeTestMethod(TestInvoker.java:173)\n\tat org.testng.internal.MethodRunner.runInSequence(MethodRunner.java:46)\n\tat org.testng.internal.TestInvoker$MethodInvocationAgent.invoke(TestInvoker.java:816)\n\tat org.testng.internal.TestInvoker.invokeTestMethods(TestInvoker.java:146)\n\tat org.testng.internal.TestMethodWorker.invokeTestMethods(TestMethodWorker.java:146)\n\tat org.testng.internal.TestMethodWorker.run(TestMethodWorker.java:128)\n\tat java.util.concurrent.ThreadPoolExecutor.runWorker(ThreadPoolExecutor.java:1149)\n\tat java.util.concurrent.ThreadPoolExecutor$Worker.run(ThreadPoolExecutor.java:624)\n\tat java.lang.Thread.run(Thread.java:750)\n","flaky":false,"newFailed":false,"newBroken":false,"newPassed":false,"retriesCount":0,"retriesStatusChange":false,"beforeStages":[{"name":"preconditions","time":{"start":1690135833972,"stop":1690135834716,"duration":744},"description":"","status":"passed","steps":[],"attachments":[],"parameters":[],"stepsCount":0,"attachmentsCount":0,"shouldDisplayMessage":false,"hasContent":false},{"name":"setUp","time":{"start":1690135892714,"stop":1690135892714,"duration":0},"description":"","status":"passed","steps":[],"attachments":[],"parameters":[],"stepsCount":0,"attachmentsCount":0,"shouldDisplayMessage":false,"hasContent":false}],"testStage":{"status":"failed","statusMessage":"Incorrect error message expected [Token not found] but found [[The expected length of the hash is 44 characters, Field should have a prefixed value of 'asset']]","statusTrace":"java.lang.AssertionError: Incorrect error message expected [Token not found] but found [[The expected length of the hash is 44 characters, Field should have a prefixed value of 'asset']]\n\tat org.testng.Assert.fail(Assert.java:97)\n\tat org.testng.Assert.assertEqualsImpl(Assert.java:136)\n\tat org.testng.Assert.assertEquals(Assert.java:118)\n\tat org.testng.Assert.assertEquals(Assert.java:575)\n\tat microservices.common.steps.BaseSteps.then_verifyErrorResponse(BaseSteps.java:13)\n\tat tests.tokens.Token.getATokenFail(Token.java:33)\n\tat sun.reflect.NativeMethodAccessorImpl.invoke0(Native Method)\n\tat sun.reflect.NativeMethodAccessorImpl.invoke(NativeMethodAccessorImpl.java:62)\n\tat sun.reflect.DelegatingMethodAccessorImpl.invoke(DelegatingMethodAccessorImpl.java:43)\n\tat java.lang.reflect.Method.invoke(Method.java:498)\n\tat org.testng.internal.MethodInvocationHelper.invokeMethod(MethodInvocationHelper.java:134)\n\tat org.testng.internal.TestInvoker.invokeMethod(TestInvoker.java:597)\n\tat org.testng.internal.TestInvoker.invokeTestMethod(TestInvoker.java:173)\n\tat org.testng.internal.MethodRunner.runInSequence(MethodRunner.java:46)\n\tat org.testng.internal.TestInvoker$MethodInvocationAgent.invoke(TestInvoker.java:816)\n\tat org.testng.internal.TestInvoker.invokeTestMethods(TestInvoker.java:146)\n\tat org.testng.internal.TestMethodWorker.invokeTestMethods(TestMethodWorker.java:146)\n\tat org.testng.internal.TestMethodWorker.run(TestMethodWorker.java:128)\n\tat java.util.concurrent.ThreadPoolExecutor.runWorker(ThreadPoolExecutor.java:1149)\n\tat java.util.concurrent.ThreadPoolExecutor$Worker.run(ThreadPoolExecutor.java:624)\n\tat java.lang.Thread.run(Thread.java:750)\n","steps":[{"name":"get a token","time":{"start":1690135892715,"stop":1690135894365,"duration":1650},"status":"passed","steps":[],"attachments":[],"parameters":[{"name":"tokenId","value":"@#$"}],"stepsCount":0,"attachmentsCount":0,"shouldDisplayMessage":false,"hasContent":true},{"name":"Verify error response","time":{"start":1690135894365,"stop":1690135894366,"duration":1},"status":"failed","statusMessage":"Incorrect error message expected [Token not found] but found [[The expected length of the hash is 44 characters, Field should have a prefixed value of 'asset']]","statusTrace":"java.lang.AssertionError: Incorrect error message expected [Token not found] but found [[The expected length of the hash is 44 characters, Field should have a prefixed value of 'asset']]\n\tat org.testng.Assert.fail(Assert.java:97)\n\tat org.testng.Assert.assertEqualsImpl(Assert.java:136)\n\tat org.testng.Assert.assertEquals(Assert.java:118)\n\tat org.testng.Assert.assertEquals(Assert.java:575)\n\tat microservices.common.steps.BaseSteps.then_verifyErrorResponse(BaseSteps.java:13)\n\tat tests.tokens.Token.getATokenFail(Token.java:33)\n\tat sun.reflect.NativeMethodAccessorImpl.invoke0(Native Method)\n\tat sun.reflect.NativeMethodAccessorImpl.invoke(NativeMethodAccessorImpl.java:62)\n\tat sun.reflect.DelegatingMethodAccessorImpl.invoke(DelegatingMethodAccessorImpl.java:43)\n\tat java.lang.reflect.Method.invoke(Method.java:498)\n\tat org.testng.internal.MethodInvocationHelper.invokeMethod(MethodInvocationHelper.java:134)\n\tat org.testng.internal.TestInvoker.invokeMethod(TestInvoker.java:597)\n\tat org.testng.internal.TestInvoker.invokeTestMethod(TestInvoker.java:173)\n\tat org.testng.internal.MethodRunner.runInSequence(MethodRunner.java:46)\n\tat org.testng.internal.TestInvoker$MethodInvocationAgent.invoke(TestInvoker.java:816)\n\tat org.testng.internal.TestInvoker.invokeTestMethods(TestInvoker.java:146)\n\tat org.testng.internal.TestMethodWorker.invokeTestMethods(TestMethodWorker.java:146)\n\tat org.testng.internal.TestMethodWorker.run(TestMethodWorker.java:128)\n\tat java.util.concurrent.ThreadPoolExecutor.runWorker(ThreadPoolExecutor.java:1149)\n\tat java.util.concurrent.ThreadPoolExecutor$Worker.run(ThreadPoolExecutor.java:624)\n\tat java.lang.Thread.run(Thread.java:750)\n","steps":[],"attachments":[],"parameters":[{"name":"statusCode","value":"400"},{"name":"message","value":"Token not found"},{"name":"errorCode","value":"BC_404-TOKEN_NOT_FOUND"}],"stepsCount":0,"attachmentsCount":0,"shouldDisplayMessage":true,"hasContent":true}],"attachments":[],"parameters":[],"stepsCount":2,"attachmentsCount":0,"shouldDisplayMessage":false,"hasContent":true},"afterStages":[{"name":"tearDown","time":{"start":1690135894367,"stop":1690135894368,"duration":1},"description":"","status":"passed","steps":[],"attachments":[],"parameters":[],"stepsCount":0,"attachmentsCount":0,"shouldDisplayMessage":false,"hasContent":false},{"name":"postconditions","time":{"start":1690136074630,"stop":1690136074630,"duration":0},"description":"","status":"passed","steps":[],"attachments":[],"parameters":[],"stepsCount":0,"attachmentsCount":0,"shouldDisplayMessage":false,"hasContent":false}],"labels":[{"name":"package","value":"tests.tokens.Token"},{"name":"testClass","value":"tests.tokens.Token"},{"name":"testMethod","value":"getATokenFail"},{"name":"parentSuite","value":"Cardano Regression Suite"},{"name":"suite","value":"Cardano API test "},{"name":"subSuite","value":"tests.tokens.Token"},{"name":"host","value":"fv-az398-443"},{"name":"thread","value":"2487@fv-az398-443.TestNG-test=Cardano API test -1(12)"},{"name":"framework","value":"testng"},{"name":"language","value":"java"},{"name":"resultFormat","value":"allure2"}],"parameters":[{"name":"arg0","value":"@#$"},{"name":"env","value":"preprod"}],"links":[],"hidden":false,"retry":false,"extra":{"severity":"normal","retries":[],"categories":[{"name":"Product defects","matchedStatuses":[],"flaky":false}],"history":{"statistic":{"failed":25,"broken":2,"skipped":0,"passed":19,"unknown":0,"total":46},"items":[{"uid":"b5bee184c7266a27","reportUrl":"https://Sotatek-DavidNguyen4.github.io/cardano-api-tests-preprod/46//#testresult/b5bee184c7266a27","status":"failed","statusDetails":"Incorrect error message expected [Token not found] but found [[The expected length of the hash is 44 characters, Field should have a prefixed value of 'asset']]","time":{"start":1690049499426,"stop":1690049501952,"duration":2526}},{"uid":"e327d9d128c75fa0","reportUrl":"https://Sotatek-DavidNguyen4.github.io/cardano-api-tests-preprod/45//#testresult/e327d9d128c75fa0","status":"failed","statusDetails":"Incorrect error message expected [Token not found] but found [[Field should have a prefixed value of 'asset', The expected length of the hash is 44 characters]]","time":{"start":1689963197330,"stop":1689963199206,"duration":1876}},{"uid":"f6fe4c9b82caab3a","reportUrl":"https://Sotatek-DavidNguyen4.github.io/cardano-api-tests-preprod/44//#testresult/f6fe4c9b82caab3a","status":"failed","statusDetails":"Incorrect error message expected [Token not found] but found [[The expected length of the hash is 44 characters, Field should have a prefixed value of 'asset']]","time":{"start":1689876728963,"stop":1689876730551,"duration":1588}},{"uid":"2a5d3835d70275d7","reportUrl":"https://Sotatek-DavidNguyen4.github.io/cardano-api-tests-preprod/43//#testresult/2a5d3835d70275d7","status":"failed","statusDetails":"Incorrect error message expected [Token not found] but found [[The expected length of the hash is 44 characters, Field should have a prefixed value of 'asset']]","time":{"start":1689790347934,"stop":1689790349373,"duration":1439}},{"uid":"ec82c7cdbb6bc411","reportUrl":"https://Sotatek-DavidNguyen4.github.io/cardano-api-tests-preprod/42//#testresult/ec82c7cdbb6bc411","status":"failed","statusDetails":"Incorrect error message expected [Token not found] but found [[The expected length of the hash is 44 characters, Field should have a prefixed value of 'asset']]","time":{"start":1689704026616,"stop":1689704028501,"duration":1885}},{"uid":"90a4bd9f95eb3c43","reportUrl":"https://Sotatek-DavidNguyen4.github.io/cardano-api-tests-preprod/41//#testresult/90a4bd9f95eb3c43","status":"failed","statusDetails":"Incorrect error message expected [Token not found] but found [[Field should have a prefixed value of 'asset', The expected length of the hash is 44 characters]]","time":{"start":1689617638559,"stop":1689617640285,"duration":1726}},{"uid":"2beec20bd8dc563d","reportUrl":"https://Sotatek-DavidNguyen4.github.io/cardano-api-tests-preprod/40//#testresult/2beec20bd8dc563d","status":"broken","statusDetails":"Read timed out","time":{"start":1689532767179,"stop":1689532828856,"duration":61677}},{"uid":"1435c1fca0cbe784","reportUrl":"https://Sotatek-DavidNguyen4.github.io/cardano-api-tests-preprod/39//#testresult/1435c1fca0cbe784","status":"failed","statusDetails":"Incorrect error message expected [Token not found] but found [[Field should have a prefixed value of 'asset', The expected length of the hash is 44 characters]]","time":{"start":1689444758631,"stop":1689444760546,"duration":1915}},{"uid":"1176a992587680dd","reportUrl":"https://Sotatek-DavidNguyen4.github.io/cardano-api-tests-preprod/38//#testresult/1176a992587680dd","status":"failed","statusDetails":"Incorrect error message expected [Token not found] but found [[Field should have a prefixed value of 'asset', The expected length of the hash is 44 characters]]","time":{"start":1689358382342,"stop":1689358383965,"duration":1623}},{"uid":"6c08f05db8c75f38","reportUrl":"https://Sotatek-DavidNguyen4.github.io/cardano-api-tests-preprod/37//#testresult/6c08f05db8c75f38","status":"failed","statusDetails":"Incorrect error message expected [Token not found] but found [[Field should have a prefixed value of 'asset', The expected length of the hash is 44 characters]]","time":{"start":1689272012983,"stop":1689272014618,"duration":1635}},{"uid":"9810f4ce9d8e48ee","reportUrl":"https://Sotatek-DavidNguyen4.github.io/cardano-api-tests-preprod/36//#testresult/9810f4ce9d8e48ee","status":"failed","statusDetails":"Incorrect error message expected [Token not found] but found [[Field should have a prefixed value of 'asset', The expected length of the hash is 44 characters]]","time":{"start":1689185610013,"stop":1689185611801,"duration":1788}},{"uid":"f3f36e082a3764cd","reportUrl":"https://Sotatek-DavidNguyen4.github.io/cardano-api-tests-preprod/35//#testresult/f3f36e082a3764cd","status":"failed","statusDetails":"Incorrect error message expected [Token not found] but found [[Field should have a prefixed value of 'asset', The expected length of the hash is 44 characters]]","time":{"start":1689099229660,"stop":1689099231203,"duration":1543}},{"uid":"b8bdaf137b2ff7dc","reportUrl":"https://Sotatek-DavidNguyen4.github.io/cardano-api-tests-preprod/34//#testresult/b8bdaf137b2ff7dc","status":"failed","statusDetails":"Incorrect error message expected [Token not found] but found [[Field should have a prefixed value of 'asset', The expected length of the hash is 44 characters]]","time":{"start":1689012833899,"stop":1689012835640,"duration":1741}},{"uid":"75044b26c4c3a595","reportUrl":"https://Sotatek-DavidNguyen4.github.io/cardano-api-tests-preprod/33//#testresult/75044b26c4c3a595","status":"failed","statusDetails":"Incorrect error message expected [Token not found] but found [[Field should have a prefixed value of 'asset', The expected length of the hash is 44 characters]]","time":{"start":1688926366879,"stop":1688926368834,"duration":1955}},{"uid":"dd43022bd8535d48","reportUrl":"https://Sotatek-DavidNguyen4.github.io/cardano-api-tests-preprod/32//#testresult/dd43022bd8535d48","status":"failed","statusDetails":"Incorrect error message expected [Token not found] but found [[The expected length of the hash is 44 characters, Field should have a prefixed value of 'asset']]","time":{"start":1688839957184,"stop":1688839958609,"duration":1425}},{"uid":"d2b66c5c79604780","reportUrl":"https://Sotatek-DavidNguyen4.github.io/cardano-api-tests-preprod/31//#testresult/d2b66c5c79604780","status":"failed","statusDetails":"Incorrect error message expected [Token not found] but found [[The expected length of the hash is 44 characters, Field should have a prefixed value of 'asset']]","time":{"start":1688753613902,"stop":1688753615324,"duration":1422}},{"uid":"df6ca79e652f70d","reportUrl":"https://Sotatek-DavidNguyen4.github.io/cardano-api-tests-preprod/30//#testresult/df6ca79e652f70d","status":"failed","statusDetails":"Incorrect error message expected [Token not found] but found [[The expected length of the hash is 44 characters, Field should have a prefixed value of 'asset']]","time":{"start":1688667179303,"stop":1688667181675,"duration":2372}},{"uid":"ad89db5d41618ddc","reportUrl":"https://Sotatek-DavidNguyen4.github.io/cardano-api-tests-preprod/29//#testresult/ad89db5d41618ddc","status":"failed","statusDetails":"Incorrect error message expected [Token not found] but found [[The expected length of the hash is 44 characters, Field should have a prefixed value of 'asset']]","time":{"start":1688580853638,"stop":1688580855280,"duration":1642}},{"uid":"5846a13f65fd7cf8","reportUrl":"https://Sotatek-DavidNguyen4.github.io/cardano-api-tests-preprod/28//#testresult/5846a13f65fd7cf8","status":"failed","statusDetails":"Incorrect error message expected [Token not found] but found [[Field should have a prefixed value of 'asset', The expected length of the hash is 44 characters]]","time":{"start":1688494463800,"stop":1688494465344,"duration":1544}},{"uid":"3a06160048f73067","reportUrl":"https://Sotatek-DavidNguyen4.github.io/cardano-api-tests-preprod/27//#testresult/3a06160048f73067","status":"failed","statusDetails":"Incorrect error message expected [Token not found] but found [[The expected length of the hash is 44 characters, Field should have a prefixed value of 'asset']]","time":{"start":1688407997622,"stop":1688407999080,"duration":1458}}]},"tags":[]},"source":"1a9bbd0c7201f31f.json","parameterValues":["@#$","preprod"]}