{"uid":"a0258fd38a266cbf","name":"get stake with stake key | unsuccess","fullName":"tests.stakes.Stake.getStakeUnsuccess","historyId":"c45153ee233e112285e4097d5b0f4b8","time":{"start":1690049580962,"stop":1690049582496,"duration":1534},"status":"failed","statusMessage":"Incorrect error message expected [Stake address not found] but found [[The expected length of the hash is 64 characters]]","statusTrace":"java.lang.AssertionError: Incorrect error message expected [Stake address not found] but found [[The expected length of the hash is 64 characters]]\n\tat org.testng.Assert.fail(Assert.java:97)\n\tat org.testng.Assert.assertEqualsImpl(Assert.java:136)\n\tat org.testng.Assert.assertEquals(Assert.java:118)\n\tat org.testng.Assert.assertEquals(Assert.java:575)\n\tat microservices.common.steps.BaseSteps.then_verifyErrorResponse(BaseSteps.java:13)\n\tat tests.stakes.Stake.getStakeUnsuccess(Stake.java:30)\n\tat sun.reflect.NativeMethodAccessorImpl.invoke0(Native Method)\n\tat sun.reflect.NativeMethodAccessorImpl.invoke(NativeMethodAccessorImpl.java:62)\n\tat sun.reflect.DelegatingMethodAccessorImpl.invoke(DelegatingMethodAccessorImpl.java:43)\n\tat java.lang.reflect.Method.invoke(Method.java:498)\n\tat org.testng.internal.MethodInvocationHelper.invokeMethod(MethodInvocationHelper.java:134)\n\tat org.testng.internal.TestInvoker.invokeMethod(TestInvoker.java:597)\n\tat org.testng.internal.TestInvoker.invokeTestMethod(TestInvoker.java:173)\n\tat org.testng.internal.MethodRunner.runInSequence(MethodRunner.java:46)\n\tat org.testng.internal.TestInvoker$MethodInvocationAgent.invoke(TestInvoker.java:816)\n\tat org.testng.internal.TestInvoker.invokeTestMethods(TestInvoker.java:146)\n\tat org.testng.internal.TestMethodWorker.invokeTestMethods(TestMethodWorker.java:146)\n\tat org.testng.internal.TestMethodWorker.run(TestMethodWorker.java:128)\n\tat java.util.concurrent.ThreadPoolExecutor.runWorker(ThreadPoolExecutor.java:1149)\n\tat java.util.concurrent.ThreadPoolExecutor$Worker.run(ThreadPoolExecutor.java:624)\n\tat java.lang.Thread.run(Thread.java:750)\n","flaky":false,"newFailed":false,"newBroken":false,"newPassed":false,"retriesCount":0,"retriesStatusChange":false,"beforeStages":[{"name":"preconditions","time":{"start":1690049436124,"stop":1690049436830,"duration":706},"description":"","status":"passed","steps":[],"attachments":[],"parameters":[],"stepsCount":0,"attachmentsCount":0,"shouldDisplayMessage":false,"hasContent":false},{"name":"setUp","time":{"start":1690049580961,"stop":1690049580961,"duration":0},"description":"","status":"passed","steps":[],"attachments":[],"parameters":[],"stepsCount":0,"attachmentsCount":0,"shouldDisplayMessage":false,"hasContent":false}],"testStage":{"status":"failed","statusMessage":"Incorrect error message expected [Stake address not found] but found [[The expected length of the hash is 64 characters]]","statusTrace":"java.lang.AssertionError: Incorrect error message expected [Stake address not found] but found [[The expected length of the hash is 64 characters]]\n\tat org.testng.Assert.fail(Assert.java:97)\n\tat org.testng.Assert.assertEqualsImpl(Assert.java:136)\n\tat org.testng.Assert.assertEquals(Assert.java:118)\n\tat org.testng.Assert.assertEquals(Assert.java:575)\n\tat microservices.common.steps.BaseSteps.then_verifyErrorResponse(BaseSteps.java:13)\n\tat tests.stakes.Stake.getStakeUnsuccess(Stake.java:30)\n\tat sun.reflect.NativeMethodAccessorImpl.invoke0(Native Method)\n\tat sun.reflect.NativeMethodAccessorImpl.invoke(NativeMethodAccessorImpl.java:62)\n\tat sun.reflect.DelegatingMethodAccessorImpl.invoke(DelegatingMethodAccessorImpl.java:43)\n\tat java.lang.reflect.Method.invoke(Method.java:498)\n\tat org.testng.internal.MethodInvocationHelper.invokeMethod(MethodInvocationHelper.java:134)\n\tat org.testng.internal.TestInvoker.invokeMethod(TestInvoker.java:597)\n\tat org.testng.internal.TestInvoker.invokeTestMethod(TestInvoker.java:173)\n\tat org.testng.internal.MethodRunner.runInSequence(MethodRunner.java:46)\n\tat org.testng.internal.TestInvoker$MethodInvocationAgent.invoke(TestInvoker.java:816)\n\tat org.testng.internal.TestInvoker.invokeTestMethods(TestInvoker.java:146)\n\tat org.testng.internal.TestMethodWorker.invokeTestMethods(TestMethodWorker.java:146)\n\tat org.testng.internal.TestMethodWorker.run(TestMethodWorker.java:128)\n\tat java.util.concurrent.ThreadPoolExecutor.runWorker(ThreadPoolExecutor.java:1149)\n\tat java.util.concurrent.ThreadPoolExecutor$Worker.run(ThreadPoolExecutor.java:624)\n\tat java.lang.Thread.run(Thread.java:750)\n","steps":[{"name":"get a stake with stakeKey","time":{"start":1690049580962,"stop":1690049582495,"duration":1533},"status":"passed","steps":[],"attachments":[],"parameters":[{"name":"stakeKey","value":"@#$"}],"stepsCount":0,"attachmentsCount":0,"shouldDisplayMessage":false,"hasContent":true},{"name":"Verify error response","time":{"start":1690049582495,"stop":1690049582496,"duration":1},"status":"failed","statusMessage":"Incorrect error message expected [Stake address not found] but found [[The expected length of the hash is 64 characters]]","statusTrace":"java.lang.AssertionError: Incorrect error message expected [Stake address not found] but found [[The expected length of the hash is 64 characters]]\n\tat org.testng.Assert.fail(Assert.java:97)\n\tat org.testng.Assert.assertEqualsImpl(Assert.java:136)\n\tat org.testng.Assert.assertEquals(Assert.java:118)\n\tat org.testng.Assert.assertEquals(Assert.java:575)\n\tat microservices.common.steps.BaseSteps.then_verifyErrorResponse(BaseSteps.java:13)\n\tat tests.stakes.Stake.getStakeUnsuccess(Stake.java:30)\n\tat sun.reflect.NativeMethodAccessorImpl.invoke0(Native Method)\n\tat sun.reflect.NativeMethodAccessorImpl.invoke(NativeMethodAccessorImpl.java:62)\n\tat sun.reflect.DelegatingMethodAccessorImpl.invoke(DelegatingMethodAccessorImpl.java:43)\n\tat java.lang.reflect.Method.invoke(Method.java:498)\n\tat org.testng.internal.MethodInvocationHelper.invokeMethod(MethodInvocationHelper.java:134)\n\tat org.testng.internal.TestInvoker.invokeMethod(TestInvoker.java:597)\n\tat org.testng.internal.TestInvoker.invokeTestMethod(TestInvoker.java:173)\n\tat org.testng.internal.MethodRunner.runInSequence(MethodRunner.java:46)\n\tat org.testng.internal.TestInvoker$MethodInvocationAgent.invoke(TestInvoker.java:816)\n\tat org.testng.internal.TestInvoker.invokeTestMethods(TestInvoker.java:146)\n\tat org.testng.internal.TestMethodWorker.invokeTestMethods(TestMethodWorker.java:146)\n\tat org.testng.internal.TestMethodWorker.run(TestMethodWorker.java:128)\n\tat java.util.concurrent.ThreadPoolExecutor.runWorker(ThreadPoolExecutor.java:1149)\n\tat java.util.concurrent.ThreadPoolExecutor$Worker.run(ThreadPoolExecutor.java:624)\n\tat java.lang.Thread.run(Thread.java:750)\n","steps":[],"attachments":[],"parameters":[{"name":"statusCode","value":"400"},{"name":"message","value":"Stake address not found"},{"name":"errorCode","value":"BC_404-STAKE_ADDRESS_NOT_FOUND"}],"stepsCount":0,"attachmentsCount":0,"shouldDisplayMessage":true,"hasContent":true}],"attachments":[],"parameters":[],"stepsCount":2,"attachmentsCount":0,"shouldDisplayMessage":false,"hasContent":true},"afterStages":[{"name":"tearDown","time":{"start":1690049582497,"stop":1690049582497,"duration":0},"description":"","status":"passed","steps":[],"attachments":[],"parameters":[],"stepsCount":0,"attachmentsCount":0,"shouldDisplayMessage":false,"hasContent":false},{"name":"postconditions","time":{"start":1690049677735,"stop":1690049677735,"duration":0},"description":"","status":"passed","steps":[],"attachments":[],"parameters":[],"stepsCount":0,"attachmentsCount":0,"shouldDisplayMessage":false,"hasContent":false}],"labels":[{"name":"package","value":"tests.stakes.Stake"},{"name":"testClass","value":"tests.stakes.Stake"},{"name":"testMethod","value":"getStakeUnsuccess"},{"name":"parentSuite","value":"Cardano Regression Suite"},{"name":"suite","value":"Cardano API test "},{"name":"subSuite","value":"tests.stakes.Stake"},{"name":"host","value":"fv-az456-820"},{"name":"thread","value":"2485@fv-az456-820.TestNG-test=Cardano API test -3(14)"},{"name":"framework","value":"testng"},{"name":"language","value":"java"},{"name":"resultFormat","value":"allure2"}],"parameters":[{"name":"arg0","value":"@#$"},{"name":"env","value":"preprod"}],"links":[],"hidden":false,"retry":false,"extra":{"severity":"normal","retries":[],"categories":[{"name":"Product defects","matchedStatuses":[],"flaky":false}],"history":{"statistic":{"failed":24,"broken":2,"skipped":0,"passed":19,"unknown":0,"total":45},"items":[{"uid":"64c6f3d4f5bdcf7a","reportUrl":"https://Sotatek-DavidNguyen4.github.io/cardano-api-tests-preprod/45//#testresult/64c6f3d4f5bdcf7a","status":"failed","statusDetails":"Incorrect error message expected [Stake address not found] but found [[The expected length of the hash is 64 characters]]","time":{"start":1689963293314,"stop":1689963295184,"duration":1870}},{"uid":"352db15821c913ea","reportUrl":"https://Sotatek-DavidNguyen4.github.io/cardano-api-tests-preprod/44//#testresult/352db15821c913ea","status":"failed","statusDetails":"Incorrect error message expected [Stake address not found] but found [[The expected length of the hash is 64 characters]]","time":{"start":1689876811253,"stop":1689876812834,"duration":1581}},{"uid":"f77e9b83088a05f7","reportUrl":"https://Sotatek-DavidNguyen4.github.io/cardano-api-tests-preprod/43//#testresult/f77e9b83088a05f7","status":"failed","statusDetails":"Incorrect error message expected [Stake address not found] but found [[The expected length of the hash is 64 characters]]","time":{"start":1689790423681,"stop":1689790425131,"duration":1450}},{"uid":"3acb14de5a9e4c27","reportUrl":"https://Sotatek-DavidNguyen4.github.io/cardano-api-tests-preprod/42//#testresult/3acb14de5a9e4c27","status":"failed","statusDetails":"Incorrect error message expected [Stake address not found] but found [[The expected length of the hash is 64 characters]]","time":{"start":1689704123795,"stop":1689704125673,"duration":1878}},{"uid":"2fb8be1883fa94bd","reportUrl":"https://Sotatek-DavidNguyen4.github.io/cardano-api-tests-preprod/41//#testresult/2fb8be1883fa94bd","status":"failed","statusDetails":"Incorrect error message expected [Stake address not found] but found [[The expected length of the hash is 64 characters]]","time":{"start":1689617733234,"stop":1689617734981,"duration":1747}},{"uid":"6e45fe4b7103163c","reportUrl":"https://Sotatek-DavidNguyen4.github.io/cardano-api-tests-preprod/40//#testresult/6e45fe4b7103163c","status":"broken","statusDetails":"Read timed out","time":{"start":1689535852643,"stop":1689535914330,"duration":61687}},{"uid":"e8375ec43a2d5baf","reportUrl":"https://Sotatek-DavidNguyen4.github.io/cardano-api-tests-preprod/39//#testresult/e8375ec43a2d5baf","status":"failed","statusDetails":"Incorrect error message expected [Stake address not found] but found [[The expected length of the hash is 64 characters]]","time":{"start":1689444858619,"stop":1689444860529,"duration":1910}},{"uid":"e1cf483142e1dcae","reportUrl":"https://Sotatek-DavidNguyen4.github.io/cardano-api-tests-preprod/38//#testresult/e1cf483142e1dcae","status":"failed","statusDetails":"Incorrect error message expected [Stake address not found] but found [[The expected length of the hash is 64 characters]]","time":{"start":1689358468023,"stop":1689358469660,"duration":1637}},{"uid":"26a54acb227adb4d","reportUrl":"https://Sotatek-DavidNguyen4.github.io/cardano-api-tests-preprod/37//#testresult/26a54acb227adb4d","status":"failed","statusDetails":"Incorrect error message expected [Stake address not found] but found [[The expected length of the hash is 64 characters]]","time":{"start":1689272099374,"stop":1689272101002,"duration":1628}},{"uid":"e91192684d1fcf1d","reportUrl":"https://Sotatek-DavidNguyen4.github.io/cardano-api-tests-preprod/36//#testresult/e91192684d1fcf1d","status":"failed","statusDetails":"Incorrect error message expected [Stake address not found] but found [[The expected length of the hash is 64 characters]]","time":{"start":1689185700990,"stop":1689185702719,"duration":1729}},{"uid":"e1253e30029ce53c","reportUrl":"https://Sotatek-DavidNguyen4.github.io/cardano-api-tests-preprod/35//#testresult/e1253e30029ce53c","status":"failed","statusDetails":"Incorrect error message expected [Stake address not found] but found [[The expected length of the hash is 64 characters]]","time":{"start":1689099312354,"stop":1689099313883,"duration":1529}},{"uid":"c17008d9896fa8b2","reportUrl":"https://Sotatek-DavidNguyen4.github.io/cardano-api-tests-preprod/34//#testresult/c17008d9896fa8b2","status":"failed","statusDetails":"Incorrect error message expected [Stake address not found] but found [[The expected length of the hash is 64 characters]]","time":{"start":1689012926224,"stop":1689012927925,"duration":1701}},{"uid":"ab5d8df12bea0b60","reportUrl":"https://Sotatek-DavidNguyen4.github.io/cardano-api-tests-preprod/33//#testresult/ab5d8df12bea0b60","status":"failed","statusDetails":"Incorrect error message expected [Stake address not found] but found [[The expected length of the hash is 64 characters]]","time":{"start":1688926466382,"stop":1688926468296,"duration":1914}},{"uid":"35cec87c556e83ff","reportUrl":"https://Sotatek-DavidNguyen4.github.io/cardano-api-tests-preprod/32//#testresult/35cec87c556e83ff","status":"failed","statusDetails":"Incorrect error message expected [Stake address not found] but found [[The expected length of the hash is 64 characters]]","time":{"start":1688840031133,"stop":1688840032562,"duration":1429}},{"uid":"6f80ef5225062a6f","reportUrl":"https://Sotatek-DavidNguyen4.github.io/cardano-api-tests-preprod/31//#testresult/6f80ef5225062a6f","status":"failed","statusDetails":"Incorrect error message expected [Stake address not found] but found [[The expected length of the hash is 64 characters]]","time":{"start":1688753688844,"stop":1688753690291,"duration":1447}},{"uid":"dc31b70590125df2","reportUrl":"https://Sotatek-DavidNguyen4.github.io/cardano-api-tests-preprod/30//#testresult/dc31b70590125df2","status":"failed","statusDetails":"Incorrect error message expected [Stake address not found] but found [[The expected length of the hash is 64 characters]]","time":{"start":1688667272220,"stop":1688667273958,"duration":1738}},{"uid":"ea42cf00f6471a60","reportUrl":"https://Sotatek-DavidNguyen4.github.io/cardano-api-tests-preprod/29//#testresult/ea42cf00f6471a60","status":"failed","statusDetails":"Incorrect error message expected [Stake address not found] but found [[The expected length of the hash is 64 characters]]","time":{"start":1688580942284,"stop":1688580943925,"duration":1641}},{"uid":"17d4507c68affa4a","reportUrl":"https://Sotatek-DavidNguyen4.github.io/cardano-api-tests-preprod/28//#testresult/17d4507c68affa4a","status":"failed","statusDetails":"Incorrect error message expected [Stake address not found] but found [[The expected length of the hash is 64 characters]]","time":{"start":1688494543716,"stop":1688494545262,"duration":1546}},{"uid":"1b8f6346b1eae292","reportUrl":"https://Sotatek-DavidNguyen4.github.io/cardano-api-tests-preprod/27//#testresult/1b8f6346b1eae292","status":"failed","statusDetails":"Incorrect error message expected [Stake address not found] but found [[The expected length of the hash is 64 characters]]","time":{"start":1688408072368,"stop":1688408073797,"duration":1429}},{"uid":"581575034505c557","reportUrl":"https://Sotatek-DavidNguyen4.github.io/cardano-api-tests-preprod/26//#testresult/581575034505c557","status":"failed","statusDetails":"Incorrect error message expected [Stake address not found] but found [[The expected length of the hash is 64 characters]]","time":{"start":1688321630491,"stop":1688321632032,"duration":1541}}]},"tags":[]},"source":"a0258fd38a266cbf.json","parameterValues":["@#$","preprod"]}