{"uid":"adc5d27ba84ae1c5","name":"get stake with stake key | unsuccess","fullName":"tests.stakes.Stake.getStakeUnsuccess","historyId":"21cc869afc81244a001af294248fdec6","time":{"start":1690049584045,"stop":1690049585570,"duration":1525},"status":"failed","statusMessage":"Incorrect error message expected [Stake address not found] but found [[The expected length of the hash is 64 characters]]","statusTrace":"java.lang.AssertionError: Incorrect error message expected [Stake address not found] but found [[The expected length of the hash is 64 characters]]\n\tat org.testng.Assert.fail(Assert.java:97)\n\tat org.testng.Assert.assertEqualsImpl(Assert.java:136)\n\tat org.testng.Assert.assertEquals(Assert.java:118)\n\tat org.testng.Assert.assertEquals(Assert.java:575)\n\tat microservices.common.steps.BaseSteps.then_verifyErrorResponse(BaseSteps.java:13)\n\tat tests.stakes.Stake.getStakeUnsuccess(Stake.java:30)\n\tat sun.reflect.NativeMethodAccessorImpl.invoke0(Native Method)\n\tat sun.reflect.NativeMethodAccessorImpl.invoke(NativeMethodAccessorImpl.java:62)\n\tat sun.reflect.DelegatingMethodAccessorImpl.invoke(DelegatingMethodAccessorImpl.java:43)\n\tat java.lang.reflect.Method.invoke(Method.java:498)\n\tat org.testng.internal.MethodInvocationHelper.invokeMethod(MethodInvocationHelper.java:134)\n\tat org.testng.internal.TestInvoker.invokeMethod(TestInvoker.java:597)\n\tat org.testng.internal.TestInvoker.invokeTestMethod(TestInvoker.java:173)\n\tat org.testng.internal.MethodRunner.runInSequence(MethodRunner.java:46)\n\tat org.testng.internal.TestInvoker$MethodInvocationAgent.invoke(TestInvoker.java:816)\n\tat org.testng.internal.TestInvoker.invokeTestMethods(TestInvoker.java:146)\n\tat org.testng.internal.TestMethodWorker.invokeTestMethods(TestMethodWorker.java:146)\n\tat org.testng.internal.TestMethodWorker.run(TestMethodWorker.java:128)\n\tat java.util.concurrent.ThreadPoolExecutor.runWorker(ThreadPoolExecutor.java:1149)\n\tat java.util.concurrent.ThreadPoolExecutor$Worker.run(ThreadPoolExecutor.java:624)\n\tat java.lang.Thread.run(Thread.java:750)\n","flaky":false,"newFailed":false,"newBroken":false,"newPassed":false,"retriesCount":0,"retriesStatusChange":false,"beforeStages":[{"name":"preconditions","time":{"start":1690049436124,"stop":1690049436830,"duration":706},"description":"","status":"passed","steps":[],"attachments":[],"parameters":[],"stepsCount":0,"attachmentsCount":0,"shouldDisplayMessage":false,"hasContent":false},{"name":"setUp","time":{"start":1690049584044,"stop":1690049584045,"duration":1},"description":"","status":"passed","steps":[],"attachments":[],"parameters":[],"stepsCount":0,"attachmentsCount":0,"shouldDisplayMessage":false,"hasContent":false}],"testStage":{"status":"failed","statusMessage":"Incorrect error message expected [Stake address not found] but found [[The expected length of the hash is 64 characters]]","statusTrace":"java.lang.AssertionError: Incorrect error message expected [Stake address not found] but found [[The expected length of the hash is 64 characters]]\n\tat org.testng.Assert.fail(Assert.java:97)\n\tat org.testng.Assert.assertEqualsImpl(Assert.java:136)\n\tat org.testng.Assert.assertEquals(Assert.java:118)\n\tat org.testng.Assert.assertEquals(Assert.java:575)\n\tat microservices.common.steps.BaseSteps.then_verifyErrorResponse(BaseSteps.java:13)\n\tat tests.stakes.Stake.getStakeUnsuccess(Stake.java:30)\n\tat sun.reflect.NativeMethodAccessorImpl.invoke0(Native Method)\n\tat sun.reflect.NativeMethodAccessorImpl.invoke(NativeMethodAccessorImpl.java:62)\n\tat sun.reflect.DelegatingMethodAccessorImpl.invoke(DelegatingMethodAccessorImpl.java:43)\n\tat java.lang.reflect.Method.invoke(Method.java:498)\n\tat org.testng.internal.MethodInvocationHelper.invokeMethod(MethodInvocationHelper.java:134)\n\tat org.testng.internal.TestInvoker.invokeMethod(TestInvoker.java:597)\n\tat org.testng.internal.TestInvoker.invokeTestMethod(TestInvoker.java:173)\n\tat org.testng.internal.MethodRunner.runInSequence(MethodRunner.java:46)\n\tat org.testng.internal.TestInvoker$MethodInvocationAgent.invoke(TestInvoker.java:816)\n\tat org.testng.internal.TestInvoker.invokeTestMethods(TestInvoker.java:146)\n\tat org.testng.internal.TestMethodWorker.invokeTestMethods(TestMethodWorker.java:146)\n\tat org.testng.internal.TestMethodWorker.run(TestMethodWorker.java:128)\n\tat java.util.concurrent.ThreadPoolExecutor.runWorker(ThreadPoolExecutor.java:1149)\n\tat java.util.concurrent.ThreadPoolExecutor$Worker.run(ThreadPoolExecutor.java:624)\n\tat java.lang.Thread.run(Thread.java:750)\n","steps":[{"name":"get a stake with stakeKey","time":{"start":1690049584046,"stop":1690049585569,"duration":1523},"status":"passed","steps":[],"attachments":[],"parameters":[{"name":"stakeKey","value":"abcd"}],"stepsCount":0,"attachmentsCount":0,"shouldDisplayMessage":false,"hasContent":true},{"name":"Verify error response","time":{"start":1690049585569,"stop":1690049585570,"duration":1},"status":"failed","statusMessage":"Incorrect error message expected [Stake address not found] but found [[The expected length of the hash is 64 characters]]","statusTrace":"java.lang.AssertionError: Incorrect error message expected [Stake address not found] but found [[The expected length of the hash is 64 characters]]\n\tat org.testng.Assert.fail(Assert.java:97)\n\tat org.testng.Assert.assertEqualsImpl(Assert.java:136)\n\tat org.testng.Assert.assertEquals(Assert.java:118)\n\tat org.testng.Assert.assertEquals(Assert.java:575)\n\tat microservices.common.steps.BaseSteps.then_verifyErrorResponse(BaseSteps.java:13)\n\tat tests.stakes.Stake.getStakeUnsuccess(Stake.java:30)\n\tat sun.reflect.NativeMethodAccessorImpl.invoke0(Native Method)\n\tat sun.reflect.NativeMethodAccessorImpl.invoke(NativeMethodAccessorImpl.java:62)\n\tat sun.reflect.DelegatingMethodAccessorImpl.invoke(DelegatingMethodAccessorImpl.java:43)\n\tat java.lang.reflect.Method.invoke(Method.java:498)\n\tat org.testng.internal.MethodInvocationHelper.invokeMethod(MethodInvocationHelper.java:134)\n\tat org.testng.internal.TestInvoker.invokeMethod(TestInvoker.java:597)\n\tat org.testng.internal.TestInvoker.invokeTestMethod(TestInvoker.java:173)\n\tat org.testng.internal.MethodRunner.runInSequence(MethodRunner.java:46)\n\tat org.testng.internal.TestInvoker$MethodInvocationAgent.invoke(TestInvoker.java:816)\n\tat org.testng.internal.TestInvoker.invokeTestMethods(TestInvoker.java:146)\n\tat org.testng.internal.TestMethodWorker.invokeTestMethods(TestMethodWorker.java:146)\n\tat org.testng.internal.TestMethodWorker.run(TestMethodWorker.java:128)\n\tat java.util.concurrent.ThreadPoolExecutor.runWorker(ThreadPoolExecutor.java:1149)\n\tat java.util.concurrent.ThreadPoolExecutor$Worker.run(ThreadPoolExecutor.java:624)\n\tat java.lang.Thread.run(Thread.java:750)\n","steps":[],"attachments":[],"parameters":[{"name":"statusCode","value":"400"},{"name":"message","value":"Stake address not found"},{"name":"errorCode","value":"BC_404-STAKE_ADDRESS_NOT_FOUND"}],"stepsCount":0,"attachmentsCount":0,"shouldDisplayMessage":true,"hasContent":true}],"attachments":[],"parameters":[],"stepsCount":2,"attachmentsCount":0,"shouldDisplayMessage":false,"hasContent":true},"afterStages":[{"name":"tearDown","time":{"start":1690049585571,"stop":1690049585571,"duration":0},"description":"","status":"passed","steps":[],"attachments":[],"parameters":[],"stepsCount":0,"attachmentsCount":0,"shouldDisplayMessage":false,"hasContent":false},{"name":"postconditions","time":{"start":1690049677735,"stop":1690049677735,"duration":0},"description":"","status":"passed","steps":[],"attachments":[],"parameters":[],"stepsCount":0,"attachmentsCount":0,"shouldDisplayMessage":false,"hasContent":false}],"labels":[{"name":"package","value":"tests.stakes.Stake"},{"name":"testClass","value":"tests.stakes.Stake"},{"name":"testMethod","value":"getStakeUnsuccess"},{"name":"parentSuite","value":"Cardano Regression Suite"},{"name":"suite","value":"Cardano API test "},{"name":"subSuite","value":"tests.stakes.Stake"},{"name":"host","value":"fv-az456-820"},{"name":"thread","value":"2485@fv-az456-820.TestNG-test=Cardano API test -3(14)"},{"name":"framework","value":"testng"},{"name":"language","value":"java"},{"name":"resultFormat","value":"allure2"}],"parameters":[{"name":"arg0","value":"abcd"},{"name":"env","value":"preprod"}],"links":[],"hidden":false,"retry":false,"extra":{"severity":"normal","retries":[],"categories":[{"name":"Product defects","matchedStatuses":[],"flaky":false}],"history":{"statistic":{"failed":24,"broken":2,"skipped":0,"passed":19,"unknown":0,"total":45},"items":[{"uid":"9b223e3b3a55ebf5","reportUrl":"https://Sotatek-DavidNguyen4.github.io/cardano-api-tests-preprod/45//#testresult/9b223e3b3a55ebf5","status":"failed","statusDetails":"Incorrect error message expected [Stake address not found] but found [[The expected length of the hash is 64 characters]]","time":{"start":1689963297055,"stop":1689963298902,"duration":1847}},{"uid":"730c9d6969729081","reportUrl":"https://Sotatek-DavidNguyen4.github.io/cardano-api-tests-preprod/44//#testresult/730c9d6969729081","status":"failed","statusDetails":"Incorrect error message expected [Stake address not found] but found [[The expected length of the hash is 64 characters]]","time":{"start":1689876814396,"stop":1689876815905,"duration":1509}},{"uid":"317706eed4dbfa06","reportUrl":"https://Sotatek-DavidNguyen4.github.io/cardano-api-tests-preprod/43//#testresult/317706eed4dbfa06","status":"failed","statusDetails":"Incorrect error message expected [Stake address not found] but found [[The expected length of the hash is 64 characters]]","time":{"start":1689790426551,"stop":1689790428019,"duration":1468}},{"uid":"1fb0c464523f96d1","reportUrl":"https://Sotatek-DavidNguyen4.github.io/cardano-api-tests-preprod/42//#testresult/1fb0c464523f96d1","status":"failed","statusDetails":"Incorrect error message expected [Stake address not found] but found [[The expected length of the hash is 64 characters]]","time":{"start":1689704127547,"stop":1689704129441,"duration":1894}},{"uid":"3a9ca778d72b9cb","reportUrl":"https://Sotatek-DavidNguyen4.github.io/cardano-api-tests-preprod/41//#testresult/3a9ca778d72b9cb","status":"failed","statusDetails":"Incorrect error message expected [Stake address not found] but found [[The expected length of the hash is 64 characters]]","time":{"start":1689617736724,"stop":1689617738472,"duration":1748}},{"uid":"546076703ad90dcb","reportUrl":"https://Sotatek-DavidNguyen4.github.io/cardano-api-tests-preprod/40//#testresult/546076703ad90dcb","status":"broken","statusDetails":"Read timed out","time":{"start":1689535976005,"stop":1689536037700,"duration":61695}},{"uid":"9864d7503dc750d","reportUrl":"https://Sotatek-DavidNguyen4.github.io/cardano-api-tests-preprod/39//#testresult/9864d7503dc750d","status":"failed","statusDetails":"Incorrect error message expected [Stake address not found] but found [[The expected length of the hash is 64 characters]]","time":{"start":1689444862435,"stop":1689444864349,"duration":1914}},{"uid":"b975b27b63bd7f14","reportUrl":"https://Sotatek-DavidNguyen4.github.io/cardano-api-tests-preprod/38//#testresult/b975b27b63bd7f14","status":"failed","statusDetails":"Incorrect error message expected [Stake address not found] but found [[The expected length of the hash is 64 characters]]","time":{"start":1689358471300,"stop":1689358472922,"duration":1622}},{"uid":"4bd53293d62a6db7","reportUrl":"https://Sotatek-DavidNguyen4.github.io/cardano-api-tests-preprod/37//#testresult/4bd53293d62a6db7","status":"failed","statusDetails":"Incorrect error message expected [Stake address not found] but found [[The expected length of the hash is 64 characters]]","time":{"start":1689272102683,"stop":1689272104372,"duration":1689}},{"uid":"2550aa0d28fa1726","reportUrl":"https://Sotatek-DavidNguyen4.github.io/cardano-api-tests-preprod/36//#testresult/2550aa0d28fa1726","status":"failed","statusDetails":"Incorrect error message expected [Stake address not found] but found [[The expected length of the hash is 64 characters]]","time":{"start":1689185704467,"stop":1689185706240,"duration":1773}},{"uid":"735c82a4ec0f83fd","reportUrl":"https://Sotatek-DavidNguyen4.github.io/cardano-api-tests-preprod/35//#testresult/735c82a4ec0f83fd","status":"failed","statusDetails":"Incorrect error message expected [Stake address not found] but found [[The expected length of the hash is 64 characters]]","time":{"start":1689099315401,"stop":1689099316918,"duration":1517}},{"uid":"e83320c8e693133d","reportUrl":"https://Sotatek-DavidNguyen4.github.io/cardano-api-tests-preprod/34//#testresult/e83320c8e693133d","status":"failed","statusDetails":"Incorrect error message expected [Stake address not found] but found [[The expected length of the hash is 64 characters]]","time":{"start":1689012929643,"stop":1689012931376,"duration":1733}},{"uid":"d499a876a147d73c","reportUrl":"https://Sotatek-DavidNguyen4.github.io/cardano-api-tests-preprod/33//#testresult/d499a876a147d73c","status":"failed","statusDetails":"Incorrect error message expected [Stake address not found] but found [[The expected length of the hash is 64 characters]]","time":{"start":1688926470211,"stop":1688926472167,"duration":1956}},{"uid":"74b945fffda968dd","reportUrl":"https://Sotatek-DavidNguyen4.github.io/cardano-api-tests-preprod/32//#testresult/74b945fffda968dd","status":"failed","statusDetails":"Incorrect error message expected [Stake address not found] but found [[The expected length of the hash is 64 characters]]","time":{"start":1688840033963,"stop":1688840035362,"duration":1399}},{"uid":"62992308bc600e7f","reportUrl":"https://Sotatek-DavidNguyen4.github.io/cardano-api-tests-preprod/31//#testresult/62992308bc600e7f","status":"failed","statusDetails":"Incorrect error message expected [Stake address not found] but found [[The expected length of the hash is 64 characters]]","time":{"start":1688753691734,"stop":1688753693158,"duration":1424}},{"uid":"2762b0a8bcbb88c5","reportUrl":"https://Sotatek-DavidNguyen4.github.io/cardano-api-tests-preprod/30//#testresult/2762b0a8bcbb88c5","status":"failed","statusDetails":"Incorrect error message expected [Stake address not found] but found [[The expected length of the hash is 64 characters]]","time":{"start":1688667275660,"stop":1688667277367,"duration":1707}},{"uid":"73ffd1f3456bd975","reportUrl":"https://Sotatek-DavidNguyen4.github.io/cardano-api-tests-preprod/29//#testresult/73ffd1f3456bd975","status":"failed","statusDetails":"Incorrect error message expected [Stake address not found] but found [[The expected length of the hash is 64 characters]]","time":{"start":1688580945571,"stop":1688580947197,"duration":1626}},{"uid":"76c29fac6f031f81","reportUrl":"https://Sotatek-DavidNguyen4.github.io/cardano-api-tests-preprod/28//#testresult/76c29fac6f031f81","status":"failed","statusDetails":"Incorrect error message expected [Stake address not found] but found [[The expected length of the hash is 64 characters]]","time":{"start":1688494546797,"stop":1688494548317,"duration":1520}},{"uid":"f4122a50d5298bc8","reportUrl":"https://Sotatek-DavidNguyen4.github.io/cardano-api-tests-preprod/27//#testresult/f4122a50d5298bc8","status":"failed","statusDetails":"Incorrect error message expected [Stake address not found] but found [[The expected length of the hash is 64 characters]]","time":{"start":1688408075220,"stop":1688408076659,"duration":1439}},{"uid":"9246ac8a93a8ffa4","reportUrl":"https://Sotatek-DavidNguyen4.github.io/cardano-api-tests-preprod/26//#testresult/9246ac8a93a8ffa4","status":"failed","statusDetails":"Incorrect error message expected [Stake address not found] but found [[The expected length of the hash is 64 characters]]","time":{"start":1688321633582,"stop":1688321635105,"duration":1523}}]},"tags":[]},"source":"adc5d27ba84ae1c5.json","parameterValues":["abcd","preprod"]}