{"uid":"8e9e1007492bbb60","name":"get the list transaction of address unsuccessfully","fullName":"tests.addresses.AddressTransactionTests.getTheListTransactionOfAddressUnsuccessfully","historyId":"f4f9d36c6270e6182e58a75d93b8cf66","time":{"start":1691259018168,"stop":1691259020148,"duration":1980},"status":"failed","statusMessage":"1 expectation failed.\nExpected status code <400> but was <200>.\n","statusTrace":"java.lang.AssertionError: 1 expectation failed.\nExpected status code <400> but was <200>.\n\n\tat sun.reflect.NativeConstructorAccessorImpl.newInstance0(Native Method)\n\tat sun.reflect.NativeConstructorAccessorImpl.newInstance(NativeConstructorAccessorImpl.java:62)\n\tat sun.reflect.DelegatingConstructorAccessorImpl.newInstance(DelegatingConstructorAccessorImpl.java:45)\n\tat java.lang.reflect.Constructor.newInstance(Constructor.java:423)\n\tat org.codehaus.groovy.reflection.CachedConstructor.invoke(CachedConstructor.java:83)\n\tat org.codehaus.groovy.reflection.CachedConstructor.doConstructorInvoke(CachedConstructor.java:77)\n\tat org.codehaus.groovy.runtime.callsite.ConstructorSite$ConstructorSiteNoUnwrap.callConstructor(ConstructorSite.java:84)\n\tat org.codehaus.groovy.runtime.callsite.AbstractCallSite.callConstructor(AbstractCallSite.java:250)\n\tat io.restassured.internal.ResponseSpecificationImpl$HamcrestAssertionClosure.validate(ResponseSpecificationImpl.groovy:494)\n\tat io.restassured.internal.ResponseSpecificationImpl$HamcrestAssertionClosure$validate$4.call(Unknown Source)\n\tat io.restassured.internal.ResponseSpecificationImpl.validateResponseIfRequired(ResponseSpecificationImpl.groovy:656)\n\tat sun.reflect.GeneratedMethodAccessor171.invoke(Unknown Source)\n\tat sun.reflect.DelegatingMethodAccessorImpl.invoke(DelegatingMethodAccessorImpl.java:43)\n\tat java.lang.reflect.Method.invoke(Method.java:498)\n\tat org.codehaus.groovy.runtime.callsite.PogoMetaMethodSite$PogoCachedMethodSiteNoUnwrapNoCoerce.invoke(PogoMetaMethodSite.java:210)\n\tat org.codehaus.groovy.runtime.callsite.PogoMetaMethodSite.callCurrent(PogoMetaMethodSite.java:59)\n\tat org.codehaus.groovy.runtime.callsite.AbstractCallSite.callCurrent(AbstractCallSite.java:169)\n\tat io.restassured.internal.ResponseSpecificationImpl.statusCode(ResponseSpecificationImpl.groovy:125)\n\tat io.restassured.specification.ResponseSpecification$statusCode$0.callCurrent(Unknown Source)\n\tat io.restassured.internal.ResponseSpecificationImpl.statusCode(ResponseSpecificationImpl.groovy:133)\n\tat io.restassured.internal.ValidatableResponseOptionsImpl.statusCode(ValidatableResponseOptionsImpl.java:119)\n\tat core.BaseApi.validateResponse(BaseApi.java:52)\n\tat microservices.common.steps.BaseSteps.then_verifyErrorResponse(BaseSteps.java:11)\n\tat tests.addresses.AddressTransactionTests.getTheListTransactionOfAddressUnsuccessfully(AddressTransactionTests.java:38)\n\tat sun.reflect.NativeMethodAccessorImpl.invoke0(Native Method)\n\tat sun.reflect.NativeMethodAccessorImpl.invoke(NativeMethodAccessorImpl.java:62)\n\tat sun.reflect.DelegatingMethodAccessorImpl.invoke(DelegatingMethodAccessorImpl.java:43)\n\tat java.lang.reflect.Method.invoke(Method.java:498)\n\tat org.testng.internal.MethodInvocationHelper.invokeMethod(MethodInvocationHelper.java:134)\n\tat org.testng.internal.TestInvoker.invokeMethod(TestInvoker.java:597)\n\tat org.testng.internal.TestInvoker.invokeTestMethod(TestInvoker.java:173)\n\tat org.testng.internal.MethodRunner.runInSequence(MethodRunner.java:46)\n\tat org.testng.internal.TestInvoker$MethodInvocationAgent.invoke(TestInvoker.java:816)\n\tat org.testng.internal.TestInvoker.invokeTestMethods(TestInvoker.java:146)\n\tat org.testng.internal.TestMethodWorker.invokeTestMethods(TestMethodWorker.java:146)\n\tat org.testng.internal.TestMethodWorker.run(TestMethodWorker.java:128)\n\tat java.util.concurrent.ThreadPoolExecutor.runWorker(ThreadPoolExecutor.java:1149)\n\tat java.util.concurrent.ThreadPoolExecutor$Worker.run(ThreadPoolExecutor.java:624)\n\tat java.lang.Thread.run(Thread.java:750)\n","flaky":false,"newFailed":false,"newBroken":false,"newPassed":false,"retriesCount":0,"retriesStatusChange":false,"beforeStages":[{"name":"preconditions","time":{"start":1691258976885,"stop":1691258977714,"duration":829},"description":"","status":"passed","steps":[],"attachments":[],"parameters":[],"stepsCount":0,"attachmentsCount":0,"shouldDisplayMessage":false,"hasContent":false},{"name":"setUp","time":{"start":1691259018166,"stop":1691259018166,"duration":0},"description":"","status":"passed","steps":[],"attachments":[],"parameters":[],"stepsCount":0,"attachmentsCount":0,"shouldDisplayMessage":false,"hasContent":false}],"testStage":{"status":"failed","statusMessage":"1 expectation failed.\nExpected status code <400> but was <200>.\n","statusTrace":"java.lang.AssertionError: 1 expectation failed.\nExpected status code <400> but was <200>.\n\n\tat sun.reflect.NativeConstructorAccessorImpl.newInstance0(Native Method)\n\tat sun.reflect.NativeConstructorAccessorImpl.newInstance(NativeConstructorAccessorImpl.java:62)\n\tat sun.reflect.DelegatingConstructorAccessorImpl.newInstance(DelegatingConstructorAccessorImpl.java:45)\n\tat java.lang.reflect.Constructor.newInstance(Constructor.java:423)\n\tat org.codehaus.groovy.reflection.CachedConstructor.invoke(CachedConstructor.java:83)\n\tat org.codehaus.groovy.reflection.CachedConstructor.doConstructorInvoke(CachedConstructor.java:77)\n\tat org.codehaus.groovy.runtime.callsite.ConstructorSite$ConstructorSiteNoUnwrap.callConstructor(ConstructorSite.java:84)\n\tat org.codehaus.groovy.runtime.callsite.AbstractCallSite.callConstructor(AbstractCallSite.java:250)\n\tat io.restassured.internal.ResponseSpecificationImpl$HamcrestAssertionClosure.validate(ResponseSpecificationImpl.groovy:494)\n\tat io.restassured.internal.ResponseSpecificationImpl$HamcrestAssertionClosure$validate$4.call(Unknown Source)\n\tat io.restassured.internal.ResponseSpecificationImpl.validateResponseIfRequired(ResponseSpecificationImpl.groovy:656)\n\tat sun.reflect.GeneratedMethodAccessor171.invoke(Unknown Source)\n\tat sun.reflect.DelegatingMethodAccessorImpl.invoke(DelegatingMethodAccessorImpl.java:43)\n\tat java.lang.reflect.Method.invoke(Method.java:498)\n\tat org.codehaus.groovy.runtime.callsite.PogoMetaMethodSite$PogoCachedMethodSiteNoUnwrapNoCoerce.invoke(PogoMetaMethodSite.java:210)\n\tat org.codehaus.groovy.runtime.callsite.PogoMetaMethodSite.callCurrent(PogoMetaMethodSite.java:59)\n\tat org.codehaus.groovy.runtime.callsite.AbstractCallSite.callCurrent(AbstractCallSite.java:169)\n\tat io.restassured.internal.ResponseSpecificationImpl.statusCode(ResponseSpecificationImpl.groovy:125)\n\tat io.restassured.specification.ResponseSpecification$statusCode$0.callCurrent(Unknown Source)\n\tat io.restassured.internal.ResponseSpecificationImpl.statusCode(ResponseSpecificationImpl.groovy:133)\n\tat io.restassured.internal.ValidatableResponseOptionsImpl.statusCode(ValidatableResponseOptionsImpl.java:119)\n\tat core.BaseApi.validateResponse(BaseApi.java:52)\n\tat microservices.common.steps.BaseSteps.then_verifyErrorResponse(BaseSteps.java:11)\n\tat tests.addresses.AddressTransactionTests.getTheListTransactionOfAddressUnsuccessfully(AddressTransactionTests.java:38)\n\tat sun.reflect.NativeMethodAccessorImpl.invoke0(Native Method)\n\tat sun.reflect.NativeMethodAccessorImpl.invoke(NativeMethodAccessorImpl.java:62)\n\tat sun.reflect.DelegatingMethodAccessorImpl.invoke(DelegatingMethodAccessorImpl.java:43)\n\tat java.lang.reflect.Method.invoke(Method.java:498)\n\tat org.testng.internal.MethodInvocationHelper.invokeMethod(MethodInvocationHelper.java:134)\n\tat org.testng.internal.TestInvoker.invokeMethod(TestInvoker.java:597)\n\tat org.testng.internal.TestInvoker.invokeTestMethod(TestInvoker.java:173)\n\tat org.testng.internal.MethodRunner.runInSequence(MethodRunner.java:46)\n\tat org.testng.internal.TestInvoker$MethodInvocationAgent.invoke(TestInvoker.java:816)\n\tat org.testng.internal.TestInvoker.invokeTestMethods(TestInvoker.java:146)\n\tat org.testng.internal.TestMethodWorker.invokeTestMethods(TestMethodWorker.java:146)\n\tat org.testng.internal.TestMethodWorker.run(TestMethodWorker.java:128)\n\tat java.util.concurrent.ThreadPoolExecutor.runWorker(ThreadPoolExecutor.java:1149)\n\tat java.util.concurrent.ThreadPoolExecutor$Worker.run(ThreadPoolExecutor.java:624)\n\tat java.lang.Thread.run(Thread.java:750)\n","steps":[{"name":"get the transaction of address","time":{"start":1691259018168,"stop":1691259020147,"duration":1979},"status":"passed","steps":[],"attachments":[],"parameters":[{"name":"address","value":"(NFT address): asset1c0vymmx0nysjaa8q5vah78jmuqyew3kjm48azr"}],"stepsCount":0,"attachmentsCount":0,"shouldDisplayMessage":false,"hasContent":true},{"name":"Verify error response","time":{"start":1691259020148,"stop":1691259020148,"duration":0},"status":"failed","statusMessage":"1 expectation failed.\nExpected status code <400> but was <200>.\n","statusTrace":"java.lang.AssertionError: 1 expectation failed.\nExpected status code <400> but was <200>.\n\n\tat sun.reflect.NativeConstructorAccessorImpl.newInstance0(Native Method)\n\tat sun.reflect.NativeConstructorAccessorImpl.newInstance(NativeConstructorAccessorImpl.java:62)\n\tat sun.reflect.DelegatingConstructorAccessorImpl.newInstance(DelegatingConstructorAccessorImpl.java:45)\n\tat java.lang.reflect.Constructor.newInstance(Constructor.java:423)\n\tat org.codehaus.groovy.reflection.CachedConstructor.invoke(CachedConstructor.java:83)\n\tat org.codehaus.groovy.reflection.CachedConstructor.doConstructorInvoke(CachedConstructor.java:77)\n\tat org.codehaus.groovy.runtime.callsite.ConstructorSite$ConstructorSiteNoUnwrap.callConstructor(ConstructorSite.java:84)\n\tat org.codehaus.groovy.runtime.callsite.AbstractCallSite.callConstructor(AbstractCallSite.java:250)\n\tat io.restassured.internal.ResponseSpecificationImpl$HamcrestAssertionClosure.validate(ResponseSpecificationImpl.groovy:494)\n\tat io.restassured.internal.ResponseSpecificationImpl$HamcrestAssertionClosure$validate$4.call(Unknown Source)\n\tat io.restassured.internal.ResponseSpecificationImpl.validateResponseIfRequired(ResponseSpecificationImpl.groovy:656)\n\tat sun.reflect.GeneratedMethodAccessor171.invoke(Unknown Source)\n\tat sun.reflect.DelegatingMethodAccessorImpl.invoke(DelegatingMethodAccessorImpl.java:43)\n\tat java.lang.reflect.Method.invoke(Method.java:498)\n\tat org.codehaus.groovy.runtime.callsite.PogoMetaMethodSite$PogoCachedMethodSiteNoUnwrapNoCoerce.invoke(PogoMetaMethodSite.java:210)\n\tat org.codehaus.groovy.runtime.callsite.PogoMetaMethodSite.callCurrent(PogoMetaMethodSite.java:59)\n\tat org.codehaus.groovy.runtime.callsite.AbstractCallSite.callCurrent(AbstractCallSite.java:169)\n\tat io.restassured.internal.ResponseSpecificationImpl.statusCode(ResponseSpecificationImpl.groovy:125)\n\tat io.restassured.specification.ResponseSpecification$statusCode$0.callCurrent(Unknown Source)\n\tat io.restassured.internal.ResponseSpecificationImpl.statusCode(ResponseSpecificationImpl.groovy:133)\n\tat io.restassured.internal.ValidatableResponseOptionsImpl.statusCode(ValidatableResponseOptionsImpl.java:119)\n\tat core.BaseApi.validateResponse(BaseApi.java:52)\n\tat microservices.common.steps.BaseSteps.then_verifyErrorResponse(BaseSteps.java:11)\n\tat tests.addresses.AddressTransactionTests.getTheListTransactionOfAddressUnsuccessfully(AddressTransactionTests.java:38)\n\tat sun.reflect.NativeMethodAccessorImpl.invoke0(Native Method)\n\tat sun.reflect.NativeMethodAccessorImpl.invoke(NativeMethodAccessorImpl.java:62)\n\tat sun.reflect.DelegatingMethodAccessorImpl.invoke(DelegatingMethodAccessorImpl.java:43)\n\tat java.lang.reflect.Method.invoke(Method.java:498)\n\tat org.testng.internal.MethodInvocationHelper.invokeMethod(MethodInvocationHelper.java:134)\n\tat org.testng.internal.TestInvoker.invokeMethod(TestInvoker.java:597)\n\tat org.testng.internal.TestInvoker.invokeTestMethod(TestInvoker.java:173)\n\tat org.testng.internal.MethodRunner.runInSequence(MethodRunner.java:46)\n\tat org.testng.internal.TestInvoker$MethodInvocationAgent.invoke(TestInvoker.java:816)\n\tat org.testng.internal.TestInvoker.invokeTestMethods(TestInvoker.java:146)\n\tat org.testng.internal.TestMethodWorker.invokeTestMethods(TestMethodWorker.java:146)\n\tat org.testng.internal.TestMethodWorker.run(TestMethodWorker.java:128)\n\tat java.util.concurrent.ThreadPoolExecutor.runWorker(ThreadPoolExecutor.java:1149)\n\tat java.util.concurrent.ThreadPoolExecutor$Worker.run(ThreadPoolExecutor.java:624)\n\tat java.lang.Thread.run(Thread.java:750)\n","steps":[],"attachments":[],"parameters":[{"name":"statusCode","value":"400"},{"name":"message","value":"Wallet address not found"},{"name":"errorCode","value":"BC_404-ADDRESS_NOT_FOUND"}],"stepsCount":0,"attachmentsCount":0,"shouldDisplayMessage":true,"hasContent":true}],"attachments":[],"parameters":[],"stepsCount":2,"attachmentsCount":0,"shouldDisplayMessage":false,"hasContent":true},"afterStages":[{"name":"tearDown","time":{"start":1691259020150,"stop":1691259020150,"duration":0},"description":"","status":"passed","steps":[],"attachments":[],"parameters":[],"stepsCount":0,"attachmentsCount":0,"shouldDisplayMessage":false,"hasContent":false},{"name":"postconditions","time":{"start":1691259271772,"stop":1691259271772,"duration":0},"description":"","status":"passed","steps":[],"attachments":[],"parameters":[],"stepsCount":0,"attachmentsCount":0,"shouldDisplayMessage":false,"hasContent":false}],"labels":[{"name":"package","value":"tests.addresses.AddressTransactionTests"},{"name":"testClass","value":"tests.addresses.AddressTransactionTests"},{"name":"testMethod","value":"getTheListTransactionOfAddressUnsuccessfully"},{"name":"parentSuite","value":"Cardano Regression Suite"},{"name":"suite","value":"Cardano API test "},{"name":"subSuite","value":"tests.addresses.AddressTransactionTests"},{"name":"host","value":"fv-az563-119"},{"name":"thread","value":"2317@fv-az563-119.TestNG-test=Cardano API test -3(14)"},{"name":"framework","value":"testng"},{"name":"language","value":"java"},{"name":"feature","value":"api-addresses"},{"name":"epic","value":"cardano"},{"name":"resultFormat","value":"allure2"}],"parameters":[{"name":"arg0","value":"(NFT address): asset1c0vymmx0nysjaa8q5vah78jmuqyew3kjm48azr"},{"name":"env","value":"preprod"}],"links":[],"hidden":false,"retry":false,"extra":{"severity":"normal","retries":[],"categories":[{"name":"Product defects","matchedStatuses":[],"flaky":false}],"history":{"statistic":{"failed":37,"broken":2,"skipped":0,"passed":20,"unknown":0,"total":59},"items":[{"uid":"f5d14781c25772bc","reportUrl":"https://Sotatek-DavidNguyen4.github.io/cardano-api-tests-preprod/59//#testresult/f5d14781c25772bc","status":"failed","statusDetails":"1 expectation failed.\nExpected status code <400> but was <200>.\n","time":{"start":1691172691019,"stop":1691172692747,"duration":1728}},{"uid":"2c9c54ec801aca9c","reportUrl":"https://Sotatek-DavidNguyen4.github.io/cardano-api-tests-preprod/58//#testresult/2c9c54ec801aca9c","status":"failed","statusDetails":"1 expectation failed.\nExpected status code <400> but was <200>.\n","time":{"start":1691086279529,"stop":1691086281374,"duration":1845}},{"uid":"f4a919f885e51d91","reportUrl":"https://Sotatek-DavidNguyen4.github.io/cardano-api-tests-preprod/57//#testresult/f4a919f885e51d91","status":"failed","statusDetails":"1 expectation failed.\nExpected status code <400> but was <200>.\n","time":{"start":1690999892110,"stop":1690999893906,"duration":1796}},{"uid":"661943a8587880db","reportUrl":"https://Sotatek-DavidNguyen4.github.io/cardano-api-tests-preprod/56//#testresult/661943a8587880db","status":"failed","statusDetails":"1 expectation failed.\nExpected status code <400> but was <200>.\n","time":{"start":1690913486153,"stop":1690913488151,"duration":1998}},{"uid":"e3a5c7bfe655e94f","reportUrl":"https://Sotatek-DavidNguyen4.github.io/cardano-api-tests-preprod/55//#testresult/e3a5c7bfe655e94f","status":"failed","statusDetails":"1 expectation failed.\nExpected status code <400> but was <200>.\n","time":{"start":1690827117951,"stop":1690827119586,"duration":1635}},{"uid":"5994a1782726a1b2","reportUrl":"https://Sotatek-DavidNguyen4.github.io/cardano-api-tests-preprod/54//#testresult/5994a1782726a1b2","status":"failed","statusDetails":"1 expectation failed.\nExpected status code <400> but was <200>.\n","time":{"start":1690740631311,"stop":1690740633075,"duration":1764}},{"uid":"2d75fbcdc744ed06","reportUrl":"https://Sotatek-DavidNguyen4.github.io/cardano-api-tests-preprod/53//#testresult/2d75fbcdc744ed06","status":"failed","statusDetails":"1 expectation failed.\nExpected status code <400> but was <200>.\n","time":{"start":1690654254862,"stop":1690654256739,"duration":1877}},{"uid":"c6359996904fb6b3","reportUrl":"https://Sotatek-DavidNguyen4.github.io/cardano-api-tests-preprod/52//#testresult/c6359996904fb6b3","status":"failed","statusDetails":"1 expectation failed.\nExpected status code <400> but was <200>.\n","time":{"start":1690567866551,"stop":1690567868460,"duration":1909}},{"uid":"f46f45b2122dbb29","reportUrl":"https://Sotatek-DavidNguyen4.github.io/cardano-api-tests-preprod/51//#testresult/f46f45b2122dbb29","status":"failed","statusDetails":"1 expectation failed.\nExpected status code <400> but was <200>.\n","time":{"start":1690481504931,"stop":1690481506590,"duration":1659}},{"uid":"2bc6a614637159f3","reportUrl":"https://Sotatek-DavidNguyen4.github.io/cardano-api-tests-preprod/50//#testresult/2bc6a614637159f3","status":"failed","statusDetails":"1 expectation failed.\nExpected status code <400> but was <200>.\n","time":{"start":1690395081028,"stop":1690395082971,"duration":1943}},{"uid":"c53160ef4c8afba2","reportUrl":"https://Sotatek-DavidNguyen4.github.io/cardano-api-tests-preprod/49//#testresult/c53160ef4c8afba2","status":"failed","statusDetails":"1 expectation failed.\nExpected status code <400> but was <200>.\n","time":{"start":1690308704485,"stop":1690308705982,"duration":1497}},{"uid":"2c3ee7ab4fbbcb47","reportUrl":"https://Sotatek-DavidNguyen4.github.io/cardano-api-tests-preprod/48//#testresult/2c3ee7ab4fbbcb47","status":"failed","statusDetails":"1 expectation failed.\nExpected status code <400> but was <200>.\n","time":{"start":1690222430653,"stop":1690222432198,"duration":1545}},{"uid":"4f96ab02d20efcbf","reportUrl":"https://Sotatek-DavidNguyen4.github.io/cardano-api-tests-preprod/47//#testresult/4f96ab02d20efcbf","status":"failed","statusDetails":"1 expectation failed.\nExpected status code <400> but was <200>.\n","time":{"start":1690135869712,"stop":1690135871366,"duration":1654}},{"uid":"9288e39dfda4b71d","reportUrl":"https://Sotatek-DavidNguyen4.github.io/cardano-api-tests-preprod/46//#testresult/9288e39dfda4b71d","status":"failed","statusDetails":"1 expectation failed.\nExpected status code <400> but was <200>.\n","time":{"start":1690049472247,"stop":1690049474300,"duration":2053}},{"uid":"c3820216d27844cc","reportUrl":"https://Sotatek-DavidNguyen4.github.io/cardano-api-tests-preprod/45//#testresult/c3820216d27844cc","status":"failed","statusDetails":"1 expectation failed.\nExpected status code <400> but was <200>.\n","time":{"start":1689963167530,"stop":1689963169393,"duration":1863}},{"uid":"da78fd54e48f67ad","reportUrl":"https://Sotatek-DavidNguyen4.github.io/cardano-api-tests-preprod/44//#testresult/da78fd54e48f67ad","status":"failed","statusDetails":"1 expectation failed.\nExpected status code <400> but was <200>.\n","time":{"start":1689876709762,"stop":1689876711376,"duration":1614}},{"uid":"37b0e1f21bb29c5f","reportUrl":"https://Sotatek-DavidNguyen4.github.io/cardano-api-tests-preprod/43//#testresult/37b0e1f21bb29c5f","status":"failed","statusDetails":"1 expectation failed.\nExpected status code <400> but was <200>.\n","time":{"start":1689790330756,"stop":1689790332189,"duration":1433}},{"uid":"f58c90d1581d5eb8","reportUrl":"https://Sotatek-DavidNguyen4.github.io/cardano-api-tests-preprod/42//#testresult/f58c90d1581d5eb8","status":"failed","statusDetails":"1 expectation failed.\nExpected status code <400> but was <200>.\n","time":{"start":1689703998135,"stop":1689704000079,"duration":1944}},{"uid":"3e6dfa0fc25203c3","reportUrl":"https://Sotatek-DavidNguyen4.github.io/cardano-api-tests-preprod/41//#testresult/3e6dfa0fc25203c3","status":"failed","statusDetails":"1 expectation failed.\nExpected status code <400> but was <200>.\n","time":{"start":1689617613870,"stop":1689617615640,"duration":1770}},{"uid":"336f48c3a13d9ecc","reportUrl":"https://Sotatek-DavidNguyen4.github.io/cardano-api-tests-preprod/40//#testresult/336f48c3a13d9ecc","status":"broken","statusDetails":"Read timed out","time":{"start":1689531841264,"stop":1689531902963,"duration":61699}}]},"tags":[]},"source":"8e9e1007492bbb60.json","parameterValues":["(NFT address): asset1c0vymmx0nysjaa8q5vah78jmuqyew3kjm48azr","preprod"]}