{"uid":"1f0af5f01617230b","name":"get the list transaction of address unsuccessfully","fullName":"tests.addresses.AddressTransactionTests.getTheListTransactionOfAddressUnsuccessfully","historyId":"f1fe94391359e0a265e7f4a9f6b4ca8a","time":{"start":1708711942510,"stop":1708711945306,"duration":2796},"status":"failed","statusMessage":"1 expectation failed.\nExpected status code <400> but was <200>.\n","statusTrace":"java.lang.AssertionError: 1 expectation failed.\nExpected status code <400> but was <200>.\n\n\tat sun.reflect.NativeConstructorAccessorImpl.newInstance0(Native Method)\n\tat sun.reflect.NativeConstructorAccessorImpl.newInstance(NativeConstructorAccessorImpl.java:62)\n\tat sun.reflect.DelegatingConstructorAccessorImpl.newInstance(DelegatingConstructorAccessorImpl.java:45)\n\tat java.lang.reflect.Constructor.newInstance(Constructor.java:423)\n\tat org.codehaus.groovy.reflection.CachedConstructor.invoke(CachedConstructor.java:83)\n\tat org.codehaus.groovy.reflection.CachedConstructor.doConstructorInvoke(CachedConstructor.java:77)\n\tat org.codehaus.groovy.runtime.callsite.ConstructorSite$ConstructorSiteNoUnwrap.callConstructor(ConstructorSite.java:84)\n\tat org.codehaus.groovy.runtime.callsite.AbstractCallSite.callConstructor(AbstractCallSite.java:250)\n\tat io.restassured.internal.ResponseSpecificationImpl$HamcrestAssertionClosure.validate(ResponseSpecificationImpl.groovy:494)\n\tat io.restassured.internal.ResponseSpecificationImpl$HamcrestAssertionClosure$validate$5.call(Unknown Source)\n\tat io.restassured.internal.ResponseSpecificationImpl.validateResponseIfRequired(ResponseSpecificationImpl.groovy:656)\n\tat sun.reflect.GeneratedMethodAccessor182.invoke(Unknown Source)\n\tat sun.reflect.DelegatingMethodAccessorImpl.invoke(DelegatingMethodAccessorImpl.java:43)\n\tat java.lang.reflect.Method.invoke(Method.java:498)\n\tat org.codehaus.groovy.runtime.callsite.PogoMetaMethodSite$PogoCachedMethodSiteNoUnwrapNoCoerce.invoke(PogoMetaMethodSite.java:210)\n\tat org.codehaus.groovy.runtime.callsite.PogoMetaMethodSite.callCurrent(PogoMetaMethodSite.java:59)\n\tat org.codehaus.groovy.runtime.callsite.AbstractCallSite.callCurrent(AbstractCallSite.java:169)\n\tat io.restassured.internal.ResponseSpecificationImpl.statusCode(ResponseSpecificationImpl.groovy:125)\n\tat io.restassured.specification.ResponseSpecification$statusCode$2.callCurrent(Unknown Source)\n\tat io.restassured.internal.ResponseSpecificationImpl.statusCode(ResponseSpecificationImpl.groovy:133)\n\tat io.restassured.internal.ValidatableResponseOptionsImpl.statusCode(ValidatableResponseOptionsImpl.java:119)\n\tat core.BaseApi.validateResponse(BaseApi.java:52)\n\tat microservices.common.steps.BaseSteps.then_verifyErrorResponse(BaseSteps.java:11)\n\tat tests.addresses.AddressTransactionTests.getTheListTransactionOfAddressUnsuccessfully(AddressTransactionTests.java:38)\n\tat sun.reflect.NativeMethodAccessorImpl.invoke0(Native Method)\n\tat sun.reflect.NativeMethodAccessorImpl.invoke(NativeMethodAccessorImpl.java:62)\n\tat sun.reflect.DelegatingMethodAccessorImpl.invoke(DelegatingMethodAccessorImpl.java:43)\n\tat java.lang.reflect.Method.invoke(Method.java:498)\n\tat org.testng.internal.MethodInvocationHelper.invokeMethod(MethodInvocationHelper.java:134)\n\tat org.testng.internal.TestInvoker.invokeMethod(TestInvoker.java:597)\n\tat org.testng.internal.TestInvoker.invokeTestMethod(TestInvoker.java:173)\n\tat org.testng.internal.MethodRunner.runInSequence(MethodRunner.java:46)\n\tat org.testng.internal.TestInvoker$MethodInvocationAgent.invoke(TestInvoker.java:816)\n\tat org.testng.internal.TestInvoker.invokeTestMethods(TestInvoker.java:146)\n\tat org.testng.internal.TestMethodWorker.invokeTestMethods(TestMethodWorker.java:146)\n\tat org.testng.internal.TestMethodWorker.run(TestMethodWorker.java:128)\n\tat java.util.concurrent.ThreadPoolExecutor.runWorker(ThreadPoolExecutor.java:1149)\n\tat java.util.concurrent.ThreadPoolExecutor$Worker.run(ThreadPoolExecutor.java:624)\n\tat java.lang.Thread.run(Thread.java:750)\n","flaky":false,"newFailed":false,"newBroken":false,"newPassed":false,"retriesCount":0,"retriesStatusChange":false,"beforeStages":[{"name":"setUp","time":{"start":1708711942508,"stop":1708711942509,"duration":1},"description":"","status":"passed","steps":[],"attachments":[],"parameters":[],"shouldDisplayMessage":false,"stepsCount":0,"attachmentsCount":0,"hasContent":false,"attachmentStep":false}],"testStage":{"status":"failed","statusMessage":"1 expectation failed.\nExpected status code <400> but was <200>.\n","statusTrace":"java.lang.AssertionError: 1 expectation failed.\nExpected status code <400> but was <200>.\n\n\tat sun.reflect.NativeConstructorAccessorImpl.newInstance0(Native Method)\n\tat sun.reflect.NativeConstructorAccessorImpl.newInstance(NativeConstructorAccessorImpl.java:62)\n\tat sun.reflect.DelegatingConstructorAccessorImpl.newInstance(DelegatingConstructorAccessorImpl.java:45)\n\tat java.lang.reflect.Constructor.newInstance(Constructor.java:423)\n\tat org.codehaus.groovy.reflection.CachedConstructor.invoke(CachedConstructor.java:83)\n\tat org.codehaus.groovy.reflection.CachedConstructor.doConstructorInvoke(CachedConstructor.java:77)\n\tat org.codehaus.groovy.runtime.callsite.ConstructorSite$ConstructorSiteNoUnwrap.callConstructor(ConstructorSite.java:84)\n\tat org.codehaus.groovy.runtime.callsite.AbstractCallSite.callConstructor(AbstractCallSite.java:250)\n\tat io.restassured.internal.ResponseSpecificationImpl$HamcrestAssertionClosure.validate(ResponseSpecificationImpl.groovy:494)\n\tat io.restassured.internal.ResponseSpecificationImpl$HamcrestAssertionClosure$validate$5.call(Unknown Source)\n\tat io.restassured.internal.ResponseSpecificationImpl.validateResponseIfRequired(ResponseSpecificationImpl.groovy:656)\n\tat sun.reflect.GeneratedMethodAccessor182.invoke(Unknown Source)\n\tat sun.reflect.DelegatingMethodAccessorImpl.invoke(DelegatingMethodAccessorImpl.java:43)\n\tat java.lang.reflect.Method.invoke(Method.java:498)\n\tat org.codehaus.groovy.runtime.callsite.PogoMetaMethodSite$PogoCachedMethodSiteNoUnwrapNoCoerce.invoke(PogoMetaMethodSite.java:210)\n\tat org.codehaus.groovy.runtime.callsite.PogoMetaMethodSite.callCurrent(PogoMetaMethodSite.java:59)\n\tat org.codehaus.groovy.runtime.callsite.AbstractCallSite.callCurrent(AbstractCallSite.java:169)\n\tat io.restassured.internal.ResponseSpecificationImpl.statusCode(ResponseSpecificationImpl.groovy:125)\n\tat io.restassured.specification.ResponseSpecification$statusCode$2.callCurrent(Unknown Source)\n\tat io.restassured.internal.ResponseSpecificationImpl.statusCode(ResponseSpecificationImpl.groovy:133)\n\tat io.restassured.internal.ValidatableResponseOptionsImpl.statusCode(ValidatableResponseOptionsImpl.java:119)\n\tat core.BaseApi.validateResponse(BaseApi.java:52)\n\tat microservices.common.steps.BaseSteps.then_verifyErrorResponse(BaseSteps.java:11)\n\tat tests.addresses.AddressTransactionTests.getTheListTransactionOfAddressUnsuccessfully(AddressTransactionTests.java:38)\n\tat sun.reflect.NativeMethodAccessorImpl.invoke0(Native Method)\n\tat sun.reflect.NativeMethodAccessorImpl.invoke(NativeMethodAccessorImpl.java:62)\n\tat sun.reflect.DelegatingMethodAccessorImpl.invoke(DelegatingMethodAccessorImpl.java:43)\n\tat java.lang.reflect.Method.invoke(Method.java:498)\n\tat org.testng.internal.MethodInvocationHelper.invokeMethod(MethodInvocationHelper.java:134)\n\tat org.testng.internal.TestInvoker.invokeMethod(TestInvoker.java:597)\n\tat org.testng.internal.TestInvoker.invokeTestMethod(TestInvoker.java:173)\n\tat org.testng.internal.MethodRunner.runInSequence(MethodRunner.java:46)\n\tat org.testng.internal.TestInvoker$MethodInvocationAgent.invoke(TestInvoker.java:816)\n\tat org.testng.internal.TestInvoker.invokeTestMethods(TestInvoker.java:146)\n\tat org.testng.internal.TestMethodWorker.invokeTestMethods(TestMethodWorker.java:146)\n\tat org.testng.internal.TestMethodWorker.run(TestMethodWorker.java:128)\n\tat java.util.concurrent.ThreadPoolExecutor.runWorker(ThreadPoolExecutor.java:1149)\n\tat java.util.concurrent.ThreadPoolExecutor$Worker.run(ThreadPoolExecutor.java:624)\n\tat java.lang.Thread.run(Thread.java:750)\n","steps":[{"name":"get the transaction of address","time":{"start":1708711942510,"stop":1708711945305,"duration":2795},"status":"passed","steps":[],"attachments":[],"parameters":[{"name":"address","value":"123"}],"shouldDisplayMessage":false,"stepsCount":0,"attachmentsCount":0,"hasContent":true,"attachmentStep":false},{"name":"Verify error response","time":{"start":1708711945305,"stop":1708711945305,"duration":0},"status":"failed","statusMessage":"1 expectation failed.\nExpected status code <400> but was <200>.\n","statusTrace":"java.lang.AssertionError: 1 expectation failed.\nExpected status code <400> but was <200>.\n\n\tat sun.reflect.NativeConstructorAccessorImpl.newInstance0(Native Method)\n\tat sun.reflect.NativeConstructorAccessorImpl.newInstance(NativeConstructorAccessorImpl.java:62)\n\tat sun.reflect.DelegatingConstructorAccessorImpl.newInstance(DelegatingConstructorAccessorImpl.java:45)\n\tat java.lang.reflect.Constructor.newInstance(Constructor.java:423)\n\tat org.codehaus.groovy.reflection.CachedConstructor.invoke(CachedConstructor.java:83)\n\tat org.codehaus.groovy.reflection.CachedConstructor.doConstructorInvoke(CachedConstructor.java:77)\n\tat org.codehaus.groovy.runtime.callsite.ConstructorSite$ConstructorSiteNoUnwrap.callConstructor(ConstructorSite.java:84)\n\tat org.codehaus.groovy.runtime.callsite.AbstractCallSite.callConstructor(AbstractCallSite.java:250)\n\tat io.restassured.internal.ResponseSpecificationImpl$HamcrestAssertionClosure.validate(ResponseSpecificationImpl.groovy:494)\n\tat io.restassured.internal.ResponseSpecificationImpl$HamcrestAssertionClosure$validate$5.call(Unknown Source)\n\tat io.restassured.internal.ResponseSpecificationImpl.validateResponseIfRequired(ResponseSpecificationImpl.groovy:656)\n\tat sun.reflect.GeneratedMethodAccessor182.invoke(Unknown Source)\n\tat sun.reflect.DelegatingMethodAccessorImpl.invoke(DelegatingMethodAccessorImpl.java:43)\n\tat java.lang.reflect.Method.invoke(Method.java:498)\n\tat org.codehaus.groovy.runtime.callsite.PogoMetaMethodSite$PogoCachedMethodSiteNoUnwrapNoCoerce.invoke(PogoMetaMethodSite.java:210)\n\tat org.codehaus.groovy.runtime.callsite.PogoMetaMethodSite.callCurrent(PogoMetaMethodSite.java:59)\n\tat org.codehaus.groovy.runtime.callsite.AbstractCallSite.callCurrent(AbstractCallSite.java:169)\n\tat io.restassured.internal.ResponseSpecificationImpl.statusCode(ResponseSpecificationImpl.groovy:125)\n\tat io.restassured.specification.ResponseSpecification$statusCode$2.callCurrent(Unknown Source)\n\tat io.restassured.internal.ResponseSpecificationImpl.statusCode(ResponseSpecificationImpl.groovy:133)\n\tat io.restassured.internal.ValidatableResponseOptionsImpl.statusCode(ValidatableResponseOptionsImpl.java:119)\n\tat core.BaseApi.validateResponse(BaseApi.java:52)\n\tat microservices.common.steps.BaseSteps.then_verifyErrorResponse(BaseSteps.java:11)\n\tat tests.addresses.AddressTransactionTests.getTheListTransactionOfAddressUnsuccessfully(AddressTransactionTests.java:38)\n\tat sun.reflect.NativeMethodAccessorImpl.invoke0(Native Method)\n\tat sun.reflect.NativeMethodAccessorImpl.invoke(NativeMethodAccessorImpl.java:62)\n\tat sun.reflect.DelegatingMethodAccessorImpl.invoke(DelegatingMethodAccessorImpl.java:43)\n\tat java.lang.reflect.Method.invoke(Method.java:498)\n\tat org.testng.internal.MethodInvocationHelper.invokeMethod(MethodInvocationHelper.java:134)\n\tat org.testng.internal.TestInvoker.invokeMethod(TestInvoker.java:597)\n\tat org.testng.internal.TestInvoker.invokeTestMethod(TestInvoker.java:173)\n\tat org.testng.internal.MethodRunner.runInSequence(MethodRunner.java:46)\n\tat org.testng.internal.TestInvoker$MethodInvocationAgent.invoke(TestInvoker.java:816)\n\tat org.testng.internal.TestInvoker.invokeTestMethods(TestInvoker.java:146)\n\tat org.testng.internal.TestMethodWorker.invokeTestMethods(TestMethodWorker.java:146)\n\tat org.testng.internal.TestMethodWorker.run(TestMethodWorker.java:128)\n\tat java.util.concurrent.ThreadPoolExecutor.runWorker(ThreadPoolExecutor.java:1149)\n\tat java.util.concurrent.ThreadPoolExecutor$Worker.run(ThreadPoolExecutor.java:624)\n\tat java.lang.Thread.run(Thread.java:750)\n","steps":[],"attachments":[],"parameters":[{"name":"statusCode","value":"400"},{"name":"message","value":"Wallet address not found"},{"name":"errorCode","value":"BC_404-ADDRESS_NOT_FOUND"}],"shouldDisplayMessage":true,"stepsCount":0,"attachmentsCount":0,"hasContent":true,"attachmentStep":false}],"attachments":[],"parameters":[],"shouldDisplayMessage":false,"stepsCount":2,"attachmentsCount":0,"hasContent":true,"attachmentStep":false},"afterStages":[{"name":"tearDown","time":{"start":1708711945307,"stop":1708711945308,"duration":1},"description":"","status":"passed","steps":[],"attachments":[],"parameters":[],"shouldDisplayMessage":false,"stepsCount":0,"attachmentsCount":0,"hasContent":false,"attachmentStep":false}],"labels":[{"name":"package","value":"tests.addresses.AddressTransactionTests"},{"name":"testClass","value":"tests.addresses.AddressTransactionTests"},{"name":"testMethod","value":"getTheListTransactionOfAddressUnsuccessfully"},{"name":"parentSuite","value":"Cardano Regression Suite"},{"name":"suite","value":"Cardano API test "},{"name":"subSuite","value":"tests.addresses.AddressTransactionTests"},{"name":"host","value":"fv-az570-342"},{"name":"thread","value":"2301@fv-az570-342.TestNG-test=Cardano API test -2(14)"},{"name":"framework","value":"testng"},{"name":"language","value":"java"},{"name":"feature","value":"api-addresses"},{"name":"epic","value":"cardano"},{"name":"resultFormat","value":"allure2"}],"parameters":[{"name":"arg0","value":"123"},{"name":"env","value":"preprod"}],"links":[],"hidden":false,"retry":false,"extra":{"severity":"normal","retries":[],"categories":[{"name":"Product defects","matchedStatuses":[],"flaky":false}],"history":{"statistic":{"failed":239,"broken":2,"skipped":0,"passed":20,"unknown":0,"total":261},"items":[{"uid":"1103ea9b802c37f5","reportUrl":"https://Sotatek-DavidNguyen4.github.io/cardano-api-tests-preprod/261//#testresult/1103ea9b802c37f5","status":"failed","statusDetails":"1 expectation failed.\nExpected status code <400> but was <200>.\n","time":{"start":1708625538299,"stop":1708625540265,"duration":1966}},{"uid":"c2498ebe2ad51d81","reportUrl":"https://Sotatek-DavidNguyen4.github.io/cardano-api-tests-preprod/260//#testresult/c2498ebe2ad51d81","status":"failed","statusDetails":"1 expectation failed.\nExpected status code <400> but was <200>.\n","time":{"start":1708539109227,"stop":1708539111013,"duration":1786}},{"uid":"6d0453b0d51b719d","reportUrl":"https://Sotatek-DavidNguyen4.github.io/cardano-api-tests-preprod/259//#testresult/6d0453b0d51b719d","status":"failed","statusDetails":"1 expectation failed.\nExpected status code <400> but was <200>.\n","time":{"start":1708452822243,"stop":1708452823825,"duration":1582}},{"uid":"37648ff9433a0f31","reportUrl":"https://Sotatek-DavidNguyen4.github.io/cardano-api-tests-preprod/258//#testresult/37648ff9433a0f31","status":"failed","statusDetails":"1 expectation failed.\nExpected status code <400> but was <200>.\n","time":{"start":1708366362998,"stop":1708366364456,"duration":1458}},{"uid":"bd2aeae300ff85dd","reportUrl":"https://Sotatek-DavidNguyen4.github.io/cardano-api-tests-preprod/257//#testresult/bd2aeae300ff85dd","status":"failed","statusDetails":"1 expectation failed.\nExpected status code <400> but was <200>.\n","time":{"start":1708279859002,"stop":1708279860572,"duration":1570}},{"uid":"2b86f09c6c628701","reportUrl":"https://Sotatek-DavidNguyen4.github.io/cardano-api-tests-preprod/256//#testresult/2b86f09c6c628701","status":"failed","statusDetails":"1 expectation failed.\nExpected status code <400> but was <200>.\n","time":{"start":1708193451220,"stop":1708193453021,"duration":1801}},{"uid":"4f10954c3d4c0933","reportUrl":"https://Sotatek-DavidNguyen4.github.io/cardano-api-tests-preprod/255//#testresult/4f10954c3d4c0933","status":"failed","statusDetails":"1 expectation failed.\nExpected status code <400> but was <200>.\n","time":{"start":1708107144257,"stop":1708107146078,"duration":1821}},{"uid":"1a607518f59e059","reportUrl":"https://Sotatek-DavidNguyen4.github.io/cardano-api-tests-preprod/254//#testresult/1a607518f59e059","status":"failed","statusDetails":"1 expectation failed.\nExpected status code <400> but was <200>.\n","time":{"start":1708020776459,"stop":1708020778112,"duration":1653}},{"uid":"49629255813a5a90","reportUrl":"https://Sotatek-DavidNguyen4.github.io/cardano-api-tests-preprod/253//#testresult/49629255813a5a90","status":"failed","statusDetails":"1 expectation failed.\nExpected status code <400> but was <200>.\n","time":{"start":1707934305254,"stop":1707934307044,"duration":1790}},{"uid":"52663fa716e0b7b5","reportUrl":"https://Sotatek-DavidNguyen4.github.io/cardano-api-tests-preprod/252//#testresult/52663fa716e0b7b5","status":"failed","statusDetails":"1 expectation failed.\nExpected status code <400> but was <200>.\n","time":{"start":1707847970589,"stop":1707847972420,"duration":1831}},{"uid":"81baae56ab39ddd8","reportUrl":"https://Sotatek-DavidNguyen4.github.io/cardano-api-tests-preprod/251//#testresult/81baae56ab39ddd8","status":"failed","statusDetails":"1 expectation failed.\nExpected status code <400> but was <200>.\n","time":{"start":1707761460983,"stop":1707761462793,"duration":1810}},{"uid":"124800a19cce7e5","reportUrl":"https://Sotatek-DavidNguyen4.github.io/cardano-api-tests-preprod/250//#testresult/124800a19cce7e5","status":"failed","statusDetails":"1 expectation failed.\nExpected status code <400> but was <200>.\n","time":{"start":1707675124588,"stop":1707675126156,"duration":1568}},{"uid":"955a495faabbc58f","reportUrl":"https://Sotatek-DavidNguyen4.github.io/cardano-api-tests-preprod/249//#testresult/955a495faabbc58f","status":"failed","statusDetails":"1 expectation failed.\nExpected status code <400> but was <200>.\n","time":{"start":1707588675054,"stop":1707588676581,"duration":1527}},{"uid":"e91e3b3eb2efc6fb","reportUrl":"https://Sotatek-DavidNguyen4.github.io/cardano-api-tests-preprod/248//#testresult/e91e3b3eb2efc6fb","status":"failed","statusDetails":"1 expectation failed.\nExpected status code <400> but was <200>.\n","time":{"start":1707502308469,"stop":1707502310339,"duration":1870}},{"uid":"e2d1f2d6656499ea","reportUrl":"https://Sotatek-DavidNguyen4.github.io/cardano-api-tests-preprod/247//#testresult/e2d1f2d6656499ea","status":"failed","statusDetails":"1 expectation failed.\nExpected status code <400> but was <200>.\n","time":{"start":1707415911830,"stop":1707415913693,"duration":1863}},{"uid":"1d768a3b4c16022d","reportUrl":"https://Sotatek-DavidNguyen4.github.io/cardano-api-tests-preprod/246//#testresult/1d768a3b4c16022d","status":"failed","statusDetails":"1 expectation failed.\nExpected status code <400> but was <200>.\n","time":{"start":1707329523019,"stop":1707329524874,"duration":1855}},{"uid":"56909a23000a1412","reportUrl":"https://Sotatek-DavidNguyen4.github.io/cardano-api-tests-preprod/245//#testresult/56909a23000a1412","status":"failed","statusDetails":"1 expectation failed.\nExpected status code <400> but was <200>.\n","time":{"start":1707243058622,"stop":1707243060398,"duration":1776}},{"uid":"92cc4974aa7d3623","reportUrl":"https://Sotatek-DavidNguyen4.github.io/cardano-api-tests-preprod/244//#testresult/92cc4974aa7d3623","status":"failed","statusDetails":"1 expectation failed.\nExpected status code <400> but was <200>.\n","time":{"start":1707156734322,"stop":1707156736195,"duration":1873}},{"uid":"9d704b540b7dc804","reportUrl":"https://Sotatek-DavidNguyen4.github.io/cardano-api-tests-preprod/243//#testresult/9d704b540b7dc804","status":"failed","statusDetails":"1 expectation failed.\nExpected status code <400> but was <200>.\n","time":{"start":1707070362594,"stop":1707070364526,"duration":1932}},{"uid":"aa698cc69e575f96","reportUrl":"https://Sotatek-DavidNguyen4.github.io/cardano-api-tests-preprod/242//#testresult/aa698cc69e575f96","status":"failed","statusDetails":"1 expectation failed.\nExpected status code <400> but was <200>.\n","time":{"start":1706983840684,"stop":1706983842307,"duration":1623}}]},"tags":[]},"source":"1f0af5f01617230b.json","parameterValues":["123","preprod"]}