{"uid":"faee2a55107617d3","name":"Get number transaction with invalid days","fullName":"tests.transaction.TransactionTests.get_number_transaction_with_invalid_days","historyId":"dbea02210a8b75e729dc07c60150be96","time":{"start":1699812862990,"stop":1699812864895,"duration":1905},"status":"failed","statusMessage":"1 expectation failed.\nExpected status code <500> but was <400>.\n","statusTrace":"java.lang.AssertionError: 1 expectation failed.\nExpected status code <500> but was <400>.\n\n\tat sun.reflect.GeneratedConstructorAccessor99.newInstance(Unknown Source)\n\tat sun.reflect.DelegatingConstructorAccessorImpl.newInstance(DelegatingConstructorAccessorImpl.java:45)\n\tat java.lang.reflect.Constructor.newInstance(Constructor.java:423)\n\tat org.codehaus.groovy.reflection.CachedConstructor.invoke(CachedConstructor.java:83)\n\tat org.codehaus.groovy.reflection.CachedConstructor.doConstructorInvoke(CachedConstructor.java:77)\n\tat org.codehaus.groovy.runtime.callsite.ConstructorSite$ConstructorSiteNoUnwrap.callConstructor(ConstructorSite.java:84)\n\tat org.codehaus.groovy.runtime.callsite.AbstractCallSite.callConstructor(AbstractCallSite.java:250)\n\tat io.restassured.internal.ResponseSpecificationImpl$HamcrestAssertionClosure.validate(ResponseSpecificationImpl.groovy:494)\n\tat io.restassured.internal.ResponseSpecificationImpl$HamcrestAssertionClosure$validate$3.call(Unknown Source)\n\tat io.restassured.internal.ResponseSpecificationImpl.validateResponseIfRequired(ResponseSpecificationImpl.groovy:656)\n\tat sun.reflect.GeneratedMethodAccessor181.invoke(Unknown Source)\n\tat sun.reflect.DelegatingMethodAccessorImpl.invoke(DelegatingMethodAccessorImpl.java:43)\n\tat java.lang.reflect.Method.invoke(Method.java:498)\n\tat org.codehaus.groovy.runtime.callsite.PogoMetaMethodSite$PogoCachedMethodSiteNoUnwrapNoCoerce.invoke(PogoMetaMethodSite.java:210)\n\tat org.codehaus.groovy.runtime.callsite.PogoMetaMethodSite.callCurrent(PogoMetaMethodSite.java:59)\n\tat org.codehaus.groovy.runtime.callsite.AbstractCallSite.callCurrent(AbstractCallSite.java:169)\n\tat io.restassured.internal.ResponseSpecificationImpl.statusCode(ResponseSpecificationImpl.groovy:125)\n\tat io.restassured.specification.ResponseSpecification$statusCode$0.callCurrent(Unknown Source)\n\tat io.restassured.internal.ResponseSpecificationImpl.statusCode(ResponseSpecificationImpl.groovy:133)\n\tat io.restassured.internal.ValidatableResponseOptionsImpl.statusCode(ValidatableResponseOptionsImpl.java:119)\n\tat core.BaseApi.validateResponse(BaseApi.java:52)\n\tat microservices.common.steps.BaseSteps.then_verifyErrorResponse(BaseSteps.java:11)\n\tat tests.transaction.TransactionTests.get_number_transaction_with_invalid_days(TransactionTests.java:106)\n\tat sun.reflect.NativeMethodAccessorImpl.invoke0(Native Method)\n\tat sun.reflect.NativeMethodAccessorImpl.invoke(NativeMethodAccessorImpl.java:62)\n\tat sun.reflect.DelegatingMethodAccessorImpl.invoke(DelegatingMethodAccessorImpl.java:43)\n\tat java.lang.reflect.Method.invoke(Method.java:498)\n\tat org.testng.internal.MethodInvocationHelper.invokeMethod(MethodInvocationHelper.java:134)\n\tat org.testng.internal.TestInvoker.invokeMethod(TestInvoker.java:597)\n\tat org.testng.internal.TestInvoker.invokeTestMethod(TestInvoker.java:173)\n\tat org.testng.internal.MethodRunner.runInSequence(MethodRunner.java:46)\n\tat org.testng.internal.TestInvoker$MethodInvocationAgent.invoke(TestInvoker.java:816)\n\tat org.testng.internal.TestInvoker.invokeTestMethods(TestInvoker.java:146)\n\tat org.testng.internal.TestMethodWorker.invokeTestMethods(TestMethodWorker.java:146)\n\tat org.testng.internal.TestMethodWorker.run(TestMethodWorker.java:128)\n\tat java.util.concurrent.ThreadPoolExecutor.runWorker(ThreadPoolExecutor.java:1149)\n\tat java.util.concurrent.ThreadPoolExecutor$Worker.run(ThreadPoolExecutor.java:624)\n\tat java.lang.Thread.run(Thread.java:750)\n","flaky":false,"newFailed":false,"newBroken":false,"newPassed":false,"retriesCount":0,"retriesStatusChange":false,"beforeStages":[{"name":"setUp","time":{"start":1699812862989,"stop":1699812862989,"duration":0},"description":"","status":"passed","steps":[],"attachments":[],"parameters":[],"shouldDisplayMessage":false,"stepsCount":0,"attachmentsCount":0,"hasContent":false}],"testStage":{"status":"failed","statusMessage":"1 expectation failed.\nExpected status code <500> but was <400>.\n","statusTrace":"java.lang.AssertionError: 1 expectation failed.\nExpected status code <500> but was <400>.\n\n\tat sun.reflect.GeneratedConstructorAccessor99.newInstance(Unknown Source)\n\tat sun.reflect.DelegatingConstructorAccessorImpl.newInstance(DelegatingConstructorAccessorImpl.java:45)\n\tat java.lang.reflect.Constructor.newInstance(Constructor.java:423)\n\tat org.codehaus.groovy.reflection.CachedConstructor.invoke(CachedConstructor.java:83)\n\tat org.codehaus.groovy.reflection.CachedConstructor.doConstructorInvoke(CachedConstructor.java:77)\n\tat org.codehaus.groovy.runtime.callsite.ConstructorSite$ConstructorSiteNoUnwrap.callConstructor(ConstructorSite.java:84)\n\tat org.codehaus.groovy.runtime.callsite.AbstractCallSite.callConstructor(AbstractCallSite.java:250)\n\tat io.restassured.internal.ResponseSpecificationImpl$HamcrestAssertionClosure.validate(ResponseSpecificationImpl.groovy:494)\n\tat io.restassured.internal.ResponseSpecificationImpl$HamcrestAssertionClosure$validate$3.call(Unknown Source)\n\tat io.restassured.internal.ResponseSpecificationImpl.validateResponseIfRequired(ResponseSpecificationImpl.groovy:656)\n\tat sun.reflect.GeneratedMethodAccessor181.invoke(Unknown Source)\n\tat sun.reflect.DelegatingMethodAccessorImpl.invoke(DelegatingMethodAccessorImpl.java:43)\n\tat java.lang.reflect.Method.invoke(Method.java:498)\n\tat org.codehaus.groovy.runtime.callsite.PogoMetaMethodSite$PogoCachedMethodSiteNoUnwrapNoCoerce.invoke(PogoMetaMethodSite.java:210)\n\tat org.codehaus.groovy.runtime.callsite.PogoMetaMethodSite.callCurrent(PogoMetaMethodSite.java:59)\n\tat org.codehaus.groovy.runtime.callsite.AbstractCallSite.callCurrent(AbstractCallSite.java:169)\n\tat io.restassured.internal.ResponseSpecificationImpl.statusCode(ResponseSpecificationImpl.groovy:125)\n\tat io.restassured.specification.ResponseSpecification$statusCode$0.callCurrent(Unknown Source)\n\tat io.restassured.internal.ResponseSpecificationImpl.statusCode(ResponseSpecificationImpl.groovy:133)\n\tat io.restassured.internal.ValidatableResponseOptionsImpl.statusCode(ValidatableResponseOptionsImpl.java:119)\n\tat core.BaseApi.validateResponse(BaseApi.java:52)\n\tat microservices.common.steps.BaseSteps.then_verifyErrorResponse(BaseSteps.java:11)\n\tat tests.transaction.TransactionTests.get_number_transaction_with_invalid_days(TransactionTests.java:106)\n\tat sun.reflect.NativeMethodAccessorImpl.invoke0(Native Method)\n\tat sun.reflect.NativeMethodAccessorImpl.invoke(NativeMethodAccessorImpl.java:62)\n\tat sun.reflect.DelegatingMethodAccessorImpl.invoke(DelegatingMethodAccessorImpl.java:43)\n\tat java.lang.reflect.Method.invoke(Method.java:498)\n\tat org.testng.internal.MethodInvocationHelper.invokeMethod(MethodInvocationHelper.java:134)\n\tat org.testng.internal.TestInvoker.invokeMethod(TestInvoker.java:597)\n\tat org.testng.internal.TestInvoker.invokeTestMethod(TestInvoker.java:173)\n\tat org.testng.internal.MethodRunner.runInSequence(MethodRunner.java:46)\n\tat org.testng.internal.TestInvoker$MethodInvocationAgent.invoke(TestInvoker.java:816)\n\tat org.testng.internal.TestInvoker.invokeTestMethods(TestInvoker.java:146)\n\tat org.testng.internal.TestMethodWorker.invokeTestMethods(TestMethodWorker.java:146)\n\tat org.testng.internal.TestMethodWorker.run(TestMethodWorker.java:128)\n\tat java.util.concurrent.ThreadPoolExecutor.runWorker(ThreadPoolExecutor.java:1149)\n\tat java.util.concurrent.ThreadPoolExecutor$Worker.run(ThreadPoolExecutor.java:624)\n\tat java.lang.Thread.run(Thread.java:750)\n","steps":[{"name":"Get number transaction on fixable days","time":{"start":1699812862990,"stop":1699812864895,"duration":1905},"status":"passed","steps":[],"attachments":[],"parameters":[{"name":"type","value":"THREE_WEEK"}],"shouldDisplayMessage":false,"stepsCount":0,"attachmentsCount":0,"hasContent":true},{"name":"Verify error response","time":{"start":1699812864895,"stop":1699812864895,"duration":0},"status":"failed","statusMessage":"1 expectation failed.\nExpected status code <500> but was <400>.\n","statusTrace":"java.lang.AssertionError: 1 expectation failed.\nExpected status code <500> but was <400>.\n\n\tat sun.reflect.GeneratedConstructorAccessor99.newInstance(Unknown Source)\n\tat sun.reflect.DelegatingConstructorAccessorImpl.newInstance(DelegatingConstructorAccessorImpl.java:45)\n\tat java.lang.reflect.Constructor.newInstance(Constructor.java:423)\n\tat org.codehaus.groovy.reflection.CachedConstructor.invoke(CachedConstructor.java:83)\n\tat org.codehaus.groovy.reflection.CachedConstructor.doConstructorInvoke(CachedConstructor.java:77)\n\tat org.codehaus.groovy.runtime.callsite.ConstructorSite$ConstructorSiteNoUnwrap.callConstructor(ConstructorSite.java:84)\n\tat org.codehaus.groovy.runtime.callsite.AbstractCallSite.callConstructor(AbstractCallSite.java:250)\n\tat io.restassured.internal.ResponseSpecificationImpl$HamcrestAssertionClosure.validate(ResponseSpecificationImpl.groovy:494)\n\tat io.restassured.internal.ResponseSpecificationImpl$HamcrestAssertionClosure$validate$3.call(Unknown Source)\n\tat io.restassured.internal.ResponseSpecificationImpl.validateResponseIfRequired(ResponseSpecificationImpl.groovy:656)\n\tat sun.reflect.GeneratedMethodAccessor181.invoke(Unknown Source)\n\tat sun.reflect.DelegatingMethodAccessorImpl.invoke(DelegatingMethodAccessorImpl.java:43)\n\tat java.lang.reflect.Method.invoke(Method.java:498)\n\tat org.codehaus.groovy.runtime.callsite.PogoMetaMethodSite$PogoCachedMethodSiteNoUnwrapNoCoerce.invoke(PogoMetaMethodSite.java:210)\n\tat org.codehaus.groovy.runtime.callsite.PogoMetaMethodSite.callCurrent(PogoMetaMethodSite.java:59)\n\tat org.codehaus.groovy.runtime.callsite.AbstractCallSite.callCurrent(AbstractCallSite.java:169)\n\tat io.restassured.internal.ResponseSpecificationImpl.statusCode(ResponseSpecificationImpl.groovy:125)\n\tat io.restassured.specification.ResponseSpecification$statusCode$0.callCurrent(Unknown Source)\n\tat io.restassured.internal.ResponseSpecificationImpl.statusCode(ResponseSpecificationImpl.groovy:133)\n\tat io.restassured.internal.ValidatableResponseOptionsImpl.statusCode(ValidatableResponseOptionsImpl.java:119)\n\tat core.BaseApi.validateResponse(BaseApi.java:52)\n\tat microservices.common.steps.BaseSteps.then_verifyErrorResponse(BaseSteps.java:11)\n\tat tests.transaction.TransactionTests.get_number_transaction_with_invalid_days(TransactionTests.java:106)\n\tat sun.reflect.NativeMethodAccessorImpl.invoke0(Native Method)\n\tat sun.reflect.NativeMethodAccessorImpl.invoke(NativeMethodAccessorImpl.java:62)\n\tat sun.reflect.DelegatingMethodAccessorImpl.invoke(DelegatingMethodAccessorImpl.java:43)\n\tat java.lang.reflect.Method.invoke(Method.java:498)\n\tat org.testng.internal.MethodInvocationHelper.invokeMethod(MethodInvocationHelper.java:134)\n\tat org.testng.internal.TestInvoker.invokeMethod(TestInvoker.java:597)\n\tat org.testng.internal.TestInvoker.invokeTestMethod(TestInvoker.java:173)\n\tat org.testng.internal.MethodRunner.runInSequence(MethodRunner.java:46)\n\tat org.testng.internal.TestInvoker$MethodInvocationAgent.invoke(TestInvoker.java:816)\n\tat org.testng.internal.TestInvoker.invokeTestMethods(TestInvoker.java:146)\n\tat org.testng.internal.TestMethodWorker.invokeTestMethods(TestMethodWorker.java:146)\n\tat org.testng.internal.TestMethodWorker.run(TestMethodWorker.java:128)\n\tat java.util.concurrent.ThreadPoolExecutor.runWorker(ThreadPoolExecutor.java:1149)\n\tat java.util.concurrent.ThreadPoolExecutor$Worker.run(ThreadPoolExecutor.java:624)\n\tat java.lang.Thread.run(Thread.java:750)\n","steps":[],"attachments":[],"parameters":[{"name":"statusCode","value":"500"},{"name":"message","value":"Unknown error"},{"name":"errorCode","value":"CC_1"}],"shouldDisplayMessage":true,"stepsCount":0,"attachmentsCount":0,"hasContent":true}],"attachments":[],"parameters":[],"shouldDisplayMessage":false,"stepsCount":2,"attachmentsCount":0,"hasContent":true},"afterStages":[{"name":"tearDown","time":{"start":1699812864896,"stop":1699812864896,"duration":0},"description":"","status":"passed","steps":[],"attachments":[],"parameters":[],"shouldDisplayMessage":false,"stepsCount":0,"attachmentsCount":0,"hasContent":false}],"labels":[{"name":"package","value":"tests.transaction.TransactionTests"},{"name":"testClass","value":"tests.transaction.TransactionTests"},{"name":"testMethod","value":"get_number_transaction_with_invalid_days"},{"name":"parentSuite","value":"Cardano Regression Suite"},{"name":"suite","value":"Cardano API test "},{"name":"subSuite","value":"tests.transaction.TransactionTests"},{"name":"host","value":"fv-az1498-492"},{"name":"thread","value":"2379@fv-az1498-492.TestNG-test=Cardano API test -3(15)"},{"name":"framework","value":"testng"},{"name":"language","value":"java"},{"name":"feature","value":"api-transactions"},{"name":"epic","value":"cardano"},{"name":"resultFormat","value":"allure2"}],"parameters":[{"name":"arg0","value":"THREE_WEEK"},{"name":"env","value":"preprod"}],"links":[],"hidden":false,"retry":false,"extra":{"severity":"normal","retries":[],"categories":[{"name":"Product defects","matchedStatuses":[],"flaky":false}],"history":{"statistic":{"failed":137,"broken":2,"skipped":0,"passed":19,"unknown":0,"total":158},"items":[{"uid":"c3345b67720f600","reportUrl":"https://Sotatek-DavidNguyen4.github.io/cardano-api-tests-preprod/158//#testresult/c3345b67720f600","status":"failed","statusDetails":"1 expectation failed.\nExpected status code <500> but was <400>.\n","time":{"start":1699726436476,"stop":1699726438149,"duration":1673}},{"uid":"7401bc25052069a5","reportUrl":"https://Sotatek-DavidNguyen4.github.io/cardano-api-tests-preprod/157//#testresult/7401bc25052069a5","status":"failed","statusDetails":"1 expectation failed.\nExpected status code <500> but was <400>.\n","time":{"start":1699640107995,"stop":1699640109717,"duration":1722}},{"uid":"ec41de99617c7b2c","reportUrl":"https://Sotatek-DavidNguyen4.github.io/cardano-api-tests-preprod/156//#testresult/ec41de99617c7b2c","status":"failed","statusDetails":"1 expectation failed.\nExpected status code <500> but was <400>.\n","time":{"start":1699553699135,"stop":1699553700877,"duration":1742}},{"uid":"751377fbd5a139fc","reportUrl":"https://Sotatek-DavidNguyen4.github.io/cardano-api-tests-preprod/155//#testresult/751377fbd5a139fc","status":"failed","statusDetails":"1 expectation failed.\nExpected status code <500> but was <400>.\n","time":{"start":1699467334081,"stop":1699467335693,"duration":1612}},{"uid":"b78cbdfa62fbda15","reportUrl":"https://Sotatek-DavidNguyen4.github.io/cardano-api-tests-preprod/154//#testresult/b78cbdfa62fbda15","status":"failed","statusDetails":"1 expectation failed.\nExpected status code <500> but was <400>.\n","time":{"start":1699380900645,"stop":1699380902414,"duration":1769}},{"uid":"4cb024e82254710e","reportUrl":"https://Sotatek-DavidNguyen4.github.io/cardano-api-tests-preprod/153//#testresult/4cb024e82254710e","status":"failed","statusDetails":"1 expectation failed.\nExpected status code <500> but was <400>.\n","time":{"start":1699294562593,"stop":1699294564517,"duration":1924}},{"uid":"286c37b05def9d7b","reportUrl":"https://Sotatek-DavidNguyen4.github.io/cardano-api-tests-preprod/152//#testresult/286c37b05def9d7b","status":"failed","statusDetails":"1 expectation failed.\nExpected status code <500> but was <400>.\n","time":{"start":1699208044532,"stop":1699208046322,"duration":1790}},{"uid":"434901188ca24256","reportUrl":"https://Sotatek-DavidNguyen4.github.io/cardano-api-tests-preprod/151//#testresult/434901188ca24256","status":"failed","statusDetails":"1 expectation failed.\nExpected status code <500> but was <400>.\n","time":{"start":1699121673361,"stop":1699121675034,"duration":1673}},{"uid":"4a9f8f610f9a30e2","reportUrl":"https://Sotatek-DavidNguyen4.github.io/cardano-api-tests-preprod/150//#testresult/4a9f8f610f9a30e2","status":"failed","statusDetails":"1 expectation failed.\nExpected status code <500> but was <400>.\n","time":{"start":1699035317922,"stop":1699035319483,"duration":1561}},{"uid":"c27d6cc703ac200a","reportUrl":"https://Sotatek-DavidNguyen4.github.io/cardano-api-tests-preprod/149//#testresult/c27d6cc703ac200a","status":"failed","statusDetails":"1 expectation failed.\nExpected status code <500> but was <400>.\n","time":{"start":1698948897909,"stop":1698948899465,"duration":1556}},{"uid":"37651540918ab777","reportUrl":"https://Sotatek-DavidNguyen4.github.io/cardano-api-tests-preprod/148//#testresult/37651540918ab777","status":"failed","statusDetails":"1 expectation failed.\nExpected status code <500> but was <400>.\n","time":{"start":1698862506193,"stop":1698862507698,"duration":1505}},{"uid":"3a7f83a1cb5da9e7","reportUrl":"https://Sotatek-DavidNguyen4.github.io/cardano-api-tests-preprod/147//#testresult/3a7f83a1cb5da9e7","status":"failed","statusDetails":"1 expectation failed.\nExpected status code <500> but was <502>.\n","time":{"start":1698776108551,"stop":1698776110345,"duration":1794}},{"uid":"a0ee8e4528d0ebe","reportUrl":"https://Sotatek-DavidNguyen4.github.io/cardano-api-tests-preprod/146//#testresult/a0ee8e4528d0ebe","status":"failed","statusDetails":"1 expectation failed.\nExpected status code <500> but was <502>.\n","time":{"start":1698689758993,"stop":1698689761030,"duration":2037}},{"uid":"d57aa1d8af6f2142","reportUrl":"https://Sotatek-DavidNguyen4.github.io/cardano-api-tests-preprod/145//#testresult/d57aa1d8af6f2142","status":"failed","statusDetails":"1 expectation failed.\nExpected status code <500> but was <400>.\n","time":{"start":1698603267783,"stop":1698603269605,"duration":1822}},{"uid":"6bbaab7b09e45e15","reportUrl":"https://Sotatek-DavidNguyen4.github.io/cardano-api-tests-preprod/144//#testresult/6bbaab7b09e45e15","status":"failed","statusDetails":"1 expectation failed.\nExpected status code <500> but was <400>.\n","time":{"start":1698516872625,"stop":1698516874512,"duration":1887}},{"uid":"fa7be065f70f90ef","reportUrl":"https://Sotatek-DavidNguyen4.github.io/cardano-api-tests-preprod/143//#testresult/fa7be065f70f90ef","status":"failed","statusDetails":"1 expectation failed.\nExpected status code <500> but was <400>.\n","time":{"start":1698430494439,"stop":1698430496044,"duration":1605}},{"uid":"652083147ca8d4ea","reportUrl":"https://Sotatek-DavidNguyen4.github.io/cardano-api-tests-preprod/142//#testresult/652083147ca8d4ea","status":"failed","statusDetails":"1 expectation failed.\nExpected status code <500> but was <400>.\n","time":{"start":1698344143342,"stop":1698344145299,"duration":1957}},{"uid":"bc8d9022c634001a","reportUrl":"https://Sotatek-DavidNguyen4.github.io/cardano-api-tests-preprod/141//#testresult/bc8d9022c634001a","status":"failed","statusDetails":"1 expectation failed.\nExpected status code <500> but was <400>.\n","time":{"start":1698257702173,"stop":1698257703785,"duration":1612}},{"uid":"20299ed05388c64c","reportUrl":"https://Sotatek-DavidNguyen4.github.io/cardano-api-tests-preprod/140//#testresult/20299ed05388c64c","status":"failed","statusDetails":"1 expectation failed.\nExpected status code <500> but was <400>.\n","time":{"start":1698171343005,"stop":1698171344723,"duration":1718}},{"uid":"b4b4b11dc9f1ef41","reportUrl":"https://Sotatek-DavidNguyen4.github.io/cardano-api-tests-preprod/139//#testresult/b4b4b11dc9f1ef41","status":"failed","statusDetails":"1 expectation failed.\nExpected status code <500> but was <400>.\n","time":{"start":1698084895670,"stop":1698084897384,"duration":1714}}]},"tags":[]},"source":"faee2a55107617d3.json","parameterValues":["THREE_WEEK","preprod"]}